[01m[K/home/hans/ar/utilities/ar_utils/test/test_log.cpp:1:10:[m[K [01;31m[Kfatal error: [m[Kar_utils/ar_logging.h: No such file or directory
    1 | #include [01;31m[K"ar_utils/ar_logging.h"[m[K
      |          [01;31m[K^~~~~~~~~~~~~~~~~~~~~~~[m[K
compilation terminated.
gmake[2]: *** [CMakeFiles/test_log.dir/build.make:76: CMakeFiles/test_log.dir/test/test_log.cpp.o] Error 1
gmake[1]: *** [CMakeFiles/Makefile2:165: CMakeFiles/test_log.dir/all] Error 2
gmake: *** [Makefile:146: all] Error 2
