[0.011s] Invoking command in '/home/hans/ar/build/ar_control': CMAKE_PREFIX_PATH=/home/hans/ar/install/master:/home/hans/ar/install/ar_utils:/home/hans/ar/install/ar_comm:/home/hans/ar/install/ar_scene:/home/hans/ar/install/ar_planner_interface:/home/hans/ar/install/ar_msgs:/home/hans/ar/install/ar_moveit_config:/home/hans/ar/install/ar_computation:/home/hans/ar/install/ar_action:/opt/ros/humble /usr/bin/cmake --build /home/hans/ar/build/ar_control -- -j12 -l12
[0.034s] -- Found ament_cmake: 1.3.11 (/opt/ros/humble/share/ament_cmake/cmake)
[0.119s] -- Found moveit_common: 2.5.9 (/opt/ros/humble/share/moveit_common/cmake)
[0.160s] [0mar_control: You did not request a specific build type: Choosing 'Release' for maximum performance[0m
[0.161s] -- Found hardware_interface: 2.50.0 (/opt/ros/humble/share/hardware_interface/cmake)
[0.177s] -- Found rosidl_generator_c: 3.1.6 (/opt/ros/humble/share/rosidl_generator_c/cmake)
[0.179s] -- Found rosidl_adapter: 3.1.6 (/opt/ros/humble/share/rosidl_adapter/cmake)
[0.182s] -- Found rosidl_generator_cpp: 3.1.6 (/opt/ros/humble/share/rosidl_generator_cpp/cmake)
[0.187s] -- Using all available rosidl_typesupport_c: rosidl_typesupport_fastrtps_c;rosidl_typesupport_introspection_c
[0.195s] -- Using all available rosidl_typesupport_cpp: rosidl_typesupport_fastrtps_cpp;rosidl_typesupport_introspection_cpp
[0.295s] -- Found rmw_implementation_cmake: 6.1.2 (/opt/ros/humble/share/rmw_implementation_cmake/cmake)
[0.296s] -- Found rmw_fastrtps_cpp: 6.2.7 (/opt/ros/humble/share/rmw_fastrtps_cpp/cmake)
[0.306s] -- Found TinyXML2 via Config file: TinyXML2_DIR-NOTFOUND
[0.313s] -- Found TinyXML2 via Config file: TinyXML2_DIR-NOTFOUND
[0.328s] -- Found TinyXML2 via Config file: TinyXML2_DIR-NOTFOUND
[0.334s] -- Found TinyXML2 via Config file: TinyXML2_DIR-NOTFOUND
[0.342s] -- Using RMW implementation 'rmw_fastrtps_cpp' as default
[0.366s] -- Found rclcpp_action: 16.0.12 (/opt/ros/humble/share/rclcpp_action/cmake)
[0.370s] -- Found rclcpp_components: 16.0.12 (/opt/ros/humble/share/rclcpp_components/cmake)
[0.380s] -- Found yaml_cpp_vendor: 8.0.2 (/opt/ros/humble/share/yaml_cpp_vendor/cmake)
[0.380s] -- Found urdf: 2.6.1 (/opt/ros/humble/share/urdf/cmake)
[0.383s] -- Found ar_action: 0.0.0 (/home/hans/ar/install/ar_action/share/ar_action/cmake)
[0.407s] -- Found ar_comm: 0.0.0 (/home/hans/ar/install/ar_comm/share/ar_comm/cmake)
[0.408s] -- Found ar_utils: 0.0.0 (/home/hans/ar/install/ar_utils/share/ar_utils/cmake)
[0.420s] -- Found Boost: /usr/lib/x86_64-linux-gnu/cmake/Boost-1.74.0/BoostConfig.cmake (found version "1.74.0") found components: chrono date_time filesystem iostreams program_options regex serialization system thread 
[0.436s] -- Found parameter_traits: 0.4.0 (/opt/ros/humble/share/parameter_traits/cmake)
[0.444s] -- Found Boost: /usr/lib/x86_64-linux-gnu/cmake/Boost-1.74.0/BoostConfig.cmake (found version "1.74.0") found components: filesystem 
[0.468s] -- library: /usr/lib/x86_64-linux-gnu/libcurl.so
[0.491s] -- Ensuring Eigen3 include directory is part of orocos-kdl CMake target
[0.574s] -- Found pilz_industrial_motion_planner: 2.5.9 (/opt/ros/humble/share/pilz_industrial_motion_planner/cmake)
[0.581s] -- Found Boost: /usr/lib/x86_64-linux-gnu/cmake/Boost-1.74.0/BoostConfig.cmake (found version "1.74.0") found components: system filesystem date_time program_options thread 
[0.599s] -- Found Boost: /usr/lib/x86_64-linux-gnu/cmake/Boost-1.74.0/BoostConfig.cmake (found version "1.74.0") found components: system filesystem date_time program_options thread chrono 
[0.615s] -- Found Boost: /usr/lib/x86_64-linux-gnu/cmake/Boost-1.74.0/BoostConfig.cmake (found version "1.74.0") found components: date_time filesystem program_options system thread 
[0.623s] -- Found Boost: /usr/lib/x86_64-linux-gnu/cmake/Boost-1.74.0/BoostConfig.cmake (found version "1.74.0") found components: thread system filesystem regex date_time program_options 
[0.640s] -- Found moveit_planners: 2.5.9 (/opt/ros/humble/share/moveit_planners/cmake)
[0.642s] -- Found pcl_conversions: 2.4.5 (/opt/ros/humble/share/pcl_conversions/cmake)
[0.665s] -- Eigen found (include: /usr/include/eigen3, version: 3.4.0)
[0.685s] -- FLANN found (include: /usr/include, lib: /usr/lib/x86_64-linux-gnu/libflann_cpp.so)
[0.824s] -- OpenNI found (version: 1.5.4.0, include: /usr/include/ni, lib: /usr/lib/libOpenNI.so;libusb::libusb)
[0.828s] -- OpenNI2 found (version: 2.2.0.33, include: /usr/include/openni2, lib: /usr/lib/x86_64-linux-gnu/libOpenNI2.so;libusb::libusb)
[0.937s] -- Eigen found (include: /usr/include/eigen3, version: 3.4.0)
[0.942s] -- OpenNI found (version: 1.5.4.0, include: /usr/include/ni, lib: /usr/lib/libOpenNI.so;libusb::libusb)
[0.948s] -- OpenNI2 found (version: 2.2.0.33, include: /usr/include/openni2, lib: /usr/lib/x86_64-linux-gnu/libOpenNI2.so;libusb::libusb)
[1.046s] -- Found Qhull version 8.0.2
[1.151s] -- OpenNI found (version: 1.5.4.0, include: /usr/include/ni, lib: /usr/lib/libOpenNI.so;libusb::libusb)
[1.258s] -- Found octomap_ros: 0.4.4 (/opt/ros/humble/share/octomap_ros/cmake)
[1.305s] -- Found ament_cmake_gtest: 1.3.11 (/opt/ros/humble/share/ament_cmake_gtest/cmake)
[1.308s] -- Configuring done
[1.430s] -- Generating done
[1.456s] -- Build files have been written to: /home/hans/ar/build/ar_control
[1.488s] [35m[1mConsolidate compiler generated dependencies of target ar_control_client[0m
[1.488s] [35m[1mConsolidate compiler generated dependencies of target ar_control_client_server_test[0m
[1.491s] [35m[1mConsolidate compiler generated dependencies of target ar_control[0m
[1.491s] [35m[1mConsolidate compiler generated dependencies of target ar_control_server[0m
[1.505s] [  7%] [32mBuilding CXX object CMakeFiles/ar_control_client_server_test.dir/test/ar_control_client_server_test.cpp.o[0m
[1.505s] [ 14%] [32mBuilding CXX object CMakeFiles/ar_control_client.dir/src/ar_control_client.cpp.o[0m
[1.524s] [ 28%] [32mBuilding CXX object CMakeFiles/ar_control_server.dir/src/ar_control_client.cpp.o[0m
[1.524s] [ 28%] [32mBuilding CXX object CMakeFiles/ar_control.dir/src/ar_control_client.cpp.o[0m
[1.524s] [ 42%] [32mBuilding CXX object CMakeFiles/ar_control.dir/src/ar_control_server.cpp.o[0m
[1.524s] [ 42%] [32mBuilding CXX object CMakeFiles/ar_control_server.dir/src/ar_control_server.cpp.o[0m
[1.525s] [ 50%] [32mBuilding CXX object CMakeFiles/ar_control_server.dir/src/ar_hardware_interface.cpp.o[0m
[1.525s] [ 57%] [32mBuilding CXX object CMakeFiles/ar_control.dir/src/ar_hardware_interface.cpp.o[0m
[1.526s] [ 64%] [32mBuilding CXX object CMakeFiles/ar_control_server.dir/src/ar_system.cpp.o[0m
[1.527s] [ 71%] [32mBuilding CXX object CMakeFiles/ar_control.dir/src/ar_system.cpp.o[0m
[3.768s] In file included from [01m[K/home/hans/ar/ar_src/command/ar_control/src/ar_control_client.cpp:1[m[K:
[3.768s] [01m[K/home/hans/ar/ar_src/command/ar_control/include/ar_control_client.h:31:126:[m[K [01;31m[Kerror: [m[Kexpected â€˜[01m[K;[m[Kâ€™ at end of member declaration
[3.768s]    31 |                                                                    const rclcpp::NodeOptions& options = rclcpp::NodeOptions()[01;31m[K)[m[K
[3.768s]       |                                                                                                                              [01;31m[K^[m[K
[3.768s]       |                                                                                                                               [32m[K;[m[K
[3.777s] In file included from [01m[K/home/hans/ar/ar_src/command/ar_control/src/ar_control_client.cpp:1[m[K:
[3.778s] [01m[K/home/hans/ar/ar_src/command/ar_control/include/ar_control_client.h:31:126:[m[K [01;31m[Kerror: [m[Kexpected â€˜[01m[K;[m[Kâ€™ at end of member declaration
[3.778s]    31 |                                           const rclcpp::NodeOptions& options = rclcpp::NodeOptions()[01;31m[K)[m[K
[3.778s]       |                                                                                                     [01;31m[K^[m[K
[3.778s]       |                                                                                                      [32m[K;[m[K
[4.061s] In file included from [01m[K/home/hans/ar/ar_src/command/ar_control/test/ar_control_client_server_test.cpp:1[m[K:
[4.062s] [01m[K/home/hans/ar/ar_src/command/ar_control/include/ar_control_client.h:31:126:[m[K [01;31m[Kerror: [m[Kexpected â€˜[01m[K;[m[Kâ€™ at end of member declaration
[4.062s]    31 |                                                                    const rclcpp::NodeOptions& options = rclcpp::NodeOptions()[01;31m[K)[m[K
[4.062s]       |                                                                                                                              [01;31m[K^[m[K
[4.062s]       |                                                                                                                               [32m[K;[m[K
[4.204s] In file included from [01m[K/home/hans/ar/ar_src/command/ar_control/src/ar_control_client.cpp:1[m[K:
[4.204s] [01m[K/home/hans/ar/ar_src/command/ar_control/include/ar_control_client.h:31:126:[m[K [01;31m[Kerror: [m[Kexpected â€˜[01m[K;[m[Kâ€™ at end of member declaration
[4.205s]    31 |                                                                    const rclcpp::NodeOptions& options = rclcpp::NodeOptions()[01;31m[K)[m[K
[4.205s]       |                                                                                                                              [01;31m[K^[m[K
[4.205s]       |                                                                                                                               [32m[K;[m[K
[4.334s] [01m[K/home/hans/ar/ar_src/command/ar_control/test/ar_control_client_server_test.cpp:[m[K In function â€˜[01m[Kint main(int, char**)[m[Kâ€™:
[4.334s] [01m[K/home/hans/ar/ar_src/command/ar_control/test/ar_control_client_server_test.cpp:27:19:[m[K [01;31m[Kerror: [m[Kâ€˜[01m[KHostCommand[m[Kâ€™ has not been declared
[4.334s]    27 |     goal.action = [01;31m[KHostCommand[m[K::PLANNING;
[4.334s]       |                   [01;31m[K^~~~~~~~~~~[m[K
[4.396s] gmake[2]: *** [CMakeFiles/ar_control_client.dir/build.make:76: CMakeFiles/ar_control_client.dir/src/ar_control_client.cpp.o] Error 1
[4.408s] gmake[1]: *** [CMakeFiles/Makefile2:195: CMakeFiles/ar_control_client.dir/all] Error 2
[4.408s] gmake[1]: *** Waiting for unfinished jobs....
[4.444s] gmake[2]: *** [CMakeFiles/ar_control.dir/build.make:76: CMakeFiles/ar_control.dir/src/ar_control_client.cpp.o] Error 1
[4.444s] gmake[2]: *** Waiting for unfinished jobs....
[4.826s] gmake[2]: *** [CMakeFiles/ar_control_client_server_test.dir/build.make:76: CMakeFiles/ar_control_client_server_test.dir/test/ar_control_client_server_test.cpp.o] Error 1
[4.826s] gmake[1]: *** [CMakeFiles/Makefile2:221: CMakeFiles/ar_control_client_server_test.dir/all] Error 2
[4.928s] gmake[2]: *** [CMakeFiles/ar_control_server.dir/build.make:76: CMakeFiles/ar_control_server.dir/src/ar_control_client.cpp.o] Error 1
[4.928s] gmake[2]: *** Waiting for unfinished jobs....
[6.289s] In file included from [01m[K/home/hans/ar/ar_src/command/ar_control/src/ar_hardware_interface.cpp:1[m[K:
[6.289s] [01m[K/home/hans/ar/ar_src/command/ar_control/include/ar_hardware_interface.h:37:17:[m[K [01;31m[Kerror: [m[Kâ€˜[01m[KArDrives[m[Kâ€™ does not name a type
[6.289s]    37 |                 [01;31m[KArDrives[m[K ar_drives;
[6.289s]       |                 [01;31m[K^~~~~~~~[m[K
[6.294s] [01m[K/home/hans/ar/ar_src/command/ar_control/include/ar_hardware_interface.h:45:17:[m[K [01;31m[Kerror: [m[Kâ€˜[01m[Kar_master[m[Kâ€™ does not name a type
[6.294s]    45 |                 [01;31m[Kar_master[m[K::Protocol* protocol_manager_;
[6.294s]       |                 [01;31m[K^~~~~~~~~[m[K
[6.320s] [01m[K/home/hans/ar/ar_src/command/ar_control/src/ar_hardware_interface.cpp:[m[K In constructor â€˜[01m[Kar_control::ArHardwareInterface::ArHardwareInterface(bool, bool)[m[Kâ€™:
[6.320s] [01m[K/home/hans/ar/ar_src/command/ar_control/src/ar_hardware_interface.cpp:25:9:[m[K [01;31m[Kerror: [m[Kâ€˜[01m[Kar_hardware_interface_node_[m[Kâ€™ was not declared in this scope; did you mean â€˜[01m[KArHardwareInterface[m[Kâ€™?
[6.320s]    25 |         [01;31m[Kar_hardware_interface_node_[m[K = rclcpp::Node::make_shared("ar_hardware_interface_node",
[6.320s]       |         [01;31m[K^~~~~~~~~~~~~~~~~~~~~~~~~~~[m[K
[6.320s]       |         [32m[KArHardwareInterface[m[K
[6.342s] [01m[K/home/hans/ar/ar_src/command/ar_control/src/ar_hardware_interface.cpp:26:88:[m[K [01;31m[Kerror: [m[Kâ€˜[01m[Kautomatically_declare_parameters_from_overrides[m[Kâ€™ was not declared in this scope
[6.342s]    26 |                                                                 rclcpp::NodeOptions(), [01;31m[Kautomatically_declare_parameters_from_overrides[m[K(true));
[6.342s]       |                                                                                        [01;31m[K^~~~~~~~~~~~~~~~~~~~~~~~~~~~~~~~~~~~~~~~~~~~~~~[m[K
[6.342s] In file included from [01m[K/opt/ros/humble/include/rclcpp/rclcpp/client.hpp:40[m[K,
[6.342s]                  from [01m[K/opt/ros/humble/include/rclcpp/rclcpp/callback_group.hpp:24[m[K,
[6.343s]                  from [01m[K/opt/ros/humble/include/rclcpp/rclcpp/any_executable.hpp:20[m[K,
[6.343s]                  from [01m[K/opt/ros/humble/include/rclcpp/rclcpp/memory_strategy.hpp:25[m[K,
[6.343s]                  from [01m[K/opt/ros/humble/include/rclcpp/rclcpp/memory_strategies.hpp:18[m[K,
[6.343s]                  from [01m[K/opt/ros/humble/include/rclcpp/rclcpp/executor_options.hpp:20[m[K,
[6.343s]                  from [01m[K/opt/ros/humble/include/rclcpp/rclcpp/executor.hpp:37[m[K,
[6.343s]                  from [01m[K/opt/ros/humble/include/rclcpp/rclcpp/executors/multi_threaded_executor.hpp:25[m[K,
[6.343s]                  from [01m[K/opt/ros/humble/include/rclcpp/rclcpp/executors.hpp:21[m[K,
[6.343s]                  from [01m[K/opt/ros/humble/include/rclcpp/rclcpp/rclcpp.hpp:155[m[K,
[6.343s]                  from [01m[K/home/hans/ar/ar_src/command/ar_control/include/ar_control_server.h:12[m[K,
[6.343s]                  from [01m[K/home/hans/ar/ar_src/command/ar_control/include/ar_hardware_interface.h:11[m[K,
[6.343s]                  from [01m[K/home/hans/ar/ar_src/command/ar_control/src/ar_hardware_interface.cpp:1[m[K:
[6.343s] [01m[K/home/hans/ar/ar_src/command/ar_control/src/ar_hardware_interface.cpp:30:13:[m[K [01;31m[Kerror: [m[Ktemplate argument 1 is invalid
[6.343s]    30 |             [01;31m[KRCLCPP_ERROR[m[K(ar_hardware_interface_node_->get_logger(), "Parameter 'robot_description' not found.");
[6.343s]       |             [01;31m[K^~~~~~~~~~~~[m[K
[6.343s] [01m[K/home/hans/ar/ar_src/command/ar_control/src/ar_hardware_interface.cpp:30:13:[m[K [01;31m[Kerror: [m[Ktemplate argument 1 is invalid
[6.343s]    30 |             [01;31m[KRCLCPP_ERROR[m[K(ar_hardware_interface_node_->get_logger(), "Parameter 'robot_description' not found.");
[6.343s]       |             [01;31m[K^~~~~~~~~~~~[m[K
[6.343s] [01m[K/home/hans/ar/ar_src/command/ar_control/src/ar_hardware_interface.cpp:30:13:[m[K [01;31m[Kerror: [m[Ktemplate argument 1 is invalid
[6.343s]    30 |             [01;31m[KRCLCPP_ERROR[m[K(ar_hardware_interface_node_->get_logger(), "Parameter 'robot_description' not found.");
[6.343s]       |             [01;31m[K^~~~~~~~~~~~[m[K
[6.343s] [01m[K/home/hans/ar/ar_src/command/ar_control/src/ar_hardware_interface.cpp:35:13:[m[K [01;31m[Kerror: [m[Ktemplate argument 1 is invalid
[6.343s]    35 |             [01;31m[KRCLCPP_ERROR[m[K(ar_hardware_interface_node_->get_logger(), "Failed to parse URDF model.");
[6.343s]       |             [01;31m[K^~~~~~~~~~~~[m[K
[6.343s] [01m[K/home/hans/ar/ar_src/command/ar_control/src/ar_hardware_interface.cpp:35:13:[m[K [01;31m[Kerror: [m[Ktemplate argument 1 is invalid
[6.344s]    35 |             [01;31m[KRCLCPP_ERROR[m[K(ar_hardware_interface_node_->get_logger(), "Failed to parse URDF model.");
[6.344s]       |             [01;31m[K^~~~~~~~~~~~[m[K
[6.344s] [01m[K/home/hans/ar/ar_src/command/ar_control/src/ar_hardware_interface.cpp:35:13:[m[K [01;31m[Kerror: [m[Ktemplate argument 1 is invalid
[6.344s]    35 |             [01;31m[KRCLCPP_ERROR[m[K(ar_hardware_interface_node_->get_logger(), "Failed to parse URDF model.");
[6.344s]       |             [01;31m[K^~~~~~~~~~~~[m[K
[6.351s] [01m[K/home/hans/ar/ar_src/command/ar_control/src/ar_hardware_interface.cpp:[m[K In member function â€˜[01m[Kvoid ar_control::ArHardwareInterface::shutdown()[m[Kâ€™:
[6.351s] [01m[K/home/hans/ar/ar_src/command/ar_control/src/ar_hardware_interface.cpp:54:27:[m[K [01;31m[Kerror: [m[Kâ€˜[01m[Kdrives[m[Kâ€™ was not declared in this scope; did you mean â€˜[01m[Kdrive[m[Kâ€™?
[6.351s]    54 |         for (auto drive : [01;31m[Kdrives[m[K)
[6.351s]       |                           [01;31m[K^~~~~~[m[K
[6.351s]       |                           [32m[Kdrive[m[K
[6.353s] In file included from [01m[K/home/hans/ar/ar_src/command/ar_control/src/ar_hardware_interface.cpp:1[m[K:
[6.353s] [01m[K/home/hans/ar/ar_src/command/ar_control/include/ar_hardware_interface.h:37:17:[m[K [01;31m[Kerror: [m[Kâ€˜[01m[KArDrives[m[Kâ€™ does not name a type
[6.353s]    37 |                 [01;31m[KArDrives[m[K ar_drives;
[6.353s]       |                 [01;31m[K^~~~~~~~[m[K
[6.358s] [01m[K/home/hans/ar/ar_src/command/ar_control/include/ar_hardware_interface.h:45:17:[m[K [01;31m[Kerror: [m[Kâ€˜[01m[Kar_master[m[Kâ€™ does not name a type
[6.358s]    45 |                 [01;31m[Kar_master[m[K::Protocol* protocol_manager_;
[6.358s]       |                 [01;31m[K^~~~~~~~~[m[K
[6.363s] In file included from [01m[K/home/hans/ar/ar_src/command/ar_control/src/ar_control_server.cpp:4[m[K:
[6.363s] [01m[K/home/hans/ar/ar_src/command/ar_control/include/ar_hardware_interface.h:37:17:[m[K [01;31m[Kerror: [m[Kâ€˜[01m[KArDrives[m[Kâ€™ does not name a type
[6.363s]    37 |                 [01;31m[KArDrives[m[K ar_drives;
[6.363s]       |                 [01;31m[K^~~~~~~~[m[K
[6.364s] [01m[K/home/hans/ar/ar_src/command/ar_control/src/ar_hardware_interface.cpp:[m[K In member function â€˜[01m[Kvoid ar_control::ArHardwareInterface::readConfigFromYaml(std::string)[m[Kâ€™:
[6.364s] [01m[K/home/hans/ar/ar_src/command/ar_control/src/ar_hardware_interface.cpp:95:13:[m[K [01;31m[Kerror: [m[Kâ€˜[01m[KDriveParameters[m[Kâ€™ was not declared in this scope
[6.364s]    95 |             [01;31m[KDriveParameters[m[K driveParams;
[6.364s]       |             [01;31m[K^~~~~~~~~~~~~~~[m[K
[6.368s] [01m[K/home/hans/ar/ar_src/command/ar_control/include/ar_hardware_interface.h:45:17:[m[K [01;31m[Kerror: [m[Kâ€˜[01m[Kar_master[m[Kâ€™ does not name a type
[6.369s]    45 |                 [01;31m[Kar_master[m[K::Protocol* protocol_manager_;
[6.369s]       |                 [01;31m[K^~~~~~~~~[m[K
[6.375s] [01m[K/home/hans/ar/ar_src/command/ar_control/src/ar_hardware_interface.cpp:97:13:[m[K [01;31m[Kerror: [m[Kâ€˜[01m[KdriveParams[m[Kâ€™ was not declared in this scope
[6.375s]    97 |             [01;31m[KdriveParams[m[K.drive_id = stringToId(drive_id);
[6.375s]       |             [01;31m[K^~~~~~~~~~~[m[K
[6.375s] In file included from [01m[K/home/hans/ar/ar_src/command/ar_control/src/ar_control_server.cpp:4[m[K:
[6.375s] [01m[K/home/hans/ar/ar_src/command/ar_control/include/ar_hardware_interface.h:37:17:[m[K [01;31m[Kerror: [m[Kâ€˜[01m[KArDrives[m[Kâ€™ does not name a type
[6.375s]    37 |                 [01;31m[KArDrives[m[K ar_drives;
[6.375s]       |                 [01;31m[K^~~~~~~~[m[K
[6.376s] [01m[K/home/hans/ar/ar_src/command/ar_control/src/ar_hardware_interface.cpp:97:36:[m[K [01;31m[Kerror: [m[Kâ€˜[01m[KstringToId[m[Kâ€™ was not declared in this scope; did you mean â€˜[01m[Kar_utils::stringToId[m[Kâ€™?
[6.376s]    97 |             driveParams.drive_id = [01;31m[KstringToId[m[K(drive_id);
[6.376s]       |                                    [01;31m[K^~~~~~~~~~[m[K
[6.376s]       |                                    [32m[Kar_utils::stringToId[m[K
[6.376s] In file included from [01m[K/home/hans/ar/ar_src/command/ar_control/include/ar_control_server.h:19[m[K,
[6.376s]                  from [01m[K/home/hans/ar/ar_src/command/ar_control/include/ar_hardware_interface.h:11[m[K,
[6.376s]                  from [01m[K/home/hans/ar/ar_src/command/ar_control/src/ar_hardware_interface.cpp:1[m[K:
[6.376s] [01m[K/home/hans/ar/install/ar_utils/include/ar_utils.h:31:13:[m[K [01;36m[Knote: [m[Kâ€˜[01m[Kar_utils::stringToId[m[Kâ€™ declared here
[6.376s]    31 |         int [01;36m[KstringToId[m[K(std::string str);
[6.376s]       |             [01;36m[K^~~~~~~~~~[m[K
[6.380s] [01m[K/home/hans/ar/ar_src/command/ar_control/include/ar_hardware_interface.h:45:17:[m[K [01;31m[Kerror: [m[Kâ€˜[01m[Kar_master[m[Kâ€™ does not name a type
[6.380s]    45 |                 [01;31m[Kar_master[m[K::Protocol* protocol_manager_;
[6.380s]       |                 [01;31m[K^~~~~~~~~[m[K
[6.384s] [01m[K/home/hans/ar/ar_src/command/ar_control/src/ar_hardware_interface.cpp:101:39:[m[K [01;31m[Kerror: [m[Kâ€˜[01m[KNO_COMM[m[Kâ€™ was not declared in this scope; did you mean â€˜[01m[KECOMM[m[Kâ€™?
[6.385s]   101 |                 driveParams.port_id = [01;31m[KNO_COMM[m[K;
[6.385s]       |                                       [01;31m[K^~~~~~~[m[K
[6.385s]       |                                       [32m[KECOMM[m[K
[6.386s] [01m[K/home/hans/ar/ar_src/command/ar_control/src/ar_hardware_interface.cpp:[m[K In constructor â€˜[01m[Kar_control::ArHardwareInterface::ArHardwareInterface(bool, bool)[m[Kâ€™:
[6.386s] [01m[K/home/hans/ar/ar_src/command/ar_control/src/ar_hardware_interface.cpp:25:9:[m[K [01;31m[Kerror: [m[Kâ€˜[01m[Kar_hardware_interface_node_[m[Kâ€™ was not declared in this scope; did you mean â€˜[01m[KArHardwareInterface[m[Kâ€™?
[6.386s]    25 |         [01;31m[Kar_hardware_interface_node_[m[K = rclcpp::Node::make_shared("ar_hardware_interface_node",
[6.386s]       |         [01;31m[K^~~~~~~~~~~~~~~~~~~~~~~~~~~[m[K
[6.386s]       |         [32m[KArHardwareInterface[m[K
[6.386s] [01m[K/home/hans/ar/ar_src/command/ar_control/src/ar_control_server.cpp:[m[K In member function â€˜[01m[Kvoid ar_control::ArControlServer::incomingDisplayTrajectory(moveit_msgs::msg::DisplayTrajectory_<std::allocator<void> >::ConstSharedPtr)[m[Kâ€™:
[6.386s] [01m[K/home/hans/ar/ar_src/command/ar_control/src/ar_control_server.cpp:32:24:[m[K [01;31m[Kerror: [m[Kâ€˜[01m[Kclass ar_control::ArHardwareInterface[m[Kâ€™ has no member named â€˜[01m[Kmove[m[Kâ€™
[6.386s]    32 |                 robot->[01;31m[Kmove[m[K("", msg->trajectory[0].joint_trajectory, status);
[6.386s]       |                        [01;31m[K^~~~[m[K
[6.393s] [01m[K/home/hans/ar/ar_src/command/ar_control/src/ar_hardware_interface.cpp:103:45:[m[K [01;31m[Kerror: [m[Kâ€˜[01m[KPORT_UART[m[Kâ€™ was not declared in this scope
[6.394s]   103 |             else if (driveParams.port_id == [01;31m[KPORT_UART[m[K)
[6.394s]       |                                             [01;31m[K^~~~~~~~~[m[K
[6.394s] In file included from [01m[K/home/hans/ar/ar_src/command/ar_control/include/ar_system.hpp:30[m[K,
[6.394s]                  from [01m[K/home/hans/ar/ar_src/command/ar_control/src/ar_system.cpp:15[m[K:
[6.394s] [01m[K/home/hans/ar/ar_src/command/ar_control/include/ar_hardware_interface.h:37:17:[m[K [01;31m[Kerror: [m[Kâ€˜[01m[KArDrives[m[Kâ€™ does not name a type
[6.394s]    37 |                 [01;31m[KArDrives[m[K ar_drives;
[6.394s]       |                 [01;31m[K^~~~~~~~[m[K
[6.399s] [01m[K/home/hans/ar/ar_src/command/ar_control/include/ar_hardware_interface.h:45:17:[m[K [01;31m[Kerror: [m[Kâ€˜[01m[Kar_master[m[Kâ€™ does not name a type
[6.399s]    45 |                 [01;31m[Kar_master[m[K::Protocol* protocol_manager_;
[6.399s]       |                 [01;31m[K^~~~~~~~~[m[K
[6.399s] [01m[K/home/hans/ar/ar_src/command/ar_control/src/ar_control_server.cpp:[m[K In member function â€˜[01m[Kvoid ar_control::ArControlServer::incomingDisplayTrajectory(moveit_msgs::msg::DisplayTrajectory_<std::allocator<void> >::ConstSharedPtr)[m[Kâ€™:
[6.399s] [01m[K/home/hans/ar/ar_src/command/ar_control/src/ar_control_server.cpp:32:24:[m[K [01;31m[Kerror: [m[Kâ€˜[01m[Kclass ar_control::ArHardwareInterface[m[Kâ€™ has no member named â€˜[01m[Kmove[m[Kâ€™
[6.399s]    32 |                 robot->[01;31m[Kmove[m[K("", msg->trajectory[0].joint_trajectory, status);
[6.399s]       |                        [01;31m[K^~~~[m[K
[6.400s] [01m[K/home/hans/ar/ar_src/command/ar_control/src/ar_hardware_interface.cpp:107:45:[m[K [01;31m[Kerror: [m[Kâ€˜[01m[KPORT_CAN[m[Kâ€™ was not declared in this scope
[6.400s]   107 |             else if (driveParams.port_id == [01;31m[KPORT_CAN[m[K)
[6.400s]       |                                             [01;31m[K^~~~~~~~[m[K
[6.405s] In file included from [01m[K/home/hans/ar/ar_src/command/ar_control/include/ar_system.hpp:30[m[K,
[6.405s]                  from [01m[K/home/hans/ar/ar_src/command/ar_control/src/ar_system.cpp:15[m[K:
[6.405s] [01m[K/home/hans/ar/ar_src/command/ar_control/include/ar_hardware_interface.h:37:17:[m[K [01;31m[Kerror: [m[Kâ€˜[01m[KArDrives[m[Kâ€™ does not name a type
[6.405s]    37 |                 [01;31m[KArDrives[m[K ar_drives;
[6.405s]       |                 [01;31m[K^~~~~~~~[m[K
[6.409s] [01m[K/home/hans/ar/ar_src/command/ar_control/src/ar_control_server.cpp:[m[K In member function â€˜[01m[Kvoid ar_control::ArControlServer::execute(std::shared_ptr<rclcpp_action::ServerGoalHandle<ar_action::action::ArControl> >)[m[Kâ€™:
[6.409s] [01m[K/home/hans/ar/ar_src/command/ar_control/src/ar_control_server.cpp:92:52:[m[K [01;31m[Kerror: [m[Kâ€˜[01m[KSUCCESS[m[Kâ€™ is not a member of â€˜[01m[Kar_control::ControlErrorCode[m[Kâ€™
[6.409s]    92 |                         status = ControlErrorCode::[01;31m[KSUCCESS[m[K;
[6.409s]       |                                                    [01;31m[K^~~~~~~[m[K
[6.409s] [01m[K/home/hans/ar/ar_src/command/ar_control/src/ar_control_server.cpp:99:40:[m[K [01;31m[Kerror: [m[Kâ€˜[01m[Kclass ar_control::ArHardwareInterface[m[Kâ€™ has no member named â€˜[01m[Kmove[m[Kâ€™
[6.409s]    99 |                                 robot->[01;31m[Kmove[m[K(goal->planning_group, goal->trajectory, status);
[6.409s]       |                                        [01;31m[K^~~~[m[K
[6.409s] [01m[K/home/hans/ar/ar_src/command/ar_control/src/ar_control_server.cpp:102:60:[m[K [01;31m[Kerror: [m[Kâ€˜[01m[KSUCCESS[m[Kâ€™ is not a member of â€˜[01m[Kar_control::ControlErrorCode[m[Kâ€™
[6.409s]   102 |                                 status = ControlErrorCode::[01;31m[KSUCCESS[m[K;
[6.410s]       |                                                            [01;31m[K^~~~~~~[m[K
[6.410s] [01m[K/home/hans/ar/ar_src/command/ar_control/src/ar_hardware_interface.cpp:26:88:[m[K [01;31m[Kerror: [m[Kâ€˜[01m[Kautomatically_declare_parameters_from_overrides[m[Kâ€™ was not declared in this scope
[6.410s]    26 |                                                                 rclcpp::NodeOptions(), [01;31m[Kautomatically_declare_parameters_from_overrides[m[K(true));
[6.410s]       |                                                                                        [01;31m[K^~~~~~~~~~~~~~~~~~~~~~~~~~~~~~~~~~~~~~~~~~~~~~~[m[K
[6.410s] In file included from [01m[K/opt/ros/humble/include/rclcpp/rclcpp/client.hpp:40[m[K,
[6.410s]                  from [01m[K/opt/ros/humble/include/rclcpp/rclcpp/callback_group.hpp:24[m[K,
[6.410s]                  from [01m[K/opt/ros/humble/include/rclcpp/rclcpp/any_executable.hpp:20[m[K,
[6.410s]                  from [01m[K/opt/ros/humble/include/rclcpp/rclcpp/memory_strategy.hpp:25[m[K,
[6.410s]                  from [01m[K/opt/ros/humble/include/rclcpp/rclcpp/memory_strategies.hpp:18[m[K,
[6.410s]                  from [01m[K/opt/ros/humble/include/rclcpp/rclcpp/executor_options.hpp:20[m[K,
[6.410s]                  from [01m[K/opt/ros/humble/include/rclcpp/rclcpp/executor.hpp:37[m[K,
[6.410s]                  from [01m[K/opt/ros/humble/include/rclcpp/rclcpp/executors/multi_threaded_executor.hpp:25[m[K,
[6.410s]                  from [01m[K/opt/ros/humble/include/rclcpp/rclcpp/executors.hpp:21[m[K,
[6.410s]                  from [01m[K/opt/ros/humble/include/rclcpp/rclcpp/rclcpp.hpp:155[m[K,
[6.410s]                  from [01m[K/home/hans/ar/ar_src/command/ar_control/include/ar_control_server.h:12[m[K,
[6.410s]                  from [01m[K/home/hans/ar/ar_src/command/ar_control/include/ar_hardware_interface.h:11[m[K,
[6.410s]                  from [01m[K/home/hans/ar/ar_src/command/ar_control/src/ar_hardware_interface.cpp:1[m[K:
[6.410s] [01m[K/home/hans/ar/ar_src/command/ar_control/src/ar_hardware_interface.cpp:30:13:[m[K [01;31m[Kerror: [m[Ktemplate argument 1 is invalid
[6.410s]    30 |             [01;31m[KRCLCPP_ERROR[m[K(ar_hardware_interface_node_->get_logger(), "Parameter 'robot_description' not found.");
[6.410s]       |             [01;31m[K^~~~~~~~~~~~[m[K
[6.410s] [01m[K/home/hans/ar/ar_src/command/ar_control/src/ar_hardware_interface.cpp:30:13:[m[K [01;31m[Kerror: [m[Ktemplate argument 1 is invalid
[6.411s]    30 |             [01;31m[KRCLCPP_ERROR[m[K(ar_hardware_interface_node_->get_logger(), "Parameter 'robot_description' not found.");
[6.411s]       |             [01;31m[K^~~~~~~~~~~~[m[K
[6.411s] [01m[K/home/hans/ar/ar_src/command/ar_control/src/ar_hardware_interface.cpp:30:13:[m[K [01;31m[Kerror: [m[Ktemplate argument 1 is invalid
[6.411s]    30 |             [01;31m[KRCLCPP_ERROR[m[K(ar_hardware_interface_node_->get_logger(), "Parameter 'robot_description' not found.");
[6.411s]       |             [01;31m[K^~~~~~~~~~~~[m[K
[6.411s] [01m[K/home/hans/ar/ar_src/command/ar_control/include/ar_hardware_interface.h:45:17:[m[K [01;31m[Kerror: [m[Kâ€˜[01m[Kar_master[m[Kâ€™ does not name a type
[6.411s]    45 |                 [01;31m[Kar_master[m[K::Protocol* protocol_manager_;
[6.411s]       |                 [01;31m[K^~~~~~~~~[m[K
[6.411s] [01m[K/home/hans/ar/ar_src/command/ar_control/src/ar_hardware_interface.cpp:35:13:[m[K [01;31m[Kerror: [m[Ktemplate argument 1 is invalid
[6.411s]    35 |             [01;31m[KRCLCPP_ERROR[m[K(ar_hardware_interface_node_->get_logger(), "Failed to parse URDF model.");
[6.411s]       |             [01;31m[K^~~~~~~~~~~~[m[K
[6.411s] [01m[K/home/hans/ar/ar_src/command/ar_control/src/ar_hardware_interface.cpp:35:13:[m[K [01;31m[Kerror: [m[Ktemplate argument 1 is invalid
[6.411s]    35 |             [01;31m[KRCLCPP_ERROR[m[K(ar_hardware_interface_node_->get_logger(), "Failed to parse URDF model.");
[6.411s]       |             [01;31m[K^~~~~~~~~~~~[m[K
[6.411s] [01m[K/home/hans/ar/ar_src/command/ar_control/src/ar_hardware_interface.cpp:35:13:[m[K [01;31m[Kerror: [m[Ktemplate argument 1 is invalid
[6.411s]    35 |             [01;31m[KRCLCPP_ERROR[m[K(ar_hardware_interface_node_->get_logger(), "Failed to parse URDF model.");
[6.412s]       |             [01;31m[K^~~~~~~~~~~~[m[K
[6.412s] In file included from [01m[K/opt/ros/humble/include/rclcpp/rclcpp/logging.hpp:24[m[K,
[6.412s]                  from [01m[K/opt/ros/humble/include/rclcpp/rclcpp/client.hpp:40[m[K,
[6.412s]                  from [01m[K/opt/ros/humble/include/rclcpp/rclcpp/callback_group.hpp:24[m[K,
[6.412s]                  from [01m[K/opt/ros/humble/include/rclcpp/rclcpp/any_executable.hpp:20[m[K,
[6.412s]                  from [01m[K/opt/ros/humble/include/rclcpp/rclcpp/memory_strategy.hpp:25[m[K,
[6.412s]                  from [01m[K/opt/ros/humble/include/rclcpp/rclcpp/memory_strategies.hpp:18[m[K,
[6.412s]                  from [01m[K/opt/ros/humble/include/rclcpp/rclcpp/executor_options.hpp:20[m[K,
[6.412s]                  from [01m[K/opt/ros/humble/include/rclcpp/rclcpp/executor.hpp:37[m[K,
[6.412s]                  from [01m[K/opt/ros/humble/include/rclcpp/rclcpp/executors/multi_threaded_executor.hpp:25[m[K,
[6.412s]                  from [01m[K/opt/ros/humble/include/rclcpp/rclcpp/executors.hpp:21[m[K,
[6.412s]                  from [01m[K/opt/ros/humble/include/rclcpp/rclcpp/rclcpp.hpp:155[m[K,
[6.412s]                  from [01m[K/home/hans/ar/ar_src/command/ar_control/include/ar_control_server.h:12[m[K,
[6.412s]                  from [01m[K/home/hans/ar/ar_src/command/ar_control/include/ar_hardware_interface.h:11[m[K,
[6.412s]                  from [01m[K/home/hans/ar/ar_src/command/ar_control/include/ar_system.hpp:30[m[K,
[6.412s]                  from [01m[K/home/hans/ar/ar_src/command/ar_control/src/ar_system.cpp:15[m[K:
[6.412s] [01m[K/home/hans/ar/ar_src/command/ar_control/src/ar_system.cpp:[m[K In member function â€˜[01m[Kvirtual CallbackReturn ar_control::ArSystemHardware::on_init(const hardware_interface::HardwareInfo&)[m[Kâ€™:
[6.412s] [01m[K/home/hans/ar/ar_src/command/ar_control/src/ar_system.cpp:49:69:[m[K [01;35m[Kwarning: [m[Kformat â€˜[01m[K%s[m[Kâ€™ expects argument of type â€˜[01m[Kchar*[m[Kâ€™, but argument 6 has type â€˜[01m[Kint[m[Kâ€™ [[01;35m[K]8;;https://gcc.gnu.org/onlinedocs/gcc/Warning-Options.html#index-Wformat=-Wformat=]8;;[m[K]
[6.412s]    49 |                 RCLCPP_WARN(rclcpp::get_logger("ArSystemHardware"), [01;35m[K"Init robot: %s, sim: %s (is_simulation=%d), ui: %s (is_ui=%d)"[m[K,
[6.412s]       |                                                                     [01;35m[K^~~~~~~~~~~~~~~~~~~~~~~~~~~~~~~~~~~~~~~~~~~~~~~~~~~~~~~~~~~~~~~[m[K
[6.412s]    50 |                                 info_.hardware_parameters["sim"].c_str(), [32m[Kis_simulation[m[K, info_.hardware_parameters["ui"].c_str(), is_ui);
[6.412s]       |                                                                           [32m[K~~~~~~~~~~~~~[m[K
[6.412s]       |                                                                           [32m[K|[m[K
[6.412s]       |                                                                           [32m[Kint[m[K
[6.412s] [01m[K/home/hans/ar/ar_src/command/ar_control/src/ar_system.cpp:49:92:[m[K [01;36m[Knote: [m[Kformat string is defined here
[6.412s]    49 |                 RCLCPP_WARN(rclcpp::get_logger("ArSystemHardware"), "Init robot: %s, sim: [01;36m[K%s[m[K (is_simulation=%d), ui: %s (is_ui=%d)",
[6.412s]       |                                                                                           [01;36m[K~^[m[K
[6.412s]       |                                                                                            [01;36m[K|[m[K
[6.412s]       |                                                                                            [01;36m[Kchar*[m[K
[6.413s]       |                                                                                           [32m[K%d[m[K
[6.413s] In file included from [01m[K/opt/ros/humble/include/rclcpp/rclcpp/logging.hpp:24[m[K,
[6.413s]                  from [01m[K/opt/ros/humble/include/rclcpp/rclcpp/client.hpp:40[m[K,
[6.413s]                  from [01m[K/opt/ros/humble/include/rclcpp/rclcpp/callback_group.hpp:24[m[K,
[6.413s]                  from [01m[K/opt/ros/humble/include/rclcpp/rclcpp/any_executable.hpp:20[m[K,
[6.413s]                  from [01m[K/opt/ros/humble/include/rclcpp/rclcpp/memory_strategy.hpp:25[m[K,
[6.413s]                  from [01m[K/opt/ros/humble/include/rclcpp/rclcpp/memory_strategies.hpp:18[m[K,
[6.413s]                  from [01m[K/opt/ros/humble/include/rclcpp/rclcpp/executor_options.hpp:20[m[K,
[6.413s]                  from [01m[K/opt/ros/humble/include/rclcpp/rclcpp/executor.hpp:37[m[K,
[6.413s]                  from [01m[K/opt/ros/humble/include/rclcpp/rclcpp/executors/multi_threaded_executor.hpp:25[m[K,
[6.413s]                  from [01m[K/opt/ros/humble/include/rclcpp/rclcpp/executors.hpp:21[m[K,
[6.413s]                  from [01m[K/opt/ros/humble/include/rclcpp/rclcpp/rclcpp.hpp:155[m[K,
[6.413s]                  from [01m[K/home/hans/ar/ar_src/command/ar_control/include/ar_control_server.h:12[m[K,
[6.413s]                  from [01m[K/home/hans/ar/ar_src/command/ar_control/include/ar_hardware_interface.h:11[m[K,
[6.413s]                  from [01m[K/home/hans/ar/ar_src/command/ar_control/include/ar_system.hpp:30[m[K,
[6.413s]                  from [01m[K/home/hans/ar/ar_src/command/ar_control/src/ar_system.cpp:15[m[K:
[6.413s] [01m[K/home/hans/ar/ar_src/command/ar_control/src/ar_system.cpp:49:69:[m[K [01;35m[Kwarning: [m[Kformat â€˜[01m[K%d[m[Kâ€™ expects argument of type â€˜[01m[Kint[m[Kâ€™, but argument 7 has type â€˜[01m[Kconst char*[m[Kâ€™ [[01;35m[K]8;;https://gcc.gnu.org/onlinedocs/gcc/Warning-Options.html#index-Wformat=-Wformat=]8;;[m[K]
[6.413s]    49 |                 RCLCPP_WARN(rclcpp::get_logger("ArSystemHardware"), [01;35m[K"Init robot: %s, sim: %s (is_simulation=%d), ui: %s (is_ui=%d)"[m[K,
[6.413s]       |                                                                     [01;35m[K^~~~~~~~~~~~~~~~~~~~~~~~~~~~~~~~~~~~~~~~~~~~~~~~~~~~~~~~~~~~~~~[m[K
[6.413s]    50 |                                 info_.hardware_parameters["sim"].c_str(), is_simulation, [32m[Kinfo_.hardware_parameters["ui"].c_str()[m[K, is_ui);
[6.413s]       |                                                                                          [32m[K~~~~~~~~~~~~~~~~~~~~~~~~~~~~~~~~~~~~~~~[m[K
[6.413s]       |                                                                                                                               [32m[K|[m[K
[6.413s]       |                                                                                                                               [32m[Kconst char*[m[K
[6.413s] [01m[K/home/hans/ar/ar_src/command/ar_control/src/ar_system.cpp:49:110:[m[K [01;36m[Knote: [m[Kformat string is defined here
[6.413s]    49 |                 RCLCPP_WARN(rclcpp::get_logger("ArSystemHardware"), "Init robot: %s, sim: %s (is_simulation=[01;36m[K%d[m[K), ui: %s (is_ui=%d)",
[6.413s]       |                                                                                                             [01;36m[K~^[m[K
[6.413s]       |                                                                                                              [01;36m[K|[m[K
[6.413s]       |                                                                                                              [01;36m[Kint[m[K
[6.414s]       |                                                                                                             [32m[K%s[m[K
[6.414s] In file included from [01m[K/opt/ros/humble/include/rclcpp/rclcpp/logging.hpp:24[m[K,
[6.414s]                  from [01m[K/opt/ros/humble/include/rclcpp/rclcpp/client.hpp:40[m[K,
[6.414s]                  from [01m[K/opt/ros/humble/include/rclcpp/rclcpp/callback_group.hpp:24[m[K,
[6.414s]                  from [01m[K/opt/ros/humble/include/rclcpp/rclcpp/any_executable.hpp:20[m[K,
[6.414s]                  from [01m[K/opt/ros/humble/include/rclcpp/rclcpp/memory_strategy.hpp:25[m[K,
[6.414s]                  from [01m[K/opt/ros/humble/include/rclcpp/rclcpp/memory_strategies.hpp:18[m[K,
[6.414s]                  from [01m[K/opt/ros/humble/include/rclcpp/rclcpp/executor_options.hpp:20[m[K,
[6.414s]                  from [01m[K/opt/ros/humble/include/rclcpp/rclcpp/executor.hpp:37[m[K,
[6.414s]                  from [01m[K/opt/ros/humble/include/rclcpp/rclcpp/executors/multi_threaded_executor.hpp:25[m[K,
[6.414s]                  from [01m[K/opt/ros/humble/include/rclcpp/rclcpp/executors.hpp:21[m[K,
[6.414s]                  from [01m[K/opt/ros/humble/include/rclcpp/rclcpp/rclcpp.hpp:155[m[K,
[6.414s]                  from [01m[K/home/hans/ar/ar_src/command/ar_control/include/ar_control_server.h:12[m[K,
[6.414s]                  from [01m[K/home/hans/ar/ar_src/command/ar_control/include/ar_hardware_interface.h:11[m[K,
[6.414s]                  from [01m[K/home/hans/ar/ar_src/command/ar_control/include/ar_system.hpp:30[m[K,
[6.414s]                  from [01m[K/home/hans/ar/ar_src/command/ar_control/src/ar_system.cpp:15[m[K:
[6.414s] [01m[K/home/hans/ar/ar_src/command/ar_control/src/ar_system.cpp:49:69:[m[K [01;35m[Kwarning: [m[Kformat â€˜[01m[K%s[m[Kâ€™ expects argument of type â€˜[01m[Kchar*[m[Kâ€™, but argument 8 has type â€˜[01m[Kint[m[Kâ€™ [[01;35m[K]8;;https://gcc.gnu.org/onlinedocs/gcc/Warning-Options.html#index-Wformat=-Wformat=]8;;[m[K]
[6.414s]    49 |                 RCLCPP_WARN(rclcpp::get_logger("ArSystemHardware"), [01;35m[K"Init robot: %s, sim: %s (is_simulation=%d), ui: %s (is_ui=%d)"[m[K,
[6.414s]       |                                                                     [01;35m[K^~~~~~~~~~~~~~~~~~~~~~~~~~~~~~~~~~~~~~~~~~~~~~~~~~~~~~~~~~~~~~~[m[K
[6.414s]    50 |                                 info_.hardware_parameters["sim"].c_str(), is_simulation, info_.hardware_parameters["ui"].c_str(), [32m[Kis_ui[m[K);
[6.414s]       |                                                                                                                                   [32m[K~~~~~[m[K
[6.414s]       |                                                                                                                                   [32m[K|[m[K
[6.414s]       |                                                                                                                                   [32m[Kint[m[K
[6.414s] [01m[K/home/hans/ar/ar_src/command/ar_control/src/ar_system.cpp:49:119:[m[K [01;36m[Knote: [m[Kformat string is defined here
[6.414s]    49 |                 RCLCPP_WARN(rclcpp::get_logger("ArSystemHardware"), "Init robot: %s, sim: %s (is_simulation=%d), ui: [01;36m[K%s[m[K (is_ui=%d)",
[6.414s]       |                                                                                                                      [01;36m[K~^[m[K
[6.414s]       |                                                                                                                       [01;36m[K|[m[K
[6.414s]       |                                                                                                                       [01;36m[Kchar*[m[K
[6.414s]       |                                                                                                                      [32m[K%d[m[K
[6.415s] In file included from [01m[K/opt/ros/humble/include/rclcpp/rclcpp/logging.hpp:24[m[K,
[6.415s]                  from [01m[K/opt/ros/humble/include/rclcpp/rclcpp/client.hpp:40[m[K,
[6.415s]                  from [01m[K/opt/ros/humble/include/rclcpp/rclcpp/callback_group.hpp:24[m[K,
[6.415s]                  from [01m[K/opt/ros/humble/include/rclcpp/rclcpp/any_executable.hpp:20[m[K,
[6.415s]                  from [01m[K/opt/ros/humble/include/rclcpp/rclcpp/memory_strategy.hpp:25[m[K,
[6.415s]                  from [01m[K/opt/ros/humble/include/rclcpp/rclcpp/memory_strategies.hpp:18[m[K,
[6.415s]                  from [01m[K/opt/ros/humble/include/rclcpp/rclcpp/executor_options.hpp:20[m[K,
[6.415s]                  from [01m[K/opt/ros/humble/include/rclcpp/rclcpp/executor.hpp:37[m[K,
[6.415s]                  from [01m[K/opt/ros/humble/include/rclcpp/rclcpp/executors/multi_threaded_executor.hpp:25[m[K,
[6.415s]                  from [01m[K/opt/ros/humble/include/rclcpp/rclcpp/executors.hpp:21[m[K,
[6.415s]                  from [01m[K/opt/ros/humble/include/rclcpp/rclcpp/rclcpp.hpp:155[m[K,
[6.415s]                  from [01m[K/home/hans/ar/ar_src/command/ar_control/include/ar_control_server.h:12[m[K,
[6.415s]                  from [01m[K/home/hans/ar/ar_src/command/ar_control/include/ar_hardware_interface.h:11[m[K,
[6.415s]                  from [01m[K/home/hans/ar/ar_src/command/ar_control/include/ar_system.hpp:30[m[K,
[6.415s]                  from [01m[K/home/hans/ar/ar_src/command/ar_control/src/ar_system.cpp:15[m[K:
[6.415s] [01m[K/home/hans/ar/ar_src/command/ar_control/src/ar_system.cpp:49:69:[m[K [01;35m[Kwarning: [m[Kformat â€˜[01m[K%d[m[Kâ€™ expects a matching â€˜[01m[Kint[m[Kâ€™ argument [[01;35m[K]8;;https://gcc.gnu.org/onlinedocs/gcc/Warning-Options.html#index-Wformat=-Wformat=]8;;[m[K]
[6.415s]    49 |                 RCLCPP_WARN(rclcpp::get_logger("ArSystemHardware"), [01;35m[K"Init robot: %s, sim: %s (is_simulation=%d), ui: %s (is_ui=%d)"[m[K,
[6.415s]       |                                                                     [01;35m[K^~~~~~~~~~~~~~~~~~~~~~~~~~~~~~~~~~~~~~~~~~~~~~~~~~~~~~~~~~~~~~~[m[K
[6.415s] [01m[K/home/hans/ar/ar_src/command/ar_control/src/ar_system.cpp:49:129:[m[K [01;36m[Knote: [m[Kformat string is defined here
[6.415s]    49 |                 RCLCPP_WARN(rclcpp::get_logger("ArSystemHardware"), "Init robot: %s, sim: %s (is_simulation=%d), ui: %s (is_ui=[01;36m[K%d[m[K)",
[6.415s]       |                                                                                                                                [01;36m[K~^[m[K
[6.415s]       |                                                                                                                                 [01;36m[K|[m[K
[6.415s]       |                                                                                                                                 [01;36m[Kint[m[K
[6.415s] [01m[K/home/hans/ar/ar_src/command/ar_control/src/ar_system.cpp:[m[K In member function â€˜[01m[Kvirtual CallbackReturn ar_control::ArSystemHardware::on_configure(const rclcpp_lifecycle::State&)[m[Kâ€™:
[6.416s] [01m[K/home/hans/ar/ar_src/command/ar_control/src/ar_system.cpp:87:41:[m[K [01;31m[Kerror: [m[Kâ€˜[01m[Kusing element_type = class ar_control::ArHardwareInterface[m[Kâ€™ {aka â€˜[01m[Kclass ar_control::ArHardwareInterface[m[Kâ€™} has no member named â€˜[01m[KgetDrives[m[Kâ€™
[6.416s]    87 |                 for(auto drive : robot->[01;31m[KgetDrives[m[K()) {
[6.416s]       |                                         [01;31m[K^~~~~~~~~[m[K
[6.416s] In file included from [01m[K/opt/ros/humble/include/rclcpp/rclcpp/client.hpp:40[m[K,
[6.416s]                  from [01m[K/opt/ros/humble/include/rclcpp/rclcpp/callback_group.hpp:24[m[K,
[6.416s]                  from [01m[K/opt/ros/humble/include/rclcpp/rclcpp/any_executable.hpp:20[m[K,
[6.416s]                  from [01m[K/opt/ros/humble/include/rclcpp/rclcpp/memory_strategy.hpp:25[m[K,
[6.416s]                  from [01m[K/opt/ros/humble/include/rclcpp/rclcpp/memory_strategies.hpp:18[m[K,
[6.416s]                  from [01m[K/opt/ros/humble/include/rclcpp/rclcpp/executor_options.hpp:20[m[K,
[6.416s]                  from [01m[K/opt/ros/humble/include/rclcpp/rclcpp/executor.hpp:37[m[K,
[6.416s]                  from [01m[K/opt/ros/humble/include/rclcpp/rclcpp/executors/multi_threaded_executor.hpp:25[m[K,
[6.416s]                  from [01m[K/opt/ros/humble/include/rclcpp/rclcpp/executors.hpp:21[m[K,
[6.416s]                  from [01m[K/opt/ros/humble/include/rclcpp/rclcpp/rclcpp.hpp:155[m[K,
[6.416s]                  from [01m[K/home/hans/ar/ar_src/command/ar_control/include/ar_control_server.h:12[m[K,
[6.416s]                  from [01m[K/home/hans/ar/ar_src/command/ar_control/include/ar_hardware_interface.h:11[m[K,
[6.416s]                  from [01m[K/home/hans/ar/ar_src/command/ar_control/src/ar_hardware_interface.cpp:1[m[K:
[6.416s] [01m[K/home/hans/ar/ar_src/command/ar_control/src/ar_hardware_interface.cpp:113:30:[m[K [01;31m[Kerror: [m[Kâ€˜[01m[Kar_hardware_interface_node_[m[Kâ€™ was not declared in this scope; did you mean â€˜[01m[KArHardwareInterface[m[Kâ€™?
[6.416s]   113 |                 RCLCPP_ERROR([01;31m[Kar_hardware_interface_node_[m[K->get_logger(), "Invalid port ID: %d", driveParams.port_id);
[6.416s]       |                              [01;31m[K^~~~~~~~~~~~~~~~~~~~~~~~~~~[m[K
[6.416s] [01m[K/home/hans/ar/ar_src/command/ar_control/src/ar_hardware_interface.cpp:113:17:[m[K [01;31m[Kerror: [m[Ktemplate argument 1 is invalid
[6.416s]   113 |                 [01;31m[KRCLCPP_ERROR[m[K(ar_hardware_interface_node_->get_logger(), "Invalid port ID: %d", driveParams.port_id);
[6.416s]       |                 [01;31m[K^~~~~~~~~~~~[m[K
[6.416s] [01m[K/home/hans/ar/ar_src/command/ar_control/src/ar_hardware_interface.cpp:113:17:[m[K [01;31m[Kerror: [m[Ktemplate argument 1 is invalid
[6.416s]   113 |                 [01;31m[KRCLCPP_ERROR[m[K(ar_hardware_interface_node_->get_logger(), "Invalid port ID: %d", driveParams.port_id);
[6.416s]       |                 [01;31m[K^~~~~~~~~~~~[m[K
[6.416s] [01m[K/home/hans/ar/ar_src/command/ar_control/src/ar_hardware_interface.cpp:113:17:[m[K [01;31m[Kerror: [m[Ktemplate argument 1 is invalid
[6.416s]   113 |                 [01;31m[KRCLCPP_ERROR[m[K(ar_hardware_interface_node_->get_logger(), "Invalid port ID: %d", driveParams.port_id);
[6.417s]       |                 [01;31m[K^~~~~~~~~~~~[m[K
[6.417s] [01m[K/home/hans/ar/ar_src/command/ar_control/src/ar_system.cpp:[m[K In member function â€˜[01m[Kvirtual std::vector<hardware_interface::StateInterface> ar_control::ArSystemHardware::export_state_interfaces()[m[Kâ€™:
[6.417s] [01m[K/home/hans/ar/ar_src/command/ar_control/src/ar_system.cpp:102:41:[m[K [01;31m[Kerror: [m[Kâ€˜[01m[Kusing element_type = class ar_control::ArHardwareInterface[m[Kâ€™ {aka â€˜[01m[Kclass ar_control::ArHardwareInterface[m[Kâ€™} has no member named â€˜[01m[KgetDrives[m[Kâ€™
[6.417s]   102 |                 for(auto drive : robot->[01;31m[KgetDrives[m[K()) {
[6.417s]       |                                         [01;31m[K^~~~~~~~~[m[K
[6.418s] [01m[K/home/hans/ar/ar_src/command/ar_control/src/ar_system.cpp:[m[K In member function â€˜[01m[Kvirtual std::vector<hardware_interface::CommandInterface> ar_control::ArSystemHardware::export_command_interfaces()[m[Kâ€™:
[6.418s] [01m[K/home/hans/ar/ar_src/command/ar_control/src/ar_system.cpp:119:41:[m[K [01;31m[Kerror: [m[Kâ€˜[01m[Kusing element_type = class ar_control::ArHardwareInterface[m[Kâ€™ {aka â€˜[01m[Kclass ar_control::ArHardwareInterface[m[Kâ€™} has no member named â€˜[01m[KgetDrives[m[Kâ€™
[6.418s]   119 |                 for(auto drive : robot->[01;31m[KgetDrives[m[K()) {
[6.418s]       |                                         [01;31m[K^~~~~~~~~[m[K
[6.418s] [01m[K/home/hans/ar/ar_src/command/ar_control/src/ar_system.cpp:[m[K In member function â€˜[01m[Kvirtual CallbackReturn ar_control::ArSystemHardware::on_activate(const rclcpp_lifecycle::State&)[m[Kâ€™:
[6.418s] [01m[K/home/hans/ar/ar_src/command/ar_control/src/ar_system.cpp:136:41:[m[K [01;31m[Kerror: [m[Kâ€˜[01m[Kusing element_type = class ar_control::ArHardwareInterface[m[Kâ€™ {aka â€˜[01m[Kclass ar_control::ArHardwareInterface[m[Kâ€™} has no member named â€˜[01m[KgetDrives[m[Kâ€™
[6.419s]   136 |                 for(auto drive : robot->[01;31m[KgetDrives[m[K()) {
[6.419s]       |                                         [01;31m[K^~~~~~~~~[m[K
[6.419s] [01m[K/home/hans/ar/ar_src/command/ar_control/src/ar_hardware_interface.cpp:[m[K In member function â€˜[01m[Kvoid ar_control::ArHardwareInterface::shutdown()[m[Kâ€™:
[6.419s] [01m[K/home/hans/ar/ar_src/command/ar_control/src/ar_hardware_interface.cpp:54:27:[m[K [01;31m[Kerror: [m[Kâ€˜[01m[Kdrives[m[Kâ€™ was not declared in this scope; did you mean â€˜[01m[Kdrive[m[Kâ€™?
[6.419s]    54 |         for (auto drive : [01;31m[Kdrives[m[K)
[6.419s]       |                           [01;31m[K^~~~~~[m[K
[6.419s]       |                           [32m[Kdrive[m[K
[6.419s] [01m[K/home/hans/ar/ar_src/command/ar_control/src/ar_system.cpp:[m[K In member function â€˜[01m[Kvirtual hardware_interface::return_type ar_control::ArSystemHardware::write(const rclcpp::Time&, const rclcpp::Duration&)[m[Kâ€™:
[6.419s] [01m[K/home/hans/ar/ar_src/command/ar_control/src/ar_system.cpp:177:27:[m[K [01;31m[Kerror: [m[Kâ€˜[01m[Kusing element_type = class ar_control::ArHardwareInterface[m[Kâ€™ {aka â€˜[01m[Kclass ar_control::ArHardwareInterface[m[Kâ€™} has no member named â€˜[01m[Ksoem_drives[m[Kâ€™
[6.419s]   177 |                 if(robot->[01;31m[Ksoem_drives[m[K)
[6.419s]       |                           [01;31m[K^~~~~~~~~~~[m[K
[6.421s] [01m[K/home/hans/ar/ar_src/command/ar_control/src/ar_control_server.cpp:[m[K In member function â€˜[01m[Kvoid ar_control::ArControlServer::execute(std::shared_ptr<rclcpp_action::ServerGoalHandle<ar_action::action::ArControl> >)[m[Kâ€™:
[6.421s] [01m[K/home/hans/ar/ar_src/command/ar_control/src/ar_control_server.cpp:92:52:[m[K [01;31m[Kerror: [m[Kâ€˜[01m[KSUCCESS[m[Kâ€™ is not a member of â€˜[01m[Kar_control::ControlErrorCode[m[Kâ€™
[6.421s]    92 |                         status = ControlErrorCode::[01;31m[KSUCCESS[m[K;
[6.421s]       |                                                    [01;31m[K^~~~~~~[m[K
[6.421s] [01m[K/home/hans/ar/ar_src/command/ar_control/src/ar_control_server.cpp:99:40:[m[K [01;31m[Kerror: [m[Kâ€˜[01m[Kclass ar_control::ArHardwareInterface[m[Kâ€™ has no member named â€˜[01m[Kmove[m[Kâ€™
[6.421s]    99 |                                 robot->[01;31m[Kmove[m[K(goal->planning_group, goal->trajectory, status);
[6.421s]       |                                        [01;31m[K^~~~[m[K
[6.421s] [01m[K/home/hans/ar/ar_src/command/ar_control/src/ar_control_server.cpp:102:60:[m[K [01;31m[Kerror: [m[Kâ€˜[01m[KSUCCESS[m[Kâ€™ is not a member of â€˜[01m[Kar_control::ControlErrorCode[m[Kâ€™
[6.421s]   102 |                                 status = ControlErrorCode::[01;31m[KSUCCESS[m[K;
[6.421s]       |                                                            [01;31m[K^~~~~~~[m[K
[6.425s] [01m[K/home/hans/ar/ar_src/command/ar_control/src/ar_system.cpp:178:44:[m[K [01;31m[Kerror: [m[Kâ€˜[01m[Kcond[m[Kâ€™ was not declared in this scope
[6.425s]   178 |                         pthread_cond_wait(&[01;31m[Kcond[m[K, &lock);
[6.425s]       |                                            [01;31m[K^~~~[m[K
[6.425s] In file included from [01m[K/opt/ros/humble/include/rclcpp/rclcpp/logging.hpp:24[m[K,
[6.425s]                  from [01m[K/opt/ros/humble/include/rclcpp/rclcpp/client.hpp:40[m[K,
[6.425s]                  from [01m[K/opt/ros/humble/include/rclcpp/rclcpp/callback_group.hpp:24[m[K,
[6.425s]                  from [01m[K/opt/ros/humble/include/rclcpp/rclcpp/any_executable.hpp:20[m[K,
[6.425s]                  from [01m[K/opt/ros/humble/include/rclcpp/rclcpp/memory_strategy.hpp:25[m[K,
[6.425s]                  from [01m[K/opt/ros/humble/include/rclcpp/rclcpp/memory_strategies.hpp:18[m[K,
[6.426s]                  from [01m[K/opt/ros/humble/include/rclcpp/rclcpp/executor_options.hpp:20[m[K,
[6.426s]                  from [01m[K/opt/ros/humble/include/rclcpp/rclcpp/executor.hpp:37[m[K,
[6.426s]                  from [01m[K/opt/ros/humble/include/rclcpp/rclcpp/executors/multi_threaded_executor.hpp:25[m[K,
[6.426s]                  from [01m[K/opt/ros/humble/include/rclcpp/rclcpp/executors.hpp:21[m[K,
[6.426s]                  from [01m[K/opt/ros/humble/include/rclcpp/rclcpp/rclcpp.hpp:155[m[K,
[6.426s]                  from [01m[K/home/hans/ar/ar_src/command/ar_control/include/ar_control_server.h:12[m[K,
[6.426s]                  from [01m[K/home/hans/ar/ar_src/command/ar_control/include/ar_hardware_interface.h:11[m[K,
[6.426s]                  from [01m[K/home/hans/ar/ar_src/command/ar_control/include/ar_system.hpp:30[m[K,
[6.426s]                  from [01m[K/home/hans/ar/ar_src/command/ar_control/src/ar_system.cpp:15[m[K:
[6.426s] [01m[K/home/hans/ar/ar_src/command/ar_control/src/ar_system.cpp:[m[K In member function â€˜[01m[Kvirtual CallbackReturn ar_control::ArSystemHardware::on_init(const hardware_interface::HardwareInfo&)[m[Kâ€™:
[6.426s] [01m[K/home/hans/ar/ar_src/command/ar_control/src/ar_system.cpp:49:69:[m[K [01;35m[Kwarning: [m[Kformat â€˜[01m[K%s[m[Kâ€™ expects argument of type â€˜[01m[Kchar*[m[Kâ€™, but argument 6 has type â€˜[01m[Kint[m[Kâ€™ [[01;35m[K]8;;https://gcc.gnu.org/onlinedocs/gcc/Warning-Options.html#index-Wformat=-Wformat=]8;;[m[K]
[6.426s]    49 |                 RCLCPP_WARN(rclcpp::get_logger("ArSystemHardware"), [01;35m[K"Init robot: %s, sim: %s (is_simulation=%d), ui: %s (is_ui=%d)"[m[K,
[6.426s]       |                                                                     [01;35m[K^~~~~~~~~~~~~~~~~~~~~~~~~~~~~~~~~~~~~~~~~~~~~~~~~~~~~~~~~~~~~~~[m[K
[6.426s]    50 |                                 info_.hardware_parameters["sim"].c_str(), [32m[Kis_simulation[m[K, info_.hardware_parameters["ui"].c_str(), is_ui);
[6.426s]       |                                                                           [32m[K~~~~~~~~~~~~~[m[K
[6.426s]       |                                                                           [32m[K|[m[K
[6.426s]       |                                                                           [32m[Kint[m[K
[6.426s] [01m[K/home/hans/ar/ar_src/command/ar_control/src/ar_system.cpp:49:92:[m[K [01;36m[Knote: [m[Kformat string is defined here
[6.426s]    49 |                 RCLCPP_WARN(rclcpp::get_logger("ArSystemHardware"), "Init robot: %s, sim: [01;36m[K%s[m[K (is_simulation=%d), ui: %s (is_ui=%d)",
[6.426s]       |                                                                                           [01;36m[K~^[m[K
[6.426s]       |                                                                                            [01;36m[K|[m[K
[6.427s]       |                                                                                            [01;36m[Kchar*[m[K
[6.427s]       |                                                                                           [32m[K%d[m[K
[6.427s] In file included from [01m[K/opt/ros/humble/include/rclcpp/rclcpp/logging.hpp:24[m[K,
[6.427s]                  from [01m[K/opt/ros/humble/include/rclcpp/rclcpp/client.hpp:40[m[K,
[6.427s]                  from [01m[K/opt/ros/humble/include/rclcpp/rclcpp/callback_group.hpp:24[m[K,
[6.427s]                  from [01m[K/opt/ros/humble/include/rclcpp/rclcpp/any_executable.hpp:20[m[K,
[6.427s]                  from [01m[K/opt/ros/humble/include/rclcpp/rclcpp/memory_strategy.hpp:25[m[K,
[6.427s]                  from [01m[K/opt/ros/humble/include/rclcpp/rclcpp/memory_strategies.hpp:18[m[K,
[6.427s]                  from [01m[K/opt/ros/humble/include/rclcpp/rclcpp/executor_options.hpp:20[m[K,
[6.427s]                  from [01m[K/opt/ros/humble/include/rclcpp/rclcpp/executor.hpp:37[m[K,
[6.427s]                  from [01m[K/opt/ros/humble/include/rclcpp/rclcpp/executors/multi_threaded_executor.hpp:25[m[K,
[6.427s]                  from [01m[K/opt/ros/humble/include/rclcpp/rclcpp/executors.hpp:21[m[K,
[6.427s]                  from [01m[K/opt/ros/humble/include/rclcpp/rclcpp/rclcpp.hpp:155[m[K,
[6.427s]                  from [01m[K/home/hans/ar/ar_src/command/ar_control/include/ar_control_server.h:12[m[K,
[6.427s]                  from [01m[K/home/hans/ar/ar_src/command/ar_control/include/ar_hardware_interface.h:11[m[K,
[6.427s]                  from [01m[K/home/hans/ar/ar_src/command/ar_control/include/ar_system.hpp:30[m[K,
[6.427s]                  from [01m[K/home/hans/ar/ar_src/command/ar_control/src/ar_system.cpp:15[m[K:
[6.427s] [01m[K/home/hans/ar/ar_src/command/ar_control/src/ar_system.cpp:49:69:[m[K [01;35m[Kwarning: [m[Kformat â€˜[01m[K%d[m[Kâ€™ expects argument of type â€˜[01m[Kint[m[Kâ€™, but argument 7 has type â€˜[01m[Kconst char*[m[Kâ€™ [[01;35m[K]8;;https://gcc.gnu.org/onlinedocs/gcc/Warning-Options.html#index-Wformat=-Wformat=]8;;[m[K]
[6.427s]    49 |                 RCLCPP_WARN(rclcpp::get_logger("ArSystemHardware"), [01;35m[K"Init robot: %s, sim: %s (is_simulation=%d), ui: %s (is_ui=%d)"[m[K,
[6.427s]       |                                                                     [01;35m[K^~~~~~~~~~~~~~~~~~~~~~~~~~~~~~~~~~~~~~~~~~~~~~~~~~~~~~~~~~~~~~~[m[K
[6.427s]    50 |                                 info_.hardware_parameters["sim"].c_str(), is_simulation, [32m[Kinfo_.hardware_parameters["ui"].c_str()[m[K, is_ui);
[6.427s]       |                                                                                          [32m[K~~~~~~~~~~~~~~~~~~~~~~~~~~~~~~~~~~~~~~~[m[K
[6.427s]       |                                                                                                                               [32m[K|[m[K
[6.427s]       |                                                                                                                               [32m[Kconst char*[m[K
[6.427s] [01m[K/home/hans/ar/ar_src/command/ar_control/src/ar_system.cpp:49:110:[m[K [01;36m[Knote: [m[Kformat string is defined here
[6.427s]    49 |                 RCLCPP_WARN(rclcpp::get_logger("ArSystemHardware"), "Init robot: %s, sim: %s (is_simulation=[01;36m[K%d[m[K), ui: %s (is_ui=%d)",
[6.427s]       |                                                                                                             [01;36m[K~^[m[K
[6.428s]       |                                                                                                              [01;36m[K|[m[K
[6.428s]       |                                                                                                              [01;36m[Kint[m[K
[6.428s]       |                                                                                                             [32m[K%s[m[K
[6.428s] In file included from [01m[K/opt/ros/humble/include/rclcpp/rclcpp/logging.hpp:24[m[K,
[6.428s]                  from [01m[K/opt/ros/humble/include/rclcpp/rclcpp/client.hpp:40[m[K,
[6.428s]                  from [01m[K/opt/ros/humble/include/rclcpp/rclcpp/callback_group.hpp:24[m[K,
[6.428s]                  from [01m[K/opt/ros/humble/include/rclcpp/rclcpp/any_executable.hpp:20[m[K,
[6.428s]                  from [01m[K/opt/ros/humble/include/rclcpp/rclcpp/memory_strategy.hpp:25[m[K,
[6.428s]                  from [01m[K/opt/ros/humble/include/rclcpp/rclcpp/memory_strategies.hpp:18[m[K,
[6.428s]                  from [01m[K/opt/ros/humble/include/rclcpp/rclcpp/executor_options.hpp:20[m[K,
[6.428s]                  from [01m[K/opt/ros/humble/include/rclcpp/rclcpp/executor.hpp:37[m[K,
[6.428s]                  from [01m[K/opt/ros/humble/include/rclcpp/rclcpp/executors/multi_threaded_executor.hpp:25[m[K,
[6.428s]                  from [01m[K/opt/ros/humble/include/rclcpp/rclcpp/executors.hpp:21[m[K,
[6.428s]                  from [01m[K/opt/ros/humble/include/rclcpp/rclcpp/rclcpp.hpp:155[m[K,
[6.428s]                  from [01m[K/home/hans/ar/ar_src/command/ar_control/include/ar_control_server.h:12[m[K,
[6.428s]                  from [01m[K/home/hans/ar/ar_src/command/ar_control/include/ar_hardware_interface.h:11[m[K,
[6.428s]                  from [01m[K/home/hans/ar/ar_src/command/ar_control/include/ar_system.hpp:30[m[K,
[6.428s]                  from [01m[K/home/hans/ar/ar_src/command/ar_control/src/ar_system.cpp:15[m[K:
[6.428s] [01m[K/home/hans/ar/ar_src/command/ar_control/src/ar_system.cpp:49:69:[m[K [01;35m[Kwarning: [m[Kformat â€˜[01m[K%s[m[Kâ€™ expects argument of type â€˜[01m[Kchar*[m[Kâ€™, but argument 8 has type â€˜[01m[Kint[m[Kâ€™ [[01;35m[K]8;;https://gcc.gnu.org/onlinedocs/gcc/Warning-Options.html#index-Wformat=-Wformat=]8;;[m[K]
[6.428s]    49 |                 RCLCPP_WARN(rclcpp::get_logger("ArSystemHardware"), [01;35m[K"Init robot: %s, sim: %s (is_simulation=%d), ui: %s (is_ui=%d)"[m[K,
[6.428s]       |                                                                     [01;35m[K^~~~~~~~~~~~~~~~~~~~~~~~~~~~~~~~~~~~~~~~~~~~~~~~~~~~~~~~~~~~~~~[m[K
[6.428s]    50 |                                 info_.hardware_parameters["sim"].c_str(), is_simulation, info_.hardware_parameters["ui"].c_str(), [32m[Kis_ui[m[K);
[6.428s]       |                                                                                                                                   [32m[K~~~~~[m[K
[6.428s]       |                                                                                                                                   [32m[K|[m[K
[6.428s]       |                                                                                                                                   [32m[Kint[m[K
[6.428s] [01m[K/home/hans/ar/ar_src/command/ar_control/src/ar_system.cpp:49:119:[m[K [01;36m[Knote: [m[Kformat string is defined here
[6.428s]    49 |                 RCLCPP_WARN(rclcpp::get_logger("ArSystemHardware"), "Init robot: %s, sim: %s (is_simulation=%d), ui: [01;36m[K%s[m[K (is_ui=%d)",
[6.429s]       |                                                                                                                      [01;36m[K~^[m[K
[6.429s]       |                                                                                                                       [01;36m[K|[m[K
[6.429s]       |                                                                                                                       [01;36m[Kchar*[m[K
[6.429s]       |                                                                                                                      [32m[K%d[m[K
[6.429s] In file included from [01m[K/opt/ros/humble/include/rclcpp/rclcpp/logging.hpp:24[m[K,
[6.429s]                  from [01m[K/opt/ros/humble/include/rclcpp/rclcpp/client.hpp:40[m[K,
[6.429s]                  from [01m[K/opt/ros/humble/include/rclcpp/rclcpp/callback_group.hpp:24[m[K,
[6.429s]                  from [01m[K/opt/ros/humble/include/rclcpp/rclcpp/any_executable.hpp:20[m[K,
[6.429s]                  from [01m[K/opt/ros/humble/include/rclcpp/rclcpp/memory_strategy.hpp:25[m[K,
[6.429s]                  from [01m[K/opt/ros/humble/include/rclcpp/rclcpp/memory_strategies.hpp:18[m[K,
[6.429s]                  from [01m[K/opt/ros/humble/include/rclcpp/rclcpp/executor_options.hpp:20[m[K,
[6.429s]                  from [01m[K/opt/ros/humble/include/rclcpp/rclcpp/executor.hpp:37[m[K,
[6.429s]                  from [01m[K/opt/ros/humble/include/rclcpp/rclcpp/executors/multi_threaded_executor.hpp:25[m[K,
[6.429s]                  from [01m[K/opt/ros/humble/include/rclcpp/rclcpp/executors.hpp:21[m[K,
[6.429s]                  from [01m[K/opt/ros/humble/include/rclcpp/rclcpp/rclcpp.hpp:155[m[K,
[6.429s]                  from [01m[K/home/hans/ar/ar_src/command/ar_control/include/ar_control_server.h:12[m[K,
[6.429s]                  from [01m[K/home/hans/ar/ar_src/command/ar_control/include/ar_hardware_interface.h:11[m[K,
[6.429s]                  from [01m[K/home/hans/ar/ar_src/command/ar_control/include/ar_system.hpp:30[m[K,
[6.429s]                  from [01m[K/home/hans/ar/ar_src/command/ar_control/src/ar_system.cpp:15[m[K:
[6.429s] [01m[K/home/hans/ar/ar_src/command/ar_control/src/ar_system.cpp:49:69:[m[K [01;35m[Kwarning: [m[Kformat â€˜[01m[K%d[m[Kâ€™ expects a matching â€˜[01m[Kint[m[Kâ€™ argument [[01;35m[K]8;;https://gcc.gnu.org/onlinedocs/gcc/Warning-Options.html#index-Wformat=-Wformat=]8;;[m[K]
[6.429s]    49 |                 RCLCPP_WARN(rclcpp::get_logger("ArSystemHardware"), [01;35m[K"Init robot: %s, sim: %s (is_simulation=%d), ui: %s (is_ui=%d)"[m[K,
[6.429s]       |                                                                     [01;35m[K^~~~~~~~~~~~~~~~~~~~~~~~~~~~~~~~~~~~~~~~~~~~~~~~~~~~~~~~~~~~~~~[m[K
[6.429s] [01m[K/home/hans/ar/ar_src/command/ar_control/src/ar_system.cpp:49:129:[m[K [01;36m[Knote: [m[Kformat string is defined here
[6.429s]    49 |                 RCLCPP_WARN(rclcpp::get_logger("ArSystemHardware"), "Init robot: %s, sim: %s (is_simulation=%d), ui: %s (is_ui=[01;36m[K%d[m[K)",
[6.429s]       |                                                                                                                                [01;36m[K~^[m[K
[6.429s]       |                                                                                                                                 [01;36m[K|[m[K
[6.429s]       |                                                                                                                                 [01;36m[Kint[m[K
[6.429s] [01m[K/home/hans/ar/ar_src/command/ar_control/src/ar_system.cpp:178:51:[m[K [01;31m[Kerror: [m[Kâ€˜[01m[Klock[m[Kâ€™ was not declared in this scope; did you mean â€˜[01m[Kstd::lock[m[Kâ€™?
[6.430s]   178 |                         pthread_cond_wait(&cond, &[01;31m[Klock[m[K);
[6.430s]       |                                                   [01;31m[K^~~~[m[K
[6.430s]       |                                                   [32m[Kstd::lock[m[K
[6.430s] [01m[K/home/hans/ar/ar_src/command/ar_control/src/ar_hardware_interface.cpp:117:17:[m[K [01;31m[Kerror: [m[Kâ€˜[01m[KJointParameters[m[Kâ€™ was not declared in this scope
[6.430s]   117 |                 [01;31m[KJointParameters[m[K jointParams;
[6.430s]       |                 [01;31m[K^~~~~~~~~~~~~~~[m[K
[6.430s] In file included from [01m[K/home/hans/ar/ar_src/command/ar_control/include/ar_control_server.h:10[m[K,
[6.430s]                  from [01m[K/home/hans/ar/ar_src/command/ar_control/include/ar_hardware_interface.h:11[m[K,
[6.430s]                  from [01m[K/home/hans/ar/ar_src/command/ar_control/include/ar_system.hpp:30[m[K,
[6.430s]                  from [01m[K/home/hans/ar/ar_src/command/ar_control/src/ar_system.cpp:15[m[K:
[6.430s] [01m[K/usr/include/c++/11/mutex:591:5:[m[K [01;36m[Knote: [m[Kâ€˜[01m[Kstd::lock[m[Kâ€™ declared here
[6.430s]   591 |     [01;36m[Klock[m[K(_L1& __l1, _L2& __l2, _L3&... __l3)
[6.430s]       |     [01;36m[K^~~~[m[K
[6.430s] [01m[K/home/hans/ar/ar_src/command/ar_control/src/ar_system.cpp:[m[K In member function â€˜[01m[Kvirtual CallbackReturn ar_control::ArSystemHardware::on_configure(const rclcpp_lifecycle::State&)[m[Kâ€™:
[6.430s] [01m[K/home/hans/ar/ar_src/command/ar_control/src/ar_system.cpp:87:41:[m[K [01;31m[Kerror: [m[Kâ€˜[01m[Kusing element_type = class ar_control::ArHardwareInterface[m[Kâ€™ {aka â€˜[01m[Kclass ar_control::ArHardwareInterface[m[Kâ€™} has no member named â€˜[01m[KgetDrives[m[Kâ€™
[6.430s]    87 |                 for(auto drive : robot->[01;31m[KgetDrives[m[K()) {
[6.430s]       |                                         [01;31m[K^~~~~~~~~[m[K
[6.432s] [01m[K/home/hans/ar/ar_src/command/ar_control/src/ar_system.cpp:[m[K In member function â€˜[01m[Kvirtual std::vector<hardware_interface::StateInterface> ar_control::ArSystemHardware::export_state_interfaces()[m[Kâ€™:
[6.432s] [01m[K/home/hans/ar/ar_src/command/ar_control/src/ar_system.cpp:102:41:[m[K [01;31m[Kerror: [m[Kâ€˜[01m[Kusing element_type = class ar_control::ArHardwareInterface[m[Kâ€™ {aka â€˜[01m[Kclass ar_control::ArHardwareInterface[m[Kâ€™} has no member named â€˜[01m[KgetDrives[m[Kâ€™
[6.432s]   102 |                 for(auto drive : robot->[01;31m[KgetDrives[m[K()) {
[6.432s]       |                                         [01;31m[K^~~~~~~~~[m[K
[6.433s] [01m[K/home/hans/ar/ar_src/command/ar_control/src/ar_hardware_interface.cpp:[m[K In member function â€˜[01m[Kvoid ar_control::ArHardwareInterface::readConfigFromYaml(std::string)[m[Kâ€™:
[6.433s] [01m[K/home/hans/ar/ar_src/command/ar_control/src/ar_hardware_interface.cpp:95:13:[m[K [01;31m[Kerror: [m[Kâ€˜[01m[KDriveParameters[m[Kâ€™ was not declared in this scope
[6.433s]    95 |             [01;31m[KDriveParameters[m[K driveParams;
[6.433s]       |             [01;31m[K^~~~~~~~~~~~~~~[m[K
[6.434s] [01m[K/home/hans/ar/ar_src/command/ar_control/src/ar_hardware_interface.cpp:118:17:[m[K [01;31m[Kerror: [m[Kâ€˜[01m[KjointParams[m[Kâ€™ was not declared in this scope
[6.434s]   118 |                 [01;31m[KjointParams[m[K.joint_name = jt->first.as<std::string>();
[6.434s]       |                 [01;31m[K^~~~~~~~~~~[m[K
[6.435s] [01m[K/home/hans/ar/ar_src/command/ar_control/src/ar_system.cpp:[m[K In member function â€˜[01m[Kvirtual std::vector<hardware_interface::CommandInterface> ar_control::ArSystemHardware::export_command_interfaces()[m[Kâ€™:
[6.435s] [01m[K/home/hans/ar/ar_src/command/ar_control/src/ar_system.cpp:119:41:[m[K [01;31m[Kerror: [m[Kâ€˜[01m[Kusing element_type = class ar_control::ArHardwareInterface[m[Kâ€™ {aka â€˜[01m[Kclass ar_control::ArHardwareInterface[m[Kâ€™} has no member named â€˜[01m[KgetDrives[m[Kâ€™
[6.435s]   119 |                 for(auto drive : robot->[01;31m[KgetDrives[m[K()) {
[6.435s]       |                                         [01;31m[K^~~~~~~~~[m[K
[6.435s] [01m[K/home/hans/ar/ar_src/command/ar_control/src/ar_system.cpp:[m[K In member function â€˜[01m[Kvirtual CallbackReturn ar_control::ArSystemHardware::on_activate(const rclcpp_lifecycle::State&)[m[Kâ€™:
[6.435s] [01m[K/home/hans/ar/ar_src/command/ar_control/src/ar_system.cpp:136:41:[m[K [01;31m[Kerror: [m[Kâ€˜[01m[Kusing element_type = class ar_control::ArHardwareInterface[m[Kâ€™ {aka â€˜[01m[Kclass ar_control::ArHardwareInterface[m[Kâ€™} has no member named â€˜[01m[KgetDrives[m[Kâ€™
[6.435s]   136 |                 for(auto drive : robot->[01;31m[KgetDrives[m[K()) {
[6.435s]       |                                         [01;31m[K^~~~~~~~~[m[K
[6.437s] [01m[K/home/hans/ar/ar_src/command/ar_control/src/ar_system.cpp:[m[K In member function â€˜[01m[Kvirtual hardware_interface::return_type ar_control::ArSystemHardware::write(const rclcpp::Time&, const rclcpp::Duration&)[m[Kâ€™:
[6.437s] [01m[K/home/hans/ar/ar_src/command/ar_control/src/ar_system.cpp:177:27:[m[K [01;31m[Kerror: [m[Kâ€˜[01m[Kusing element_type = class ar_control::ArHardwareInterface[m[Kâ€™ {aka â€˜[01m[Kclass ar_control::ArHardwareInterface[m[Kâ€™} has no member named â€˜[01m[Ksoem_drives[m[Kâ€™
[6.437s]   177 |                 if(robot->[01;31m[Ksoem_drives[m[K)
[6.437s]       |                           [01;31m[K^~~~~~~~~~~[m[K
[6.441s] [01m[K/home/hans/ar/ar_src/command/ar_control/src/ar_hardware_interface.cpp:132:13:[m[K [01;31m[Kerror: [m[Kâ€˜[01m[Kar_drives[m[Kâ€™ was not declared in this scope; did you mean â€˜[01m[Kdrives[m[Kâ€™?
[6.441s]   132 |             [01;31m[Kar_drives[m[K.drive_parameters.push_back(driveParams);
[6.441s]       |             [01;31m[K^~~~~~~~~[m[K
[6.441s]       |             [32m[Kdrives[m[K
[6.441s] [01m[K/home/hans/ar/ar_src/command/ar_control/src/ar_hardware_interface.cpp:97:13:[m[K [01;31m[Kerror: [m[Kâ€˜[01m[KdriveParams[m[Kâ€™ was not declared in this scope
[6.441s]    97 |             [01;31m[KdriveParams[m[K.drive_id = stringToId(drive_id);
[6.441s]       |             [01;31m[K^~~~~~~~~~~[m[K
[6.443s] [01m[K/home/hans/ar/ar_src/command/ar_control/src/ar_hardware_interface.cpp:97:36:[m[K [01;31m[Kerror: [m[Kâ€˜[01m[KstringToId[m[Kâ€™ was not declared in this scope; did you mean â€˜[01m[Kar_utils::stringToId[m[Kâ€™?
[6.443s]    97 |             driveParams.drive_id = [01;31m[KstringToId[m[K(drive_id);
[6.443s]       |                                    [01;31m[K^~~~~~~~~~[m[K
[6.443s]       |                                    [32m[Kar_utils::stringToId[m[K
[6.443s] In file included from [01m[K/home/hans/ar/ar_src/command/ar_control/include/ar_control_server.h:19[m[K,
[6.443s]                  from [01m[K/home/hans/ar/ar_src/command/ar_control/include/ar_hardware_interface.h:11[m[K,
[6.443s]                  from [01m[K/home/hans/ar/ar_src/command/ar_control/src/ar_hardware_interface.cpp:1[m[K:
[6.443s] [01m[K/home/hans/ar/install/ar_utils/include/ar_utils.h:31:13:[m[K [01;36m[Knote: [m[Kâ€˜[01m[Kar_utils::stringToId[m[Kâ€™ declared here
[6.443s]    31 |         int [01;36m[KstringToId[m[K(std::string str);
[6.443s]       |             [01;36m[K^~~~~~~~~~[m[K
[6.443s] [01m[K/home/hans/ar/ar_src/command/ar_control/src/ar_system.cpp:178:44:[m[K [01;31m[Kerror: [m[Kâ€˜[01m[Kcond[m[Kâ€™ was not declared in this scope
[6.443s]   178 |                         pthread_cond_wait(&[01;31m[Kcond[m[K, &lock);
[6.444s]       |                                            [01;31m[K^~~~[m[K
[6.445s] [01m[K/home/hans/ar/ar_src/command/ar_control/src/ar_system.cpp:178:51:[m[K [01;31m[Kerror: [m[Kâ€˜[01m[Klock[m[Kâ€™ was not declared in this scope; did you mean â€˜[01m[Kstd::lock[m[Kâ€™?
[6.445s]   178 |                         pthread_cond_wait(&cond, &[01;31m[Klock[m[K);
[6.445s]       |                                                   [01;31m[K^~~~[m[K
[6.445s]       |                                                   [32m[Kstd::lock[m[K
[6.445s] In file included from [01m[K/home/hans/ar/ar_src/command/ar_control/include/ar_control_server.h:10[m[K,
[6.445s]                  from [01m[K/home/hans/ar/ar_src/command/ar_control/include/ar_hardware_interface.h:11[m[K,
[6.445s]                  from [01m[K/home/hans/ar/ar_src/command/ar_control/include/ar_system.hpp:30[m[K,
[6.445s]                  from [01m[K/home/hans/ar/ar_src/command/ar_control/src/ar_system.cpp:15[m[K:
[6.445s] [01m[K/usr/include/c++/11/mutex:591:5:[m[K [01;36m[Knote: [m[Kâ€˜[01m[Kstd::lock[m[Kâ€™ declared here
[6.445s]   591 |     [01;36m[Klock[m[K(_L1& __l1, _L2& __l2, _L3&... __l3)
[6.445s]       |     [01;36m[K^~~~[m[K
[6.448s] [01m[K/home/hans/ar/ar_src/command/ar_control/src/ar_hardware_interface.cpp:135:19:[m[K [01;31m[Kerror: [m[Kâ€˜[01m[Kar_drives[m[Kâ€™ was not declared in this scope; did you mean â€˜[01m[Kdrives[m[Kâ€™?
[6.448s]   135 |         std::sort([01;31m[Kar_drives[m[K.drive_parameters.begin(), ar_drives.drive_parameters.end(),
[6.448s]       |                   [01;31m[K^~~~~~~~~[m[K
[6.448s]       |                   [32m[Kdrives[m[K
[6.449s] [01m[K/home/hans/ar/ar_src/command/ar_control/src/ar_hardware_interface.cpp:101:39:[m[K [01;31m[Kerror: [m[Kâ€˜[01m[KNO_COMM[m[Kâ€™ was not declared in this scope; did you mean â€˜[01m[KECOMM[m[Kâ€™?
[6.449s]   101 |                 driveParams.port_id = [01;31m[KNO_COMM[m[K;
[6.449s]       |                                       [01;31m[K^~~~~~~[m[K
[6.449s]       |                                       [32m[KECOMM[m[K
[6.456s] [01m[K/home/hans/ar/ar_src/command/ar_control/src/ar_hardware_interface.cpp:103:45:[m[K [01;31m[Kerror: [m[Kâ€˜[01m[KPORT_UART[m[Kâ€™ was not declared in this scope
[6.456s]   103 |             else if (driveParams.port_id == [01;31m[KPORT_UART[m[K)
[6.456s]       |                                             [01;31m[K^~~~~~~~~[m[K
[6.463s] [01m[K/home/hans/ar/ar_src/command/ar_control/src/ar_hardware_interface.cpp:107:45:[m[K [01;31m[Kerror: [m[Kâ€˜[01m[KPORT_CAN[m[Kâ€™ was not declared in this scope
[6.463s]   107 |             else if (driveParams.port_id == [01;31m[KPORT_CAN[m[K)
[6.463s]       |                                             [01;31m[K^~~~~~~~[m[K
[6.476s] In file included from [01m[K/opt/ros/humble/include/rclcpp/rclcpp/client.hpp:40[m[K,
[6.477s]                  from [01m[K/opt/ros/humble/include/rclcpp/rclcpp/callback_group.hpp:24[m[K,
[6.477s]                  from [01m[K/opt/ros/humble/include/rclcpp/rclcpp/any_executable.hpp:20[m[K,
[6.477s]                  from [01m[K/opt/ros/humble/include/rclcpp/rclcpp/memory_strategy.hpp:25[m[K,
[6.477s]                  from [01m[K/opt/ros/humble/include/rclcpp/rclcpp/memory_strategies.hpp:18[m[K,
[6.477s]                  from [01m[K/opt/ros/humble/include/rclcpp/rclcpp/executor_options.hpp:20[m[K,
[6.477s]                  from [01m[K/opt/ros/humble/include/rclcpp/rclcpp/executor.hpp:37[m[K,
[6.477s]                  from [01m[K/opt/ros/humble/include/rclcpp/rclcpp/executors/multi_threaded_executor.hpp:25[m[K,
[6.477s]                  from [01m[K/opt/ros/humble/include/rclcpp/rclcpp/executors.hpp:21[m[K,
[6.477s]                  from [01m[K/opt/ros/humble/include/rclcpp/rclcpp/rclcpp.hpp:155[m[K,
[6.477s]                  from [01m[K/home/hans/ar/ar_src/command/ar_control/include/ar_control_server.h:12[m[K,
[6.477s]                  from [01m[K/home/hans/ar/ar_src/command/ar_control/include/ar_hardware_interface.h:11[m[K,
[6.477s]                  from [01m[K/home/hans/ar/ar_src/command/ar_control/src/ar_hardware_interface.cpp:1[m[K:
[6.477s] [01m[K/home/hans/ar/ar_src/command/ar_control/src/ar_hardware_interface.cpp:113:30:[m[K [01;31m[Kerror: [m[Kâ€˜[01m[Kar_hardware_interface_node_[m[Kâ€™ was not declared in this scope; did you mean â€˜[01m[KArHardwareInterface[m[Kâ€™?
[6.477s]   113 |                 RCLCPP_ERROR([01;31m[Kar_hardware_interface_node_[m[K->get_logger(), "Invalid port ID: %d", driveParams.port_id);
[6.477s]       |                              [01;31m[K^~~~~~~~~~~~~~~~~~~~~~~~~~~[m[K
[6.477s] [01m[K/home/hans/ar/ar_src/command/ar_control/src/ar_hardware_interface.cpp:113:17:[m[K [01;31m[Kerror: [m[Ktemplate argument 1 is invalid
[6.477s]   113 |                 [01;31m[KRCLCPP_ERROR[m[K(ar_hardware_interface_node_->get_logger(), "Invalid port ID: %d", driveParams.port_id);
[6.477s]       |                 [01;31m[K^~~~~~~~~~~~[m[K
[6.477s] [01m[K/home/hans/ar/ar_src/command/ar_control/src/ar_hardware_interface.cpp:113:17:[m[K [01;31m[Kerror: [m[Ktemplate argument 1 is invalid
[6.477s]   113 |                 [01;31m[KRCLCPP_ERROR[m[K(ar_hardware_interface_node_->get_logger(), "Invalid port ID: %d", driveParams.port_id);
[6.477s]       |                 [01;31m[K^~~~~~~~~~~~[m[K
[6.477s] [01m[K/home/hans/ar/ar_src/command/ar_control/src/ar_hardware_interface.cpp:113:17:[m[K [01;31m[Kerror: [m[Ktemplate argument 1 is invalid
[6.477s]   113 |                 [01;31m[KRCLCPP_ERROR[m[K(ar_hardware_interface_node_->get_logger(), "Invalid port ID: %d", driveParams.port_id);
[6.477s]       |                 [01;31m[K^~~~~~~~~~~~[m[K
[6.488s] [01m[K/home/hans/ar/ar_src/command/ar_control/src/ar_hardware_interface.cpp:117:17:[m[K [01;31m[Kerror: [m[Kâ€˜[01m[KJointParameters[m[Kâ€™ was not declared in this scope
[6.488s]   117 |                 [01;31m[KJointParameters[m[K jointParams;
[6.488s]       |                 [01;31m[K^~~~~~~~~~~~~~~[m[K
[6.496s] [01m[K/home/hans/ar/ar_src/command/ar_control/src/ar_hardware_interface.cpp:118:17:[m[K [01;31m[Kerror: [m[Kâ€˜[01m[KjointParams[m[Kâ€™ was not declared in this scope
[6.496s]   118 |                 [01;31m[KjointParams[m[K.joint_name = jt->first.as<std::string>();
[6.496s]       |                 [01;31m[K^~~~~~~~~~~[m[K
[6.503s] [01m[K/home/hans/ar/ar_src/command/ar_control/src/ar_hardware_interface.cpp:132:13:[m[K [01;31m[Kerror: [m[Kâ€˜[01m[Kar_drives[m[Kâ€™ was not declared in this scope; did you mean â€˜[01m[Kdrives[m[Kâ€™?
[6.503s]   132 |             [01;31m[Kar_drives[m[K.drive_parameters.push_back(driveParams);
[6.503s]       |             [01;31m[K^~~~~~~~~[m[K
[6.503s]       |             [32m[Kdrives[m[K
[6.509s] [01m[K/home/hans/ar/ar_src/command/ar_control/src/ar_hardware_interface.cpp:135:19:[m[K [01;31m[Kerror: [m[Kâ€˜[01m[Kar_drives[m[Kâ€™ was not declared in this scope; did you mean â€˜[01m[Kdrives[m[Kâ€™?
[6.509s]   135 |         std::sort([01;31m[Kar_drives[m[K.drive_parameters.begin(), ar_drives.drive_parameters.end(),
[6.509s]       |                   [01;31m[K^~~~~~~~~[m[K
[6.509s]       |                   [32m[Kdrives[m[K
[8.543s] gmake[2]: *** [CMakeFiles/ar_control_server.dir/build.make:104: CMakeFiles/ar_control_server.dir/src/ar_hardware_interface.cpp.o] Error 1
[8.555s] gmake[2]: *** [CMakeFiles/ar_control_server.dir/build.make:118: CMakeFiles/ar_control_server.dir/src/ar_system.cpp.o] Error 1
[8.604s] gmake[2]: *** [CMakeFiles/ar_control.dir/build.make:118: CMakeFiles/ar_control.dir/src/ar_system.cpp.o] Error 1
[8.620s] gmake[2]: *** [CMakeFiles/ar_control.dir/build.make:104: CMakeFiles/ar_control.dir/src/ar_hardware_interface.cpp.o] Error 1
[9.867s] gmake[2]: *** [CMakeFiles/ar_control_server.dir/build.make:90: CMakeFiles/ar_control_server.dir/src/ar_control_server.cpp.o] Error 1
[9.867s] gmake[1]: *** [CMakeFiles/Makefile2:169: CMakeFiles/ar_control_server.dir/all] Error 2
[9.870s] gmake[2]: *** [CMakeFiles/ar_control.dir/build.make:90: CMakeFiles/ar_control.dir/src/ar_control_server.cpp.o] Error 1
[9.870s] gmake[1]: *** [CMakeFiles/Makefile2:143: CMakeFiles/ar_control.dir/all] Error 2
[9.870s] gmake: *** [Makefile:146: all] Error 2
[9.873s] Invoked command in '/home/hans/ar/build/ar_control' returned '2': CMAKE_PREFIX_PATH=/home/hans/ar/install/master:/home/hans/ar/install/ar_utils:/home/hans/ar/install/ar_comm:/home/hans/ar/install/ar_scene:/home/hans/ar/install/ar_planner_interface:/home/hans/ar/install/ar_msgs:/home/hans/ar/install/ar_moveit_config:/home/hans/ar/install/ar_computation:/home/hans/ar/install/ar_action:/opt/ros/humble /usr/bin/cmake --build /home/hans/ar/build/ar_control -- -j12 -l12
