[0.009s] Invoking command in '/home/hans/ar/build/ar_control': AMENT_PREFIX_PATH=/home/hans/ar/install/master:/home/hans/ar/install/ar_utils:/home/hans/ar/install/ar_comm:${AMENT_PREFIX_PATH} CMAKE_PREFIX_PATH=/home/hans/ar/install/master:/home/hans/ar/install/ar_utils:/home/hans/ar/install/ar_comm:/opt/ros/humble LD_LIBRARY_PATH=/home/hans/ar/install/ar_utils/lib:${LD_LIBRARY_PATH} /usr/bin/cmake --build /home/hans/ar/build/ar_control -- -j12 -l12
[0.050s] [35m[1mConsolidate compiler generated dependencies of target ar_control_server[0m
[0.051s] [35m[1mConsolidate compiler generated dependencies of target ar_control[0m
[0.056s] [ 10%] Built target ar_control_client
[0.062s] [ 15%] [32m[1mLinking CXX executable ar_control_client_server_test[0m
[0.084s] [ 25%] [32mBuilding CXX object CMakeFiles/ar_control_server.dir/src/ar_drive_control.cpp.o[0m
[0.084s] [ 25%] [32mBuilding CXX object CMakeFiles/ar_control_server.dir/src/ar_hardware_interface.cpp.o[0m
[0.084s] [ 30%] [32mBuilding CXX object CMakeFiles/ar_control_server.dir/src/ar_joint_control.cpp.o[0m
[0.084s] [ 35%] [32mBuilding CXX object CMakeFiles/ar_control.dir/src/ar_control_server.cpp.o[0m
[0.088s] [ 40%] [32mBuilding CXX object CMakeFiles/ar_control.dir/src/ar_hardware_interface.cpp.o[0m
[0.088s] [ 45%] [32mBuilding CXX object CMakeFiles/ar_control_server.dir/src/ar_control_server.cpp.o[0m
[0.088s] [ 55%] [32mBuilding CXX object CMakeFiles/ar_control_server.dir/src/ar_system.cpp.o[0m
[0.088s] [ 55%] [32mBuilding CXX object CMakeFiles/ar_control.dir/src/ar_drive_control.cpp.o[0m
[0.094s] [ 60%] [32mBuilding CXX object CMakeFiles/ar_control.dir/src/ar_joint_control.cpp.o[0m
[0.114s] [ 65%] [32mBuilding CXX object CMakeFiles/ar_control.dir/src/ar_system.cpp.o[0m
[0.250s] /usr/bin/ld: CMakeFiles/ar_control_client_server_test.dir/test/ar_control_client_server_test.cpp.o: in function `main':
[0.250s] ar_control_client_server_test.cpp:(.text.startup+0x273): undefined reference to `ar_control::ArControlServer::ArControlServer(ar_control::ArHardwareInterface*, rclcpp::NodeOptions const&)'
[0.250s] /usr/bin/ld: ar_control_client_server_test.cpp:(.text.startup+0x2bf): undefined reference to `ar_control::ArControlServer::startActionServer()'
[0.250s] /usr/bin/ld: ar_control_client_server_test.cpp:(.text.startup+0x3b7): undefined reference to `ar_control::ArControlClient::ArControlClient(std::__cxx11::basic_string<char, std::char_traits<char>, std::allocator<char> > const&, rclcpp::NodeOptions const&)'
[0.250s] /usr/bin/ld: ar_control_client_server_test.cpp:(.text.startup+0x919): undefined reference to `ar_control::ArControlClient::sendGoal(ar_action::action::ArControl_Goal_<std::allocator<void> > const&, bool)'
[0.250s] collect2: error: ld returned 1 exit status
[0.258s] gmake[2]: *** [CMakeFiles/ar_control_client_server_test.dir/build.make:337: ar_control_client_server_test] Error 1
[0.262s] gmake[1]: *** [CMakeFiles/Makefile2:221: CMakeFiles/ar_control_client_server_test.dir/all] Error 2
[0.263s] gmake[1]: *** Waiting for unfinished jobs....
[0.731s] [01m[K/home/hans/ar/ar_src/command/ar_control/src/ar_drive_control.cpp:[m[K In member function â€˜[01m[Kvoid ar_control::ArDriveControl::InitializeDriveClient(int)[m[Kâ€™:
[0.731s] [01m[K/home/hans/ar/ar_src/command/ar_control/src/ar_drive_control.cpp:13:52:[m[K [01;35m[Kwarning: [m[Kunused parameter â€˜[01m[KslaveId[m[Kâ€™ [[01;35m[K]8;;https://gcc.gnu.org/onlinedocs/gcc/Warning-Options.html#index-Wunused-parameter-Wunused-parameter]8;;[m[K]
[0.732s]    13 |     void ArDriveControl::InitializeDriveClient([01;35m[Kint slaveId[m[K)
[0.732s]       |                                                [01;35m[K~~~~^~~~~~~[m[K
[0.745s] [01m[K/home/hans/ar/ar_src/command/ar_control/src/ar_drive_control.cpp:[m[K In member function â€˜[01m[Kvoid ar_control::ArDriveControl::InitializeDriveClient(int)[m[Kâ€™:
[0.745s] [01m[K/home/hans/ar/ar_src/command/ar_control/src/ar_drive_control.cpp:13:52:[m[K [01;35m[Kwarning: [m[Kunused parameter â€˜[01m[KslaveId[m[Kâ€™ [[01;35m[K]8;;https://gcc.gnu.org/onlinedocs/gcc/Warning-Options.html#index-Wunused-parameter-Wunused-parameter]8;;[m[K]
[0.745s]    13 |     void ArDriveControl::InitializeDriveClient([01;35m[Kint slaveId[m[K)
[0.745s]       |                                                [01;35m[K~~~~^~~~~~~[m[K
[4.152s] [01m[K/home/hans/ar/ar_src/command/ar_control/src/ar_control_server.cpp:[m[K In member function â€˜[01m[Kvoid ar_control::ArControlServer::incomingDisplayTrajectory(moveit_msgs::msg::DisplayTrajectory_<std::allocator<void> >::ConstSharedPtr)[m[Kâ€™:
[4.152s] [01m[K/home/hans/ar/ar_src/command/ar_control/src/ar_control_server.cpp:32:24:[m[K [01;31m[Kerror: [m[Kâ€˜[01m[Kclass ar_control::ArHardwareInterface[m[Kâ€™ has no member named â€˜[01m[Kmove[m[Kâ€™
[4.152s]    32 |                 robot->[01;31m[Kmove[m[K("", msg->trajectory[0].joint_trajectory, status);
[4.152s]       |                        [01;31m[K^~~~[m[K
[4.175s] [01m[K/home/hans/ar/ar_src/command/ar_control/src/ar_control_server.cpp:[m[K In member function â€˜[01m[Kvoid ar_control::ArControlServer::execute(std::shared_ptr<rclcpp_action::ServerGoalHandle<ar_action::action::ArControl> >)[m[Kâ€™:
[4.175s] [01m[K/home/hans/ar/ar_src/command/ar_control/src/ar_control_server.cpp:92:52:[m[K [01;31m[Kerror: [m[Kâ€˜[01m[KSUCCESS[m[Kâ€™ is not a member of â€˜[01m[Kar_control::ControlErrorCode[m[Kâ€™
[4.175s]    92 |                         status = ControlErrorCode::[01;31m[KSUCCESS[m[K;
[4.175s]       |                                                    [01;31m[K^~~~~~~[m[K
[4.175s] [01m[K/home/hans/ar/ar_src/command/ar_control/src/ar_control_server.cpp:99:40:[m[K [01;31m[Kerror: [m[Kâ€˜[01m[Kclass ar_control::ArHardwareInterface[m[Kâ€™ has no member named â€˜[01m[Kmove[m[Kâ€™
[4.175s]    99 |                                 robot->[01;31m[Kmove[m[K(goal->planning_group, goal->trajectory, status);
[4.175s]       |                                        [01;31m[K^~~~[m[K
[4.175s] [01m[K/home/hans/ar/ar_src/command/ar_control/src/ar_control_server.cpp:102:60:[m[K [01;31m[Kerror: [m[Kâ€˜[01m[KSUCCESS[m[Kâ€™ is not a member of â€˜[01m[Kar_control::ControlErrorCode[m[Kâ€™
[4.175s]   102 |                                 status = ControlErrorCode::[01;31m[KSUCCESS[m[K;
[4.175s]       |                                                            [01;31m[K^~~~~~~[m[K
[4.268s] [01m[K/home/hans/ar/ar_src/command/ar_control/src/ar_system.cpp:[m[K In member function â€˜[01m[Kvirtual CallbackReturn ar_control::ArSystemHardware::on_init(const hardware_interface::HardwareInfo&)[m[Kâ€™:
[4.268s] [01m[K/home/hans/ar/ar_src/command/ar_control/src/ar_system.cpp:43:17:[m[K [01;31m[Kerror: [m[Kâ€˜[01m[Krobot_desc[m[Kâ€™ was not declared in this scope
[4.268s]    43 |                 [01;31m[Krobot_desc[m[K = info_.hardware_parameters["desc"];
[4.268s]       |                 [01;31m[K^~~~~~~~~~[m[K
[4.271s] [01m[K/home/hans/ar/ar_src/command/ar_control/src/ar_system.cpp:[m[K In member function â€˜[01m[Kvirtual CallbackReturn ar_control::ArSystemHardware::on_configure(const rclcpp_lifecycle::State&)[m[Kâ€™:
[4.271s] [01m[K/home/hans/ar/ar_src/command/ar_control/src/ar_system.cpp:88:41:[m[K [01;31m[Kerror: [m[Kâ€˜[01m[Kusing element_type = class ar_control::ArHardwareInterface[m[Kâ€™ {aka â€˜[01m[Kclass ar_control::ArHardwareInterface[m[Kâ€™} has no member named â€˜[01m[KgetDrives[m[Kâ€™
[4.271s]    88 |                 for(auto drive : robot->[01;31m[KgetDrives[m[K()) {
[4.271s]       |                                         [01;31m[K^~~~~~~~~[m[K
[4.274s] [01m[K/home/hans/ar/ar_src/command/ar_control/src/ar_system.cpp:[m[K In member function â€˜[01m[Kvirtual std::vector<hardware_interface::StateInterface> ar_control::ArSystemHardware::export_state_interfaces()[m[Kâ€™:
[4.274s] [01m[K/home/hans/ar/ar_src/command/ar_control/src/ar_system.cpp:103:41:[m[K [01;31m[Kerror: [m[Kâ€˜[01m[Kusing element_type = class ar_control::ArHardwareInterface[m[Kâ€™ {aka â€˜[01m[Kclass ar_control::ArHardwareInterface[m[Kâ€™} has no member named â€˜[01m[KgetDrives[m[Kâ€™
[4.274s]   103 |                 for(auto drive : robot->[01;31m[KgetDrives[m[K()) {
[4.274s]       |                                         [01;31m[K^~~~~~~~~[m[K
[4.276s] [01m[K/home/hans/ar/ar_src/command/ar_control/src/ar_system.cpp:[m[K In member function â€˜[01m[Kvirtual std::vector<hardware_interface::CommandInterface> ar_control::ArSystemHardware::export_command_interfaces()[m[Kâ€™:
[4.276s] [01m[K/home/hans/ar/ar_src/command/ar_control/src/ar_system.cpp:120:41:[m[K [01;31m[Kerror: [m[Kâ€˜[01m[Kusing element_type = class ar_control::ArHardwareInterface[m[Kâ€™ {aka â€˜[01m[Kclass ar_control::ArHardwareInterface[m[Kâ€™} has no member named â€˜[01m[KgetDrives[m[Kâ€™
[4.276s]   120 |                 for(auto drive : robot->[01;31m[KgetDrives[m[K()) {
[4.276s]       |                                         [01;31m[K^~~~~~~~~[m[K
[4.277s] [01m[K/home/hans/ar/ar_src/command/ar_control/src/ar_system.cpp:[m[K In member function â€˜[01m[Kvirtual CallbackReturn ar_control::ArSystemHardware::on_activate(const rclcpp_lifecycle::State&)[m[Kâ€™:
[4.277s] [01m[K/home/hans/ar/ar_src/command/ar_control/src/ar_system.cpp:137:41:[m[K [01;31m[Kerror: [m[Kâ€˜[01m[Kusing element_type = class ar_control::ArHardwareInterface[m[Kâ€™ {aka â€˜[01m[Kclass ar_control::ArHardwareInterface[m[Kâ€™} has no member named â€˜[01m[KgetDrives[m[Kâ€™
[4.277s]   137 |                 for(auto drive : robot->[01;31m[KgetDrives[m[K()) {
[4.277s]       |                                         [01;31m[K^~~~~~~~~[m[K
[4.278s] [01m[K/home/hans/ar/ar_src/command/ar_control/src/ar_system.cpp:[m[K In member function â€˜[01m[Kvirtual hardware_interface::return_type ar_control::ArSystemHardware::write(const rclcpp::Time&, const rclcpp::Duration&)[m[Kâ€™:
[4.278s] [01m[K/home/hans/ar/ar_src/command/ar_control/src/ar_system.cpp:178:27:[m[K [01;31m[Kerror: [m[Kâ€˜[01m[Kusing element_type = class ar_control::ArHardwareInterface[m[Kâ€™ {aka â€˜[01m[Kclass ar_control::ArHardwareInterface[m[Kâ€™} has no member named â€˜[01m[Ksoem_drives[m[Kâ€™; did you mean â€˜[01m[KArDrives ar_control::ArHardwareInterface::ar_drives[m[Kâ€™? (not accessible from this context)
[4.278s]   178 |                 if(robot->[01;31m[Ksoem_drives[m[K)
[4.278s]       |                           [01;31m[K^~~~~~~~~~~[m[K
[4.278s] In file included from [01m[K/home/hans/ar/ar_src/command/ar_control/include/ar_system.hpp:30[m[K,
[4.278s]                  from [01m[K/home/hans/ar/ar_src/command/ar_control/src/ar_system.cpp:15[m[K:
[4.278s] [01m[K/home/hans/ar/ar_src/command/ar_control/include/ar_hardware_interface.h:38:26:[m[K [01;36m[Knote: [m[Kdeclared private here
[4.278s]    38 |                 ArDrives [01;36m[Kar_drives[m[K;                                             ///< Holds all drive parameters and joint names
[4.278s]       |                          [01;36m[K^~~~~~~~~[m[K
[4.284s] [01m[K/home/hans/ar/ar_src/command/ar_control/src/ar_system.cpp:179:44:[m[K [01;31m[Kerror: [m[Kâ€˜[01m[Kcond[m[Kâ€™ was not declared in this scope
[4.284s]   179 |                         pthread_cond_wait(&[01;31m[Kcond[m[K, &lock);
[4.284s]       |                                            [01;31m[K^~~~[m[K
[4.285s] [01m[K/home/hans/ar/ar_src/command/ar_control/src/ar_system.cpp:179:51:[m[K [01;31m[Kerror: [m[Kâ€˜[01m[Klock[m[Kâ€™ was not declared in this scope; did you mean â€˜[01m[Kstd::lock[m[Kâ€™?
[4.285s]   179 |                         pthread_cond_wait(&cond, &[01;31m[Klock[m[K);
[4.285s]       |                                                   [01;31m[K^~~~[m[K
[4.285s]       |                                                   [32m[Kstd::lock[m[K
[4.285s] In file included from [01m[K/home/hans/ar/ar_src/command/ar_control/include/ar_control_server.h:10[m[K,
[4.286s]                  from [01m[K/home/hans/ar/ar_src/command/ar_control/include/ar_hardware_interface.h:11[m[K,
[4.286s]                  from [01m[K/home/hans/ar/ar_src/command/ar_control/include/ar_system.hpp:30[m[K,
[4.286s]                  from [01m[K/home/hans/ar/ar_src/command/ar_control/src/ar_system.cpp:15[m[K:
[4.286s] [01m[K/usr/include/c++/11/mutex:591:5:[m[K [01;36m[Knote: [m[Kâ€˜[01m[Kstd::lock[m[Kâ€™ declared here
[4.286s]   591 |     [01;36m[Klock[m[K(_L1& __l1, _L2& __l2, _L3&... __l3)
[4.286s]       |     [01;36m[K^~~~[m[K
[4.293s] [01m[K/home/hans/ar/ar_src/command/ar_control/src/ar_hardware_interface.cpp:[m[K In constructor â€˜[01m[Kar_control::ArHardwareInterface::ArHardwareInterface(bool, bool)[m[Kâ€™:
[4.293s] [01m[K/home/hans/ar/ar_src/command/ar_control/src/ar_hardware_interface.cpp:25:9:[m[K [01;31m[Kerror: [m[Kâ€˜[01m[Kar_hardware_interface_node_[m[Kâ€™ was not declared in this scope; did you mean â€˜[01m[KArHardwareInterface[m[Kâ€™?
[4.293s]    25 |         [01;31m[Kar_hardware_interface_node_[m[K = rclcpp::Node::make_shared("ar_hardware_interface_node",
[4.293s]       |         [01;31m[K^~~~~~~~~~~~~~~~~~~~~~~~~~~[m[K
[4.293s]       |         [32m[KArHardwareInterface[m[K
[4.313s] [01m[K/home/hans/ar/ar_src/command/ar_control/src/ar_control_server.cpp:[m[K In member function â€˜[01m[Kvoid ar_control::ArControlServer::incomingDisplayTrajectory(moveit_msgs::msg::DisplayTrajectory_<std::allocator<void> >::ConstSharedPtr)[m[Kâ€™:
[4.313s] [01m[K/home/hans/ar/ar_src/command/ar_control/src/ar_control_server.cpp:32:24:[m[K [01;31m[Kerror: [m[Kâ€˜[01m[Kclass ar_control::ArHardwareInterface[m[Kâ€™ has no member named â€˜[01m[Kmove[m[Kâ€™
[4.313s]    32 |                 robot->[01;31m[Kmove[m[K("", msg->trajectory[0].joint_trajectory, status);
[4.313s]       |                        [01;31m[K^~~~[m[K
[4.316s] [01m[K/home/hans/ar/ar_src/command/ar_control/src/ar_hardware_interface.cpp:26:88:[m[K [01;31m[Kerror: [m[Kâ€˜[01m[Kautomatically_declare_parameters_from_overrides[m[Kâ€™ was not declared in this scope
[4.316s]    26 |                                                                 rclcpp::NodeOptions(), [01;31m[Kautomatically_declare_parameters_from_overrides[m[K(true));
[4.316s]       |                                                                                        [01;31m[K^~~~~~~~~~~~~~~~~~~~~~~~~~~~~~~~~~~~~~~~~~~~~~~[m[K
[4.316s] In file included from [01m[K/opt/ros/humble/include/rclcpp/rclcpp/client.hpp:40[m[K,
[4.316s]                  from [01m[K/opt/ros/humble/include/rclcpp/rclcpp/callback_group.hpp:24[m[K,
[4.316s]                  from [01m[K/opt/ros/humble/include/rclcpp/rclcpp/any_executable.hpp:20[m[K,
[4.316s]                  from [01m[K/opt/ros/humble/include/rclcpp/rclcpp/memory_strategy.hpp:25[m[K,
[4.316s]                  from [01m[K/opt/ros/humble/include/rclcpp/rclcpp/memory_strategies.hpp:18[m[K,
[4.317s]                  from [01m[K/opt/ros/humble/include/rclcpp/rclcpp/executor_options.hpp:20[m[K,
[4.317s]                  from [01m[K/opt/ros/humble/include/rclcpp/rclcpp/executor.hpp:37[m[K,
[4.317s]                  from [01m[K/opt/ros/humble/include/rclcpp/rclcpp/executors/multi_threaded_executor.hpp:25[m[K,
[4.317s]                  from [01m[K/opt/ros/humble/include/rclcpp/rclcpp/executors.hpp:21[m[K,
[4.317s]                  from [01m[K/opt/ros/humble/include/rclcpp/rclcpp/rclcpp.hpp:155[m[K,
[4.317s]                  from [01m[K/home/hans/ar/ar_src/command/ar_control/include/ar_control_server.h:12[m[K,
[4.317s]                  from [01m[K/home/hans/ar/ar_src/command/ar_control/include/ar_hardware_interface.h:11[m[K,
[4.317s]                  from [01m[K/home/hans/ar/ar_src/command/ar_control/src/ar_hardware_interface.cpp:1[m[K:
[4.317s] [01m[K/home/hans/ar/ar_src/command/ar_control/src/ar_hardware_interface.cpp:30:13:[m[K [01;31m[Kerror: [m[Ktemplate argument 1 is invalid
[4.317s]    30 |             [01;31m[KRCLCPP_ERROR[m[K(ar_hardware_interface_node_->get_logger(), "Parameter 'robot_description' not found.");
[4.317s]       |             [01;31m[K^~~~~~~~~~~~[m[K
[4.317s] [01m[K/home/hans/ar/ar_src/command/ar_control/src/ar_hardware_interface.cpp:30:13:[m[K [01;31m[Kerror: [m[Ktemplate argument 1 is invalid
[4.317s]    30 |             [01;31m[KRCLCPP_ERROR[m[K(ar_hardware_interface_node_->get_logger(), "Parameter 'robot_description' not found.");
[4.317s]       |             [01;31m[K^~~~~~~~~~~~[m[K
[4.317s] [01m[K/home/hans/ar/ar_src/command/ar_control/src/ar_hardware_interface.cpp:30:13:[m[K [01;31m[Kerror: [m[Ktemplate argument 1 is invalid
[4.317s]    30 |             [01;31m[KRCLCPP_ERROR[m[K(ar_hardware_interface_node_->get_logger(), "Parameter 'robot_description' not found.");
[4.317s]       |             [01;31m[K^~~~~~~~~~~~[m[K
[4.317s] [01m[K/home/hans/ar/ar_src/command/ar_control/src/ar_hardware_interface.cpp:35:13:[m[K [01;31m[Kerror: [m[Ktemplate argument 1 is invalid
[4.317s]    35 |             [01;31m[KRCLCPP_ERROR[m[K(ar_hardware_interface_node_->get_logger(), "Failed to parse URDF model.");
[4.317s]       |             [01;31m[K^~~~~~~~~~~~[m[K
[4.317s] [01m[K/home/hans/ar/ar_src/command/ar_control/src/ar_hardware_interface.cpp:35:13:[m[K [01;31m[Kerror: [m[Ktemplate argument 1 is invalid
[4.318s]    35 |             [01;31m[KRCLCPP_ERROR[m[K(ar_hardware_interface_node_->get_logger(), "Failed to parse URDF model.");
[4.318s]       |             [01;31m[K^~~~~~~~~~~~[m[K
[4.318s] [01m[K/home/hans/ar/ar_src/command/ar_control/src/ar_hardware_interface.cpp:35:13:[m[K [01;31m[Kerror: [m[Ktemplate argument 1 is invalid
[4.318s]    35 |             [01;31m[KRCLCPP_ERROR[m[K(ar_hardware_interface_node_->get_logger(), "Failed to parse URDF model.");
[4.318s]       |             [01;31m[K^~~~~~~~~~~~[m[K
[4.324s] [01m[K/home/hans/ar/ar_src/command/ar_control/src/ar_hardware_interface.cpp:[m[K In member function â€˜[01m[Kvoid ar_control::ArHardwareInterface::shutdown()[m[Kâ€™:
[4.324s] [01m[K/home/hans/ar/ar_src/command/ar_control/src/ar_hardware_interface.cpp:54:27:[m[K [01;31m[Kerror: [m[Kâ€˜[01m[Kdrives[m[Kâ€™ was not declared in this scope; did you mean â€˜[01m[Kdrive[m[Kâ€™?
[4.324s]    54 |         for (auto drive : [01;31m[Kdrives[m[K)
[4.324s]       |                           [01;31m[K^~~~~~[m[K
[4.324s]       |                           [32m[Kdrive[m[K
[4.327s] [01m[K/home/hans/ar/ar_src/command/ar_control/src/ar_system.cpp:[m[K In member function â€˜[01m[Kvirtual CallbackReturn ar_control::ArSystemHardware::on_init(const hardware_interface::HardwareInfo&)[m[Kâ€™:
[4.327s] [01m[K/home/hans/ar/ar_src/command/ar_control/src/ar_system.cpp:43:17:[m[K [01;31m[Kerror: [m[Kâ€˜[01m[Krobot_desc[m[Kâ€™ was not declared in this scope
[4.327s]    43 |                 [01;31m[Krobot_desc[m[K = info_.hardware_parameters["desc"];
[4.327s]       |                 [01;31m[K^~~~~~~~~~[m[K
[4.331s] [01m[K/home/hans/ar/ar_src/command/ar_control/src/ar_system.cpp:[m[K In member function â€˜[01m[Kvirtual CallbackReturn ar_control::ArSystemHardware::on_configure(const rclcpp_lifecycle::State&)[m[Kâ€™:
[4.331s] [01m[K/home/hans/ar/ar_src/command/ar_control/src/ar_system.cpp:88:41:[m[K [01;31m[Kerror: [m[Kâ€˜[01m[Kusing element_type = class ar_control::ArHardwareInterface[m[Kâ€™ {aka â€˜[01m[Kclass ar_control::ArHardwareInterface[m[Kâ€™} has no member named â€˜[01m[KgetDrives[m[Kâ€™
[4.331s]    88 |                 for(auto drive : robot->[01;31m[KgetDrives[m[K()) {
[4.331s]       |                                         [01;31m[K^~~~~~~~~[m[K
[4.335s] [01m[K/home/hans/ar/ar_src/command/ar_control/src/ar_hardware_interface.cpp:[m[K In member function â€˜[01m[Kvoid ar_control::ArHardwareInterface::readConfigFromYaml(std::string)[m[Kâ€™:
[4.335s] [01m[K/home/hans/ar/ar_src/command/ar_control/src/ar_hardware_interface.cpp:95:13:[m[K [01;31m[Kerror: [m[Kâ€˜[01m[KDriveParameters[m[Kâ€™ was not declared in this scope; did you mean â€˜[01m[KDriveParameter[m[Kâ€™?
[4.335s]    95 |             [01;31m[KDriveParameters[m[K driveParams;
[4.335s]       |             [01;31m[K^~~~~~~~~~~~~~~[m[K
[4.335s]       |             [32m[KDriveParameter[m[K
[4.335s] [01m[K/home/hans/ar/ar_src/command/ar_control/src/ar_system.cpp:[m[K In member function â€˜[01m[Kvirtual std::vector<hardware_interface::StateInterface> ar_control::ArSystemHardware::export_state_interfaces()[m[Kâ€™:
[4.335s] [01m[K/home/hans/ar/ar_src/command/ar_control/src/ar_system.cpp:103:41:[m[K [01;31m[Kerror: [m[Kâ€˜[01m[Kusing element_type = class ar_control::ArHardwareInterface[m[Kâ€™ {aka â€˜[01m[Kclass ar_control::ArHardwareInterface[m[Kâ€™} has no member named â€˜[01m[KgetDrives[m[Kâ€™
[4.335s]   103 |                 for(auto drive : robot->[01;31m[KgetDrives[m[K()) {
[4.335s]       |                                         [01;31m[K^~~~~~~~~[m[K
[4.337s] [01m[K/home/hans/ar/ar_src/command/ar_control/src/ar_control_server.cpp:[m[K In member function â€˜[01m[Kvoid ar_control::ArControlServer::execute(std::shared_ptr<rclcpp_action::ServerGoalHandle<ar_action::action::ArControl> >)[m[Kâ€™:
[4.337s] [01m[K/home/hans/ar/ar_src/command/ar_control/src/ar_control_server.cpp:92:52:[m[K [01;31m[Kerror: [m[Kâ€˜[01m[KSUCCESS[m[Kâ€™ is not a member of â€˜[01m[Kar_control::ControlErrorCode[m[Kâ€™
[4.337s]    92 |                         status = ControlErrorCode::[01;31m[KSUCCESS[m[K;
[4.337s]       |                                                    [01;31m[K^~~~~~~[m[K
[4.337s] [01m[K/home/hans/ar/ar_src/command/ar_control/src/ar_control_server.cpp:99:40:[m[K [01;31m[Kerror: [m[Kâ€˜[01m[Kclass ar_control::ArHardwareInterface[m[Kâ€™ has no member named â€˜[01m[Kmove[m[Kâ€™
[4.338s]    99 |                                 robot->[01;31m[Kmove[m[K(goal->planning_group, goal->trajectory, status);
[4.338s]       |                                        [01;31m[K^~~~[m[K
[4.338s] [01m[K/home/hans/ar/ar_src/command/ar_control/src/ar_control_server.cpp:102:60:[m[K [01;31m[Kerror: [m[Kâ€˜[01m[KSUCCESS[m[Kâ€™ is not a member of â€˜[01m[Kar_control::ControlErrorCode[m[Kâ€™
[4.338s]   102 |                                 status = ControlErrorCode::[01;31m[KSUCCESS[m[K;
[4.338s]       |                                                            [01;31m[K^~~~~~~[m[K
[4.338s] [01m[K/home/hans/ar/ar_src/command/ar_control/src/ar_system.cpp:[m[K In member function â€˜[01m[Kvirtual std::vector<hardware_interface::CommandInterface> ar_control::ArSystemHardware::export_command_interfaces()[m[Kâ€™:
[4.338s] [01m[K/home/hans/ar/ar_src/command/ar_control/src/ar_system.cpp:120:41:[m[K [01;31m[Kerror: [m[Kâ€˜[01m[Kusing element_type = class ar_control::ArHardwareInterface[m[Kâ€™ {aka â€˜[01m[Kclass ar_control::ArHardwareInterface[m[Kâ€™} has no member named â€˜[01m[KgetDrives[m[Kâ€™
[4.338s]   120 |                 for(auto drive : robot->[01;31m[KgetDrives[m[K()) {
[4.338s]       |                                         [01;31m[K^~~~~~~~~[m[K
[4.338s] [01m[K/home/hans/ar/ar_src/command/ar_control/src/ar_system.cpp:[m[K In member function â€˜[01m[Kvirtual CallbackReturn ar_control::ArSystemHardware::on_activate(const rclcpp_lifecycle::State&)[m[Kâ€™:
[4.338s] [01m[K/home/hans/ar/ar_src/command/ar_control/src/ar_system.cpp:137:41:[m[K [01;31m[Kerror: [m[Kâ€˜[01m[Kusing element_type = class ar_control::ArHardwareInterface[m[Kâ€™ {aka â€˜[01m[Kclass ar_control::ArHardwareInterface[m[Kâ€™} has no member named â€˜[01m[KgetDrives[m[Kâ€™
[4.338s]   137 |                 for(auto drive : robot->[01;31m[KgetDrives[m[K()) {
[4.338s]       |                                         [01;31m[K^~~~~~~~~[m[K
[4.339s] [01m[K/home/hans/ar/ar_src/command/ar_control/src/ar_system.cpp:[m[K In member function â€˜[01m[Kvirtual hardware_interface::return_type ar_control::ArSystemHardware::write(const rclcpp::Time&, const rclcpp::Duration&)[m[Kâ€™:
[4.339s] [01m[K/home/hans/ar/ar_src/command/ar_control/src/ar_system.cpp:178:27:[m[K [01;31m[Kerror: [m[Kâ€˜[01m[Kusing element_type = class ar_control::ArHardwareInterface[m[Kâ€™ {aka â€˜[01m[Kclass ar_control::ArHardwareInterface[m[Kâ€™} has no member named â€˜[01m[Ksoem_drives[m[Kâ€™; did you mean â€˜[01m[KArDrives ar_control::ArHardwareInterface::ar_drives[m[Kâ€™? (not accessible from this context)
[4.339s]   178 |                 if(robot->[01;31m[Ksoem_drives[m[K)
[4.339s]       |                           [01;31m[K^~~~~~~~~~~[m[K
[4.339s] In file included from [01m[K/home/hans/ar/ar_src/command/ar_control/include/ar_system.hpp:30[m[K,
[4.339s]                  from [01m[K/home/hans/ar/ar_src/command/ar_control/src/ar_system.cpp:15[m[K:
[4.339s] [01m[K/home/hans/ar/ar_src/command/ar_control/include/ar_hardware_interface.h:38:26:[m[K [01;36m[Knote: [m[Kdeclared private here
[4.339s]    38 |                 ArDrives [01;36m[Kar_drives[m[K;                                             ///< Holds all drive parameters and joint names
[4.339s]       |                          [01;36m[K^~~~~~~~~[m[K
[4.343s] [01m[K/home/hans/ar/ar_src/command/ar_control/src/ar_hardware_interface.cpp:97:13:[m[K [01;31m[Kerror: [m[Kâ€˜[01m[KdriveParams[m[Kâ€™ was not declared in this scope; did you mean â€˜[01m[KDriveParameter[m[Kâ€™?
[4.343s]    97 |             [01;31m[KdriveParams[m[K.drive_id = stringToId(drive_id);
[4.343s]       |             [01;31m[K^~~~~~~~~~~[m[K
[4.344s]       |             [32m[KDriveParameter[m[K
[4.345s] [01m[K/home/hans/ar/ar_src/command/ar_control/src/ar_system.cpp:179:44:[m[K [01;31m[Kerror: [m[Kâ€˜[01m[Kcond[m[Kâ€™ was not declared in this scope
[4.345s]   179 |                         pthread_cond_wait(&[01;31m[Kcond[m[K, &lock);
[4.345s]       |                                            [01;31m[K^~~~[m[K
[4.345s] [01m[K/home/hans/ar/ar_src/command/ar_control/src/ar_hardware_interface.cpp:97:36:[m[K [01;31m[Kerror: [m[Kâ€˜[01m[KstringToId[m[Kâ€™ was not declared in this scope; did you mean â€˜[01m[Kar_utils::stringToId[m[Kâ€™?
[4.345s]    97 |             driveParams.drive_id = [01;31m[KstringToId[m[K(drive_id);
[4.345s]       |                                    [01;31m[K^~~~~~~~~~[m[K
[4.345s]       |                                    [32m[Kar_utils::stringToId[m[K
[4.345s] In file included from [01m[K/home/hans/ar/ar_src/command/ar_control/include/ar_control_server.h:19[m[K,
[4.345s]                  from [01m[K/home/hans/ar/ar_src/command/ar_control/include/ar_hardware_interface.h:11[m[K,
[4.345s]                  from [01m[K/home/hans/ar/ar_src/command/ar_control/src/ar_hardware_interface.cpp:1[m[K:
[4.345s] [01m[K/home/hans/ar/install/ar_utils/include/ar_utils.h:31:13:[m[K [01;36m[Knote: [m[Kâ€˜[01m[Kar_utils::stringToId[m[Kâ€™ declared here
[4.345s]    31 |         int [01;36m[KstringToId[m[K(std::string str);
[4.345s]       |             [01;36m[K^~~~~~~~~~[m[K
[4.346s] [01m[K/home/hans/ar/ar_src/command/ar_control/src/ar_system.cpp:179:51:[m[K [01;31m[Kerror: [m[Kâ€˜[01m[Klock[m[Kâ€™ was not declared in this scope; did you mean â€˜[01m[Kstd::lock[m[Kâ€™?
[4.346s]   179 |                         pthread_cond_wait(&cond, &[01;31m[Klock[m[K);
[4.346s]       |                                                   [01;31m[K^~~~[m[K
[4.346s]       |                                                   [32m[Kstd::lock[m[K
[4.346s] In file included from [01m[K/home/hans/ar/ar_src/command/ar_control/include/ar_control_server.h:10[m[K,
[4.346s]                  from [01m[K/home/hans/ar/ar_src/command/ar_control/include/ar_hardware_interface.h:11[m[K,
[4.346s]                  from [01m[K/home/hans/ar/ar_src/command/ar_control/include/ar_system.hpp:30[m[K,
[4.346s]                  from [01m[K/home/hans/ar/ar_src/command/ar_control/src/ar_system.cpp:15[m[K:
[4.346s] [01m[K/usr/include/c++/11/mutex:591:5:[m[K [01;36m[Knote: [m[Kâ€˜[01m[Kstd::lock[m[Kâ€™ declared here
[4.346s]   591 |     [01;36m[Klock[m[K(_L1& __l1, _L2& __l2, _L3&... __l3)
[4.346s]       |     [01;36m[K^~~~[m[K
[4.352s] [01m[K/home/hans/ar/ar_src/command/ar_control/src/ar_hardware_interface.cpp:103:45:[m[K [01;31m[Kerror: [m[Kâ€˜[01m[KPORT_UART[m[Kâ€™ was not declared in this scope; did you mean â€˜[01m[KPORT_CAN[m[Kâ€™?
[4.352s]   103 |             else if (driveParams.port_id == [01;31m[KPORT_UART[m[K)
[4.352s]       |                                             [01;31m[K^~~~~~~~~[m[K
[4.352s]       |                                             [32m[KPORT_CAN[m[K
[4.368s] In file included from [01m[K/opt/ros/humble/include/rclcpp/rclcpp/client.hpp:40[m[K,
[4.368s]                  from [01m[K/opt/ros/humble/include/rclcpp/rclcpp/callback_group.hpp:24[m[K,
[4.368s]                  from [01m[K/opt/ros/humble/include/rclcpp/rclcpp/any_executable.hpp:20[m[K,
[4.368s]                  from [01m[K/opt/ros/humble/include/rclcpp/rclcpp/memory_strategy.hpp:25[m[K,
[4.368s]                  from [01m[K/opt/ros/humble/include/rclcpp/rclcpp/memory_strategies.hpp:18[m[K,
[4.368s]                  from [01m[K/opt/ros/humble/include/rclcpp/rclcpp/executor_options.hpp:20[m[K,
[4.368s]                  from [01m[K/opt/ros/humble/include/rclcpp/rclcpp/executor.hpp:37[m[K,
[4.368s]                  from [01m[K/opt/ros/humble/include/rclcpp/rclcpp/executors/multi_threaded_executor.hpp:25[m[K,
[4.368s]                  from [01m[K/opt/ros/humble/include/rclcpp/rclcpp/executors.hpp:21[m[K,
[4.368s]                  from [01m[K/opt/ros/humble/include/rclcpp/rclcpp/rclcpp.hpp:155[m[K,
[4.368s]                  from [01m[K/home/hans/ar/ar_src/command/ar_control/include/ar_control_server.h:12[m[K,
[4.368s]                  from [01m[K/home/hans/ar/ar_src/command/ar_control/include/ar_hardware_interface.h:11[m[K,
[4.368s]                  from [01m[K/home/hans/ar/ar_src/command/ar_control/src/ar_hardware_interface.cpp:1[m[K:
[4.368s] [01m[K/home/hans/ar/ar_src/command/ar_control/src/ar_hardware_interface.cpp:113:30:[m[K [01;31m[Kerror: [m[Kâ€˜[01m[Kar_hardware_interface_node_[m[Kâ€™ was not declared in this scope; did you mean â€˜[01m[KArHardwareInterface[m[Kâ€™?
[4.368s]   113 |                 RCLCPP_ERROR([01;31m[Kar_hardware_interface_node_[m[K->get_logger(), "Invalid port ID: %d", driveParams.port_id);
[4.368s]       |                              [01;31m[K^~~~~~~~~~~~~~~~~~~~~~~~~~~[m[K
[4.368s] [01m[K/home/hans/ar/ar_src/command/ar_control/src/ar_hardware_interface.cpp:113:17:[m[K [01;31m[Kerror: [m[Ktemplate argument 1 is invalid
[4.369s]   113 |                 [01;31m[KRCLCPP_ERROR[m[K(ar_hardware_interface_node_->get_logger(), "Invalid port ID: %d", driveParams.port_id);
[4.369s]       |                 [01;31m[K^~~~~~~~~~~~[m[K
[4.369s] [01m[K/home/hans/ar/ar_src/command/ar_control/src/ar_hardware_interface.cpp:113:17:[m[K [01;31m[Kerror: [m[Ktemplate argument 1 is invalid
[4.369s]   113 |                 [01;31m[KRCLCPP_ERROR[m[K(ar_hardware_interface_node_->get_logger(), "Invalid port ID: %d", driveParams.port_id);
[4.369s]       |                 [01;31m[K^~~~~~~~~~~~[m[K
[4.369s] [01m[K/home/hans/ar/ar_src/command/ar_control/src/ar_hardware_interface.cpp:113:17:[m[K [01;31m[Kerror: [m[Ktemplate argument 1 is invalid
[4.369s]   113 |                 [01;31m[KRCLCPP_ERROR[m[K(ar_hardware_interface_node_->get_logger(), "Invalid port ID: %d", driveParams.port_id);
[4.369s]       |                 [01;31m[K^~~~~~~~~~~~[m[K
[4.376s] [01m[K/home/hans/ar/ar_src/command/ar_control/src/ar_hardware_interface.cpp:117:17:[m[K [01;31m[Kerror: [m[Kâ€˜[01m[KJointParameters[m[Kâ€™ was not declared in this scope; did you mean â€˜[01m[KJointParameter[m[Kâ€™?
[4.376s]   117 |                 [01;31m[KJointParameters[m[K jointParams;
[4.376s]       |                 [01;31m[K^~~~~~~~~~~~~~~[m[K
[4.376s]       |                 [32m[KJointParameter[m[K
[4.384s] [01m[K/home/hans/ar/ar_src/command/ar_control/src/ar_hardware_interface.cpp:118:17:[m[K [01;31m[Kerror: [m[Kâ€˜[01m[KjointParams[m[Kâ€™ was not declared in this scope; did you mean â€˜[01m[KJointParameter[m[Kâ€™?
[4.384s]   118 |                 [01;31m[KjointParams[m[K.joint_name = jt->first.as<std::string>();
[4.384s]       |                 [01;31m[K^~~~~~~~~~~[m[K
[4.384s]       |                 [32m[KJointParameter[m[K
[4.384s] [01m[K/home/hans/ar/ar_src/command/ar_control/src/ar_hardware_interface.cpp:132:23:[m[K [01;31m[Kerror: [m[Kâ€˜[01m[Kclass ArDrives[m[Kâ€™ has no member named â€˜[01m[Kdrive_parameters[m[Kâ€™; did you mean â€˜[01m[Kdrive_parameter[m[Kâ€™?
[4.384s]   132 |             ar_drives.[01;31m[Kdrive_parameters[m[K.push_back(driveParams);
[4.384s]       |                       [01;31m[K^~~~~~~~~~~~~~~~[m[K
[4.384s]       |                       [32m[Kdrive_parameter[m[K
[4.384s] [01m[K/home/hans/ar/ar_src/command/ar_control/src/ar_hardware_interface.cpp:135:29:[m[K [01;31m[Kerror: [m[Kâ€˜[01m[Kclass ArDrives[m[Kâ€™ has no member named â€˜[01m[Kdrive_parameters[m[Kâ€™; did you mean â€˜[01m[Kdrive_parameter[m[Kâ€™?
[4.384s]   135 |         std::sort(ar_drives.[01;31m[Kdrive_parameters[m[K.begin(), ar_drives.drive_parameters.end(),
[4.384s]       |                             [01;31m[K^~~~~~~~~~~~~~~~[m[K
[4.385s]       |                             [32m[Kdrive_parameter[m[K
[4.385s] [01m[K/home/hans/ar/ar_src/command/ar_control/src/ar_hardware_interface.cpp:135:65:[m[K [01;31m[Kerror: [m[Kâ€˜[01m[Kclass ArDrives[m[Kâ€™ has no member named â€˜[01m[Kdrive_parameters[m[Kâ€™; did you mean â€˜[01m[Kdrive_parameter[m[Kâ€™?
[4.385s]   135 |         std::sort(ar_drives.drive_parameters.begin(), ar_drives.[01;31m[Kdrive_parameters[m[K.end(),
[4.385s]       |                                                                 [01;31m[K^~~~~~~~~~~~~~~~[m[K
[4.385s]       |                                                                 [32m[Kdrive_parameter[m[K
[4.392s] [01m[K/home/hans/ar/ar_src/command/ar_control/src/ar_hardware_interface.cpp:[m[K At global scope:
[4.392s] [01m[K/home/hans/ar/ar_src/command/ar_control/src/ar_hardware_interface.cpp:142:19:[m[K [01;31m[Kerror: [m[Kâ€˜[01m[KArDriveControl[m[Kâ€™ was not declared in this scope
[4.392s]   142 |     std::map<int, [01;31m[KArDriveControl[m[K *> ArHardwareInterface::getDrives()
[4.392s]       |                   [01;31m[K^~~~~~~~~~~~~~[m[K
[4.392s] [01m[K/home/hans/ar/ar_src/command/ar_control/src/ar_hardware_interface.cpp:142:35:[m[K [01;31m[Kerror: [m[Ktemplate argument 2 is invalid
[4.392s]   142 |     std::map<int, ArDriveControl *[01;31m[K>[m[K ArHardwareInterface::getDrives()
[4.392s]       |                                   [01;31m[K^[m[K
[4.392s] [01m[K/home/hans/ar/ar_src/command/ar_control/src/ar_hardware_interface.cpp:142:35:[m[K [01;31m[Kerror: [m[Ktemplate argument 4 is invalid
[4.392s] [01m[K/home/hans/ar/ar_src/command/ar_control/src/ar_hardware_interface.cpp:142:37:[m[K [01;31m[Kerror: [m[Kno declaration matches â€˜[01m[Kint ar_control::ArHardwareInterface::getDrives()[m[Kâ€™
[4.392s]   142 |     std::map<int, ArDriveControl *> [01;31m[KArHardwareInterface[m[K::getDrives()
[4.392s]       |                                     [01;31m[K^~~~~~~~~~~~~~~~~~~[m[K
[4.392s] [01m[K/home/hans/ar/ar_src/command/ar_control/src/ar_hardware_interface.cpp:142:37:[m[K [01;36m[Knote: [m[Kno functions named â€˜[01m[Kint ar_control::ArHardwareInterface::getDrives()[m[Kâ€™
[4.392s] In file included from [01m[K/home/hans/ar/ar_src/command/ar_control/src/ar_hardware_interface.cpp:1[m[K:
[4.392s] [01m[K/home/hans/ar/ar_src/command/ar_control/include/ar_hardware_interface.h:24:15:[m[K [01;36m[Knote: [m[Kâ€˜[01m[Kclass ar_control::ArHardwareInterface[m[Kâ€™ defined here
[4.392s]    24 |         class [01;36m[KArHardwareInterface[m[K
[4.392s]       |               [01;36m[K^~~~~~~~~~~~~~~~~~~[m[K
[4.395s] [01m[K/home/hans/ar/ar_src/command/ar_control/src/ar_hardware_interface.cpp:[m[K In constructor â€˜[01m[Kar_control::ArHardwareInterface::ArHardwareInterface(bool, bool)[m[Kâ€™:
[4.395s] [01m[K/home/hans/ar/ar_src/command/ar_control/src/ar_hardware_interface.cpp:25:9:[m[K [01;31m[Kerror: [m[Kâ€˜[01m[Kar_hardware_interface_node_[m[Kâ€™ was not declared in this scope; did you mean â€˜[01m[KArHardwareInterface[m[Kâ€™?
[4.395s]    25 |         [01;31m[Kar_hardware_interface_node_[m[K = rclcpp::Node::make_shared("ar_hardware_interface_node",
[4.395s]       |         [01;31m[K^~~~~~~~~~~~~~~~~~~~~~~~~~~[m[K
[4.395s]       |         [32m[KArHardwareInterface[m[K
[4.419s] [01m[K/home/hans/ar/ar_src/command/ar_control/src/ar_hardware_interface.cpp:26:88:[m[K [01;31m[Kerror: [m[Kâ€˜[01m[Kautomatically_declare_parameters_from_overrides[m[Kâ€™ was not declared in this scope
[4.419s]    26 |                                                                 rclcpp::NodeOptions(), [01;31m[Kautomatically_declare_parameters_from_overrides[m[K(true));
[4.419s]       |                                                                                        [01;31m[K^~~~~~~~~~~~~~~~~~~~~~~~~~~~~~~~~~~~~~~~~~~~~~~[m[K
[4.419s] In file included from [01m[K/opt/ros/humble/include/rclcpp/rclcpp/client.hpp:40[m[K,
[4.419s]                  from [01m[K/opt/ros/humble/include/rclcpp/rclcpp/callback_group.hpp:24[m[K,
[4.419s]                  from [01m[K/opt/ros/humble/include/rclcpp/rclcpp/any_executable.hpp:20[m[K,
[4.420s]                  from [01m[K/opt/ros/humble/include/rclcpp/rclcpp/memory_strategy.hpp:25[m[K,
[4.420s]                  from [01m[K/opt/ros/humble/include/rclcpp/rclcpp/memory_strategies.hpp:18[m[K,
[4.420s]                  from [01m[K/opt/ros/humble/include/rclcpp/rclcpp/executor_options.hpp:20[m[K,
[4.420s]                  from [01m[K/opt/ros/humble/include/rclcpp/rclcpp/executor.hpp:37[m[K,
[4.420s]                  from [01m[K/opt/ros/humble/include/rclcpp/rclcpp/executors/multi_threaded_executor.hpp:25[m[K,
[4.420s]                  from [01m[K/opt/ros/humble/include/rclcpp/rclcpp/executors.hpp:21[m[K,
[4.420s]                  from [01m[K/opt/ros/humble/include/rclcpp/rclcpp/rclcpp.hpp:155[m[K,
[4.420s]                  from [01m[K/home/hans/ar/ar_src/command/ar_control/include/ar_control_server.h:12[m[K,
[4.420s]                  from [01m[K/home/hans/ar/ar_src/command/ar_control/include/ar_hardware_interface.h:11[m[K,
[4.420s]                  from [01m[K/home/hans/ar/ar_src/command/ar_control/src/ar_hardware_interface.cpp:1[m[K:
[4.420s] [01m[K/home/hans/ar/ar_src/command/ar_control/src/ar_hardware_interface.cpp:30:13:[m[K [01;31m[Kerror: [m[Ktemplate argument 1 is invalid
[4.420s]    30 |             [01;31m[KRCLCPP_ERROR[m[K(ar_hardware_interface_node_->get_logger(), "Parameter 'robot_description' not found.");
[4.420s]       |             [01;31m[K^~~~~~~~~~~~[m[K
[4.420s] [01m[K/home/hans/ar/ar_src/command/ar_control/src/ar_hardware_interface.cpp:30:13:[m[K [01;31m[Kerror: [m[Ktemplate argument 1 is invalid
[4.420s]    30 |             [01;31m[KRCLCPP_ERROR[m[K(ar_hardware_interface_node_->get_logger(), "Parameter 'robot_description' not found.");
[4.420s]       |             [01;31m[K^~~~~~~~~~~~[m[K
[4.420s] [01m[K/home/hans/ar/ar_src/command/ar_control/src/ar_hardware_interface.cpp:30:13:[m[K [01;31m[Kerror: [m[Ktemplate argument 1 is invalid
[4.420s]    30 |             [01;31m[KRCLCPP_ERROR[m[K(ar_hardware_interface_node_->get_logger(), "Parameter 'robot_description' not found.");
[4.420s]       |             [01;31m[K^~~~~~~~~~~~[m[K
[4.420s] [01m[K/home/hans/ar/ar_src/command/ar_control/src/ar_hardware_interface.cpp:35:13:[m[K [01;31m[Kerror: [m[Ktemplate argument 1 is invalid
[4.421s]    35 |             [01;31m[KRCLCPP_ERROR[m[K(ar_hardware_interface_node_->get_logger(), "Failed to parse URDF model.");
[4.421s]       |             [01;31m[K^~~~~~~~~~~~[m[K
[4.421s] [01m[K/home/hans/ar/ar_src/command/ar_control/src/ar_hardware_interface.cpp:35:13:[m[K [01;31m[Kerror: [m[Ktemplate argument 1 is invalid
[4.421s]    35 |             [01;31m[KRCLCPP_ERROR[m[K(ar_hardware_interface_node_->get_logger(), "Failed to parse URDF model.");
[4.421s]       |             [01;31m[K^~~~~~~~~~~~[m[K
[4.421s] [01m[K/home/hans/ar/ar_src/command/ar_control/src/ar_hardware_interface.cpp:35:13:[m[K [01;31m[Kerror: [m[Ktemplate argument 1 is invalid
[4.421s]    35 |             [01;31m[KRCLCPP_ERROR[m[K(ar_hardware_interface_node_->get_logger(), "Failed to parse URDF model.");
[4.421s]       |             [01;31m[K^~~~~~~~~~~~[m[K
[4.427s] [01m[K/home/hans/ar/ar_src/command/ar_control/src/ar_hardware_interface.cpp:[m[K In member function â€˜[01m[Kvoid ar_control::ArHardwareInterface::shutdown()[m[Kâ€™:
[4.427s] [01m[K/home/hans/ar/ar_src/command/ar_control/src/ar_hardware_interface.cpp:54:27:[m[K [01;31m[Kerror: [m[Kâ€˜[01m[Kdrives[m[Kâ€™ was not declared in this scope; did you mean â€˜[01m[Kdrive[m[Kâ€™?
[4.427s]    54 |         for (auto drive : [01;31m[Kdrives[m[K)
[4.427s]       |                           [01;31m[K^~~~~~[m[K
[4.427s]       |                           [32m[Kdrive[m[K
[4.438s] [01m[K/home/hans/ar/ar_src/command/ar_control/src/ar_hardware_interface.cpp:[m[K In member function â€˜[01m[Kvoid ar_control::ArHardwareInterface::readConfigFromYaml(std::string)[m[Kâ€™:
[4.438s] [01m[K/home/hans/ar/ar_src/command/ar_control/src/ar_hardware_interface.cpp:95:13:[m[K [01;31m[Kerror: [m[Kâ€˜[01m[KDriveParameters[m[Kâ€™ was not declared in this scope; did you mean â€˜[01m[KDriveParameter[m[Kâ€™?
[4.438s]    95 |             [01;31m[KDriveParameters[m[K driveParams;
[4.438s]       |             [01;31m[K^~~~~~~~~~~~~~~[m[K
[4.438s]       |             [32m[KDriveParameter[m[K
[4.446s] [01m[K/home/hans/ar/ar_src/command/ar_control/src/ar_hardware_interface.cpp:97:13:[m[K [01;31m[Kerror: [m[Kâ€˜[01m[KdriveParams[m[Kâ€™ was not declared in this scope; did you mean â€˜[01m[KDriveParameter[m[Kâ€™?
[4.446s]    97 |             [01;31m[KdriveParams[m[K.drive_id = stringToId(drive_id);
[4.446s]       |             [01;31m[K^~~~~~~~~~~[m[K
[4.446s]       |             [32m[KDriveParameter[m[K
[4.447s] [01m[K/home/hans/ar/ar_src/command/ar_control/src/ar_hardware_interface.cpp:97:36:[m[K [01;31m[Kerror: [m[Kâ€˜[01m[KstringToId[m[Kâ€™ was not declared in this scope; did you mean â€˜[01m[Kar_utils::stringToId[m[Kâ€™?
[4.447s]    97 |             driveParams.drive_id = [01;31m[KstringToId[m[K(drive_id);
[4.447s]       |                                    [01;31m[K^~~~~~~~~~[m[K
[4.447s]       |                                    [32m[Kar_utils::stringToId[m[K
[4.447s] In file included from [01m[K/home/hans/ar/ar_src/command/ar_control/include/ar_control_server.h:19[m[K,
[4.447s]                  from [01m[K/home/hans/ar/ar_src/command/ar_control/include/ar_hardware_interface.h:11[m[K,
[4.447s]                  from [01m[K/home/hans/ar/ar_src/command/ar_control/src/ar_hardware_interface.cpp:1[m[K:
[4.447s] [01m[K/home/hans/ar/install/ar_utils/include/ar_utils.h:31:13:[m[K [01;36m[Knote: [m[Kâ€˜[01m[Kar_utils::stringToId[m[Kâ€™ declared here
[4.447s]    31 |         int [01;36m[KstringToId[m[K(std::string str);
[4.448s]       |             [01;36m[K^~~~~~~~~~[m[K
[4.454s] [01m[K/home/hans/ar/ar_src/command/ar_control/src/ar_hardware_interface.cpp:103:45:[m[K [01;31m[Kerror: [m[Kâ€˜[01m[KPORT_UART[m[Kâ€™ was not declared in this scope; did you mean â€˜[01m[KPORT_CAN[m[Kâ€™?
[4.454s]   103 |             else if (driveParams.port_id == [01;31m[KPORT_UART[m[K)
[4.455s]       |                                             [01;31m[K^~~~~~~~~[m[K
[4.455s]       |                                             [32m[KPORT_CAN[m[K
[4.469s] In file included from [01m[K/opt/ros/humble/include/rclcpp/rclcpp/client.hpp:40[m[K,
[4.469s]                  from [01m[K/opt/ros/humble/include/rclcpp/rclcpp/callback_group.hpp:24[m[K,
[4.469s]                  from [01m[K/opt/ros/humble/include/rclcpp/rclcpp/any_executable.hpp:20[m[K,
[4.470s]                  from [01m[K/opt/ros/humble/include/rclcpp/rclcpp/memory_strategy.hpp:25[m[K,
[4.470s]                  from [01m[K/opt/ros/humble/include/rclcpp/rclcpp/memory_strategies.hpp:18[m[K,
[4.470s]                  from [01m[K/opt/ros/humble/include/rclcpp/rclcpp/executor_options.hpp:20[m[K,
[4.470s]                  from [01m[K/opt/ros/humble/include/rclcpp/rclcpp/executor.hpp:37[m[K,
[4.470s]                  from [01m[K/opt/ros/humble/include/rclcpp/rclcpp/executors/multi_threaded_executor.hpp:25[m[K,
[4.470s]                  from [01m[K/opt/ros/humble/include/rclcpp/rclcpp/executors.hpp:21[m[K,
[4.470s]                  from [01m[K/opt/ros/humble/include/rclcpp/rclcpp/rclcpp.hpp:155[m[K,
[4.470s]                  from [01m[K/home/hans/ar/ar_src/command/ar_control/include/ar_control_server.h:12[m[K,
[4.470s]                  from [01m[K/home/hans/ar/ar_src/command/ar_control/include/ar_hardware_interface.h:11[m[K,
[4.470s]                  from [01m[K/home/hans/ar/ar_src/command/ar_control/src/ar_hardware_interface.cpp:1[m[K:
[4.470s] [01m[K/home/hans/ar/ar_src/command/ar_control/src/ar_hardware_interface.cpp:113:30:[m[K [01;31m[Kerror: [m[Kâ€˜[01m[Kar_hardware_interface_node_[m[Kâ€™ was not declared in this scope; did you mean â€˜[01m[KArHardwareInterface[m[Kâ€™?
[4.470s]   113 |                 RCLCPP_ERROR([01;31m[Kar_hardware_interface_node_[m[K->get_logger(), "Invalid port ID: %d", driveParams.port_id);
[4.470s]       |                              [01;31m[K^~~~~~~~~~~~~~~~~~~~~~~~~~~[m[K
[4.470s] [01m[K/home/hans/ar/ar_src/command/ar_control/src/ar_hardware_interface.cpp:113:17:[m[K [01;31m[Kerror: [m[Ktemplate argument 1 is invalid
[4.470s]   113 |                 [01;31m[KRCLCPP_ERROR[m[K(ar_hardware_interface_node_->get_logger(), "Invalid port ID: %d", driveParams.port_id);
[4.470s]       |                 [01;31m[K^~~~~~~~~~~~[m[K
[4.470s] [01m[K/home/hans/ar/ar_src/command/ar_control/src/ar_hardware_interface.cpp:113:17:[m[K [01;31m[Kerror: [m[Ktemplate argument 1 is invalid
[4.470s]   113 |                 [01;31m[KRCLCPP_ERROR[m[K(ar_hardware_interface_node_->get_logger(), "Invalid port ID: %d", driveParams.port_id);
[4.470s]       |                 [01;31m[K^~~~~~~~~~~~[m[K
[4.470s] [01m[K/home/hans/ar/ar_src/command/ar_control/src/ar_hardware_interface.cpp:113:17:[m[K [01;31m[Kerror: [m[Ktemplate argument 1 is invalid
[4.470s]   113 |                 [01;31m[KRCLCPP_ERROR[m[K(ar_hardware_interface_node_->get_logger(), "Invalid port ID: %d", driveParams.port_id);
[4.470s]       |                 [01;31m[K^~~~~~~~~~~~[m[K
[4.478s] [01m[K/home/hans/ar/ar_src/command/ar_control/src/ar_hardware_interface.cpp:117:17:[m[K [01;31m[Kerror: [m[Kâ€˜[01m[KJointParameters[m[Kâ€™ was not declared in this scope; did you mean â€˜[01m[KJointParameter[m[Kâ€™?
[4.478s]   117 |                 [01;31m[KJointParameters[m[K jointParams;
[4.478s]       |                 [01;31m[K^~~~~~~~~~~~~~~[m[K
[4.478s]       |                 [32m[KJointParameter[m[K
[4.486s] [01m[K/home/hans/ar/ar_src/command/ar_control/src/ar_hardware_interface.cpp:118:17:[m[K [01;31m[Kerror: [m[Kâ€˜[01m[KjointParams[m[Kâ€™ was not declared in this scope; did you mean â€˜[01m[KJointParameter[m[Kâ€™?
[4.486s]   118 |                 [01;31m[KjointParams[m[K.joint_name = jt->first.as<std::string>();
[4.486s]       |                 [01;31m[K^~~~~~~~~~~[m[K
[4.486s]       |                 [32m[KJointParameter[m[K
[4.486s] [01m[K/home/hans/ar/ar_src/command/ar_control/src/ar_hardware_interface.cpp:132:23:[m[K [01;31m[Kerror: [m[Kâ€˜[01m[Kclass ArDrives[m[Kâ€™ has no member named â€˜[01m[Kdrive_parameters[m[Kâ€™; did you mean â€˜[01m[Kdrive_parameter[m[Kâ€™?
[4.486s]   132 |             ar_drives.[01;31m[Kdrive_parameters[m[K.push_back(driveParams);
[4.486s]       |                       [01;31m[K^~~~~~~~~~~~~~~~[m[K
[4.486s]       |                       [32m[Kdrive_parameter[m[K
[4.486s] [01m[K/home/hans/ar/ar_src/command/ar_control/src/ar_hardware_interface.cpp:135:29:[m[K [01;31m[Kerror: [m[Kâ€˜[01m[Kclass ArDrives[m[Kâ€™ has no member named â€˜[01m[Kdrive_parameters[m[Kâ€™; did you mean â€˜[01m[Kdrive_parameter[m[Kâ€™?
[4.486s]   135 |         std::sort(ar_drives.[01;31m[Kdrive_parameters[m[K.begin(), ar_drives.drive_parameters.end(),
[4.487s]       |                             [01;31m[K^~~~~~~~~~~~~~~~[m[K
[4.487s]       |                             [32m[Kdrive_parameter[m[K
[4.487s] [01m[K/home/hans/ar/ar_src/command/ar_control/src/ar_hardware_interface.cpp:135:65:[m[K [01;31m[Kerror: [m[Kâ€˜[01m[Kclass ArDrives[m[Kâ€™ has no member named â€˜[01m[Kdrive_parameters[m[Kâ€™; did you mean â€˜[01m[Kdrive_parameter[m[Kâ€™?
[4.487s]   135 |         std::sort(ar_drives.drive_parameters.begin(), ar_drives.[01;31m[Kdrive_parameters[m[K.end(),
[4.487s]       |                                                                 [01;31m[K^~~~~~~~~~~~~~~~[m[K
[4.487s]       |                                                                 [32m[Kdrive_parameter[m[K
[4.494s] [01m[K/home/hans/ar/ar_src/command/ar_control/src/ar_hardware_interface.cpp:[m[K At global scope:
[4.494s] [01m[K/home/hans/ar/ar_src/command/ar_control/src/ar_hardware_interface.cpp:142:19:[m[K [01;31m[Kerror: [m[Kâ€˜[01m[KArDriveControl[m[Kâ€™ was not declared in this scope
[4.494s]   142 |     std::map<int, [01;31m[KArDriveControl[m[K *> ArHardwareInterface::getDrives()
[4.494s]       |                   [01;31m[K^~~~~~~~~~~~~~[m[K
[4.494s] [01m[K/home/hans/ar/ar_src/command/ar_control/src/ar_hardware_interface.cpp:142:35:[m[K [01;31m[Kerror: [m[Ktemplate argument 2 is invalid
[4.494s]   142 |     std::map<int, ArDriveControl *[01;31m[K>[m[K ArHardwareInterface::getDrives()
[4.494s]       |                                   [01;31m[K^[m[K
[4.494s] [01m[K/home/hans/ar/ar_src/command/ar_control/src/ar_hardware_interface.cpp:142:35:[m[K [01;31m[Kerror: [m[Ktemplate argument 4 is invalid
[4.494s] [01m[K/home/hans/ar/ar_src/command/ar_control/src/ar_hardware_interface.cpp:142:37:[m[K [01;31m[Kerror: [m[Kno declaration matches â€˜[01m[Kint ar_control::ArHardwareInterface::getDrives()[m[Kâ€™
[4.494s]   142 |     std::map<int, ArDriveControl *> [01;31m[KArHardwareInterface[m[K::getDrives()
[4.494s]       |                                     [01;31m[K^~~~~~~~~~~~~~~~~~~[m[K
[4.494s] [01m[K/home/hans/ar/ar_src/command/ar_control/src/ar_hardware_interface.cpp:142:37:[m[K [01;36m[Knote: [m[Kno functions named â€˜[01m[Kint ar_control::ArHardwareInterface::getDrives()[m[Kâ€™
[4.494s] In file included from [01m[K/home/hans/ar/ar_src/command/ar_control/src/ar_hardware_interface.cpp:1[m[K:
[4.494s] [01m[K/home/hans/ar/ar_src/command/ar_control/include/ar_hardware_interface.h:24:15:[m[K [01;36m[Knote: [m[Kâ€˜[01m[Kclass ar_control::ArHardwareInterface[m[Kâ€™ defined here
[4.495s]    24 |         class [01;36m[KArHardwareInterface[m[K
[4.495s]       |               [01;36m[K^~~~~~~~~~~~~~~~~~~[m[K
[6.440s] gmake[2]: *** [CMakeFiles/ar_control.dir/build.make:160: CMakeFiles/ar_control.dir/src/ar_system.cpp.o] Error 1
[6.440s] gmake[2]: *** Waiting for unfinished jobs....
[6.474s] gmake[2]: *** [CMakeFiles/ar_control_server.dir/build.make:160: CMakeFiles/ar_control_server.dir/src/ar_system.cpp.o] Error 1
[6.474s] gmake[2]: *** Waiting for unfinished jobs....
[6.523s] gmake[2]: *** [CMakeFiles/ar_control_server.dir/build.make:132: CMakeFiles/ar_control_server.dir/src/ar_hardware_interface.cpp.o] Error 1
[6.616s] gmake[2]: *** [CMakeFiles/ar_control.dir/build.make:132: CMakeFiles/ar_control.dir/src/ar_hardware_interface.cpp.o] Error 1
[7.561s] gmake[2]: *** [CMakeFiles/ar_control_server.dir/build.make:90: CMakeFiles/ar_control_server.dir/src/ar_control_server.cpp.o] Error 1
[7.562s] gmake[1]: *** [CMakeFiles/Makefile2:169: CMakeFiles/ar_control_server.dir/all] Error 2
[7.650s] gmake[2]: *** [CMakeFiles/ar_control.dir/build.make:90: CMakeFiles/ar_control.dir/src/ar_control_server.cpp.o] Error 1
[7.650s] gmake[1]: *** [CMakeFiles/Makefile2:143: CMakeFiles/ar_control.dir/all] Error 2
[7.650s] gmake: *** [Makefile:146: all] Error 2
[7.653s] Invoked command in '/home/hans/ar/build/ar_control' returned '2': AMENT_PREFIX_PATH=/home/hans/ar/install/master:/home/hans/ar/install/ar_utils:/home/hans/ar/install/ar_comm:${AMENT_PREFIX_PATH} CMAKE_PREFIX_PATH=/home/hans/ar/install/master:/home/hans/ar/install/ar_utils:/home/hans/ar/install/ar_comm:/opt/ros/humble LD_LIBRARY_PATH=/home/hans/ar/install/ar_utils/lib:${LD_LIBRARY_PATH} /usr/bin/cmake --build /home/hans/ar/build/ar_control -- -j12 -l12
