[0.008s] Invoking command in '/home/hans/ar/build/ar_control': CMAKE_PREFIX_PATH=/home/hans/ar/install/master:/home/hans/ar/install/ar_utils:/home/hans/ar/install/ar_comm:/home/hans/ar/install/ar_scene:/home/hans/ar/install/ar_planner_interface:/home/hans/ar/install/ar_msgs:/home/hans/ar/install/ar_moveit_config:/home/hans/ar/install/ar_computation:/home/hans/ar/install/ar_action:/opt/ros/humble /usr/bin/cmake --build /home/hans/ar/build/ar_control -- -j12 -l12
[0.030s] -- Found ament_cmake: 1.3.11 (/opt/ros/humble/share/ament_cmake/cmake)
[0.120s] -- Found moveit_common: 2.5.9 (/opt/ros/humble/share/moveit_common/cmake)
[0.156s] [0mar_control: You did not request a specific build type: Choosing 'Release' for maximum performance[0m
[0.156s] -- Found hardware_interface: 2.50.0 (/opt/ros/humble/share/hardware_interface/cmake)
[0.172s] -- Found rosidl_generator_c: 3.1.6 (/opt/ros/humble/share/rosidl_generator_c/cmake)
[0.174s] -- Found rosidl_adapter: 3.1.6 (/opt/ros/humble/share/rosidl_adapter/cmake)
[0.178s] -- Found rosidl_generator_cpp: 3.1.6 (/opt/ros/humble/share/rosidl_generator_cpp/cmake)
[0.184s] -- Using all available rosidl_typesupport_c: rosidl_typesupport_fastrtps_c;rosidl_typesupport_introspection_c
[0.194s] -- Using all available rosidl_typesupport_cpp: rosidl_typesupport_fastrtps_cpp;rosidl_typesupport_introspection_cpp
[0.315s] -- Found rmw_implementation_cmake: 6.1.2 (/opt/ros/humble/share/rmw_implementation_cmake/cmake)
[0.315s] -- Found rmw_fastrtps_cpp: 6.2.7 (/opt/ros/humble/share/rmw_fastrtps_cpp/cmake)
[0.327s] -- Found TinyXML2 via Config file: TinyXML2_DIR-NOTFOUND
[0.333s] -- Found TinyXML2 via Config file: TinyXML2_DIR-NOTFOUND
[0.345s] -- Found TinyXML2 via Config file: TinyXML2_DIR-NOTFOUND
[0.352s] -- Found TinyXML2 via Config file: TinyXML2_DIR-NOTFOUND
[0.360s] -- Using RMW implementation 'rmw_fastrtps_cpp' as default
[0.384s] -- Found rclcpp_action: 16.0.12 (/opt/ros/humble/share/rclcpp_action/cmake)
[0.388s] -- Found rclcpp_components: 16.0.12 (/opt/ros/humble/share/rclcpp_components/cmake)
[0.397s] -- Found yaml_cpp_vendor: 8.0.2 (/opt/ros/humble/share/yaml_cpp_vendor/cmake)
[0.397s] -- Found urdf: 2.6.1 (/opt/ros/humble/share/urdf/cmake)
[0.400s] -- Found moveit_core: 2.5.9 (/opt/ros/humble/share/moveit_core/cmake)
[0.410s] -- Found Boost: /usr/lib/x86_64-linux-gnu/cmake/Boost-1.74.0/BoostConfig.cmake (found version "1.74.0") found components: chrono date_time filesystem iostreams program_options regex serialization system thread 
[0.425s] -- Found parameter_traits: 0.4.0 (/opt/ros/humble/share/parameter_traits/cmake)
[0.433s] -- Found Boost: /usr/lib/x86_64-linux-gnu/cmake/Boost-1.74.0/BoostConfig.cmake (found version "1.74.0") found components: filesystem 
[0.458s] -- library: /usr/lib/x86_64-linux-gnu/libcurl.so
[0.480s] -- Ensuring Eigen3 include directory is part of orocos-kdl CMake target
[0.553s] -- Found moveit_ros_move_group: 2.5.9 (/opt/ros/humble/share/moveit_ros_move_group/cmake)
[0.556s] -- Found Boost: /usr/lib/x86_64-linux-gnu/cmake/Boost-1.74.0/BoostConfig.cmake (found version "1.74.0") found components: system filesystem date_time program_options thread 
[0.572s] -- Found Boost: /usr/lib/x86_64-linux-gnu/cmake/Boost-1.74.0/BoostConfig.cmake (found version "1.74.0") found components: system filesystem date_time program_options thread chrono 
[0.581s] -- Found moveit_ros_planning_interface: 2.5.9 (/opt/ros/humble/share/moveit_ros_planning_interface/cmake)
[0.584s] -- Found Boost: /usr/lib/x86_64-linux-gnu/cmake/Boost-1.74.0/BoostConfig.cmake (found version "1.74.0") found components: date_time filesystem program_options system thread 
[0.591s] -- Found Boost: /usr/lib/x86_64-linux-gnu/cmake/Boost-1.74.0/BoostConfig.cmake (found version "1.74.0") found components: thread system filesystem regex date_time program_options 
[0.603s] -- Found moveit_planners: 2.5.9 (/opt/ros/humble/share/moveit_planners/cmake)
[0.603s] -- Found ar_utils: 0.0.0 (/home/hans/ar/install/ar_utils/share/ar_utils/cmake)
[0.606s] -- Found ar_action: 0.0.0 (/home/hans/ar/install/ar_action/share/ar_action/cmake)
[0.652s] -- Found ament_cmake_gtest: 1.3.11 (/opt/ros/humble/share/ament_cmake_gtest/cmake)
[0.656s] -- Configuring done
[0.723s] -- Generating done
[0.735s] -- Build files have been written to: /home/hans/ar/build/ar_control
[0.771s] [ 29%] [32mBuilding CXX object CMakeFiles/ar_control_server.dir/src/ar_control_server.cpp.o[0m
[0.771s] [ 29%] [32mBuilding CXX object CMakeFiles/ar_control_client_server_test.dir/test/ar_control_client_server_test.cpp.o[0m
[0.771s] [ 35%] [32mBuilding CXX object CMakeFiles/ar_control_client.dir/src/ar_control_server.cpp.o[0m
[0.771s] [ 29%] [32mBuilding CXX object CMakeFiles/ar_control_client.dir/src/ar_system.cpp.o[0m
[0.771s] [ 58%] [32mBuilding CXX object CMakeFiles/ar_control.dir/src/ar_hardware_interface.cpp.o[0m
[0.771s] [ 29%] [32mBuilding CXX object CMakeFiles/ar_control_client.dir/src/ar_control_client.cpp.o[0m
[0.772s] [ 58%] [32mBuilding CXX object CMakeFiles/ar_control.dir/src/ar_control_server.cpp.o[0m
[0.773s] [ 64%] [32mBuilding CXX object CMakeFiles/ar_control_server.dir/src/ar_system.cpp.o[0m
[0.773s] [ 64%] [32mBuilding CXX object CMakeFiles/ar_control_server.dir/src/ar_control_client.cpp.o[0m
[0.773s] [ 58%] [32mBuilding CXX object CMakeFiles/ar_control.dir/src/ar_control_client.cpp.o[0m
[0.773s] [ 58%] [32mBuilding CXX object CMakeFiles/ar_control_client.dir/src/ar_hardware_interface.cpp.o[0m
[0.773s] [ 70%] [32mBuilding CXX object CMakeFiles/ar_control_server.dir/src/ar_hardware_interface.cpp.o[0m
[0.779s] [01m[K/home/hans/ar/ar_src/command/ar_control/test/ar_control_client_server_test.cpp:1:10:[m[K [01;31m[Kfatal error: [m[Kar_control/ar_control_client.h: No such file or directory
[0.779s]     1 | #include [01;31m[K<ar_control/ar_control_client.h>[m[K
[0.779s]       |          [01;31m[K^~~~~~~~~~~~~~~~~~~~~~~~~~~~~~~~[m[K
[0.779s] compilation terminated.
[0.781s] [01m[K/home/hans/ar/ar_src/command/ar_control/src/ar_control_server.cpp:3:10:[m[K [01;31m[Kfatal error: [m[Kar_control/ar_control_server.h: No such file or directory
[0.781s]     3 | #include [01;31m[K<ar_control/ar_control_server.h>[m[K
[0.781s]       |          [01;31m[K^~~~~~~~~~~~~~~~~~~~~~~~~~~~~~~~[m[K
[0.781s] compilation terminated.
[0.781s] [01m[K/home/hans/ar/ar_src/command/ar_control/src/ar_control_server.cpp:3:10:[m[K [01;31m[Kfatal error: [m[Kar_control/ar_control_server.h: No such file or directory
[0.781s]     3 | #include [01;31m[K<ar_control/ar_control_server.h>[m[K
[0.781s]       |          [01;31m[K^~~~~~~~~~~~~~~~~~~~~~~~~~~~~~~~[m[K
[0.781s] compilation terminated.
[0.781s] gmake[2]: *** [CMakeFiles/ar_control_client_server_test.dir/build.make:76: CMakeFiles/ar_control_client_server_test.dir/test/ar_control_client_server_test.cpp.o] Error 1
[0.781s] [01m[K/home/hans/ar/ar_src/command/ar_control/src/ar_system.cpp:15:10:[m[K [01;31m[Kfatal error: [m[Kar_control/ar_system.hpp: No such file or directory
[0.781s]    15 | #include [01;31m[K"ar_control/ar_system.hpp"[m[K
[0.781s]       |          [01;31m[K^~~~~~~~~~~~~~~~~~~~~~~~~~[m[K
[0.781s] compilation terminated.
[0.781s] [01m[K/home/hans/ar/ar_src/command/ar_control/src/ar_control_client.cpp:1:10:[m[K [01;31m[Kfatal error: [m[Kar_control/ar_control_client.h: No such file or directory
[0.781s]     1 | #include [01;31m[K<ar_control/ar_control_client.h>[m[K
[0.781s]       |          [01;31m[K^~~~~~~~~~~~~~~~~~~~~~~~~~~~~~~~[m[K
[0.782s] compilation terminated.
[0.782s] [01m[K/home/hans/ar/ar_src/command/ar_control/src/ar_control_client.cpp:1:10:[m[K [01;31m[Kfatal error: [m[Kar_control/ar_control_client.h: No such file or directory
[0.782s]     1 | #include [01;31m[K<ar_control/ar_control_client.h>[m[K
[0.782s]       |          [01;31m[K^~~~~~~~~~~~~~~~~~~~~~~~~~~~~~~~[m[K
[0.782s] compilation terminated.
[0.782s] [01m[K/home/hans/ar/ar_src/command/ar_control/src/ar_hardware_interface.cpp:1:10:[m[K [01;31m[Kfatal error: [m[Kar_control/ar_hardware_interface.h: No such file or directory
[0.782s]     1 | #include [01;31m[K<ar_control/ar_hardware_interface.h>[m[K
[0.782s]       |          [01;31m[K^~~~~~~~~~~~~~~~~~~~~~~~~~~~~~~~~~~~[m[K
[0.782s] gmake[1]: *** [CMakeFiles/Makefile2:221: CMakeFiles/ar_control_client_server_test.dir/all] Error 2
[0.782s] gmake[1]: *** Waiting for unfinished jobs....
[0.782s] compilation terminated.
[0.782s] gmake[2]: *** [CMakeFiles/ar_control_client.dir/build.make:118: CMakeFiles/ar_control_client.dir/src/ar_system.cpp.o] Error 1
[0.782s] gmake[2]: *** Waiting for unfinished jobs....
[0.782s] [01m[K/home/hans/ar/ar_src/command/ar_control/src/ar_control_server.cpp:3:10:[m[K [01;31m[Kfatal error: [m[Kar_control/ar_control_server.h: No such file or directory
[0.782s]     3 | #include [01;31m[K<ar_control/ar_control_server.h>[m[K
[0.782s]       |          [01;31m[K^~~~~~~~~~~~~~~~~~~~~~~~~~~~~~~~[m[K
[0.782s] compilation terminated.
[0.782s] gmake[2]: *** [CMakeFiles/ar_control_client.dir/build.make:76: CMakeFiles/ar_control_client.dir/src/ar_control_client.cpp.o] Error 1
[0.782s] gmake[2]: *** [CMakeFiles/ar_control_server.dir/build.make:90: CMakeFiles/ar_control_server.dir/src/ar_control_server.cpp.o] Error 1
[0.782s] [01m[K/home/hans/ar/ar_src/command/ar_control/src/ar_hardware_interface.cpp:1:10:[m[K [01;31m[Kfatal error: [m[Kar_control/ar_hardware_interface.h: No such file or directory
[0.782s]     1 | #include [01;31m[K<ar_control/ar_hardware_interface.h>[m[K
[0.783s]       |          [01;31m[K^~~~~~~~~~~~~~~~~~~~~~~~~~~~~~~~~~~~[m[K
[0.783s] gmake[2]: *** Waiting for unfinished jobs....
[0.783s] compilation terminated.
[0.783s] gmake[2]: *** [CMakeFiles/ar_control_client.dir/build.make:90: CMakeFiles/ar_control_client.dir/src/ar_control_server.cpp.o] Error 1
[0.783s] gmake[2]: *** [CMakeFiles/ar_control.dir/build.make:76: CMakeFiles/ar_control.dir/src/ar_control_client.cpp.o] Error 1
[0.783s] gmake[2]: *** Waiting for unfinished jobs....
[0.783s] gmake[2]: *** [CMakeFiles/ar_control.dir/build.make:104: CMakeFiles/ar_control.dir/src/ar_hardware_interface.cpp.o] Error 1
[0.783s] gmake[2]: *** [CMakeFiles/ar_control.dir/build.make:90: CMakeFiles/ar_control.dir/src/ar_control_server.cpp.o] Error 1
[0.783s] gmake[2]: *** [CMakeFiles/ar_control_client.dir/build.make:104: CMakeFiles/ar_control_client.dir/src/ar_hardware_interface.cpp.o] Error 1
[0.783s] gmake[1]: *** [CMakeFiles/Makefile2:195: CMakeFiles/ar_control_client.dir/all] Error 2
[0.783s] [01m[K/home/hans/ar/ar_src/command/ar_control/src/ar_control_client.cpp:1:10:[m[K [01;31m[Kfatal error: [m[Kar_control/ar_control_client.h: No such file or directory
[0.783s]     1 | #include [01;31m[K<ar_control/ar_control_client.h>[m[K
[0.783s]       |          [01;31m[K^~~~~~~~~~~~~~~~~~~~~~~~~~~~~~~~[m[K
[0.783s] compilation terminated.
[0.783s] [01m[K/home/hans/ar/ar_src/command/ar_control/src/ar_system.cpp:15:10:[m[K [01;31m[Kfatal error: [m[Kar_control/ar_system.hpp: No such file or directory
[0.783s]    15 | #include [01;31m[K"ar_control/ar_system.hpp"[m[K
[0.783s]       |          [01;31m[K^~~~~~~~~~~~~~~~~~~~~~~~~~[m[K
[0.783s] compilation terminated.
[0.783s] [01m[K/home/hans/ar/ar_src/command/ar_control/src/ar_hardware_interface.cpp:1:10:[m[K [01;31m[Kfatal error: [m[Kar_control/ar_hardware_interface.h: No such file or directory
[0.784s]     1 | #include [01;31m[K<ar_control/ar_hardware_interface.h>[m[K
[0.784s]       |          [01;31m[K^~~~~~~~~~~~~~~~~~~~~~~~~~~~~~~~~~~~[m[K
[0.784s] gmake[2]: *** [CMakeFiles/ar_control_server.dir/build.make:76: CMakeFiles/ar_control_server.dir/src/ar_control_client.cpp.o] Error 1
[0.784s] compilation terminated.
[0.784s] gmake[2]: *** [CMakeFiles/ar_control_server.dir/build.make:118: CMakeFiles/ar_control_server.dir/src/ar_system.cpp.o] Error 1
[0.784s] gmake[2]: *** [CMakeFiles/ar_control_server.dir/build.make:104: CMakeFiles/ar_control_server.dir/src/ar_hardware_interface.cpp.o] Error 1
[0.784s] gmake[1]: *** [CMakeFiles/Makefile2:169: CMakeFiles/ar_control_server.dir/all] Error 2
[0.788s] [ 76%] [32mBuilding CXX object CMakeFiles/ar_control.dir/src/ar_system.cpp.o[0m
[0.794s] [01m[K/home/hans/ar/ar_src/command/ar_control/src/ar_system.cpp:15:10:[m[K [01;31m[Kfatal error: [m[Kar_control/ar_system.hpp: No such file or directory
[0.795s]    15 | #include [01;31m[K"ar_control/ar_system.hpp"[m[K
[0.795s]       |          [01;31m[K^~~~~~~~~~~~~~~~~~~~~~~~~~[m[K
[0.795s] compilation terminated.
[0.795s] gmake[2]: *** [CMakeFiles/ar_control.dir/build.make:118: CMakeFiles/ar_control.dir/src/ar_system.cpp.o] Error 1
[0.796s] gmake[1]: *** [CMakeFiles/Makefile2:143: CMakeFiles/ar_control.dir/all] Error 2
[0.796s] gmake: *** [Makefile:146: all] Error 2
[0.797s] Invoked command in '/home/hans/ar/build/ar_control' returned '2': CMAKE_PREFIX_PATH=/home/hans/ar/install/master:/home/hans/ar/install/ar_utils:/home/hans/ar/install/ar_comm:/home/hans/ar/install/ar_scene:/home/hans/ar/install/ar_planner_interface:/home/hans/ar/install/ar_msgs:/home/hans/ar/install/ar_moveit_config:/home/hans/ar/install/ar_computation:/home/hans/ar/install/ar_action:/opt/ros/humble /usr/bin/cmake --build /home/hans/ar/build/ar_control -- -j12 -l12
