[0.011s] Invoking command in '/home/hans/ar/build/ar_control': AMENT_PREFIX_PATH=/home/hans/ar/install/master:/home/hans/ar/install/ar_utils:/home/hans/ar/install/ar_comm:${AMENT_PREFIX_PATH} CMAKE_PREFIX_PATH=/home/hans/ar/install/master:/home/hans/ar/install/ar_utils:/home/hans/ar/install/ar_comm:/opt/ros/humble LD_LIBRARY_PATH=/home/hans/ar/install/ar_utils/lib:${LD_LIBRARY_PATH} /usr/bin/cmake --build /home/hans/ar/build/ar_control -- -j12 -l12
[0.056s] [35m[1mConsolidate compiler generated dependencies of target ar_control[0m
[0.058s] [35m[1mConsolidate compiler generated dependencies of target ar_control_server[0m
[0.062s] [ 10%] [32m[1mLinking CXX executable ar_control_client_server_test[0m
[0.062s] [ 15%] Built target ar_control_client
[0.092s] [ 20%] [32mBuilding CXX object CMakeFiles/ar_control.dir/src/ar_drive_control.cpp.o[0m
[0.092s] [ 25%] [32mBuilding CXX object CMakeFiles/ar_control.dir/src/ar_control_server.cpp.o[0m
[0.093s] [ 30%] [32mBuilding CXX object CMakeFiles/ar_control.dir/src/ar_hardware_interface.cpp.o[0m
[0.099s] [ 35%] [32mBuilding CXX object CMakeFiles/ar_control.dir/src/ar_system.cpp.o[0m
[0.105s] [ 40%] [32mBuilding CXX object CMakeFiles/ar_control_server.dir/src/ar_control_server.cpp.o[0m
[0.105s] [ 45%] [32mBuilding CXX object CMakeFiles/ar_control_server.dir/src/ar_hardware_interface.cpp.o[0m
[0.105s] [ 50%] [32mBuilding CXX object CMakeFiles/ar_control_server.dir/src/ar_drive_control.cpp.o[0m
[0.110s] [ 55%] [32mBuilding CXX object CMakeFiles/ar_control_server.dir/src/ar_system.cpp.o[0m
[0.371s] /usr/bin/ld: CMakeFiles/ar_control_client_server_test.dir/test/ar_control_client_server_test.cpp.o: in function `main':
[0.374s] ar_control_client_server_test.cpp:(.text.startup+0x273): undefined reference to `ar_control::ArControlServer::ArControlServer(ar_control::ArHardwareInterface*, rclcpp::NodeOptions const&)'
[0.374s] /usr/bin/ld: ar_control_client_server_test.cpp:(.text.startup+0x2bf): undefined reference to `ar_control::ArControlServer::startActionServer()'
[0.374s] /usr/bin/ld: ar_control_client_server_test.cpp:(.text.startup+0x3b7): undefined reference to `ar_control::ArControlClient::ArControlClient(std::__cxx11::basic_string<char, std::char_traits<char>, std::allocator<char> > const&, rclcpp::NodeOptions const&)'
[0.374s] /usr/bin/ld: ar_control_client_server_test.cpp:(.text.startup+0x919): undefined reference to `ar_control::ArControlClient::sendGoal(ar_action::action::ArControl_Goal_<std::allocator<void> > const&, bool)'
[0.378s] collect2: error: ld returned 1 exit status
[0.380s] gmake[2]: *** [CMakeFiles/ar_control_client_server_test.dir/build.make:337: ar_control_client_server_test] Error 1
[0.380s] gmake[1]: *** [CMakeFiles/Makefile2:221: CMakeFiles/ar_control_client_server_test.dir/all] Error 2
[0.381s] gmake[1]: *** Waiting for unfinished jobs....
[0.618s] In file included from [01m[K/home/hans/ar/ar_src/command/ar_control/src/ar_drive_control.cpp:1[m[K:
[0.618s] [01m[K/home/hans/ar/ar_src/command/ar_control/include/ar_drive_control.h:[m[K In member function â€˜[01m[Kvoid ar_control::ArDriveControl::InitializeDriveClient(int)[m[Kâ€™:
[0.619s] [01m[K/home/hans/ar/ar_src/command/ar_control/include/ar_drive_control.h:15:40:[m[K [01;35m[Kwarning: [m[Kunused parameter â€˜[01m[KslaveId[m[Kâ€™ [[01;35m[K]8;;https://gcc.gnu.org/onlinedocs/gcc/Warning-Options.html#index-Wunused-parameter-Wunused-parameter]8;;[m[K]
[0.619s]    15 |         void InitializeDriveClient([01;35m[Kint slaveId[m[K)
[0.619s]       |                                    [01;35m[K~~~~^~~~~~~[m[K
[0.619s] [01m[K/home/hans/ar/ar_src/command/ar_control/src/ar_drive_control.cpp:[m[K At global scope:
[0.619s] [01m[K/home/hans/ar/ar_src/command/ar_control/src/ar_drive_control.cpp:6:5:[m[K [01;31m[Kerror: [m[Kâ€˜[01m[KArDriveControl[m[Kâ€™ does not name a type
[0.619s]     6 |     [01;31m[KArDriveControl[m[K::ArDriveControl(DriveParameter& driveParm,bool uiState) : drive_parameter(driveParm), is_ui_(uiState)
[0.619s]       |     [01;31m[K^~~~~~~~~~~~~~[m[K
[0.620s] [01m[K/home/hans/ar/ar_src/command/ar_control/src/ar_drive_control.cpp:11:5:[m[K [01;31m[Kerror: [m[Kâ€˜[01m[KArDriveControl[m[Kâ€™ does not name a type
[0.620s]    11 |     [01;31m[KArDriveControl[m[K::InitializeDriveClient(int slaveId)
[0.620s]       |     [01;31m[K^~~~~~~~~~~~~~[m[K
[0.620s] [01m[K/home/hans/ar/ar_src/command/ar_control/src/ar_drive_control.cpp:18:10:[m[K [01;31m[Kerror: [m[Kâ€˜[01m[KArDriveControl[m[Kâ€™ has not been declared
[0.620s]    18 |     void [01;31m[KArDriveControl[m[K::AddJoint(JointParameter& jointParam)
[0.620s]       |          [01;31m[K^~~~~~~~~~~~~~[m[K
[0.620s] [01m[K/home/hans/ar/ar_src/command/ar_control/src/ar_drive_control.cpp:[m[K In function â€˜[01m[Kvoid ar_cotnrol::AddJoint(JointParameter&)[m[Kâ€™:
[0.620s] [01m[K/home/hans/ar/ar_src/command/ar_control/src/ar_drive_control.cpp:20:9:[m[K [01;31m[Kerror: [m[Kâ€˜[01m[KArJointControl[m[Kâ€™ was not declared in this scope; did you mean â€˜[01m[Kar_control::ArJointControl[m[Kâ€™?
[0.620s]    20 |         [01;31m[KArJointControl[m[K* joint = new ArJointControl(jointParam.joint_name);
[0.620s]       |         [01;31m[K^~~~~~~~~~~~~~[m[K
[0.620s]       |         [32m[Kar_control::ArJointControl[m[K
[0.621s] In file included from [01m[K/home/hans/ar/ar_src/command/ar_control/include/ar_drive_control.h:5[m[K,
[0.621s]                  from [01m[K/home/hans/ar/ar_src/command/ar_control/src/ar_drive_control.cpp:1[m[K:
[0.621s] [01m[K/home/hans/ar/ar_src/command/ar_control/include/ar_joint_control.h:9:11:[m[K [01;36m[Knote: [m[Kâ€˜[01m[Kar_control::ArJointControl[m[Kâ€™ declared here
[0.621s]     9 |     class [01;36m[KArJointControl[m[K
[0.621s]       |           [01;36m[K^~~~~~~~~~~~~~[m[K
[0.622s] [01m[K/home/hans/ar/ar_src/command/ar_control/src/ar_drive_control.cpp:20:25:[m[K [01;31m[Kerror: [m[Kâ€˜[01m[Kjoint[m[Kâ€™ was not declared in this scope
[0.622s]    20 |         ArJointControl* [01;31m[Kjoint[m[K = new ArJointControl(jointParam.joint_name);
[0.622s]       |                         [01;31m[K^~~~~[m[K
[0.622s] [01m[K/home/hans/ar/ar_src/command/ar_control/src/ar_drive_control.cpp:20:37:[m[K [01;31m[Kerror: [m[Kexpected type-specifier before â€˜[01m[KArJointControl[m[Kâ€™
[0.622s]    20 |         ArJointControl* joint = new [01;31m[KArJointControl[m[K(jointParam.joint_name);
[0.622s]       |                                     [01;31m[K^~~~~~~~~~~~~~[m[K
[0.623s] [01m[K/home/hans/ar/ar_src/command/ar_control/src/ar_drive_control.cpp:21:96:[m[K [01;31m[Kerror: [m[Kâ€˜[01m[Kdrive_id_[m[Kâ€™ was not declared in this scope
[0.623s]    21 |                 printf(COLOR_BLUE "\n[Tomo Drive Control] Drive %d add joint: %s" COLOR_RESET, [01;31m[Kdrive_id_[m[K, jointParm.joint_name.c_str());
[0.624s]       |                                                                                                [01;31m[K^~~~~~~~~[m[K
[0.625s] [01m[K/home/hans/ar/ar_src/command/ar_control/src/ar_drive_control.cpp:21:107:[m[K [01;31m[Kerror: [m[Kâ€˜[01m[KjointParm[m[Kâ€™ was not declared in this scope; did you mean â€˜[01m[KjointParam[m[Kâ€™?
[0.625s]    21 |                 printf(COLOR_BLUE "\n[Tomo Drive Control] Drive %d add joint: %s" COLOR_RESET, drive_id_, [01;31m[KjointParm[m[K.joint_name.c_str());
[0.625s]       |                                                                                                           [01;31m[K^~~~~~~~~[m[K
[0.625s]       |                                                                                                           [32m[KjointParam[m[K
[0.625s] [01m[K/home/hans/ar/ar_src/command/ar_control/src/ar_drive_control.cpp:18:51:[m[K [01;35m[Kwarning: [m[Kunused parameter â€˜[01m[KjointParam[m[Kâ€™ [[01;35m[K]8;;https://gcc.gnu.org/onlinedocs/gcc/Warning-Options.html#index-Wunused-parameter-Wunused-parameter]8;;[m[K]
[0.625s]    18 |     void ArDriveControl::AddJoint([01;35m[KJointParameter& jointParam[m[K)
[0.625s]       |                                   [01;35m[K~~~~~~~~~~~~~~~~^~~~~~~~~~[m[K
[0.625s] [01m[K/home/hans/ar/ar_src/command/ar_control/src/ar_drive_control.cpp:[m[K At global scope:
[0.625s] [01m[K/home/hans/ar/ar_src/command/ar_control/src/ar_drive_control.cpp:24:5:[m[K [01;31m[Kerror: [m[Kâ€˜[01m[KArDiveControl[m[Kâ€™ does not name a type
[0.625s]    24 |     [01;31m[KArDiveControl[m[K::~ArDriveControl()
[0.625s]       |     [01;31m[K^~~~~~~~~~~~~[m[K
[0.626s] [01m[K/home/hans/ar/ar_src/command/ar_control/src/ar_drive_control.cpp:29:5:[m[K [01;31m[Kerror: [m[Kâ€˜[01m[KArDriveControl[m[Kâ€™ does not name a type
[0.626s]    29 |     [01;31m[KArDriveControl[m[K::write()
[0.626s]       |     [01;31m[K^~~~~~~~~~~~~~[m[K
[0.626s] [01m[K/home/hans/ar/ar_src/command/ar_control/src/ar_drive_control.cpp:34:5:[m[K [01;31m[Kerror: [m[Kâ€˜[01m[KArDriveControl[m[Kâ€™ does not name a type
[0.626s]    34 |     [01;31m[KArDriveControl[m[K::read()
[0.626s]       |     [01;31m[K^~~~~~~~~~~~~~[m[K
[0.724s] In file included from [01m[K/home/hans/ar/ar_src/command/ar_control/src/ar_drive_control.cpp:1[m[K:
[0.724s] [01m[K/home/hans/ar/ar_src/command/ar_control/include/ar_drive_control.h:[m[K In member function â€˜[01m[Kvoid ar_control::ArDriveControl::InitializeDriveClient(int)[m[Kâ€™:
[0.724s] [01m[K/home/hans/ar/ar_src/command/ar_control/include/ar_drive_control.h:15:40:[m[K [01;35m[Kwarning: [m[Kunused parameter â€˜[01m[KslaveId[m[Kâ€™ [[01;35m[K]8;;https://gcc.gnu.org/onlinedocs/gcc/Warning-Options.html#index-Wunused-parameter-Wunused-parameter]8;;[m[K]
[0.724s]    15 |         void InitializeDriveClient([01;35m[Kint slaveId[m[K)
[0.724s]       |                                    [01;35m[K~~~~^~~~~~~[m[K
[0.725s] [01m[K/home/hans/ar/ar_src/command/ar_control/src/ar_drive_control.cpp:[m[K At global scope:
[0.725s] [01m[K/home/hans/ar/ar_src/command/ar_control/src/ar_drive_control.cpp:6:5:[m[K [01;31m[Kerror: [m[Kâ€˜[01m[KArDriveControl[m[Kâ€™ does not name a type
[0.725s]     6 |     [01;31m[KArDriveControl[m[K::ArDriveControl(DriveParameter& driveParm,bool uiState) : drive_parameter(driveParm), is_ui_(uiState)
[0.725s]       |     [01;31m[K^~~~~~~~~~~~~~[m[K
[0.726s] [01m[K/home/hans/ar/ar_src/command/ar_control/src/ar_drive_control.cpp:11:5:[m[K [01;31m[Kerror: [m[Kâ€˜[01m[KArDriveControl[m[Kâ€™ does not name a type
[0.726s]    11 |     [01;31m[KArDriveControl[m[K::InitializeDriveClient(int slaveId)
[0.726s]       |     [01;31m[K^~~~~~~~~~~~~~[m[K
[0.726s] [01m[K/home/hans/ar/ar_src/command/ar_control/src/ar_drive_control.cpp:18:10:[m[K [01;31m[Kerror: [m[Kâ€˜[01m[KArDriveControl[m[Kâ€™ has not been declared
[0.726s]    18 |     void [01;31m[KArDriveControl[m[K::AddJoint(JointParameter& jointParam)
[0.726s]       |          [01;31m[K^~~~~~~~~~~~~~[m[K
[0.726s] [01m[K/home/hans/ar/ar_src/command/ar_control/src/ar_drive_control.cpp:[m[K In function â€˜[01m[Kvoid ar_cotnrol::AddJoint(JointParameter&)[m[Kâ€™:
[0.726s] [01m[K/home/hans/ar/ar_src/command/ar_control/src/ar_drive_control.cpp:20:9:[m[K [01;31m[Kerror: [m[Kâ€˜[01m[KArJointControl[m[Kâ€™ was not declared in this scope; did you mean â€˜[01m[Kar_control::ArJointControl[m[Kâ€™?
[0.726s]    20 |         [01;31m[KArJointControl[m[K* joint = new ArJointControl(jointParam.joint_name);
[0.726s]       |         [01;31m[K^~~~~~~~~~~~~~[m[K
[0.726s]       |         [32m[Kar_control::ArJointControl[m[K
[0.727s] In file included from [01m[K/home/hans/ar/ar_src/command/ar_control/include/ar_drive_control.h:5[m[K,
[0.727s]                  from [01m[K/home/hans/ar/ar_src/command/ar_control/src/ar_drive_control.cpp:1[m[K:
[0.727s] [01m[K/home/hans/ar/ar_src/command/ar_control/include/ar_joint_control.h:9:11:[m[K [01;36m[Knote: [m[Kâ€˜[01m[Kar_control::ArJointControl[m[Kâ€™ declared here
[0.727s]     9 |     class [01;36m[KArJointControl[m[K
[0.727s]       |           [01;36m[K^~~~~~~~~~~~~~[m[K
[0.728s] [01m[K/home/hans/ar/ar_src/command/ar_control/src/ar_drive_control.cpp:20:25:[m[K [01;31m[Kerror: [m[Kâ€˜[01m[Kjoint[m[Kâ€™ was not declared in this scope
[0.728s]    20 |         ArJointControl* [01;31m[Kjoint[m[K = new ArJointControl(jointParam.joint_name);
[0.728s]       |                         [01;31m[K^~~~~[m[K
[0.728s] [01m[K/home/hans/ar/ar_src/command/ar_control/src/ar_drive_control.cpp:20:37:[m[K [01;31m[Kerror: [m[Kexpected type-specifier before â€˜[01m[KArJointControl[m[Kâ€™
[0.728s]    20 |         ArJointControl* joint = new [01;31m[KArJointControl[m[K(jointParam.joint_name);
[0.728s]       |                                     [01;31m[K^~~~~~~~~~~~~~[m[K
[0.730s] [01m[K/home/hans/ar/ar_src/command/ar_control/src/ar_drive_control.cpp:21:96:[m[K [01;31m[Kerror: [m[Kâ€˜[01m[Kdrive_id_[m[Kâ€™ was not declared in this scope
[0.730s]    21 |                 printf(COLOR_BLUE "\n[Tomo Drive Control] Drive %d add joint: %s" COLOR_RESET, [01;31m[Kdrive_id_[m[K, jointParm.joint_name.c_str());
[0.730s]       |                                                                                                [01;31m[K^~~~~~~~~[m[K
[0.732s] [01m[K/home/hans/ar/ar_src/command/ar_control/src/ar_drive_control.cpp:21:107:[m[K [01;31m[Kerror: [m[Kâ€˜[01m[KjointParm[m[Kâ€™ was not declared in this scope; did you mean â€˜[01m[KjointParam[m[Kâ€™?
[0.732s]    21 |                 printf(COLOR_BLUE "\n[Tomo Drive Control] Drive %d add joint: %s" COLOR_RESET, drive_id_, [01;31m[KjointParm[m[K.joint_name.c_str());
[0.732s]       |                                                                                                           [01;31m[K^~~~~~~~~[m[K
[0.732s]       |                                                                                                           [32m[KjointParam[m[K
[0.732s] [01m[K/home/hans/ar/ar_src/command/ar_control/src/ar_drive_control.cpp:18:51:[m[K [01;35m[Kwarning: [m[Kunused parameter â€˜[01m[KjointParam[m[Kâ€™ [[01;35m[K]8;;https://gcc.gnu.org/onlinedocs/gcc/Warning-Options.html#index-Wunused-parameter-Wunused-parameter]8;;[m[K]
[0.732s]    18 |     void ArDriveControl::AddJoint([01;35m[KJointParameter& jointParam[m[K)
[0.732s]       |                                   [01;35m[K~~~~~~~~~~~~~~~~^~~~~~~~~~[m[K
[0.733s] [01m[K/home/hans/ar/ar_src/command/ar_control/src/ar_drive_control.cpp:[m[K At global scope:
[0.733s] [01m[K/home/hans/ar/ar_src/command/ar_control/src/ar_drive_control.cpp:24:5:[m[K [01;31m[Kerror: [m[Kâ€˜[01m[KArDiveControl[m[Kâ€™ does not name a type
[0.733s]    24 |     [01;31m[KArDiveControl[m[K::~ArDriveControl()
[0.733s]       |     [01;31m[K^~~~~~~~~~~~~[m[K
[0.734s] [01m[K/home/hans/ar/ar_src/command/ar_control/src/ar_drive_control.cpp:29:5:[m[K [01;31m[Kerror: [m[Kâ€˜[01m[KArDriveControl[m[Kâ€™ does not name a type
[0.734s]    29 |     [01;31m[KArDriveControl[m[K::write()
[0.734s]       |     [01;31m[K^~~~~~~~~~~~~~[m[K
[0.735s] [01m[K/home/hans/ar/ar_src/command/ar_control/src/ar_drive_control.cpp:34:5:[m[K [01;31m[Kerror: [m[Kâ€˜[01m[KArDriveControl[m[Kâ€™ does not name a type
[0.735s]    34 |     [01;31m[KArDriveControl[m[K::read()
[0.735s]       |     [01;31m[K^~~~~~~~~~~~~~[m[K
[0.736s] gmake[2]: *** [CMakeFiles/ar_control_server.dir/build.make:118: CMakeFiles/ar_control_server.dir/src/ar_drive_control.cpp.o] Error 1
[0.736s] gmake[2]: *** Waiting for unfinished jobs....
[0.882s] gmake[2]: *** [CMakeFiles/ar_control.dir/build.make:118: CMakeFiles/ar_control.dir/src/ar_drive_control.cpp.o] Error 1
[0.883s] gmake[2]: *** Waiting for unfinished jobs....
[3.862s] [01m[K/home/hans/ar/ar_src/command/ar_control/src/ar_control_server.cpp:[m[K In member function â€˜[01m[Kvoid ar_control::ArControlServer::incomingDisplayTrajectory(moveit_msgs::msg::DisplayTrajectory_<std::allocator<void> >::ConstSharedPtr)[m[Kâ€™:
[3.863s] [01m[K/home/hans/ar/ar_src/command/ar_control/src/ar_control_server.cpp:32:24:[m[K [01;31m[Kerror: [m[Kâ€˜[01m[Kclass ar_control::ArHardwareInterface[m[Kâ€™ has no member named â€˜[01m[Kmove[m[Kâ€™
[3.863s]    32 |                 robot->[01;31m[Kmove[m[K("", msg->trajectory[0].joint_trajectory, status);
[3.863s]       |                        [01;31m[K^~~~[m[K
[3.887s] [01m[K/home/hans/ar/ar_src/command/ar_control/src/ar_control_server.cpp:[m[K In member function â€˜[01m[Kvoid ar_control::ArControlServer::execute(std::shared_ptr<rclcpp_action::ServerGoalHandle<ar_action::action::ArControl> >)[m[Kâ€™:
[3.887s] [01m[K/home/hans/ar/ar_src/command/ar_control/src/ar_control_server.cpp:92:52:[m[K [01;31m[Kerror: [m[Kâ€˜[01m[KSUCCESS[m[Kâ€™ is not a member of â€˜[01m[Kar_control::ControlErrorCode[m[Kâ€™
[3.887s]    92 |                         status = ControlErrorCode::[01;31m[KSUCCESS[m[K;
[3.887s]       |                                                    [01;31m[K^~~~~~~[m[K
[3.887s] [01m[K/home/hans/ar/ar_src/command/ar_control/src/ar_control_server.cpp:99:40:[m[K [01;31m[Kerror: [m[Kâ€˜[01m[Kclass ar_control::ArHardwareInterface[m[Kâ€™ has no member named â€˜[01m[Kmove[m[Kâ€™
[3.887s]    99 |                                 robot->[01;31m[Kmove[m[K(goal->planning_group, goal->trajectory, status);
[3.887s]       |                                        [01;31m[K^~~~[m[K
[3.888s] [01m[K/home/hans/ar/ar_src/command/ar_control/src/ar_control_server.cpp:102:60:[m[K [01;31m[Kerror: [m[Kâ€˜[01m[KSUCCESS[m[Kâ€™ is not a member of â€˜[01m[Kar_control::ControlErrorCode[m[Kâ€™
[3.888s]   102 |                                 status = ControlErrorCode::[01;31m[KSUCCESS[m[K;
[3.888s]       |                                                            [01;31m[K^~~~~~~[m[K
[3.952s] [01m[K/home/hans/ar/ar_src/command/ar_control/src/ar_system.cpp:[m[K In member function â€˜[01m[Kvirtual CallbackReturn ar_control::ArSystemHardware::on_init(const hardware_interface::HardwareInfo&)[m[Kâ€™:
[3.952s] [01m[K/home/hans/ar/ar_src/command/ar_control/src/ar_system.cpp:43:17:[m[K [01;31m[Kerror: [m[Kâ€˜[01m[Krobot_desc[m[Kâ€™ was not declared in this scope
[3.952s]    43 |                 [01;31m[Krobot_desc[m[K = info_.hardware_parameters["desc"];
[3.952s]       |                 [01;31m[K^~~~~~~~~~[m[K
[3.956s] [01m[K/home/hans/ar/ar_src/command/ar_control/src/ar_system.cpp:[m[K In member function â€˜[01m[Kvirtual CallbackReturn ar_control::ArSystemHardware::on_configure(const rclcpp_lifecycle::State&)[m[Kâ€™:
[3.956s] [01m[K/home/hans/ar/ar_src/command/ar_control/src/ar_system.cpp:88:41:[m[K [01;31m[Kerror: [m[Kâ€˜[01m[Kusing element_type = class ar_control::ArHardwareInterface[m[Kâ€™ {aka â€˜[01m[Kclass ar_control::ArHardwareInterface[m[Kâ€™} has no member named â€˜[01m[KgetDrives[m[Kâ€™
[3.956s]    88 |                 for(auto drive : robot->[01;31m[KgetDrives[m[K()) {
[3.956s]       |                                         [01;31m[K^~~~~~~~~[m[K
[3.958s] [01m[K/home/hans/ar/ar_src/command/ar_control/src/ar_system.cpp:[m[K In member function â€˜[01m[Kvirtual std::vector<hardware_interface::StateInterface> ar_control::ArSystemHardware::export_state_interfaces()[m[Kâ€™:
[3.958s] [01m[K/home/hans/ar/ar_src/command/ar_control/src/ar_system.cpp:103:41:[m[K [01;31m[Kerror: [m[Kâ€˜[01m[Kusing element_type = class ar_control::ArHardwareInterface[m[Kâ€™ {aka â€˜[01m[Kclass ar_control::ArHardwareInterface[m[Kâ€™} has no member named â€˜[01m[KgetDrives[m[Kâ€™
[3.958s]   103 |                 for(auto drive : robot->[01;31m[KgetDrives[m[K()) {
[3.958s]       |                                         [01;31m[K^~~~~~~~~[m[K
[3.961s] [01m[K/home/hans/ar/ar_src/command/ar_control/src/ar_system.cpp:[m[K In member function â€˜[01m[Kvirtual std::vector<hardware_interface::CommandInterface> ar_control::ArSystemHardware::export_command_interfaces()[m[Kâ€™:
[3.961s] [01m[K/home/hans/ar/ar_src/command/ar_control/src/ar_system.cpp:120:41:[m[K [01;31m[Kerror: [m[Kâ€˜[01m[Kusing element_type = class ar_control::ArHardwareInterface[m[Kâ€™ {aka â€˜[01m[Kclass ar_control::ArHardwareInterface[m[Kâ€™} has no member named â€˜[01m[KgetDrives[m[Kâ€™
[3.961s]   120 |                 for(auto drive : robot->[01;31m[KgetDrives[m[K()) {
[3.961s]       |                                         [01;31m[K^~~~~~~~~[m[K
[3.961s] [01m[K/home/hans/ar/ar_src/command/ar_control/src/ar_system.cpp:[m[K In member function â€˜[01m[Kvirtual CallbackReturn ar_control::ArSystemHardware::on_activate(const rclcpp_lifecycle::State&)[m[Kâ€™:
[3.961s] [01m[K/home/hans/ar/ar_src/command/ar_control/src/ar_system.cpp:137:41:[m[K [01;31m[Kerror: [m[Kâ€˜[01m[Kusing element_type = class ar_control::ArHardwareInterface[m[Kâ€™ {aka â€˜[01m[Kclass ar_control::ArHardwareInterface[m[Kâ€™} has no member named â€˜[01m[KgetDrives[m[Kâ€™
[3.961s]   137 |                 for(auto drive : robot->[01;31m[KgetDrives[m[K()) {
[3.961s]       |                                         [01;31m[K^~~~~~~~~[m[K
[3.962s] [01m[K/home/hans/ar/ar_src/command/ar_control/src/ar_system.cpp:[m[K In member function â€˜[01m[Kvirtual hardware_interface::return_type ar_control::ArSystemHardware::write(const rclcpp::Time&, const rclcpp::Duration&)[m[Kâ€™:
[3.962s] [01m[K/home/hans/ar/ar_src/command/ar_control/src/ar_system.cpp:178:27:[m[K [01;31m[Kerror: [m[Kâ€˜[01m[Kusing element_type = class ar_control::ArHardwareInterface[m[Kâ€™ {aka â€˜[01m[Kclass ar_control::ArHardwareInterface[m[Kâ€™} has no member named â€˜[01m[Ksoem_drives[m[Kâ€™; did you mean â€˜[01m[KArDrives ar_control::ArHardwareInterface::ar_drives[m[Kâ€™? (not accessible from this context)
[3.962s]   178 |                 if(robot->[01;31m[Ksoem_drives[m[K)
[3.962s]       |                           [01;31m[K^~~~~~~~~~~[m[K
[3.963s] In file included from [01m[K/home/hans/ar/ar_src/command/ar_control/include/ar_system.hpp:30[m[K,
[3.963s]                  from [01m[K/home/hans/ar/ar_src/command/ar_control/src/ar_system.cpp:15[m[K:
[3.963s] [01m[K/home/hans/ar/ar_src/command/ar_control/include/ar_hardware_interface.h:38:26:[m[K [01;36m[Knote: [m[Kdeclared private here
[3.963s]    38 |                 ArDrives [01;36m[Kar_drives[m[K;                                             ///< Holds all drive parameters and joint names
[3.963s]       |                          [01;36m[K^~~~~~~~~[m[K
[3.968s] [01m[K/home/hans/ar/ar_src/command/ar_control/src/ar_system.cpp:179:44:[m[K [01;31m[Kerror: [m[Kâ€˜[01m[Kcond[m[Kâ€™ was not declared in this scope
[3.968s]   179 |                         pthread_cond_wait(&[01;31m[Kcond[m[K, &lock);
[3.968s]       |                                            [01;31m[K^~~~[m[K
[3.969s] [01m[K/home/hans/ar/ar_src/command/ar_control/src/ar_system.cpp:179:51:[m[K [01;31m[Kerror: [m[Kâ€˜[01m[Klock[m[Kâ€™ was not declared in this scope; did you mean â€˜[01m[Kstd::lock[m[Kâ€™?
[3.969s]   179 |                         pthread_cond_wait(&cond, &[01;31m[Klock[m[K);
[3.969s]       |                                                   [01;31m[K^~~~[m[K
[3.969s]       |                                                   [32m[Kstd::lock[m[K
[3.969s] In file included from [01m[K/home/hans/ar/ar_src/command/ar_control/include/ar_control_server.h:10[m[K,
[3.970s]                  from [01m[K/home/hans/ar/ar_src/command/ar_control/include/ar_hardware_interface.h:11[m[K,
[3.970s]                  from [01m[K/home/hans/ar/ar_src/command/ar_control/include/ar_system.hpp:30[m[K,
[3.970s]                  from [01m[K/home/hans/ar/ar_src/command/ar_control/src/ar_system.cpp:15[m[K:
[3.970s] [01m[K/usr/include/c++/11/mutex:591:5:[m[K [01;36m[Knote: [m[Kâ€˜[01m[Kstd::lock[m[Kâ€™ declared here
[3.970s]   591 |     [01;36m[Klock[m[K(_L1& __l1, _L2& __l2, _L3&... __l3)
[3.970s]       |     [01;36m[K^~~~[m[K
[3.991s] [01m[K/home/hans/ar/ar_src/command/ar_control/src/ar_control_server.cpp:[m[K In member function â€˜[01m[Kvoid ar_control::ArControlServer::incomingDisplayTrajectory(moveit_msgs::msg::DisplayTrajectory_<std::allocator<void> >::ConstSharedPtr)[m[Kâ€™:
[3.991s] [01m[K/home/hans/ar/ar_src/command/ar_control/src/ar_control_server.cpp:32:24:[m[K [01;31m[Kerror: [m[Kâ€˜[01m[Kclass ar_control::ArHardwareInterface[m[Kâ€™ has no member named â€˜[01m[Kmove[m[Kâ€™
[3.991s]    32 |                 robot->[01;31m[Kmove[m[K("", msg->trajectory[0].joint_trajectory, status);
[3.991s]       |                        [01;31m[K^~~~[m[K
[4.004s] [01m[K/home/hans/ar/ar_src/command/ar_control/src/ar_hardware_interface.cpp:[m[K In constructor â€˜[01m[Kar_control::ArHardwareInterface::ArHardwareInterface(bool, bool)[m[Kâ€™:
[4.004s] [01m[K/home/hans/ar/ar_src/command/ar_control/src/ar_hardware_interface.cpp:25:9:[m[K [01;31m[Kerror: [m[Kâ€˜[01m[Kar_hardware_interface_node_[m[Kâ€™ was not declared in this scope; did you mean â€˜[01m[KArHardwareInterface[m[Kâ€™?
[4.004s]    25 |         [01;31m[Kar_hardware_interface_node_[m[K = rclcpp::Node::make_shared("ar_hardware_interface_node",
[4.004s]       |         [01;31m[K^~~~~~~~~~~~~~~~~~~~~~~~~~~[m[K
[4.004s]       |         [32m[KArHardwareInterface[m[K
[4.004s] [01m[K/home/hans/ar/ar_src/command/ar_control/src/ar_hardware_interface.cpp:[m[K In constructor â€˜[01m[Kar_control::ArHardwareInterface::ArHardwareInterface(bool, bool)[m[Kâ€™:
[4.004s] [01m[K/home/hans/ar/ar_src/command/ar_control/src/ar_hardware_interface.cpp:25:9:[m[K [01;31m[Kerror: [m[Kâ€˜[01m[Kar_hardware_interface_node_[m[Kâ€™ was not declared in this scope; did you mean â€˜[01m[KArHardwareInterface[m[Kâ€™?
[4.004s]    25 |         [01;31m[Kar_hardware_interface_node_[m[K = rclcpp::Node::make_shared("ar_hardware_interface_node",
[4.004s]       |         [01;31m[K^~~~~~~~~~~~~~~~~~~~~~~~~~~[m[K
[4.004s]       |         [32m[KArHardwareInterface[m[K
[4.013s] [01m[K/home/hans/ar/ar_src/command/ar_control/src/ar_control_server.cpp:[m[K In member function â€˜[01m[Kvoid ar_control::ArControlServer::execute(std::shared_ptr<rclcpp_action::ServerGoalHandle<ar_action::action::ArControl> >)[m[Kâ€™:
[4.013s] [01m[K/home/hans/ar/ar_src/command/ar_control/src/ar_control_server.cpp:92:52:[m[K [01;31m[Kerror: [m[Kâ€˜[01m[KSUCCESS[m[Kâ€™ is not a member of â€˜[01m[Kar_control::ControlErrorCode[m[Kâ€™
[4.013s]    92 |                         status = ControlErrorCode::[01;31m[KSUCCESS[m[K;
[4.013s]       |                                                    [01;31m[K^~~~~~~[m[K
[4.013s] [01m[K/home/hans/ar/ar_src/command/ar_control/src/ar_control_server.cpp:99:40:[m[K [01;31m[Kerror: [m[Kâ€˜[01m[Kclass ar_control::ArHardwareInterface[m[Kâ€™ has no member named â€˜[01m[Kmove[m[Kâ€™
[4.013s]    99 |                                 robot->[01;31m[Kmove[m[K(goal->planning_group, goal->trajectory, status);
[4.013s]       |                                        [01;31m[K^~~~[m[K
[4.013s] [01m[K/home/hans/ar/ar_src/command/ar_control/src/ar_control_server.cpp:102:60:[m[K [01;31m[Kerror: [m[Kâ€˜[01m[KSUCCESS[m[Kâ€™ is not a member of â€˜[01m[Kar_control::ControlErrorCode[m[Kâ€™
[4.013s]   102 |                                 status = ControlErrorCode::[01;31m[KSUCCESS[m[K;
[4.013s]       |                                                            [01;31m[K^~~~~~~[m[K
[4.027s] [01m[K/home/hans/ar/ar_src/command/ar_control/src/ar_hardware_interface.cpp:26:88:[m[K [01;31m[Kerror: [m[Kâ€˜[01m[Kautomatically_declare_parameters_from_overrides[m[Kâ€™ was not declared in this scope
[4.027s]    26 |                                                                 rclcpp::NodeOptions(), [01;31m[Kautomatically_declare_parameters_from_overrides[m[K(true));
[4.027s]       |                                                                                        [01;31m[K^~~~~~~~~~~~~~~~~~~~~~~~~~~~~~~~~~~~~~~~~~~~~~~[m[K
[4.027s] In file included from [01m[K/opt/ros/humble/include/rclcpp/rclcpp/client.hpp:40[m[K,
[4.027s]                  from [01m[K/opt/ros/humble/include/rclcpp/rclcpp/callback_group.hpp:24[m[K,
[4.027s]                  from [01m[K/opt/ros/humble/include/rclcpp/rclcpp/any_executable.hpp:20[m[K,
[4.027s]                  from [01m[K/opt/ros/humble/include/rclcpp/rclcpp/memory_strategy.hpp:25[m[K,
[4.027s]                  from [01m[K/opt/ros/humble/include/rclcpp/rclcpp/memory_strategies.hpp:18[m[K,
[4.028s]                  from [01m[K/opt/ros/humble/include/rclcpp/rclcpp/executor_options.hpp:20[m[K,
[4.028s]                  from [01m[K/opt/ros/humble/include/rclcpp/rclcpp/executor.hpp:37[m[K,
[4.028s]                  from [01m[K/opt/ros/humble/include/rclcpp/rclcpp/executors/multi_threaded_executor.hpp:25[m[K,
[4.028s]                  from [01m[K/opt/ros/humble/include/rclcpp/rclcpp/executors.hpp:21[m[K,
[4.028s]                  from [01m[K/opt/ros/humble/include/rclcpp/rclcpp/rclcpp.hpp:155[m[K,
[4.028s]                  from [01m[K/home/hans/ar/ar_src/command/ar_control/include/ar_control_server.h:12[m[K,
[4.028s]                  from [01m[K/home/hans/ar/ar_src/command/ar_control/include/ar_hardware_interface.h:11[m[K,
[4.028s]                  from [01m[K/home/hans/ar/ar_src/command/ar_control/src/ar_hardware_interface.cpp:1[m[K:
[4.028s] [01m[K/home/hans/ar/ar_src/command/ar_control/src/ar_hardware_interface.cpp:30:13:[m[K [01;31m[Kerror: [m[Ktemplate argument 1 is invalid
[4.028s]    30 |             [01;31m[KRCLCPP_ERROR[m[K(ar_hardware_interface_node_->get_logger(), "Parameter 'robot_description' not found.");
[4.028s]       |             [01;31m[K^~~~~~~~~~~~[m[K
[4.028s] [01m[K/home/hans/ar/ar_src/command/ar_control/src/ar_hardware_interface.cpp:30:13:[m[K [01;31m[Kerror: [m[Ktemplate argument 1 is invalid
[4.028s]    30 |             [01;31m[KRCLCPP_ERROR[m[K(ar_hardware_interface_node_->get_logger(), "Parameter 'robot_description' not found.");
[4.028s]       |             [01;31m[K^~~~~~~~~~~~[m[K
[4.028s] [01m[K/home/hans/ar/ar_src/command/ar_control/src/ar_hardware_interface.cpp:30:13:[m[K [01;31m[Kerror: [m[Ktemplate argument 1 is invalid
[4.028s]    30 |             [01;31m[KRCLCPP_ERROR[m[K(ar_hardware_interface_node_->get_logger(), "Parameter 'robot_description' not found.");
[4.028s]       |             [01;31m[K^~~~~~~~~~~~[m[K
[4.028s] [01m[K/home/hans/ar/ar_src/command/ar_control/src/ar_hardware_interface.cpp:35:13:[m[K [01;31m[Kerror: [m[Ktemplate argument 1 is invalid
[4.029s]    35 |             [01;31m[KRCLCPP_ERROR[m[K(ar_hardware_interface_node_->get_logger(), "Failed to parse URDF model.");
[4.029s]       |             [01;31m[K^~~~~~~~~~~~[m[K
[4.029s] [01m[K/home/hans/ar/ar_src/command/ar_control/src/ar_hardware_interface.cpp:35:13:[m[K [01;31m[Kerror: [m[Ktemplate argument 1 is invalid
[4.029s]    35 |             [01;31m[KRCLCPP_ERROR[m[K(ar_hardware_interface_node_->get_logger(), "Failed to parse URDF model.");
[4.029s]       |             [01;31m[K^~~~~~~~~~~~[m[K
[4.029s] [01m[K/home/hans/ar/ar_src/command/ar_control/src/ar_hardware_interface.cpp:35:13:[m[K [01;31m[Kerror: [m[Ktemplate argument 1 is invalid
[4.029s]    35 |             [01;31m[KRCLCPP_ERROR[m[K(ar_hardware_interface_node_->get_logger(), "Failed to parse URDF model.");
[4.029s]       |             [01;31m[K^~~~~~~~~~~~[m[K
[4.029s] [01m[K/home/hans/ar/ar_src/command/ar_control/src/ar_hardware_interface.cpp:26:88:[m[K [01;31m[Kerror: [m[Kâ€˜[01m[Kautomatically_declare_parameters_from_overrides[m[Kâ€™ was not declared in this scope
[4.029s]    26 |                                                                 rclcpp::NodeOptions(), [01;31m[Kautomatically_declare_parameters_from_overrides[m[K(true));
[4.029s]       |                                                                                        [01;31m[K^~~~~~~~~~~~~~~~~~~~~~~~~~~~~~~~~~~~~~~~~~~~~~~[m[K
[4.029s] In file included from [01m[K/opt/ros/humble/include/rclcpp/rclcpp/client.hpp:40[m[K,
[4.029s]                  from [01m[K/opt/ros/humble/include/rclcpp/rclcpp/callback_group.hpp:24[m[K,
[4.029s]                  from [01m[K/opt/ros/humble/include/rclcpp/rclcpp/any_executable.hpp:20[m[K,
[4.029s]                  from [01m[K/opt/ros/humble/include/rclcpp/rclcpp/memory_strategy.hpp:25[m[K,
[4.029s]                  from [01m[K/opt/ros/humble/include/rclcpp/rclcpp/memory_strategies.hpp:18[m[K,
[4.029s]                  from [01m[K/opt/ros/humble/include/rclcpp/rclcpp/executor_options.hpp:20[m[K,
[4.029s]                  from [01m[K/opt/ros/humble/include/rclcpp/rclcpp/executor.hpp:37[m[K,
[4.029s]                  from [01m[K/opt/ros/humble/include/rclcpp/rclcpp/executors/multi_threaded_executor.hpp:25[m[K,
[4.029s]                  from [01m[K/opt/ros/humble/include/rclcpp/rclcpp/executors.hpp:21[m[K,
[4.029s]                  from [01m[K/opt/ros/humble/include/rclcpp/rclcpp/rclcpp.hpp:155[m[K,
[4.029s]                  from [01m[K/home/hans/ar/ar_src/command/ar_control/include/ar_control_server.h:12[m[K,
[4.029s]                  from [01m[K/home/hans/ar/ar_src/command/ar_control/include/ar_hardware_interface.h:11[m[K,
[4.030s]                  from [01m[K/home/hans/ar/ar_src/command/ar_control/src/ar_hardware_interface.cpp:1[m[K:
[4.030s] [01m[K/home/hans/ar/ar_src/command/ar_control/src/ar_hardware_interface.cpp:30:13:[m[K [01;31m[Kerror: [m[Ktemplate argument 1 is invalid
[4.030s]    30 |             [01;31m[KRCLCPP_ERROR[m[K(ar_hardware_interface_node_->get_logger(), "Parameter 'robot_description' not found.");
[4.030s]       |             [01;31m[K^~~~~~~~~~~~[m[K
[4.030s] [01m[K/home/hans/ar/ar_src/command/ar_control/src/ar_hardware_interface.cpp:30:13:[m[K [01;31m[Kerror: [m[Ktemplate argument 1 is invalid
[4.030s]    30 |             [01;31m[KRCLCPP_ERROR[m[K(ar_hardware_interface_node_->get_logger(), "Parameter 'robot_description' not found.");
[4.030s]       |             [01;31m[K^~~~~~~~~~~~[m[K
[4.030s] [01m[K/home/hans/ar/ar_src/command/ar_control/src/ar_hardware_interface.cpp:30:13:[m[K [01;31m[Kerror: [m[Ktemplate argument 1 is invalid
[4.030s]    30 |             [01;31m[KRCLCPP_ERROR[m[K(ar_hardware_interface_node_->get_logger(), "Parameter 'robot_description' not found.");
[4.030s]       |             [01;31m[K^~~~~~~~~~~~[m[K
[4.030s] [01m[K/home/hans/ar/ar_src/command/ar_control/src/ar_hardware_interface.cpp:35:13:[m[K [01;31m[Kerror: [m[Ktemplate argument 1 is invalid
[4.030s]    35 |             [01;31m[KRCLCPP_ERROR[m[K(ar_hardware_interface_node_->get_logger(), "Failed to parse URDF model.");
[4.030s]       |             [01;31m[K^~~~~~~~~~~~[m[K
[4.030s] [01m[K/home/hans/ar/ar_src/command/ar_control/src/ar_hardware_interface.cpp:35:13:[m[K [01;31m[Kerror: [m[Ktemplate argument 1 is invalid
[4.030s]    35 |             [01;31m[KRCLCPP_ERROR[m[K(ar_hardware_interface_node_->get_logger(), "Failed to parse URDF model.");
[4.030s]       |             [01;31m[K^~~~~~~~~~~~[m[K
[4.030s] [01m[K/home/hans/ar/ar_src/command/ar_control/src/ar_hardware_interface.cpp:35:13:[m[K [01;31m[Kerror: [m[Ktemplate argument 1 is invalid
[4.030s]    35 |             [01;31m[KRCLCPP_ERROR[m[K(ar_hardware_interface_node_->get_logger(), "Failed to parse URDF model.");
[4.030s]       |             [01;31m[K^~~~~~~~~~~~[m[K
[4.034s] [01m[K/home/hans/ar/ar_src/command/ar_control/src/ar_hardware_interface.cpp:[m[K In member function â€˜[01m[Kvoid ar_control::ArHardwareInterface::shutdown()[m[Kâ€™:
[4.034s] [01m[K/home/hans/ar/ar_src/command/ar_control/src/ar_hardware_interface.cpp:54:27:[m[K [01;31m[Kerror: [m[Kâ€˜[01m[Kdrives[m[Kâ€™ was not declared in this scope; did you mean â€˜[01m[Kdrive[m[Kâ€™?
[4.034s]    54 |         for (auto drive : [01;31m[Kdrives[m[K)
[4.034s]       |                           [01;31m[K^~~~~~[m[K
[4.034s]       |                           [32m[Kdrive[m[K
[4.035s] [01m[K/home/hans/ar/ar_src/command/ar_control/src/ar_hardware_interface.cpp:[m[K In member function â€˜[01m[Kvoid ar_control::ArHardwareInterface::shutdown()[m[Kâ€™:
[4.035s] [01m[K/home/hans/ar/ar_src/command/ar_control/src/ar_hardware_interface.cpp:54:27:[m[K [01;31m[Kerror: [m[Kâ€˜[01m[Kdrives[m[Kâ€™ was not declared in this scope; did you mean â€˜[01m[Kdrive[m[Kâ€™?
[4.035s]    54 |         for (auto drive : [01;31m[Kdrives[m[K)
[4.035s]       |                           [01;31m[K^~~~~~[m[K
[4.035s]       |                           [32m[Kdrive[m[K
[4.043s] [01m[K/home/hans/ar/ar_src/command/ar_control/src/ar_hardware_interface.cpp:[m[K In member function â€˜[01m[Kvoid ar_control::ArHardwareInterface::readConfigFromYaml(std::string)[m[Kâ€™:
[4.043s] [01m[K/home/hans/ar/ar_src/command/ar_control/src/ar_hardware_interface.cpp:95:13:[m[K [01;31m[Kerror: [m[Kâ€˜[01m[KDriveParameters[m[Kâ€™ was not declared in this scope; did you mean â€˜[01m[KDriveParameter[m[Kâ€™?
[4.043s]    95 |             [01;31m[KDriveParameters[m[K driveParams;
[4.043s]       |             [01;31m[K^~~~~~~~~~~~~~~[m[K
[4.043s]       |             [32m[KDriveParameter[m[K
[4.044s] [01m[K/home/hans/ar/ar_src/command/ar_control/src/ar_hardware_interface.cpp:[m[K In member function â€˜[01m[Kvoid ar_control::ArHardwareInterface::readConfigFromYaml(std::string)[m[Kâ€™:
[4.044s] [01m[K/home/hans/ar/ar_src/command/ar_control/src/ar_hardware_interface.cpp:95:13:[m[K [01;31m[Kerror: [m[Kâ€˜[01m[KDriveParameters[m[Kâ€™ was not declared in this scope; did you mean â€˜[01m[KDriveParameter[m[Kâ€™?
[4.044s]    95 |             [01;31m[KDriveParameters[m[K driveParams;
[4.044s]       |             [01;31m[K^~~~~~~~~~~~~~~[m[K
[4.044s]       |             [32m[KDriveParameter[m[K
[4.051s] [01m[K/home/hans/ar/ar_src/command/ar_control/src/ar_hardware_interface.cpp:97:13:[m[K [01;31m[Kerror: [m[Kâ€˜[01m[KdriveParams[m[Kâ€™ was not declared in this scope; did you mean â€˜[01m[KDriveParameter[m[Kâ€™?
[4.051s]    97 |             [01;31m[KdriveParams[m[K.drive_id = stringToId(drive_id);
[4.051s]       |             [01;31m[K^~~~~~~~~~~[m[K
[4.051s]       |             [32m[KDriveParameter[m[K
[4.052s] [01m[K/home/hans/ar/ar_src/command/ar_control/src/ar_hardware_interface.cpp:97:13:[m[K [01;31m[Kerror: [m[Kâ€˜[01m[KdriveParams[m[Kâ€™ was not declared in this scope; did you mean â€˜[01m[KDriveParameter[m[Kâ€™?
[4.052s]    97 |             [01;31m[KdriveParams[m[K.drive_id = stringToId(drive_id);
[4.052s]       |             [01;31m[K^~~~~~~~~~~[m[K
[4.052s]       |             [32m[KDriveParameter[m[K
[4.052s] [01m[K/home/hans/ar/ar_src/command/ar_control/src/ar_hardware_interface.cpp:97:36:[m[K [01;31m[Kerror: [m[Kâ€˜[01m[KstringToId[m[Kâ€™ was not declared in this scope; did you mean â€˜[01m[Kar_utils::stringToId[m[Kâ€™?
[4.052s]    97 |             driveParams.drive_id = [01;31m[KstringToId[m[K(drive_id);
[4.052s]       |                                    [01;31m[K^~~~~~~~~~[m[K
[4.052s]       |                                    [32m[Kar_utils::stringToId[m[K
[4.052s] In file included from [01m[K/home/hans/ar/ar_src/command/ar_control/include/ar_control_server.h:19[m[K,
[4.052s]                  from [01m[K/home/hans/ar/ar_src/command/ar_control/include/ar_hardware_interface.h:11[m[K,
[4.052s]                  from [01m[K/home/hans/ar/ar_src/command/ar_control/src/ar_hardware_interface.cpp:1[m[K:
[4.052s] [01m[K/home/hans/ar/install/ar_utils/include/ar_utils.h:31:13:[m[K [01;36m[Knote: [m[Kâ€˜[01m[Kar_utils::stringToId[m[Kâ€™ declared here
[4.052s]    31 |         int [01;36m[KstringToId[m[K(std::string str);
[4.052s]       |             [01;36m[K^~~~~~~~~~[m[K
[4.053s] [01m[K/home/hans/ar/ar_src/command/ar_control/src/ar_hardware_interface.cpp:97:36:[m[K [01;31m[Kerror: [m[Kâ€˜[01m[KstringToId[m[Kâ€™ was not declared in this scope; did you mean â€˜[01m[Kar_utils::stringToId[m[Kâ€™?
[4.053s]    97 |             driveParams.drive_id = [01;31m[KstringToId[m[K(drive_id);
[4.053s]       |                                    [01;31m[K^~~~~~~~~~[m[K
[4.053s]       |                                    [32m[Kar_utils::stringToId[m[K
[4.053s] In file included from [01m[K/home/hans/ar/ar_src/command/ar_control/include/ar_control_server.h:19[m[K,
[4.053s]                  from [01m[K/home/hans/ar/ar_src/command/ar_control/include/ar_hardware_interface.h:11[m[K,
[4.053s]                  from [01m[K/home/hans/ar/ar_src/command/ar_control/src/ar_hardware_interface.cpp:1[m[K:
[4.053s] [01m[K/home/hans/ar/install/ar_utils/include/ar_utils.h:31:13:[m[K [01;36m[Knote: [m[Kâ€˜[01m[Kar_utils::stringToId[m[Kâ€™ declared here
[4.053s]    31 |         int [01;36m[KstringToId[m[K(std::string str);
[4.053s]       |             [01;36m[K^~~~~~~~~~[m[K
[4.058s] [01m[K/home/hans/ar/ar_src/command/ar_control/src/ar_hardware_interface.cpp:103:45:[m[K [01;31m[Kerror: [m[Kâ€˜[01m[KPORT_UART[m[Kâ€™ was not declared in this scope; did you mean â€˜[01m[KPORT_CAN[m[Kâ€™?
[4.058s]   103 |             else if (driveParams.port_id == [01;31m[KPORT_UART[m[K)
[4.059s]       |                                             [01;31m[K^~~~~~~~~[m[K
[4.059s]       |                                             [32m[KPORT_CAN[m[K
[4.059s] [01m[K/home/hans/ar/ar_src/command/ar_control/src/ar_hardware_interface.cpp:103:45:[m[K [01;31m[Kerror: [m[Kâ€˜[01m[KPORT_UART[m[Kâ€™ was not declared in this scope; did you mean â€˜[01m[KPORT_CAN[m[Kâ€™?
[4.060s]   103 |             else if (driveParams.port_id == [01;31m[KPORT_UART[m[K)
[4.060s]       |                                             [01;31m[K^~~~~~~~~[m[K
[4.060s]       |                                             [32m[KPORT_CAN[m[K
[4.072s] In file included from [01m[K/opt/ros/humble/include/rclcpp/rclcpp/client.hpp:40[m[K,
[4.072s]                  from [01m[K/opt/ros/humble/include/rclcpp/rclcpp/callback_group.hpp:24[m[K,
[4.072s]                  from [01m[K/opt/ros/humble/include/rclcpp/rclcpp/any_executable.hpp:20[m[K,
[4.072s]                  from [01m[K/opt/ros/humble/include/rclcpp/rclcpp/memory_strategy.hpp:25[m[K,
[4.073s]                  from [01m[K/opt/ros/humble/include/rclcpp/rclcpp/memory_strategies.hpp:18[m[K,
[4.073s]                  from [01m[K/opt/ros/humble/include/rclcpp/rclcpp/executor_options.hpp:20[m[K,
[4.073s]                  from [01m[K/opt/ros/humble/include/rclcpp/rclcpp/executor.hpp:37[m[K,
[4.073s]                  from [01m[K/opt/ros/humble/include/rclcpp/rclcpp/executors/multi_threaded_executor.hpp:25[m[K,
[4.073s]                  from [01m[K/opt/ros/humble/include/rclcpp/rclcpp/executors.hpp:21[m[K,
[4.073s]                  from [01m[K/opt/ros/humble/include/rclcpp/rclcpp/rclcpp.hpp:155[m[K,
[4.073s]                  from [01m[K/home/hans/ar/ar_src/command/ar_control/include/ar_control_server.h:12[m[K,
[4.073s]                  from [01m[K/home/hans/ar/ar_src/command/ar_control/include/ar_hardware_interface.h:11[m[K,
[4.073s]                  from [01m[K/home/hans/ar/ar_src/command/ar_control/src/ar_hardware_interface.cpp:1[m[K:
[4.073s] [01m[K/home/hans/ar/ar_src/command/ar_control/src/ar_hardware_interface.cpp:113:30:[m[K [01;31m[Kerror: [m[Kâ€˜[01m[Kar_hardware_interface_node_[m[Kâ€™ was not declared in this scope; did you mean â€˜[01m[KArHardwareInterface[m[Kâ€™?
[4.073s]   113 |                 RCLCPP_ERROR([01;31m[Kar_hardware_interface_node_[m[K->get_logger(), "Invalid port ID: %d", driveParams.port_id);
[4.073s]       |                              [01;31m[K^~~~~~~~~~~~~~~~~~~~~~~~~~~[m[K
[4.073s] [01m[K/home/hans/ar/ar_src/command/ar_control/src/ar_hardware_interface.cpp:113:17:[m[K [01;31m[Kerror: [m[Ktemplate argument 1 is invalid
[4.073s]   113 |                 [01;31m[KRCLCPP_ERROR[m[K(ar_hardware_interface_node_->get_logger(), "Invalid port ID: %d", driveParams.port_id);
[4.073s]       |                 [01;31m[K^~~~~~~~~~~~[m[K
[4.073s] [01m[K/home/hans/ar/ar_src/command/ar_control/src/ar_hardware_interface.cpp:113:17:[m[K [01;31m[Kerror: [m[Ktemplate argument 1 is invalid
[4.073s]   113 |                 [01;31m[KRCLCPP_ERROR[m[K(ar_hardware_interface_node_->get_logger(), "Invalid port ID: %d", driveParams.port_id);
[4.073s]       |                 [01;31m[K^~~~~~~~~~~~[m[K
[4.073s] [01m[K/home/hans/ar/ar_src/command/ar_control/src/ar_hardware_interface.cpp:113:17:[m[K [01;31m[Kerror: [m[Ktemplate argument 1 is invalid
[4.073s]   113 |                 [01;31m[KRCLCPP_ERROR[m[K(ar_hardware_interface_node_->get_logger(), "Invalid port ID: %d", driveParams.port_id);
[4.073s]       |                 [01;31m[K^~~~~~~~~~~~[m[K
[4.074s] In file included from [01m[K/opt/ros/humble/include/rclcpp/rclcpp/client.hpp:40[m[K,
[4.074s]                  from [01m[K/opt/ros/humble/include/rclcpp/rclcpp/callback_group.hpp:24[m[K,
[4.074s]                  from [01m[K/opt/ros/humble/include/rclcpp/rclcpp/any_executable.hpp:20[m[K,
[4.074s]                  from [01m[K/opt/ros/humble/include/rclcpp/rclcpp/memory_strategy.hpp:25[m[K,
[4.074s]                  from [01m[K/opt/ros/humble/include/rclcpp/rclcpp/memory_strategies.hpp:18[m[K,
[4.074s]                  from [01m[K/opt/ros/humble/include/rclcpp/rclcpp/executor_options.hpp:20[m[K,
[4.074s]                  from [01m[K/opt/ros/humble/include/rclcpp/rclcpp/executor.hpp:37[m[K,
[4.074s]                  from [01m[K/opt/ros/humble/include/rclcpp/rclcpp/executors/multi_threaded_executor.hpp:25[m[K,
[4.074s]                  from [01m[K/opt/ros/humble/include/rclcpp/rclcpp/executors.hpp:21[m[K,
[4.074s]                  from [01m[K/opt/ros/humble/include/rclcpp/rclcpp/rclcpp.hpp:155[m[K,
[4.074s]                  from [01m[K/home/hans/ar/ar_src/command/ar_control/include/ar_control_server.h:12[m[K,
[4.074s]                  from [01m[K/home/hans/ar/ar_src/command/ar_control/include/ar_hardware_interface.h:11[m[K,
[4.074s]                  from [01m[K/home/hans/ar/ar_src/command/ar_control/src/ar_hardware_interface.cpp:1[m[K:
[4.074s] [01m[K/home/hans/ar/ar_src/command/ar_control/src/ar_hardware_interface.cpp:113:30:[m[K [01;31m[Kerror: [m[Kâ€˜[01m[Kar_hardware_interface_node_[m[Kâ€™ was not declared in this scope; did you mean â€˜[01m[KArHardwareInterface[m[Kâ€™?
[4.074s]   113 |                 RCLCPP_ERROR([01;31m[Kar_hardware_interface_node_[m[K->get_logger(), "Invalid port ID: %d", driveParams.port_id);
[4.074s]       |                              [01;31m[K^~~~~~~~~~~~~~~~~~~~~~~~~~~[m[K
[4.074s] [01m[K/home/hans/ar/ar_src/command/ar_control/src/ar_hardware_interface.cpp:113:17:[m[K [01;31m[Kerror: [m[Ktemplate argument 1 is invalid
[4.074s]   113 |                 [01;31m[KRCLCPP_ERROR[m[K(ar_hardware_interface_node_->get_logger(), "Invalid port ID: %d", driveParams.port_id);
[4.074s]       |                 [01;31m[K^~~~~~~~~~~~[m[K
[4.074s] [01m[K/home/hans/ar/ar_src/command/ar_control/src/ar_hardware_interface.cpp:113:17:[m[K [01;31m[Kerror: [m[Ktemplate argument 1 is invalid
[4.074s]   113 |                 [01;31m[KRCLCPP_ERROR[m[K(ar_hardware_interface_node_->get_logger(), "Invalid port ID: %d", driveParams.port_id);
[4.074s]       |                 [01;31m[K^~~~~~~~~~~~[m[K
[4.074s] [01m[K/home/hans/ar/ar_src/command/ar_control/src/ar_hardware_interface.cpp:113:17:[m[K [01;31m[Kerror: [m[Ktemplate argument 1 is invalid
[4.074s]   113 |                 [01;31m[KRCLCPP_ERROR[m[K(ar_hardware_interface_node_->get_logger(), "Invalid port ID: %d", driveParams.port_id);
[4.075s]       |                 [01;31m[K^~~~~~~~~~~~[m[K
[4.080s] [01m[K/home/hans/ar/ar_src/command/ar_control/src/ar_hardware_interface.cpp:117:17:[m[K [01;31m[Kerror: [m[Kâ€˜[01m[KJointParameters[m[Kâ€™ was not declared in this scope; did you mean â€˜[01m[KJointParameter[m[Kâ€™?
[4.080s]   117 |                 [01;31m[KJointParameters[m[K jointParams;
[4.080s]       |                 [01;31m[K^~~~~~~~~~~~~~~[m[K
[4.080s]       |                 [32m[KJointParameter[m[K
[4.081s] [01m[K/home/hans/ar/ar_src/command/ar_control/src/ar_hardware_interface.cpp:117:17:[m[K [01;31m[Kerror: [m[Kâ€˜[01m[KJointParameters[m[Kâ€™ was not declared in this scope; did you mean â€˜[01m[KJointParameter[m[Kâ€™?
[4.081s]   117 |                 [01;31m[KJointParameters[m[K jointParams;
[4.081s]       |                 [01;31m[K^~~~~~~~~~~~~~~[m[K
[4.081s]       |                 [32m[KJointParameter[m[K
[4.087s] [01m[K/home/hans/ar/ar_src/command/ar_control/src/ar_hardware_interface.cpp:118:17:[m[K [01;31m[Kerror: [m[Kâ€˜[01m[KjointParams[m[Kâ€™ was not declared in this scope; did you mean â€˜[01m[KJointParameter[m[Kâ€™?
[4.087s]   118 |                 [01;31m[KjointParams[m[K.joint_name = jt->first.as<std::string>();
[4.087s]       |                 [01;31m[K^~~~~~~~~~~[m[K
[4.087s]       |                 [32m[KJointParameter[m[K
[4.088s] [01m[K/home/hans/ar/ar_src/command/ar_control/src/ar_hardware_interface.cpp:132:23:[m[K [01;31m[Kerror: [m[Kâ€˜[01m[Kclass ArDrives[m[Kâ€™ has no member named â€˜[01m[Kdrive_parameters[m[Kâ€™; did you mean â€˜[01m[Kdrive_parameter[m[Kâ€™?
[4.088s]   132 |             ar_drives.[01;31m[Kdrive_parameters[m[K.push_back(driveParams);
[4.088s]       |                       [01;31m[K^~~~~~~~~~~~~~~~[m[K
[4.088s]       |                       [32m[Kdrive_parameter[m[K
[4.088s] [01m[K/home/hans/ar/ar_src/command/ar_control/src/ar_hardware_interface.cpp:135:29:[m[K [01;31m[Kerror: [m[Kâ€˜[01m[Kclass ArDrives[m[Kâ€™ has no member named â€˜[01m[Kdrive_parameters[m[Kâ€™; did you mean â€˜[01m[Kdrive_parameter[m[Kâ€™?
[4.088s]   135 |         std::sort(ar_drives.[01;31m[Kdrive_parameters[m[K.begin(), ar_drives.drive_parameters.end(),
[4.088s]       |                             [01;31m[K^~~~~~~~~~~~~~~~[m[K
[4.088s]       |                             [32m[Kdrive_parameter[m[K
[4.088s] [01m[K/home/hans/ar/ar_src/command/ar_control/src/ar_hardware_interface.cpp:135:65:[m[K [01;31m[Kerror: [m[Kâ€˜[01m[Kclass ArDrives[m[Kâ€™ has no member named â€˜[01m[Kdrive_parameters[m[Kâ€™; did you mean â€˜[01m[Kdrive_parameter[m[Kâ€™?
[4.088s]   135 |         std::sort(ar_drives.drive_parameters.begin(), ar_drives.[01;31m[Kdrive_parameters[m[K.end(),
[4.088s]       |                                                                 [01;31m[K^~~~~~~~~~~~~~~~[m[K
[4.088s]       |                                                                 [32m[Kdrive_parameter[m[K
[4.088s] [01m[K/home/hans/ar/ar_src/command/ar_control/src/ar_hardware_interface.cpp:118:17:[m[K [01;31m[Kerror: [m[Kâ€˜[01m[KjointParams[m[Kâ€™ was not declared in this scope; did you mean â€˜[01m[KJointParameter[m[Kâ€™?
[4.088s]   118 |                 [01;31m[KjointParams[m[K.joint_name = jt->first.as<std::string>();
[4.088s]       |                 [01;31m[K^~~~~~~~~~~[m[K
[4.088s]       |                 [32m[KJointParameter[m[K
[4.089s] [01m[K/home/hans/ar/ar_src/command/ar_control/src/ar_hardware_interface.cpp:132:23:[m[K [01;31m[Kerror: [m[Kâ€˜[01m[Kclass ArDrives[m[Kâ€™ has no member named â€˜[01m[Kdrive_parameters[m[Kâ€™; did you mean â€˜[01m[Kdrive_parameter[m[Kâ€™?
[4.089s]   132 |             ar_drives.[01;31m[Kdrive_parameters[m[K.push_back(driveParams);
[4.089s]       |                       [01;31m[K^~~~~~~~~~~~~~~~[m[K
[4.089s]       |                       [32m[Kdrive_parameter[m[K
[4.089s] [01m[K/home/hans/ar/ar_src/command/ar_control/src/ar_hardware_interface.cpp:135:29:[m[K [01;31m[Kerror: [m[Kâ€˜[01m[Kclass ArDrives[m[Kâ€™ has no member named â€˜[01m[Kdrive_parameters[m[Kâ€™; did you mean â€˜[01m[Kdrive_parameter[m[Kâ€™?
[4.089s]   135 |         std::sort(ar_drives.[01;31m[Kdrive_parameters[m[K.begin(), ar_drives.drive_parameters.end(),
[4.089s]       |                             [01;31m[K^~~~~~~~~~~~~~~~[m[K
[4.089s]       |                             [32m[Kdrive_parameter[m[K
[4.089s] [01m[K/home/hans/ar/ar_src/command/ar_control/src/ar_hardware_interface.cpp:135:65:[m[K [01;31m[Kerror: [m[Kâ€˜[01m[Kclass ArDrives[m[Kâ€™ has no member named â€˜[01m[Kdrive_parameters[m[Kâ€™; did you mean â€˜[01m[Kdrive_parameter[m[Kâ€™?
[4.089s]   135 |         std::sort(ar_drives.drive_parameters.begin(), ar_drives.[01;31m[Kdrive_parameters[m[K.end(),
[4.089s]       |                                                                 [01;31m[K^~~~~~~~~~~~~~~~[m[K
[4.089s]       |                                                                 [32m[Kdrive_parameter[m[K
[4.095s] [01m[K/home/hans/ar/ar_src/command/ar_control/src/ar_hardware_interface.cpp:[m[K At global scope:
[4.095s] [01m[K/home/hans/ar/ar_src/command/ar_control/src/ar_hardware_interface.cpp:142:19:[m[K [01;31m[Kerror: [m[Kâ€˜[01m[KArDriveControl[m[Kâ€™ was not declared in this scope
[4.095s]   142 |     std::map<int, [01;31m[KArDriveControl[m[K *> ArHardwareInterface::getDrives()
[4.095s]       |                   [01;31m[K^~~~~~~~~~~~~~[m[K
[4.095s] [01m[K/home/hans/ar/ar_src/command/ar_control/src/ar_hardware_interface.cpp:142:35:[m[K [01;31m[Kerror: [m[Ktemplate argument 2 is invalid
[4.095s]   142 |     std::map<int, ArDriveControl *[01;31m[K>[m[K ArHardwareInterface::getDrives()
[4.095s]       |                                   [01;31m[K^[m[K
[4.095s] [01m[K/home/hans/ar/ar_src/command/ar_control/src/ar_hardware_interface.cpp:142:35:[m[K [01;31m[Kerror: [m[Ktemplate argument 4 is invalid
[4.095s] [01m[K/home/hans/ar/ar_src/command/ar_control/src/ar_hardware_interface.cpp:142:37:[m[K [01;31m[Kerror: [m[Kno declaration matches â€˜[01m[Kint ar_control::ArHardwareInterface::getDrives()[m[Kâ€™
[4.095s]   142 |     std::map<int, ArDriveControl *> [01;31m[KArHardwareInterface[m[K::getDrives()
[4.095s]       |                                     [01;31m[K^~~~~~~~~~~~~~~~~~~[m[K
[4.095s] [01m[K/home/hans/ar/ar_src/command/ar_control/src/ar_hardware_interface.cpp:142:37:[m[K [01;36m[Knote: [m[Kno functions named â€˜[01m[Kint ar_control::ArHardwareInterface::getDrives()[m[Kâ€™
[4.095s] In file included from [01m[K/home/hans/ar/ar_src/command/ar_control/src/ar_hardware_interface.cpp:1[m[K:
[4.095s] [01m[K/home/hans/ar/ar_src/command/ar_control/include/ar_hardware_interface.h:24:15:[m[K [01;36m[Knote: [m[Kâ€˜[01m[Kclass ar_control::ArHardwareInterface[m[Kâ€™ defined here
[4.095s]    24 |         class [01;36m[KArHardwareInterface[m[K
[4.095s]       |               [01;36m[K^~~~~~~~~~~~~~~~~~~[m[K
[4.096s] [01m[K/home/hans/ar/ar_src/command/ar_control/src/ar_hardware_interface.cpp:[m[K At global scope:
[4.096s] [01m[K/home/hans/ar/ar_src/command/ar_control/src/ar_hardware_interface.cpp:142:19:[m[K [01;31m[Kerror: [m[Kâ€˜[01m[KArDriveControl[m[Kâ€™ was not declared in this scope
[4.096s]   142 |     std::map<int, [01;31m[KArDriveControl[m[K *> ArHardwareInterface::getDrives()
[4.096s]       |                   [01;31m[K^~~~~~~~~~~~~~[m[K
[4.096s] [01m[K/home/hans/ar/ar_src/command/ar_control/src/ar_hardware_interface.cpp:142:35:[m[K [01;31m[Kerror: [m[Ktemplate argument 2 is invalid
[4.096s]   142 |     std::map<int, ArDriveControl *[01;31m[K>[m[K ArHardwareInterface::getDrives()
[4.096s]       |                                   [01;31m[K^[m[K
[4.096s] [01m[K/home/hans/ar/ar_src/command/ar_control/src/ar_hardware_interface.cpp:142:35:[m[K [01;31m[Kerror: [m[Ktemplate argument 4 is invalid
[4.096s] [01m[K/home/hans/ar/ar_src/command/ar_control/src/ar_hardware_interface.cpp:142:37:[m[K [01;31m[Kerror: [m[Kno declaration matches â€˜[01m[Kint ar_control::ArHardwareInterface::getDrives()[m[Kâ€™
[4.096s]   142 |     std::map<int, ArDriveControl *> [01;31m[KArHardwareInterface[m[K::getDrives()
[4.096s]       |                                     [01;31m[K^~~~~~~~~~~~~~~~~~~[m[K
[4.096s] [01m[K/home/hans/ar/ar_src/command/ar_control/src/ar_hardware_interface.cpp:142:37:[m[K [01;36m[Knote: [m[Kno functions named â€˜[01m[Kint ar_control::ArHardwareInterface::getDrives()[m[Kâ€™
[4.096s] In file included from [01m[K/home/hans/ar/ar_src/command/ar_control/src/ar_hardware_interface.cpp:1[m[K:
[4.096s] [01m[K/home/hans/ar/ar_src/command/ar_control/include/ar_hardware_interface.h:24:15:[m[K [01;36m[Knote: [m[Kâ€˜[01m[Kclass ar_control::ArHardwareInterface[m[Kâ€™ defined here
[4.096s]    24 |         class [01;36m[KArHardwareInterface[m[K
[4.096s]       |               [01;36m[K^~~~~~~~~~~~~~~~~~~[m[K
[4.098s] [01m[K/home/hans/ar/ar_src/command/ar_control/src/ar_system.cpp:[m[K In member function â€˜[01m[Kvirtual CallbackReturn ar_control::ArSystemHardware::on_init(const hardware_interface::HardwareInfo&)[m[Kâ€™:
[4.098s] [01m[K/home/hans/ar/ar_src/command/ar_control/src/ar_system.cpp:43:17:[m[K [01;31m[Kerror: [m[Kâ€˜[01m[Krobot_desc[m[Kâ€™ was not declared in this scope
[4.098s]    43 |                 [01;31m[Krobot_desc[m[K = info_.hardware_parameters["desc"];
[4.098s]       |                 [01;31m[K^~~~~~~~~~[m[K
[4.101s] [01m[K/home/hans/ar/ar_src/command/ar_control/src/ar_system.cpp:[m[K In member function â€˜[01m[Kvirtual CallbackReturn ar_control::ArSystemHardware::on_configure(const rclcpp_lifecycle::State&)[m[Kâ€™:
[4.101s] [01m[K/home/hans/ar/ar_src/command/ar_control/src/ar_system.cpp:88:41:[m[K [01;31m[Kerror: [m[Kâ€˜[01m[Kusing element_type = class ar_control::ArHardwareInterface[m[Kâ€™ {aka â€˜[01m[Kclass ar_control::ArHardwareInterface[m[Kâ€™} has no member named â€˜[01m[KgetDrives[m[Kâ€™
[4.101s]    88 |                 for(auto drive : robot->[01;31m[KgetDrives[m[K()) {
[4.101s]       |                                         [01;31m[K^~~~~~~~~[m[K
[4.103s] [01m[K/home/hans/ar/ar_src/command/ar_control/src/ar_system.cpp:[m[K In member function â€˜[01m[Kvirtual std::vector<hardware_interface::StateInterface> ar_control::ArSystemHardware::export_state_interfaces()[m[Kâ€™:
[4.104s] [01m[K/home/hans/ar/ar_src/command/ar_control/src/ar_system.cpp:103:41:[m[K [01;31m[Kerror: [m[Kâ€˜[01m[Kusing element_type = class ar_control::ArHardwareInterface[m[Kâ€™ {aka â€˜[01m[Kclass ar_control::ArHardwareInterface[m[Kâ€™} has no member named â€˜[01m[KgetDrives[m[Kâ€™
[4.104s]   103 |                 for(auto drive : robot->[01;31m[KgetDrives[m[K()) {
[4.104s]       |                                         [01;31m[K^~~~~~~~~[m[K
[4.106s] [01m[K/home/hans/ar/ar_src/command/ar_control/src/ar_system.cpp:[m[K In member function â€˜[01m[Kvirtual std::vector<hardware_interface::CommandInterface> ar_control::ArSystemHardware::export_command_interfaces()[m[Kâ€™:
[4.106s] [01m[K/home/hans/ar/ar_src/command/ar_control/src/ar_system.cpp:120:41:[m[K [01;31m[Kerror: [m[Kâ€˜[01m[Kusing element_type = class ar_control::ArHardwareInterface[m[Kâ€™ {aka â€˜[01m[Kclass ar_control::ArHardwareInterface[m[Kâ€™} has no member named â€˜[01m[KgetDrives[m[Kâ€™
[4.106s]   120 |                 for(auto drive : robot->[01;31m[KgetDrives[m[K()) {
[4.106s]       |                                         [01;31m[K^~~~~~~~~[m[K
[4.106s] [01m[K/home/hans/ar/ar_src/command/ar_control/src/ar_system.cpp:[m[K In member function â€˜[01m[Kvirtual CallbackReturn ar_control::ArSystemHardware::on_activate(const rclcpp_lifecycle::State&)[m[Kâ€™:
[4.106s] [01m[K/home/hans/ar/ar_src/command/ar_control/src/ar_system.cpp:137:41:[m[K [01;31m[Kerror: [m[Kâ€˜[01m[Kusing element_type = class ar_control::ArHardwareInterface[m[Kâ€™ {aka â€˜[01m[Kclass ar_control::ArHardwareInterface[m[Kâ€™} has no member named â€˜[01m[KgetDrives[m[Kâ€™
[4.106s]   137 |                 for(auto drive : robot->[01;31m[KgetDrives[m[K()) {
[4.106s]       |                                         [01;31m[K^~~~~~~~~[m[K
[4.107s] [01m[K/home/hans/ar/ar_src/command/ar_control/src/ar_system.cpp:[m[K In member function â€˜[01m[Kvirtual hardware_interface::return_type ar_control::ArSystemHardware::write(const rclcpp::Time&, const rclcpp::Duration&)[m[Kâ€™:
[4.107s] [01m[K/home/hans/ar/ar_src/command/ar_control/src/ar_system.cpp:178:27:[m[K [01;31m[Kerror: [m[Kâ€˜[01m[Kusing element_type = class ar_control::ArHardwareInterface[m[Kâ€™ {aka â€˜[01m[Kclass ar_control::ArHardwareInterface[m[Kâ€™} has no member named â€˜[01m[Ksoem_drives[m[Kâ€™; did you mean â€˜[01m[KArDrives ar_control::ArHardwareInterface::ar_drives[m[Kâ€™? (not accessible from this context)
[4.107s]   178 |                 if(robot->[01;31m[Ksoem_drives[m[K)
[4.107s]       |                           [01;31m[K^~~~~~~~~~~[m[K
[4.107s] In file included from [01m[K/home/hans/ar/ar_src/command/ar_control/include/ar_system.hpp:30[m[K,
[4.107s]                  from [01m[K/home/hans/ar/ar_src/command/ar_control/src/ar_system.cpp:15[m[K:
[4.107s] [01m[K/home/hans/ar/ar_src/command/ar_control/include/ar_hardware_interface.h:38:26:[m[K [01;36m[Knote: [m[Kdeclared private here
[4.108s]    38 |                 ArDrives [01;36m[Kar_drives[m[K;                                             ///< Holds all drive parameters and joint names
[4.108s]       |                          [01;36m[K^~~~~~~~~[m[K
[4.113s] [01m[K/home/hans/ar/ar_src/command/ar_control/src/ar_system.cpp:179:44:[m[K [01;31m[Kerror: [m[Kâ€˜[01m[Kcond[m[Kâ€™ was not declared in this scope
[4.113s]   179 |                         pthread_cond_wait(&[01;31m[Kcond[m[K, &lock);
[4.114s]       |                                            [01;31m[K^~~~[m[K
[4.115s] [01m[K/home/hans/ar/ar_src/command/ar_control/src/ar_system.cpp:179:51:[m[K [01;31m[Kerror: [m[Kâ€˜[01m[Klock[m[Kâ€™ was not declared in this scope; did you mean â€˜[01m[Kstd::lock[m[Kâ€™?
[4.115s]   179 |                         pthread_cond_wait(&cond, &[01;31m[Klock[m[K);
[4.115s]       |                                                   [01;31m[K^~~~[m[K
[4.115s]       |                                                   [32m[Kstd::lock[m[K
[4.115s] In file included from [01m[K/home/hans/ar/ar_src/command/ar_control/include/ar_control_server.h:10[m[K,
[4.115s]                  from [01m[K/home/hans/ar/ar_src/command/ar_control/include/ar_hardware_interface.h:11[m[K,
[4.115s]                  from [01m[K/home/hans/ar/ar_src/command/ar_control/include/ar_system.hpp:30[m[K,
[4.115s]                  from [01m[K/home/hans/ar/ar_src/command/ar_control/src/ar_system.cpp:15[m[K:
[4.115s] [01m[K/usr/include/c++/11/mutex:591:5:[m[K [01;36m[Knote: [m[Kâ€˜[01m[Kstd::lock[m[Kâ€™ declared here
[4.115s]   591 |     [01;36m[Klock[m[K(_L1& __l1, _L2& __l2, _L3&... __l3)
[4.115s]       |     [01;36m[K^~~~[m[K
[6.055s] gmake[2]: *** [CMakeFiles/ar_control_server.dir/build.make:160: CMakeFiles/ar_control_server.dir/src/ar_system.cpp.o] Error 1
[6.131s] gmake[2]: *** [CMakeFiles/ar_control_server.dir/build.make:132: CMakeFiles/ar_control_server.dir/src/ar_hardware_interface.cpp.o] Error 1
[6.172s] gmake[2]: *** [CMakeFiles/ar_control.dir/build.make:132: CMakeFiles/ar_control.dir/src/ar_hardware_interface.cpp.o] Error 1
[6.204s] gmake[2]: *** [CMakeFiles/ar_control.dir/build.make:160: CMakeFiles/ar_control.dir/src/ar_system.cpp.o] Error 1
[7.157s] gmake[2]: *** [CMakeFiles/ar_control_server.dir/build.make:90: CMakeFiles/ar_control_server.dir/src/ar_control_server.cpp.o] Error 1
[7.157s] gmake[1]: *** [CMakeFiles/Makefile2:169: CMakeFiles/ar_control_server.dir/all] Error 2
[7.330s] gmake[2]: *** [CMakeFiles/ar_control.dir/build.make:90: CMakeFiles/ar_control.dir/src/ar_control_server.cpp.o] Error 1
[7.331s] gmake[1]: *** [CMakeFiles/Makefile2:143: CMakeFiles/ar_control.dir/all] Error 2
[7.331s] gmake: *** [Makefile:146: all] Error 2
[7.334s] Invoked command in '/home/hans/ar/build/ar_control' returned '2': AMENT_PREFIX_PATH=/home/hans/ar/install/master:/home/hans/ar/install/ar_utils:/home/hans/ar/install/ar_comm:${AMENT_PREFIX_PATH} CMAKE_PREFIX_PATH=/home/hans/ar/install/master:/home/hans/ar/install/ar_utils:/home/hans/ar/install/ar_comm:/opt/ros/humble LD_LIBRARY_PATH=/home/hans/ar/install/ar_utils/lib:${LD_LIBRARY_PATH} /usr/bin/cmake --build /home/hans/ar/build/ar_control -- -j12 -l12
