[0mar_control: You did not request a specific build type: Choosing 'Release' for maximum performance[0m
/usr/bin/ld: CMakeFiles/ar_control_client_server_test.dir/test/ar_control_client_server_test.cpp.o: in function `main':
ar_control_client_server_test.cpp:(.text.startup+0x273): undefined reference to `ar_control::ArControlServer::ArControlServer(ar_control::ArHardwareInterface*, rclcpp::NodeOptions const&)'
/usr/bin/ld: ar_control_client_server_test.cpp:(.text.startup+0x2bf): undefined reference to `ar_control::ArControlServer::startActionServer()'
/usr/bin/ld: ar_control_client_server_test.cpp:(.text.startup+0x3b7): undefined reference to `ar_control::ArControlClient::ArControlClient(std::__cxx11::basic_string<char, std::char_traits<char>, std::allocator<char> > const&, rclcpp::NodeOptions const&)'
/usr/bin/ld: ar_control_client_server_test.cpp:(.text.startup+0x919): undefined reference to `ar_control::ArControlClient::sendGoal(ar_action::action::ArControl_Goal_<std::allocator<void> > const&, bool)'
collect2: error: ld returned 1 exit status
gmake[2]: *** [CMakeFiles/ar_control_client_server_test.dir/build.make:337: ar_control_client_server_test] Error 1
gmake[1]: *** [CMakeFiles/Makefile2:221: CMakeFiles/ar_control_client_server_test.dir/all] Error 2
gmake[1]: *** Waiting for unfinished jobs....
In file included from [01m[K/home/hans/ar/ar_src/command/ar_control/include/ar_drive_control.h:3[m[K,
                 from [01m[K/home/hans/ar/ar_src/command/ar_control/src/ar_drive_control.cpp:1[m[K:
[01m[K/home/hans/ar/ar_src/command/ar_control/include/ar_drive_config.h:61:2:[m[K [01;31m[Kerror: [m[Kexpected â€˜[01m[K;[m[Kâ€™ after class definition
   61 | }
      |  [01;31m[K^[m[K
      |  [32m[K;[m[K
In file included from [01m[K/home/hans/ar/ar_src/command/ar_control/include/ar_drive_control.h:3[m[K,
                 from [01m[K/home/hans/ar/ar_src/command/ar_control/src/ar_drive_control.cpp:1[m[K:
[01m[K/home/hans/ar/ar_src/command/ar_control/include/ar_drive_config.h:61:2:[m[K [01;31m[Kerror: [m[Kexpected â€˜[01m[K;[m[Kâ€™ after class definition
   61 | }
      |  [01;31m[K^[m[K
      |  [32m[K;[m[K
In file included from [01m[K/home/hans/ar/ar_src/command/ar_control/src/ar_drive_control.cpp:1[m[K:
[01m[K/home/hans/ar/ar_src/command/ar_control/include/ar_drive_control.h:[m[K In member function â€˜[01m[Kvoid ar_control::ArDriveControl::InitializeDriveClient(int)[m[Kâ€™:
[01m[K/home/hans/ar/ar_src/command/ar_control/include/ar_drive_control.h:15:40:[m[K [01;35m[Kwarning: [m[Kunused parameter â€˜[01m[KslaveId[m[Kâ€™ [[01;35m[K]8;;https://gcc.gnu.org/onlinedocs/gcc/Warning-Options.html#index-Wunused-parameter-Wunused-parameter]8;;[m[K]
   15 |         void InitializeDriveClient([01;35m[Kint slaveId[m[K)
      |                                    [01;35m[K~~~~^~~~~~~[m[K
[01m[K/home/hans/ar/ar_src/command/ar_control/src/ar_drive_control.cpp:[m[K At global scope:
[01m[K/home/hans/ar/ar_src/command/ar_control/src/ar_drive_control.cpp:6:5:[m[K [01;31m[Kerror: [m[Kâ€˜[01m[KArDriveControl[m[Kâ€™ does not name a type
    6 |     [01;31m[KArDriveControl[m[K::ArDriveControl(DriveParameter& driveParm,bool uiState) : drive_parameter(driveParm), is_ui_(uiState)
      |     [01;31m[K^~~~~~~~~~~~~~[m[K
[01m[K/home/hans/ar/ar_src/command/ar_control/src/ar_drive_control.cpp:11:5:[m[K [01;31m[Kerror: [m[Kâ€˜[01m[KArDriveControl[m[Kâ€™ does not name a type
   11 |     [01;31m[KArDriveControl[m[K::InitializeDriveClient(int slaveId)
      |     [01;31m[K^~~~~~~~~~~~~~[m[K
[01m[K/home/hans/ar/ar_src/command/ar_control/src/ar_drive_control.cpp:18:10:[m[K [01;31m[Kerror: [m[Kâ€˜[01m[KArDriveControl[m[Kâ€™ has not been declared
   18 |     void [01;31m[KArDriveControl[m[K::AddJoint(JointParameter& jointParam)
      |          [01;31m[K^~~~~~~~~~~~~~[m[K
[01m[K/home/hans/ar/ar_src/command/ar_control/src/ar_drive_control.cpp:[m[K In function â€˜[01m[Kvoid ar_cotnrol::AddJoint(JointParameter&)[m[Kâ€™:
[01m[K/home/hans/ar/ar_src/command/ar_control/src/ar_drive_control.cpp:20:9:[m[K [01;31m[Kerror: [m[Kâ€˜[01m[KArJointControl[m[Kâ€™ was not declared in this scope; did you mean â€˜[01m[Kar_control::ArJointControl[m[Kâ€™?
   20 |         [01;31m[KArJointControl[m[K* joint = new ArJointControl(jointParam.joint_name);
      |         [01;31m[K^~~~~~~~~~~~~~[m[K
      |         [32m[Kar_control::ArJointControl[m[K
In file included from [01m[K/home/hans/ar/ar_src/command/ar_control/include/ar_drive_control.h:5[m[K,
                 from [01m[K/home/hans/ar/ar_src/command/ar_control/src/ar_drive_control.cpp:1[m[K:
[01m[K/home/hans/ar/ar_src/command/ar_control/include/ar_joint_control.h:9:11:[m[K [01;36m[Knote: [m[Kâ€˜[01m[Kar_control::ArJointControl[m[Kâ€™ declared here
    9 |     class [01;36m[KArJointControl[m[K
      |           [01;36m[K^~~~~~~~~~~~~~[m[K
[01m[K/home/hans/ar/ar_src/command/ar_control/src/ar_drive_control.cpp:20:25:[m[K [01;31m[Kerror: [m[Kâ€˜[01m[Kjoint[m[Kâ€™ was not declared in this scope
   20 |         ArJointControl* [01;31m[Kjoint[m[K = new ArJointControl(jointParam.joint_name);
      |                         [01;31m[K^~~~~[m[K
[01m[K/home/hans/ar/ar_src/command/ar_control/src/ar_drive_control.cpp:20:37:[m[K [01;31m[Kerror: [m[Kexpected type-specifier before â€˜[01m[KArJointControl[m[Kâ€™
   20 |         ArJointControl* joint = new [01;31m[KArJointControl[m[K(jointParam.joint_name);
      |                                     [01;31m[K^~~~~~~~~~~~~~[m[K
[01m[K/home/hans/ar/ar_src/command/ar_control/src/ar_drive_control.cpp:21:96:[m[K [01;31m[Kerror: [m[Kâ€˜[01m[Kdrive_id_[m[Kâ€™ was not declared in this scope
   21 |                 printf(COLOR_BLUE "\n[Tomo Drive Control] Drive %d add joint: %s" COLOR_RESET, [01;31m[Kdrive_id_[m[K, jointParm.joint_name.c_str());
      |                                                                                                [01;31m[K^~~~~~~~~[m[K
[01m[K/home/hans/ar/ar_src/command/ar_control/src/ar_drive_control.cpp:21:107:[m[K [01;31m[Kerror: [m[Kâ€˜[01m[KjointParm[m[Kâ€™ was not declared in this scope; did you mean â€˜[01m[KjointParam[m[Kâ€™?
   21 |                 printf(COLOR_BLUE "\n[Tomo Drive Control] Drive %d add joint: %s" COLOR_RESET, drive_id_, [01;31m[KjointParm[m[K.joint_name.c_str());
      |                                                                                                           [01;31m[K^~~~~~~~~[m[K
      |                                                                                                           [32m[KjointParam[m[K
[01m[K/home/hans/ar/ar_src/command/ar_control/src/ar_drive_control.cpp:18:51:[m[K [01;35m[Kwarning: [m[Kunused parameter â€˜[01m[KjointParam[m[Kâ€™ [[01;35m[K]8;;https://gcc.gnu.org/onlinedocs/gcc/Warning-Options.html#index-Wunused-parameter-Wunused-parameter]8;;[m[K]
   18 |     void ArDriveControl::AddJoint([01;35m[KJointParameter& jointParam[m[K)
      |                                   [01;35m[K~~~~~~~~~~~~~~~~^~~~~~~~~~[m[K
[01m[K/home/hans/ar/ar_src/command/ar_control/src/ar_drive_control.cpp:[m[K At global scope:
[01m[K/home/hans/ar/ar_src/command/ar_control/src/ar_drive_control.cpp:24:5:[m[K [01;31m[Kerror: [m[Kâ€˜[01m[KArDiveControl[m[Kâ€™ does not name a type
   24 |     [01;31m[KArDiveControl[m[K::~ArDriveControl()
      |     [01;31m[K^~~~~~~~~~~~~[m[K
[01m[K/home/hans/ar/ar_src/command/ar_control/src/ar_drive_control.cpp:29:5:[m[K [01;31m[Kerror: [m[Kâ€˜[01m[KArDriveControl[m[Kâ€™ does not name a type
   29 |     [01;31m[KArDriveControl[m[K::write()
      |     [01;31m[K^~~~~~~~~~~~~~[m[K
[01m[K/home/hans/ar/ar_src/command/ar_control/src/ar_drive_control.cpp:34:5:[m[K [01;31m[Kerror: [m[Kâ€˜[01m[KArDriveControl[m[Kâ€™ does not name a type
   34 |     [01;31m[KArDriveControl[m[K::read()
      |     [01;31m[K^~~~~~~~~~~~~~[m[K
In file included from [01m[K/home/hans/ar/ar_src/command/ar_control/src/ar_drive_control.cpp:1[m[K:
[01m[K/home/hans/ar/ar_src/command/ar_control/include/ar_drive_control.h:[m[K In member function â€˜[01m[Kvoid ar_control::ArDriveControl::InitializeDriveClient(int)[m[Kâ€™:
[01m[K/home/hans/ar/ar_src/command/ar_control/include/ar_drive_control.h:15:40:[m[K [01;35m[Kwarning: [m[Kunused parameter â€˜[01m[KslaveId[m[Kâ€™ [[01;35m[K]8;;https://gcc.gnu.org/onlinedocs/gcc/Warning-Options.html#index-Wunused-parameter-Wunused-parameter]8;;[m[K]
   15 |         void InitializeDriveClient([01;35m[Kint slaveId[m[K)
      |                                    [01;35m[K~~~~^~~~~~~[m[K
[01m[K/home/hans/ar/ar_src/command/ar_control/src/ar_drive_control.cpp:[m[K At global scope:
[01m[K/home/hans/ar/ar_src/command/ar_control/src/ar_drive_control.cpp:6:5:[m[K [01;31m[Kerror: [m[Kâ€˜[01m[KArDriveControl[m[Kâ€™ does not name a type
    6 |     [01;31m[KArDriveControl[m[K::ArDriveControl(DriveParameter& driveParm,bool uiState) : drive_parameter(driveParm), is_ui_(uiState)
      |     [01;31m[K^~~~~~~~~~~~~~[m[K
[01m[K/home/hans/ar/ar_src/command/ar_control/src/ar_drive_control.cpp:11:5:[m[K [01;31m[Kerror: [m[Kâ€˜[01m[KArDriveControl[m[Kâ€™ does not name a type
   11 |     [01;31m[KArDriveControl[m[K::InitializeDriveClient(int slaveId)
      |     [01;31m[K^~~~~~~~~~~~~~[m[K
[01m[K/home/hans/ar/ar_src/command/ar_control/src/ar_drive_control.cpp:18:10:[m[K [01;31m[Kerror: [m[Kâ€˜[01m[KArDriveControl[m[Kâ€™ has not been declared
   18 |     void [01;31m[KArDriveControl[m[K::AddJoint(JointParameter& jointParam)
      |          [01;31m[K^~~~~~~~~~~~~~[m[K
[01m[K/home/hans/ar/ar_src/command/ar_control/src/ar_drive_control.cpp:[m[K In function â€˜[01m[Kvoid ar_cotnrol::AddJoint(JointParameter&)[m[Kâ€™:
[01m[K/home/hans/ar/ar_src/command/ar_control/src/ar_drive_control.cpp:20:9:[m[K [01;31m[Kerror: [m[Kâ€˜[01m[KArJointControl[m[Kâ€™ was not declared in this scope; did you mean â€˜[01m[Kar_control::ArJointControl[m[Kâ€™?
   20 |         [01;31m[KArJointControl[m[K* joint = new ArJointControl(jointParam.joint_name);
      |         [01;31m[K^~~~~~~~~~~~~~[m[K
      |         [32m[Kar_control::ArJointControl[m[K
In file included from [01m[K/home/hans/ar/ar_src/command/ar_control/include/ar_drive_control.h:5[m[K,
                 from [01m[K/home/hans/ar/ar_src/command/ar_control/src/ar_drive_control.cpp:1[m[K:
[01m[K/home/hans/ar/ar_src/command/ar_control/include/ar_joint_control.h:9:11:[m[K [01;36m[Knote: [m[Kâ€˜[01m[Kar_control::ArJointControl[m[Kâ€™ declared here
    9 |     class [01;36m[KArJointControl[m[K
      |           [01;36m[K^~~~~~~~~~~~~~[m[K
[01m[K/home/hans/ar/ar_src/command/ar_control/src/ar_drive_control.cpp:20:25:[m[K [01;31m[Kerror: [m[Kâ€˜[01m[Kjoint[m[Kâ€™ was not declared in this scope
   20 |         ArJointControl* [01;31m[Kjoint[m[K = new ArJointControl(jointParam.joint_name);
      |                         [01;31m[K^~~~~[m[K
[01m[K/home/hans/ar/ar_src/command/ar_control/src/ar_drive_control.cpp:20:37:[m[K [01;31m[Kerror: [m[Kexpected type-specifier before â€˜[01m[KArJointControl[m[Kâ€™
   20 |         ArJointControl* joint = new [01;31m[KArJointControl[m[K(jointParam.joint_name);
      |                                     [01;31m[K^~~~~~~~~~~~~~[m[K
[01m[K/home/hans/ar/ar_src/command/ar_control/src/ar_drive_control.cpp:21:96:[m[K [01;31m[Kerror: [m[Kâ€˜[01m[Kdrive_id_[m[Kâ€™ was not declared in this scope
   21 |                 printf(COLOR_BLUE "\n[Tomo Drive Control] Drive %d add joint: %s" COLOR_RESET, [01;31m[Kdrive_id_[m[K, jointParm.joint_name.c_str());
      |                                                                                                [01;31m[K^~~~~~~~~[m[K
[01m[K/home/hans/ar/ar_src/command/ar_control/src/ar_drive_control.cpp:21:107:[m[K [01;31m[Kerror: [m[Kâ€˜[01m[KjointParm[m[Kâ€™ was not declared in this scope; did you mean â€˜[01m[KjointParam[m[Kâ€™?
   21 |                 printf(COLOR_BLUE "\n[Tomo Drive Control] Drive %d add joint: %s" COLOR_RESET, drive_id_, [01;31m[KjointParm[m[K.joint_name.c_str());
      |                                                                                                           [01;31m[K^~~~~~~~~[m[K
      |                                                                                                           [32m[KjointParam[m[K
[01m[K/home/hans/ar/ar_src/command/ar_control/src/ar_drive_control.cpp:18:51:[m[K [01;35m[Kwarning: [m[Kunused parameter â€˜[01m[KjointParam[m[Kâ€™ [[01;35m[K]8;;https://gcc.gnu.org/onlinedocs/gcc/Warning-Options.html#index-Wunused-parameter-Wunused-parameter]8;;[m[K]
   18 |     void ArDriveControl::AddJoint([01;35m[KJointParameter& jointParam[m[K)
      |                                   [01;35m[K~~~~~~~~~~~~~~~~^~~~~~~~~~[m[K
[01m[K/home/hans/ar/ar_src/command/ar_control/src/ar_drive_control.cpp:[m[K At global scope:
[01m[K/home/hans/ar/ar_src/command/ar_control/src/ar_drive_control.cpp:24:5:[m[K [01;31m[Kerror: [m[Kâ€˜[01m[KArDiveControl[m[Kâ€™ does not name a type
   24 |     [01;31m[KArDiveControl[m[K::~ArDriveControl()
      |     [01;31m[K^~~~~~~~~~~~~[m[K
[01m[K/home/hans/ar/ar_src/command/ar_control/src/ar_drive_control.cpp:29:5:[m[K [01;31m[Kerror: [m[Kâ€˜[01m[KArDriveControl[m[Kâ€™ does not name a type
   29 |     [01;31m[KArDriveControl[m[K::write()
      |     [01;31m[K^~~~~~~~~~~~~~[m[K
[01m[K/home/hans/ar/ar_src/command/ar_control/src/ar_drive_control.cpp:34:5:[m[K [01;31m[Kerror: [m[Kâ€˜[01m[KArDriveControl[m[Kâ€™ does not name a type
   34 |     [01;31m[KArDriveControl[m[K::read()
      |     [01;31m[K^~~~~~~~~~~~~~[m[K
gmake[2]: *** [CMakeFiles/ar_control_server.dir/build.make:118: CMakeFiles/ar_control_server.dir/src/ar_drive_control.cpp.o] Error 1
gmake[2]: *** Waiting for unfinished jobs....
gmake[2]: *** [CMakeFiles/ar_control.dir/build.make:118: CMakeFiles/ar_control.dir/src/ar_drive_control.cpp.o] Error 1
gmake[2]: *** Waiting for unfinished jobs....
In file included from [01m[K/home/hans/ar/ar_src/command/ar_control/include/ar_hardware_interface.h:20[m[K,
                 from [01m[K/home/hans/ar/ar_src/command/ar_control/src/ar_control_server.cpp:4[m[K:
[01m[K/home/hans/ar/ar_src/command/ar_control/include/ar_drive_config.h:61:2:[m[K [01;31m[Kerror: [m[Kexpected â€˜[01m[K;[m[Kâ€™ after class definition
   61 | }
      |  [01;31m[K^[m[K
      |  [32m[K;[m[K
[01m[K/home/hans/ar/ar_src/command/ar_control/src/ar_control_server.cpp:[m[K In member function â€˜[01m[Kvoid ar_control::ArControlServer::incomingDisplayTrajectory(moveit_msgs::msg::DisplayTrajectory_<std::allocator<void> >::ConstSharedPtr)[m[Kâ€™:
[01m[K/home/hans/ar/ar_src/command/ar_control/src/ar_control_server.cpp:32:24:[m[K [01;31m[Kerror: [m[Kâ€˜[01m[Kclass ar_control::ArHardwareInterface[m[Kâ€™ has no member named â€˜[01m[Kmove[m[Kâ€™
   32 |                 robot->[01;31m[Kmove[m[K("", msg->trajectory[0].joint_trajectory, status);
      |                        [01;31m[K^~~~[m[K
In file included from [01m[K/home/hans/ar/ar_src/command/ar_control/include/ar_hardware_interface.h:20[m[K,
                 from [01m[K/home/hans/ar/ar_src/command/ar_control/src/ar_control_server.cpp:4[m[K:
[01m[K/home/hans/ar/ar_src/command/ar_control/include/ar_drive_config.h:61:2:[m[K [01;31m[Kerror: [m[Kexpected â€˜[01m[K;[m[Kâ€™ after class definition
   61 | }
      |  [01;31m[K^[m[K
      |  [32m[K;[m[K
[01m[K/home/hans/ar/ar_src/command/ar_control/src/ar_control_server.cpp:[m[K In member function â€˜[01m[Kvoid ar_control::ArControlServer::execute(std::shared_ptr<rclcpp_action::ServerGoalHandle<ar_action::action::ArControl> >)[m[Kâ€™:
[01m[K/home/hans/ar/ar_src/command/ar_control/src/ar_control_server.cpp:92:52:[m[K [01;31m[Kerror: [m[Kâ€˜[01m[KSUCCESS[m[Kâ€™ is not a member of â€˜[01m[Kar_control::ControlErrorCode[m[Kâ€™
   92 |                         status = ControlErrorCode::[01;31m[KSUCCESS[m[K;
      |                                                    [01;31m[K^~~~~~~[m[K
[01m[K/home/hans/ar/ar_src/command/ar_control/src/ar_control_server.cpp:99:40:[m[K [01;31m[Kerror: [m[Kâ€˜[01m[Kclass ar_control::ArHardwareInterface[m[Kâ€™ has no member named â€˜[01m[Kmove[m[Kâ€™
   99 |                                 robot->[01;31m[Kmove[m[K(goal->planning_group, goal->trajectory, status);
      |                                        [01;31m[K^~~~[m[K
[01m[K/home/hans/ar/ar_src/command/ar_control/src/ar_control_server.cpp:102:60:[m[K [01;31m[Kerror: [m[Kâ€˜[01m[KSUCCESS[m[Kâ€™ is not a member of â€˜[01m[Kar_control::ControlErrorCode[m[Kâ€™
  102 |                                 status = ControlErrorCode::[01;31m[KSUCCESS[m[K;
      |                                                            [01;31m[K^~~~~~~[m[K
[01m[K/home/hans/ar/ar_src/command/ar_control/src/ar_control_server.cpp:[m[K In member function â€˜[01m[Kvoid ar_control::ArControlServer::incomingDisplayTrajectory(moveit_msgs::msg::DisplayTrajectory_<std::allocator<void> >::ConstSharedPtr)[m[Kâ€™:
[01m[K/home/hans/ar/ar_src/command/ar_control/src/ar_control_server.cpp:32:24:[m[K [01;31m[Kerror: [m[Kâ€˜[01m[Kclass ar_control::ArHardwareInterface[m[Kâ€™ has no member named â€˜[01m[Kmove[m[Kâ€™
   32 |                 robot->[01;31m[Kmove[m[K("", msg->trajectory[0].joint_trajectory, status);
      |                        [01;31m[K^~~~[m[K
In file included from [01m[K/home/hans/ar/ar_src/command/ar_control/include/ar_hardware_interface.h:20[m[K,
                 from [01m[K/home/hans/ar/ar_src/command/ar_control/src/ar_hardware_interface.cpp:1[m[K:
[01m[K/home/hans/ar/ar_src/command/ar_control/include/ar_drive_config.h:61:2:[m[K [01;31m[Kerror: [m[Kexpected â€˜[01m[K;[m[Kâ€™ after class definition
   61 | }
      |  [01;31m[K^[m[K
      |  [32m[K;[m[K
In file included from [01m[K/home/hans/ar/ar_src/command/ar_control/include/ar_hardware_interface.h:20[m[K,
                 from [01m[K/home/hans/ar/ar_src/command/ar_control/include/ar_system.hpp:30[m[K,
                 from [01m[K/home/hans/ar/ar_src/command/ar_control/src/ar_system.cpp:15[m[K:
[01m[K/home/hans/ar/ar_src/command/ar_control/include/ar_drive_config.h:61:2:[m[K [01;31m[Kerror: [m[Kexpected â€˜[01m[K;[m[Kâ€™ after class definition
   61 | }
      |  [01;31m[K^[m[K
      |  [32m[K;[m[K
[01m[K/home/hans/ar/ar_src/command/ar_control/src/ar_control_server.cpp:[m[K In member function â€˜[01m[Kvoid ar_control::ArControlServer::execute(std::shared_ptr<rclcpp_action::ServerGoalHandle<ar_action::action::ArControl> >)[m[Kâ€™:
[01m[K/home/hans/ar/ar_src/command/ar_control/src/ar_control_server.cpp:92:52:[m[K [01;31m[Kerror: [m[Kâ€˜[01m[KSUCCESS[m[Kâ€™ is not a member of â€˜[01m[Kar_control::ControlErrorCode[m[Kâ€™
   92 |                         status = ControlErrorCode::[01;31m[KSUCCESS[m[K;
      |                                                    [01;31m[K^~~~~~~[m[K
[01m[K/home/hans/ar/ar_src/command/ar_control/src/ar_control_server.cpp:99:40:[m[K [01;31m[Kerror: [m[Kâ€˜[01m[Kclass ar_control::ArHardwareInterface[m[Kâ€™ has no member named â€˜[01m[Kmove[m[Kâ€™
   99 |                                 robot->[01;31m[Kmove[m[K(goal->planning_group, goal->trajectory, status);
      |                                        [01;31m[K^~~~[m[K
[01m[K/home/hans/ar/ar_src/command/ar_control/src/ar_control_server.cpp:102:60:[m[K [01;31m[Kerror: [m[Kâ€˜[01m[KSUCCESS[m[Kâ€™ is not a member of â€˜[01m[Kar_control::ControlErrorCode[m[Kâ€™
  102 |                                 status = ControlErrorCode::[01;31m[KSUCCESS[m[K;
      |                                                            [01;31m[K^~~~~~~[m[K
[01m[K/home/hans/ar/ar_src/command/ar_control/src/ar_hardware_interface.cpp:[m[K In constructor â€˜[01m[Kar_control::ArHardwareInterface::ArHardwareInterface(bool, bool)[m[Kâ€™:
[01m[K/home/hans/ar/ar_src/command/ar_control/src/ar_hardware_interface.cpp:25:9:[m[K [01;31m[Kerror: [m[Kâ€˜[01m[Kar_hardware_interface_node_[m[Kâ€™ was not declared in this scope; did you mean â€˜[01m[KArHardwareInterface[m[Kâ€™?
   25 |         [01;31m[Kar_hardware_interface_node_[m[K = rclcpp::Node::make_shared("ar_hardware_interface_node",
      |         [01;31m[K^~~~~~~~~~~~~~~~~~~~~~~~~~~[m[K
      |         [32m[KArHardwareInterface[m[K
[01m[K/home/hans/ar/ar_src/command/ar_control/src/ar_system.cpp:[m[K In member function â€˜[01m[Kvirtual CallbackReturn ar_control::ArSystemHardware::on_init(const hardware_interface::HardwareInfo&)[m[Kâ€™:
[01m[K/home/hans/ar/ar_src/command/ar_control/src/ar_system.cpp:43:17:[m[K [01;31m[Kerror: [m[Kâ€˜[01m[Krobot_desc[m[Kâ€™ was not declared in this scope
   43 |                 [01;31m[Krobot_desc[m[K = info_.hardware_parameters["desc"];
      |                 [01;31m[K^~~~~~~~~~[m[K
[01m[K/home/hans/ar/ar_src/command/ar_control/src/ar_system.cpp:[m[K In member function â€˜[01m[Kvirtual CallbackReturn ar_control::ArSystemHardware::on_configure(const rclcpp_lifecycle::State&)[m[Kâ€™:
[01m[K/home/hans/ar/ar_src/command/ar_control/src/ar_system.cpp:88:41:[m[K [01;31m[Kerror: [m[Kâ€˜[01m[Kusing element_type = class ar_control::ArHardwareInterface[m[Kâ€™ {aka â€˜[01m[Kclass ar_control::ArHardwareInterface[m[Kâ€™} has no member named â€˜[01m[KgetDrives[m[Kâ€™
   88 |                 for(auto drive : robot->[01;31m[KgetDrives[m[K()) {
      |                                         [01;31m[K^~~~~~~~~[m[K
[01m[K/home/hans/ar/ar_src/command/ar_control/src/ar_system.cpp:[m[K In member function â€˜[01m[Kvirtual std::vector<hardware_interface::StateInterface> ar_control::ArSystemHardware::export_state_interfaces()[m[Kâ€™:
[01m[K/home/hans/ar/ar_src/command/ar_control/src/ar_system.cpp:103:41:[m[K [01;31m[Kerror: [m[Kâ€˜[01m[Kusing element_type = class ar_control::ArHardwareInterface[m[Kâ€™ {aka â€˜[01m[Kclass ar_control::ArHardwareInterface[m[Kâ€™} has no member named â€˜[01m[KgetDrives[m[Kâ€™
  103 |                 for(auto drive : robot->[01;31m[KgetDrives[m[K()) {
      |                                         [01;31m[K^~~~~~~~~[m[K
[01m[K/home/hans/ar/ar_src/command/ar_control/src/ar_system.cpp:[m[K In member function â€˜[01m[Kvirtual std::vector<hardware_interface::CommandInterface> ar_control::ArSystemHardware::export_command_interfaces()[m[Kâ€™:
[01m[K/home/hans/ar/ar_src/command/ar_control/src/ar_system.cpp:120:41:[m[K [01;31m[Kerror: [m[Kâ€˜[01m[Kusing element_type = class ar_control::ArHardwareInterface[m[Kâ€™ {aka â€˜[01m[Kclass ar_control::ArHardwareInterface[m[Kâ€™} has no member named â€˜[01m[KgetDrives[m[Kâ€™
  120 |                 for(auto drive : robot->[01;31m[KgetDrives[m[K()) {
      |                                         [01;31m[K^~~~~~~~~[m[K
[01m[K/home/hans/ar/ar_src/command/ar_control/src/ar_system.cpp:[m[K In member function â€˜[01m[Kvirtual CallbackReturn ar_control::ArSystemHardware::on_activate(const rclcpp_lifecycle::State&)[m[Kâ€™:
[01m[K/home/hans/ar/ar_src/command/ar_control/src/ar_system.cpp:137:41:[m[K [01;31m[Kerror: [m[Kâ€˜[01m[Kusing element_type = class ar_control::ArHardwareInterface[m[Kâ€™ {aka â€˜[01m[Kclass ar_control::ArHardwareInterface[m[Kâ€™} has no member named â€˜[01m[KgetDrives[m[Kâ€™
  137 |                 for(auto drive : robot->[01;31m[KgetDrives[m[K()) {
      |                                         [01;31m[K^~~~~~~~~[m[K
[01m[K/home/hans/ar/ar_src/command/ar_control/src/ar_system.cpp:[m[K In member function â€˜[01m[Kvirtual hardware_interface::return_type ar_control::ArSystemHardware::write(const rclcpp::Time&, const rclcpp::Duration&)[m[Kâ€™:
[01m[K/home/hans/ar/ar_src/command/ar_control/src/ar_system.cpp:178:27:[m[K [01;31m[Kerror: [m[Kâ€˜[01m[Kusing element_type = class ar_control::ArHardwareInterface[m[Kâ€™ {aka â€˜[01m[Kclass ar_control::ArHardwareInterface[m[Kâ€™} has no member named â€˜[01m[Ksoem_drives[m[Kâ€™; did you mean â€˜[01m[KArDrives ar_control::ArHardwareInterface::ar_drives[m[Kâ€™? (not accessible from this context)
  178 |                 if(robot->[01;31m[Ksoem_drives[m[K)
      |                           [01;31m[K^~~~~~~~~~~[m[K
In file included from [01m[K/home/hans/ar/ar_src/command/ar_control/include/ar_system.hpp:30[m[K,
                 from [01m[K/home/hans/ar/ar_src/command/ar_control/src/ar_system.cpp:15[m[K:
[01m[K/home/hans/ar/ar_src/command/ar_control/include/ar_hardware_interface.h:38:26:[m[K [01;36m[Knote: [m[Kdeclared private here
   38 |                 ArDrives [01;36m[Kar_drives[m[K;                                             ///< Holds all drive parameters and joint names
      |                          [01;36m[K^~~~~~~~~[m[K
In file included from [01m[K/home/hans/ar/ar_src/command/ar_control/include/ar_hardware_interface.h:20[m[K,
                 from [01m[K/home/hans/ar/ar_src/command/ar_control/include/ar_system.hpp:30[m[K,
                 from [01m[K/home/hans/ar/ar_src/command/ar_control/src/ar_system.cpp:15[m[K:
[01m[K/home/hans/ar/ar_src/command/ar_control/include/ar_drive_config.h:61:2:[m[K [01;31m[Kerror: [m[Kexpected â€˜[01m[K;[m[Kâ€™ after class definition
   61 | }
      |  [01;31m[K^[m[K
      |  [32m[K;[m[K
[01m[K/home/hans/ar/ar_src/command/ar_control/src/ar_system.cpp:179:44:[m[K [01;31m[Kerror: [m[Kâ€˜[01m[Kcond[m[Kâ€™ was not declared in this scope
  179 |                         pthread_cond_wait(&[01;31m[Kcond[m[K, &lock);
      |                                            [01;31m[K^~~~[m[K
In file included from [01m[K/home/hans/ar/ar_src/command/ar_control/include/ar_hardware_interface.h:20[m[K,
                 from [01m[K/home/hans/ar/ar_src/command/ar_control/src/ar_hardware_interface.cpp:1[m[K:
[01m[K/home/hans/ar/ar_src/command/ar_control/include/ar_drive_config.h:61:2:[m[K [01;31m[Kerror: [m[Kexpected â€˜[01m[K;[m[Kâ€™ after class definition
   61 | }
      |  [01;31m[K^[m[K
      |  [32m[K;[m[K
[01m[K/home/hans/ar/ar_src/command/ar_control/src/ar_system.cpp:179:51:[m[K [01;31m[Kerror: [m[Kâ€˜[01m[Klock[m[Kâ€™ was not declared in this scope; did you mean â€˜[01m[Kstd::lock[m[Kâ€™?
  179 |                         pthread_cond_wait(&cond, &[01;31m[Klock[m[K);
      |                                                   [01;31m[K^~~~[m[K
      |                                                   [32m[Kstd::lock[m[K
In file included from [01m[K/home/hans/ar/ar_src/command/ar_control/include/ar_control_server.h:10[m[K,
                 from [01m[K/home/hans/ar/ar_src/command/ar_control/include/ar_hardware_interface.h:11[m[K,
                 from [01m[K/home/hans/ar/ar_src/command/ar_control/include/ar_system.hpp:30[m[K,
                 from [01m[K/home/hans/ar/ar_src/command/ar_control/src/ar_system.cpp:15[m[K:
[01m[K/usr/include/c++/11/mutex:591:5:[m[K [01;36m[Knote: [m[Kâ€˜[01m[Kstd::lock[m[Kâ€™ declared here
  591 |     [01;36m[Klock[m[K(_L1& __l1, _L2& __l2, _L3&... __l3)
      |     [01;36m[K^~~~[m[K
[01m[K/home/hans/ar/ar_src/command/ar_control/src/ar_hardware_interface.cpp:26:88:[m[K [01;31m[Kerror: [m[Kâ€˜[01m[Kautomatically_declare_parameters_from_overrides[m[Kâ€™ was not declared in this scope
   26 |                                                                 rclcpp::NodeOptions(), [01;31m[Kautomatically_declare_parameters_from_overrides[m[K(true));
      |                                                                                        [01;31m[K^~~~~~~~~~~~~~~~~~~~~~~~~~~~~~~~~~~~~~~~~~~~~~~[m[K
In file included from [01m[K/opt/ros/humble/include/rclcpp/rclcpp/client.hpp:40[m[K,
                 from [01m[K/opt/ros/humble/include/rclcpp/rclcpp/callback_group.hpp:24[m[K,
                 from [01m[K/opt/ros/humble/include/rclcpp/rclcpp/any_executable.hpp:20[m[K,
                 from [01m[K/opt/ros/humble/include/rclcpp/rclcpp/memory_strategy.hpp:25[m[K,
                 from [01m[K/opt/ros/humble/include/rclcpp/rclcpp/memory_strategies.hpp:18[m[K,
                 from [01m[K/opt/ros/humble/include/rclcpp/rclcpp/executor_options.hpp:20[m[K,
                 from [01m[K/opt/ros/humble/include/rclcpp/rclcpp/executor.hpp:37[m[K,
                 from [01m[K/opt/ros/humble/include/rclcpp/rclcpp/executors/multi_threaded_executor.hpp:25[m[K,
                 from [01m[K/opt/ros/humble/include/rclcpp/rclcpp/executors.hpp:21[m[K,
                 from [01m[K/opt/ros/humble/include/rclcpp/rclcpp/rclcpp.hpp:155[m[K,
                 from [01m[K/home/hans/ar/ar_src/command/ar_control/include/ar_control_server.h:12[m[K,
                 from [01m[K/home/hans/ar/ar_src/command/ar_control/include/ar_hardware_interface.h:11[m[K,
                 from [01m[K/home/hans/ar/ar_src/command/ar_control/src/ar_hardware_interface.cpp:1[m[K:
[01m[K/home/hans/ar/ar_src/command/ar_control/src/ar_hardware_interface.cpp:30:13:[m[K [01;31m[Kerror: [m[Ktemplate argument 1 is invalid
   30 |             [01;31m[KRCLCPP_ERROR[m[K(ar_hardware_interface_node_->get_logger(), "Parameter 'robot_description' not found.");
      |             [01;31m[K^~~~~~~~~~~~[m[K
[01m[K/home/hans/ar/ar_src/command/ar_control/src/ar_hardware_interface.cpp:30:13:[m[K [01;31m[Kerror: [m[Ktemplate argument 1 is invalid
   30 |             [01;31m[KRCLCPP_ERROR[m[K(ar_hardware_interface_node_->get_logger(), "Parameter 'robot_description' not found.");
      |             [01;31m[K^~~~~~~~~~~~[m[K
[01m[K/home/hans/ar/ar_src/command/ar_control/src/ar_hardware_interface.cpp:30:13:[m[K [01;31m[Kerror: [m[Ktemplate argument 1 is invalid
   30 |             [01;31m[KRCLCPP_ERROR[m[K(ar_hardware_interface_node_->get_logger(), "Parameter 'robot_description' not found.");
      |             [01;31m[K^~~~~~~~~~~~[m[K
[01m[K/home/hans/ar/ar_src/command/ar_control/src/ar_hardware_interface.cpp:35:13:[m[K [01;31m[Kerror: [m[Ktemplate argument 1 is invalid
   35 |             [01;31m[KRCLCPP_ERROR[m[K(ar_hardware_interface_node_->get_logger(), "Failed to parse URDF model.");
      |             [01;31m[K^~~~~~~~~~~~[m[K
[01m[K/home/hans/ar/ar_src/command/ar_control/src/ar_hardware_interface.cpp:35:13:[m[K [01;31m[Kerror: [m[Ktemplate argument 1 is invalid
   35 |             [01;31m[KRCLCPP_ERROR[m[K(ar_hardware_interface_node_->get_logger(), "Failed to parse URDF model.");
      |             [01;31m[K^~~~~~~~~~~~[m[K
[01m[K/home/hans/ar/ar_src/command/ar_control/src/ar_hardware_interface.cpp:35:13:[m[K [01;31m[Kerror: [m[Ktemplate argument 1 is invalid
   35 |             [01;31m[KRCLCPP_ERROR[m[K(ar_hardware_interface_node_->get_logger(), "Failed to parse URDF model.");
      |             [01;31m[K^~~~~~~~~~~~[m[K
[01m[K/home/hans/ar/ar_src/command/ar_control/src/ar_hardware_interface.cpp:[m[K In member function â€˜[01m[Kvoid ar_control::ArHardwareInterface::shutdown()[m[Kâ€™:
[01m[K/home/hans/ar/ar_src/command/ar_control/src/ar_hardware_interface.cpp:54:27:[m[K [01;31m[Kerror: [m[Kâ€˜[01m[Kdrives[m[Kâ€™ was not declared in this scope; did you mean â€˜[01m[Kdrive[m[Kâ€™?
   54 |         for (auto drive : [01;31m[Kdrives[m[K)
      |                           [01;31m[K^~~~~~[m[K
      |                           [32m[Kdrive[m[K
[01m[K/home/hans/ar/ar_src/command/ar_control/src/ar_system.cpp:[m[K In member function â€˜[01m[Kvirtual CallbackReturn ar_control::ArSystemHardware::on_init(const hardware_interface::HardwareInfo&)[m[Kâ€™:
[01m[K/home/hans/ar/ar_src/command/ar_control/src/ar_system.cpp:43:17:[m[K [01;31m[Kerror: [m[Kâ€˜[01m[Krobot_desc[m[Kâ€™ was not declared in this scope
   43 |                 [01;31m[Krobot_desc[m[K = info_.hardware_parameters["desc"];
      |                 [01;31m[K^~~~~~~~~~[m[K
[01m[K/home/hans/ar/ar_src/command/ar_control/src/ar_hardware_interface.cpp:[m[K In member function â€˜[01m[Kvoid ar_control::ArHardwareInterface::readConfigFromYaml(std::string)[m[Kâ€™:
[01m[K/home/hans/ar/ar_src/command/ar_control/src/ar_hardware_interface.cpp:95:13:[m[K [01;31m[Kerror: [m[Kâ€˜[01m[KDriveParameters[m[Kâ€™ was not declared in this scope; did you mean â€˜[01m[KDriveParameter[m[Kâ€™?
   95 |             [01;31m[KDriveParameters[m[K driveParams;
      |             [01;31m[K^~~~~~~~~~~~~~~[m[K
      |             [32m[KDriveParameter[m[K
[01m[K/home/hans/ar/ar_src/command/ar_control/src/ar_system.cpp:[m[K In member function â€˜[01m[Kvirtual CallbackReturn ar_control::ArSystemHardware::on_configure(const rclcpp_lifecycle::State&)[m[Kâ€™:
[01m[K/home/hans/ar/ar_src/command/ar_control/src/ar_system.cpp:88:41:[m[K [01;31m[Kerror: [m[Kâ€˜[01m[Kusing element_type = class ar_control::ArHardwareInterface[m[Kâ€™ {aka â€˜[01m[Kclass ar_control::ArHardwareInterface[m[Kâ€™} has no member named â€˜[01m[KgetDrives[m[Kâ€™
   88 |                 for(auto drive : robot->[01;31m[KgetDrives[m[K()) {
      |                                         [01;31m[K^~~~~~~~~[m[K
[01m[K/home/hans/ar/ar_src/command/ar_control/src/ar_system.cpp:[m[K In member function â€˜[01m[Kvirtual std::vector<hardware_interface::StateInterface> ar_control::ArSystemHardware::export_state_interfaces()[m[Kâ€™:
[01m[K/home/hans/ar/ar_src/command/ar_control/src/ar_system.cpp:103:41:[m[K [01;31m[Kerror: [m[Kâ€˜[01m[Kusing element_type = class ar_control::ArHardwareInterface[m[Kâ€™ {aka â€˜[01m[Kclass ar_control::ArHardwareInterface[m[Kâ€™} has no member named â€˜[01m[KgetDrives[m[Kâ€™
  103 |                 for(auto drive : robot->[01;31m[KgetDrives[m[K()) {
      |                                         [01;31m[K^~~~~~~~~[m[K
[01m[K/home/hans/ar/ar_src/command/ar_control/src/ar_system.cpp:[m[K In member function â€˜[01m[Kvirtual std::vector<hardware_interface::CommandInterface> ar_control::ArSystemHardware::export_command_interfaces()[m[Kâ€™:
[01m[K/home/hans/ar/ar_src/command/ar_control/src/ar_system.cpp:120:41:[m[K [01;31m[Kerror: [m[Kâ€˜[01m[Kusing element_type = class ar_control::ArHardwareInterface[m[Kâ€™ {aka â€˜[01m[Kclass ar_control::ArHardwareInterface[m[Kâ€™} has no member named â€˜[01m[KgetDrives[m[Kâ€™
  120 |                 for(auto drive : robot->[01;31m[KgetDrives[m[K()) {
      |                                         [01;31m[K^~~~~~~~~[m[K
[01m[K/home/hans/ar/ar_src/command/ar_control/src/ar_hardware_interface.cpp:[m[K In constructor â€˜[01m[Kar_control::ArHardwareInterface::ArHardwareInterface(bool, bool)[m[Kâ€™:
[01m[K/home/hans/ar/ar_src/command/ar_control/src/ar_hardware_interface.cpp:25:9:[m[K [01;31m[Kerror: [m[Kâ€˜[01m[Kar_hardware_interface_node_[m[Kâ€™ was not declared in this scope; did you mean â€˜[01m[KArHardwareInterface[m[Kâ€™?
   25 |         [01;31m[Kar_hardware_interface_node_[m[K = rclcpp::Node::make_shared("ar_hardware_interface_node",
      |         [01;31m[K^~~~~~~~~~~~~~~~~~~~~~~~~~~[m[K
      |         [32m[KArHardwareInterface[m[K
[01m[K/home/hans/ar/ar_src/command/ar_control/src/ar_system.cpp:[m[K In member function â€˜[01m[Kvirtual CallbackReturn ar_control::ArSystemHardware::on_activate(const rclcpp_lifecycle::State&)[m[Kâ€™:
[01m[K/home/hans/ar/ar_src/command/ar_control/src/ar_system.cpp:137:41:[m[K [01;31m[Kerror: [m[Kâ€˜[01m[Kusing element_type = class ar_control::ArHardwareInterface[m[Kâ€™ {aka â€˜[01m[Kclass ar_control::ArHardwareInterface[m[Kâ€™} has no member named â€˜[01m[KgetDrives[m[Kâ€™
  137 |                 for(auto drive : robot->[01;31m[KgetDrives[m[K()) {
      |                                         [01;31m[K^~~~~~~~~[m[K
[01m[K/home/hans/ar/ar_src/command/ar_control/src/ar_system.cpp:[m[K In member function â€˜[01m[Kvirtual hardware_interface::return_type ar_control::ArSystemHardware::write(const rclcpp::Time&, const rclcpp::Duration&)[m[Kâ€™:
[01m[K/home/hans/ar/ar_src/command/ar_control/src/ar_system.cpp:178:27:[m[K [01;31m[Kerror: [m[Kâ€˜[01m[Kusing element_type = class ar_control::ArHardwareInterface[m[Kâ€™ {aka â€˜[01m[Kclass ar_control::ArHardwareInterface[m[Kâ€™} has no member named â€˜[01m[Ksoem_drives[m[Kâ€™; did you mean â€˜[01m[KArDrives ar_control::ArHardwareInterface::ar_drives[m[Kâ€™? (not accessible from this context)
  178 |                 if(robot->[01;31m[Ksoem_drives[m[K)
      |                           [01;31m[K^~~~~~~~~~~[m[K
In file included from [01m[K/home/hans/ar/ar_src/command/ar_control/include/ar_system.hpp:30[m[K,
                 from [01m[K/home/hans/ar/ar_src/command/ar_control/src/ar_system.cpp:15[m[K:
[01m[K/home/hans/ar/ar_src/command/ar_control/include/ar_hardware_interface.h:38:26:[m[K [01;36m[Knote: [m[Kdeclared private here
   38 |                 ArDrives [01;36m[Kar_drives[m[K;                                             ///< Holds all drive parameters and joint names
      |                          [01;36m[K^~~~~~~~~[m[K
[01m[K/home/hans/ar/ar_src/command/ar_control/src/ar_hardware_interface.cpp:97:13:[m[K [01;31m[Kerror: [m[Kâ€˜[01m[KdriveParams[m[Kâ€™ was not declared in this scope; did you mean â€˜[01m[KDriveParameter[m[Kâ€™?
   97 |             [01;31m[KdriveParams[m[K.drive_id = stringToId(drive_id);
      |             [01;31m[K^~~~~~~~~~~[m[K
      |             [32m[KDriveParameter[m[K
[01m[K/home/hans/ar/ar_src/command/ar_control/src/ar_hardware_interface.cpp:97:36:[m[K [01;31m[Kerror: [m[Kâ€˜[01m[KstringToId[m[Kâ€™ was not declared in this scope; did you mean â€˜[01m[Kar_utils::stringToId[m[Kâ€™?
   97 |             driveParams.drive_id = [01;31m[KstringToId[m[K(drive_id);
      |                                    [01;31m[K^~~~~~~~~~[m[K
      |                                    [32m[Kar_utils::stringToId[m[K
In file included from [01m[K/home/hans/ar/ar_src/command/ar_control/include/ar_control_server.h:19[m[K,
                 from [01m[K/home/hans/ar/ar_src/command/ar_control/include/ar_hardware_interface.h:11[m[K,
                 from [01m[K/home/hans/ar/ar_src/command/ar_control/src/ar_hardware_interface.cpp:1[m[K:
[01m[K/home/hans/ar/install/ar_utils/include/ar_utils.h:31:13:[m[K [01;36m[Knote: [m[Kâ€˜[01m[Kar_utils::stringToId[m[Kâ€™ declared here
   31 |         int [01;36m[KstringToId[m[K(std::string str);
      |             [01;36m[K^~~~~~~~~~[m[K
[01m[K/home/hans/ar/ar_src/command/ar_control/src/ar_system.cpp:179:44:[m[K [01;31m[Kerror: [m[Kâ€˜[01m[Kcond[m[Kâ€™ was not declared in this scope
  179 |                         pthread_cond_wait(&[01;31m[Kcond[m[K, &lock);
      |                                            [01;31m[K^~~~[m[K
[01m[K/home/hans/ar/ar_src/command/ar_control/src/ar_system.cpp:179:51:[m[K [01;31m[Kerror: [m[Kâ€˜[01m[Klock[m[Kâ€™ was not declared in this scope; did you mean â€˜[01m[Kstd::lock[m[Kâ€™?
  179 |                         pthread_cond_wait(&cond, &[01;31m[Klock[m[K);
      |                                                   [01;31m[K^~~~[m[K
      |                                                   [32m[Kstd::lock[m[K
In file included from [01m[K/home/hans/ar/ar_src/command/ar_control/include/ar_control_server.h:10[m[K,
                 from [01m[K/home/hans/ar/ar_src/command/ar_control/include/ar_hardware_interface.h:11[m[K,
                 from [01m[K/home/hans/ar/ar_src/command/ar_control/include/ar_system.hpp:30[m[K,
                 from [01m[K/home/hans/ar/ar_src/command/ar_control/src/ar_system.cpp:15[m[K:
[01m[K/usr/include/c++/11/mutex:591:5:[m[K [01;36m[Knote: [m[Kâ€˜[01m[Kstd::lock[m[Kâ€™ declared here
  591 |     [01;36m[Klock[m[K(_L1& __l1, _L2& __l2, _L3&... __l3)
      |     [01;36m[K^~~~[m[K
[01m[K/home/hans/ar/ar_src/command/ar_control/src/ar_hardware_interface.cpp:103:45:[m[K [01;31m[Kerror: [m[Kâ€˜[01m[KPORT_UART[m[Kâ€™ was not declared in this scope; did you mean â€˜[01m[KPORT_CAN[m[Kâ€™?
  103 |             else if (driveParams.port_id == [01;31m[KPORT_UART[m[K)
      |                                             [01;31m[K^~~~~~~~~[m[K
      |                                             [32m[KPORT_CAN[m[K
[01m[K/home/hans/ar/ar_src/command/ar_control/src/ar_hardware_interface.cpp:26:88:[m[K [01;31m[Kerror: [m[Kâ€˜[01m[Kautomatically_declare_parameters_from_overrides[m[Kâ€™ was not declared in this scope
   26 |                                                                 rclcpp::NodeOptions(), [01;31m[Kautomatically_declare_parameters_from_overrides[m[K(true));
      |                                                                                        [01;31m[K^~~~~~~~~~~~~~~~~~~~~~~~~~~~~~~~~~~~~~~~~~~~~~~[m[K
In file included from [01m[K/opt/ros/humble/include/rclcpp/rclcpp/client.hpp:40[m[K,
                 from [01m[K/opt/ros/humble/include/rclcpp/rclcpp/callback_group.hpp:24[m[K,
                 from [01m[K/opt/ros/humble/include/rclcpp/rclcpp/any_executable.hpp:20[m[K,
                 from [01m[K/opt/ros/humble/include/rclcpp/rclcpp/memory_strategy.hpp:25[m[K,
                 from [01m[K/opt/ros/humble/include/rclcpp/rclcpp/memory_strategies.hpp:18[m[K,
                 from [01m[K/opt/ros/humble/include/rclcpp/rclcpp/executor_options.hpp:20[m[K,
                 from [01m[K/opt/ros/humble/include/rclcpp/rclcpp/executor.hpp:37[m[K,
                 from [01m[K/opt/ros/humble/include/rclcpp/rclcpp/executors/multi_threaded_executor.hpp:25[m[K,
                 from [01m[K/opt/ros/humble/include/rclcpp/rclcpp/executors.hpp:21[m[K,
                 from [01m[K/opt/ros/humble/include/rclcpp/rclcpp/rclcpp.hpp:155[m[K,
                 from [01m[K/home/hans/ar/ar_src/command/ar_control/include/ar_control_server.h:12[m[K,
                 from [01m[K/home/hans/ar/ar_src/command/ar_control/include/ar_hardware_interface.h:11[m[K,
                 from [01m[K/home/hans/ar/ar_src/command/ar_control/src/ar_hardware_interface.cpp:1[m[K:
[01m[K/home/hans/ar/ar_src/command/ar_control/src/ar_hardware_interface.cpp:30:13:[m[K [01;31m[Kerror: [m[Ktemplate argument 1 is invalid
   30 |             [01;31m[KRCLCPP_ERROR[m[K(ar_hardware_interface_node_->get_logger(), "Parameter 'robot_description' not found.");
      |             [01;31m[K^~~~~~~~~~~~[m[K
[01m[K/home/hans/ar/ar_src/command/ar_control/src/ar_hardware_interface.cpp:30:13:[m[K [01;31m[Kerror: [m[Ktemplate argument 1 is invalid
   30 |             [01;31m[KRCLCPP_ERROR[m[K(ar_hardware_interface_node_->get_logger(), "Parameter 'robot_description' not found.");
      |             [01;31m[K^~~~~~~~~~~~[m[K
[01m[K/home/hans/ar/ar_src/command/ar_control/src/ar_hardware_interface.cpp:30:13:[m[K [01;31m[Kerror: [m[Ktemplate argument 1 is invalid
   30 |             [01;31m[KRCLCPP_ERROR[m[K(ar_hardware_interface_node_->get_logger(), "Parameter 'robot_description' not found.");
      |             [01;31m[K^~~~~~~~~~~~[m[K
[01m[K/home/hans/ar/ar_src/command/ar_control/src/ar_hardware_interface.cpp:35:13:[m[K [01;31m[Kerror: [m[Ktemplate argument 1 is invalid
   35 |             [01;31m[KRCLCPP_ERROR[m[K(ar_hardware_interface_node_->get_logger(), "Failed to parse URDF model.");
      |             [01;31m[K^~~~~~~~~~~~[m[K
[01m[K/home/hans/ar/ar_src/command/ar_control/src/ar_hardware_interface.cpp:35:13:[m[K [01;31m[Kerror: [m[Ktemplate argument 1 is invalid
   35 |             [01;31m[KRCLCPP_ERROR[m[K(ar_hardware_interface_node_->get_logger(), "Failed to parse URDF model.");
      |             [01;31m[K^~~~~~~~~~~~[m[K
[01m[K/home/hans/ar/ar_src/command/ar_control/src/ar_hardware_interface.cpp:35:13:[m[K [01;31m[Kerror: [m[Ktemplate argument 1 is invalid
   35 |             [01;31m[KRCLCPP_ERROR[m[K(ar_hardware_interface_node_->get_logger(), "Failed to parse URDF model.");
      |             [01;31m[K^~~~~~~~~~~~[m[K
In file included from [01m[K/opt/ros/humble/include/rclcpp/rclcpp/client.hpp:40[m[K,
                 from [01m[K/opt/ros/humble/include/rclcpp/rclcpp/callback_group.hpp:24[m[K,
                 from [01m[K/opt/ros/humble/include/rclcpp/rclcpp/any_executable.hpp:20[m[K,
                 from [01m[K/opt/ros/humble/include/rclcpp/rclcpp/memory_strategy.hpp:25[m[K,
                 from [01m[K/opt/ros/humble/include/rclcpp/rclcpp/memory_strategies.hpp:18[m[K,
                 from [01m[K/opt/ros/humble/include/rclcpp/rclcpp/executor_options.hpp:20[m[K,
                 from [01m[K/opt/ros/humble/include/rclcpp/rclcpp/executor.hpp:37[m[K,
                 from [01m[K/opt/ros/humble/include/rclcpp/rclcpp/executors/multi_threaded_executor.hpp:25[m[K,
                 from [01m[K/opt/ros/humble/include/rclcpp/rclcpp/executors.hpp:21[m[K,
                 from [01m[K/opt/ros/humble/include/rclcpp/rclcpp/rclcpp.hpp:155[m[K,
                 from [01m[K/home/hans/ar/ar_src/command/ar_control/include/ar_control_server.h:12[m[K,
                 from [01m[K/home/hans/ar/ar_src/command/ar_control/include/ar_hardware_interface.h:11[m[K,
                 from [01m[K/home/hans/ar/ar_src/command/ar_control/src/ar_hardware_interface.cpp:1[m[K:
[01m[K/home/hans/ar/ar_src/command/ar_control/src/ar_hardware_interface.cpp:113:30:[m[K [01;31m[Kerror: [m[Kâ€˜[01m[Kar_hardware_interface_node_[m[Kâ€™ was not declared in this scope; did you mean â€˜[01m[KArHardwareInterface[m[Kâ€™?
  113 |                 RCLCPP_ERROR([01;31m[Kar_hardware_interface_node_[m[K->get_logger(), "Invalid port ID: %d", driveParams.port_id);
      |                              [01;31m[K^~~~~~~~~~~~~~~~~~~~~~~~~~~[m[K
[01m[K/home/hans/ar/ar_src/command/ar_control/src/ar_hardware_interface.cpp:113:17:[m[K [01;31m[Kerror: [m[Ktemplate argument 1 is invalid
  113 |                 [01;31m[KRCLCPP_ERROR[m[K(ar_hardware_interface_node_->get_logger(), "Invalid port ID: %d", driveParams.port_id);
      |                 [01;31m[K^~~~~~~~~~~~[m[K
[01m[K/home/hans/ar/ar_src/command/ar_control/src/ar_hardware_interface.cpp:113:17:[m[K [01;31m[Kerror: [m[Ktemplate argument 1 is invalid
  113 |                 [01;31m[KRCLCPP_ERROR[m[K(ar_hardware_interface_node_->get_logger(), "Invalid port ID: %d", driveParams.port_id);
      |                 [01;31m[K^~~~~~~~~~~~[m[K
[01m[K/home/hans/ar/ar_src/command/ar_control/src/ar_hardware_interface.cpp:113:17:[m[K [01;31m[Kerror: [m[Ktemplate argument 1 is invalid
  113 |                 [01;31m[KRCLCPP_ERROR[m[K(ar_hardware_interface_node_->get_logger(), "Invalid port ID: %d", driveParams.port_id);
      |                 [01;31m[K^~~~~~~~~~~~[m[K
[01m[K/home/hans/ar/ar_src/command/ar_control/src/ar_hardware_interface.cpp:[m[K In member function â€˜[01m[Kvoid ar_control::ArHardwareInterface::shutdown()[m[Kâ€™:
[01m[K/home/hans/ar/ar_src/command/ar_control/src/ar_hardware_interface.cpp:54:27:[m[K [01;31m[Kerror: [m[Kâ€˜[01m[Kdrives[m[Kâ€™ was not declared in this scope; did you mean â€˜[01m[Kdrive[m[Kâ€™?
   54 |         for (auto drive : [01;31m[Kdrives[m[K)
      |                           [01;31m[K^~~~~~[m[K
      |                           [32m[Kdrive[m[K
[01m[K/home/hans/ar/ar_src/command/ar_control/src/ar_hardware_interface.cpp:117:17:[m[K [01;31m[Kerror: [m[Kâ€˜[01m[KJointParameters[m[Kâ€™ was not declared in this scope; did you mean â€˜[01m[KJointParameter[m[Kâ€™?
  117 |                 [01;31m[KJointParameters[m[K jointParams;
      |                 [01;31m[K^~~~~~~~~~~~~~~[m[K
      |                 [32m[KJointParameter[m[K
[01m[K/home/hans/ar/ar_src/command/ar_control/src/ar_hardware_interface.cpp:[m[K In member function â€˜[01m[Kvoid ar_control::ArHardwareInterface::readConfigFromYaml(std::string)[m[Kâ€™:
[01m[K/home/hans/ar/ar_src/command/ar_control/src/ar_hardware_interface.cpp:95:13:[m[K [01;31m[Kerror: [m[Kâ€˜[01m[KDriveParameters[m[Kâ€™ was not declared in this scope; did you mean â€˜[01m[KDriveParameter[m[Kâ€™?
   95 |             [01;31m[KDriveParameters[m[K driveParams;
      |             [01;31m[K^~~~~~~~~~~~~~~[m[K
      |             [32m[KDriveParameter[m[K
[01m[K/home/hans/ar/ar_src/command/ar_control/src/ar_hardware_interface.cpp:118:17:[m[K [01;31m[Kerror: [m[Kâ€˜[01m[KjointParams[m[Kâ€™ was not declared in this scope; did you mean â€˜[01m[KJointParameter[m[Kâ€™?
  118 |                 [01;31m[KjointParams[m[K.joint_name = jt->first.as<std::string>();
      |                 [01;31m[K^~~~~~~~~~~[m[K
      |                 [32m[KJointParameter[m[K
[01m[K/home/hans/ar/ar_src/command/ar_control/src/ar_hardware_interface.cpp:132:23:[m[K [01;31m[Kerror: [m[Kâ€˜[01m[Kclass ArDrives[m[Kâ€™ has no member named â€˜[01m[Kdrive_parameters[m[Kâ€™; did you mean â€˜[01m[Kdrive_parameter[m[Kâ€™?
  132 |             ar_drives.[01;31m[Kdrive_parameters[m[K.push_back(driveParams);
      |                       [01;31m[K^~~~~~~~~~~~~~~~[m[K
      |                       [32m[Kdrive_parameter[m[K
[01m[K/home/hans/ar/ar_src/command/ar_control/src/ar_hardware_interface.cpp:135:29:[m[K [01;31m[Kerror: [m[Kâ€˜[01m[Kclass ArDrives[m[Kâ€™ has no member named â€˜[01m[Kdrive_parameters[m[Kâ€™; did you mean â€˜[01m[Kdrive_parameter[m[Kâ€™?
  135 |         std::sort(ar_drives.[01;31m[Kdrive_parameters[m[K.begin(), ar_drives.drive_parameters.end(),
      |                             [01;31m[K^~~~~~~~~~~~~~~~[m[K
      |                             [32m[Kdrive_parameter[m[K
[01m[K/home/hans/ar/ar_src/command/ar_control/src/ar_hardware_interface.cpp:135:65:[m[K [01;31m[Kerror: [m[Kâ€˜[01m[Kclass ArDrives[m[Kâ€™ has no member named â€˜[01m[Kdrive_parameters[m[Kâ€™; did you mean â€˜[01m[Kdrive_parameter[m[Kâ€™?
  135 |         std::sort(ar_drives.drive_parameters.begin(), ar_drives.[01;31m[Kdrive_parameters[m[K.end(),
      |                                                                 [01;31m[K^~~~~~~~~~~~~~~~[m[K
      |                                                                 [32m[Kdrive_parameter[m[K
[01m[K/home/hans/ar/ar_src/command/ar_control/src/ar_hardware_interface.cpp:97:13:[m[K [01;31m[Kerror: [m[Kâ€˜[01m[KdriveParams[m[Kâ€™ was not declared in this scope; did you mean â€˜[01m[KDriveParameter[m[Kâ€™?
   97 |             [01;31m[KdriveParams[m[K.drive_id = stringToId(drive_id);
      |             [01;31m[K^~~~~~~~~~~[m[K
      |             [32m[KDriveParameter[m[K
[01m[K/home/hans/ar/ar_src/command/ar_control/src/ar_hardware_interface.cpp:97:36:[m[K [01;31m[Kerror: [m[Kâ€˜[01m[KstringToId[m[Kâ€™ was not declared in this scope; did you mean â€˜[01m[Kar_utils::stringToId[m[Kâ€™?
   97 |             driveParams.drive_id = [01;31m[KstringToId[m[K(drive_id);
      |                                    [01;31m[K^~~~~~~~~~[m[K
      |                                    [32m[Kar_utils::stringToId[m[K
In file included from [01m[K/home/hans/ar/ar_src/command/ar_control/include/ar_control_server.h:19[m[K,
                 from [01m[K/home/hans/ar/ar_src/command/ar_control/include/ar_hardware_interface.h:11[m[K,
                 from [01m[K/home/hans/ar/ar_src/command/ar_control/src/ar_hardware_interface.cpp:1[m[K:
[01m[K/home/hans/ar/install/ar_utils/include/ar_utils.h:31:13:[m[K [01;36m[Knote: [m[Kâ€˜[01m[Kar_utils::stringToId[m[Kâ€™ declared here
   31 |         int [01;36m[KstringToId[m[K(std::string str);
      |             [01;36m[K^~~~~~~~~~[m[K
[01m[K/home/hans/ar/ar_src/command/ar_control/src/ar_hardware_interface.cpp:[m[K At global scope:
[01m[K/home/hans/ar/ar_src/command/ar_control/src/ar_hardware_interface.cpp:142:19:[m[K [01;31m[Kerror: [m[Kâ€˜[01m[KArDriveControl[m[Kâ€™ was not declared in this scope
  142 |     std::map<int, [01;31m[KArDriveControl[m[K *> ArHardwareInterface::getDrives()
      |                   [01;31m[K^~~~~~~~~~~~~~[m[K
[01m[K/home/hans/ar/ar_src/command/ar_control/src/ar_hardware_interface.cpp:142:35:[m[K [01;31m[Kerror: [m[Ktemplate argument 2 is invalid
  142 |     std::map<int, ArDriveControl *[01;31m[K>[m[K ArHardwareInterface::getDrives()
      |                                   [01;31m[K^[m[K
[01m[K/home/hans/ar/ar_src/command/ar_control/src/ar_hardware_interface.cpp:142:35:[m[K [01;31m[Kerror: [m[Ktemplate argument 4 is invalid
[01m[K/home/hans/ar/ar_src/command/ar_control/src/ar_hardware_interface.cpp:142:37:[m[K [01;31m[Kerror: [m[Kno declaration matches â€˜[01m[Kint ar_control::ArHardwareInterface::getDrives()[m[Kâ€™
  142 |     std::map<int, ArDriveControl *> [01;31m[KArHardwareInterface[m[K::getDrives()
      |                                     [01;31m[K^~~~~~~~~~~~~~~~~~~[m[K
[01m[K/home/hans/ar/ar_src/command/ar_control/src/ar_hardware_interface.cpp:142:37:[m[K [01;36m[Knote: [m[Kno functions named â€˜[01m[Kint ar_control::ArHardwareInterface::getDrives()[m[Kâ€™
In file included from [01m[K/home/hans/ar/ar_src/command/ar_control/src/ar_hardware_interface.cpp:1[m[K:
[01m[K/home/hans/ar/ar_src/command/ar_control/include/ar_hardware_interface.h:24:15:[m[K [01;36m[Knote: [m[Kâ€˜[01m[Kclass ar_control::ArHardwareInterface[m[Kâ€™ defined here
   24 |         class [01;36m[KArHardwareInterface[m[K
      |               [01;36m[K^~~~~~~~~~~~~~~~~~~[m[K
[01m[K/home/hans/ar/ar_src/command/ar_control/src/ar_hardware_interface.cpp:103:45:[m[K [01;31m[Kerror: [m[Kâ€˜[01m[KPORT_UART[m[Kâ€™ was not declared in this scope; did you mean â€˜[01m[KPORT_CAN[m[Kâ€™?
  103 |             else if (driveParams.port_id == [01;31m[KPORT_UART[m[K)
      |                                             [01;31m[K^~~~~~~~~[m[K
      |                                             [32m[KPORT_CAN[m[K
In file included from [01m[K/opt/ros/humble/include/rclcpp/rclcpp/client.hpp:40[m[K,
                 from [01m[K/opt/ros/humble/include/rclcpp/rclcpp/callback_group.hpp:24[m[K,
                 from [01m[K/opt/ros/humble/include/rclcpp/rclcpp/any_executable.hpp:20[m[K,
                 from [01m[K/opt/ros/humble/include/rclcpp/rclcpp/memory_strategy.hpp:25[m[K,
                 from [01m[K/opt/ros/humble/include/rclcpp/rclcpp/memory_strategies.hpp:18[m[K,
                 from [01m[K/opt/ros/humble/include/rclcpp/rclcpp/executor_options.hpp:20[m[K,
                 from [01m[K/opt/ros/humble/include/rclcpp/rclcpp/executor.hpp:37[m[K,
                 from [01m[K/opt/ros/humble/include/rclcpp/rclcpp/executors/multi_threaded_executor.hpp:25[m[K,
                 from [01m[K/opt/ros/humble/include/rclcpp/rclcpp/executors.hpp:21[m[K,
                 from [01m[K/opt/ros/humble/include/rclcpp/rclcpp/rclcpp.hpp:155[m[K,
                 from [01m[K/home/hans/ar/ar_src/command/ar_control/include/ar_control_server.h:12[m[K,
                 from [01m[K/home/hans/ar/ar_src/command/ar_control/include/ar_hardware_interface.h:11[m[K,
                 from [01m[K/home/hans/ar/ar_src/command/ar_control/src/ar_hardware_interface.cpp:1[m[K:
[01m[K/home/hans/ar/ar_src/command/ar_control/src/ar_hardware_interface.cpp:113:30:[m[K [01;31m[Kerror: [m[Kâ€˜[01m[Kar_hardware_interface_node_[m[Kâ€™ was not declared in this scope; did you mean â€˜[01m[KArHardwareInterface[m[Kâ€™?
  113 |                 RCLCPP_ERROR([01;31m[Kar_hardware_interface_node_[m[K->get_logger(), "Invalid port ID: %d", driveParams.port_id);
      |                              [01;31m[K^~~~~~~~~~~~~~~~~~~~~~~~~~~[m[K
[01m[K/home/hans/ar/ar_src/command/ar_control/src/ar_hardware_interface.cpp:113:17:[m[K [01;31m[Kerror: [m[Ktemplate argument 1 is invalid
  113 |                 [01;31m[KRCLCPP_ERROR[m[K(ar_hardware_interface_node_->get_logger(), "Invalid port ID: %d", driveParams.port_id);
      |                 [01;31m[K^~~~~~~~~~~~[m[K
[01m[K/home/hans/ar/ar_src/command/ar_control/src/ar_hardware_interface.cpp:113:17:[m[K [01;31m[Kerror: [m[Ktemplate argument 1 is invalid
  113 |                 [01;31m[KRCLCPP_ERROR[m[K(ar_hardware_interface_node_->get_logger(), "Invalid port ID: %d", driveParams.port_id);
      |                 [01;31m[K^~~~~~~~~~~~[m[K
[01m[K/home/hans/ar/ar_src/command/ar_control/src/ar_hardware_interface.cpp:113:17:[m[K [01;31m[Kerror: [m[Ktemplate argument 1 is invalid
  113 |                 [01;31m[KRCLCPP_ERROR[m[K(ar_hardware_interface_node_->get_logger(), "Invalid port ID: %d", driveParams.port_id);
      |                 [01;31m[K^~~~~~~~~~~~[m[K
[01m[K/home/hans/ar/ar_src/command/ar_control/src/ar_hardware_interface.cpp:117:17:[m[K [01;31m[Kerror: [m[Kâ€˜[01m[KJointParameters[m[Kâ€™ was not declared in this scope; did you mean â€˜[01m[KJointParameter[m[Kâ€™?
  117 |                 [01;31m[KJointParameters[m[K jointParams;
      |                 [01;31m[K^~~~~~~~~~~~~~~[m[K
      |                 [32m[KJointParameter[m[K
[01m[K/home/hans/ar/ar_src/command/ar_control/src/ar_hardware_interface.cpp:118:17:[m[K [01;31m[Kerror: [m[Kâ€˜[01m[KjointParams[m[Kâ€™ was not declared in this scope; did you mean â€˜[01m[KJointParameter[m[Kâ€™?
  118 |                 [01;31m[KjointParams[m[K.joint_name = jt->first.as<std::string>();
      |                 [01;31m[K^~~~~~~~~~~[m[K
      |                 [32m[KJointParameter[m[K
[01m[K/home/hans/ar/ar_src/command/ar_control/src/ar_hardware_interface.cpp:132:23:[m[K [01;31m[Kerror: [m[Kâ€˜[01m[Kclass ArDrives[m[Kâ€™ has no member named â€˜[01m[Kdrive_parameters[m[Kâ€™; did you mean â€˜[01m[Kdrive_parameter[m[Kâ€™?
  132 |             ar_drives.[01;31m[Kdrive_parameters[m[K.push_back(driveParams);
      |                       [01;31m[K^~~~~~~~~~~~~~~~[m[K
      |                       [32m[Kdrive_parameter[m[K
[01m[K/home/hans/ar/ar_src/command/ar_control/src/ar_hardware_interface.cpp:135:29:[m[K [01;31m[Kerror: [m[Kâ€˜[01m[Kclass ArDrives[m[Kâ€™ has no member named â€˜[01m[Kdrive_parameters[m[Kâ€™; did you mean â€˜[01m[Kdrive_parameter[m[Kâ€™?
  135 |         std::sort(ar_drives.[01;31m[Kdrive_parameters[m[K.begin(), ar_drives.drive_parameters.end(),
      |                             [01;31m[K^~~~~~~~~~~~~~~~[m[K
      |                             [32m[Kdrive_parameter[m[K
[01m[K/home/hans/ar/ar_src/command/ar_control/src/ar_hardware_interface.cpp:135:65:[m[K [01;31m[Kerror: [m[Kâ€˜[01m[Kclass ArDrives[m[Kâ€™ has no member named â€˜[01m[Kdrive_parameters[m[Kâ€™; did you mean â€˜[01m[Kdrive_parameter[m[Kâ€™?
  135 |         std::sort(ar_drives.drive_parameters.begin(), ar_drives.[01;31m[Kdrive_parameters[m[K.end(),
      |                                                                 [01;31m[K^~~~~~~~~~~~~~~~[m[K
      |                                                                 [32m[Kdrive_parameter[m[K
[01m[K/home/hans/ar/ar_src/command/ar_control/src/ar_hardware_interface.cpp:[m[K At global scope:
[01m[K/home/hans/ar/ar_src/command/ar_control/src/ar_hardware_interface.cpp:142:19:[m[K [01;31m[Kerror: [m[Kâ€˜[01m[KArDriveControl[m[Kâ€™ was not declared in this scope
  142 |     std::map<int, [01;31m[KArDriveControl[m[K *> ArHardwareInterface::getDrives()
      |                   [01;31m[K^~~~~~~~~~~~~~[m[K
[01m[K/home/hans/ar/ar_src/command/ar_control/src/ar_hardware_interface.cpp:142:35:[m[K [01;31m[Kerror: [m[Ktemplate argument 2 is invalid
  142 |     std::map<int, ArDriveControl *[01;31m[K>[m[K ArHardwareInterface::getDrives()
      |                                   [01;31m[K^[m[K
[01m[K/home/hans/ar/ar_src/command/ar_control/src/ar_hardware_interface.cpp:142:35:[m[K [01;31m[Kerror: [m[Ktemplate argument 4 is invalid
[01m[K/home/hans/ar/ar_src/command/ar_control/src/ar_hardware_interface.cpp:142:37:[m[K [01;31m[Kerror: [m[Kno declaration matches â€˜[01m[Kint ar_control::ArHardwareInterface::getDrives()[m[Kâ€™
  142 |     std::map<int, ArDriveControl *> [01;31m[KArHardwareInterface[m[K::getDrives()
      |                                     [01;31m[K^~~~~~~~~~~~~~~~~~~[m[K
[01m[K/home/hans/ar/ar_src/command/ar_control/src/ar_hardware_interface.cpp:142:37:[m[K [01;36m[Knote: [m[Kno functions named â€˜[01m[Kint ar_control::ArHardwareInterface::getDrives()[m[Kâ€™
In file included from [01m[K/home/hans/ar/ar_src/command/ar_control/src/ar_hardware_interface.cpp:1[m[K:
[01m[K/home/hans/ar/ar_src/command/ar_control/include/ar_hardware_interface.h:24:15:[m[K [01;36m[Knote: [m[Kâ€˜[01m[Kclass ar_control::ArHardwareInterface[m[Kâ€™ defined here
   24 |         class [01;36m[KArHardwareInterface[m[K
      |               [01;36m[K^~~~~~~~~~~~~~~~~~~[m[K
gmake[2]: *** [CMakeFiles/ar_control.dir/build.make:160: CMakeFiles/ar_control.dir/src/ar_system.cpp.o] Error 1
gmake[2]: *** [CMakeFiles/ar_control_server.dir/build.make:132: CMakeFiles/ar_control_server.dir/src/ar_hardware_interface.cpp.o] Error 1
gmake[2]: *** [CMakeFiles/ar_control_server.dir/build.make:160: CMakeFiles/ar_control_server.dir/src/ar_system.cpp.o] Error 1
gmake[2]: *** [CMakeFiles/ar_control.dir/build.make:132: CMakeFiles/ar_control.dir/src/ar_hardware_interface.cpp.o] Error 1
gmake[2]: *** [CMakeFiles/ar_control_server.dir/build.make:90: CMakeFiles/ar_control_server.dir/src/ar_control_server.cpp.o] Error 1
gmake[1]: *** [CMakeFiles/Makefile2:169: CMakeFiles/ar_control_server.dir/all] Error 2
gmake[2]: *** [CMakeFiles/ar_control.dir/build.make:90: CMakeFiles/ar_control.dir/src/ar_control_server.cpp.o] Error 1
gmake[1]: *** [CMakeFiles/Makefile2:143: CMakeFiles/ar_control.dir/all] Error 2
gmake: *** [Makefile:146: all] Error 2
