[0.009s] Invoking command in '/home/hans/ar/build/ar_control': AMENT_PREFIX_PATH=/home/hans/ar/install/master:/home/hans/ar/install/ar_utils:/home/hans/ar/install/ar_comm:${AMENT_PREFIX_PATH} CMAKE_PREFIX_PATH=/home/hans/ar/install/master:/home/hans/ar/install/ar_utils:/home/hans/ar/install/ar_comm:/opt/ros/humble LD_LIBRARY_PATH=/home/hans/ar/install/ar_utils/lib:${LD_LIBRARY_PATH} /usr/bin/cmake --build /home/hans/ar/build/ar_control -- -j12 -l12
[0.042s] -- Found ament_cmake: 1.3.11 (/opt/ros/humble/share/ament_cmake/cmake)
[0.139s] -- Found moveit_common: 2.5.9 (/opt/ros/humble/share/moveit_common/cmake)
[0.179s] [0mar_control: You did not request a specific build type: Choosing 'Release' for maximum performance[0m
[0.179s] -- Found hardware_interface: 2.50.0 (/opt/ros/humble/share/hardware_interface/cmake)
[0.203s] -- Found rosidl_generator_c: 3.1.6 (/opt/ros/humble/share/rosidl_generator_c/cmake)
[0.205s] -- Found rosidl_adapter: 3.1.6 (/opt/ros/humble/share/rosidl_adapter/cmake)
[0.210s] -- Found rosidl_generator_cpp: 3.1.6 (/opt/ros/humble/share/rosidl_generator_cpp/cmake)
[0.218s] -- Using all available rosidl_typesupport_c: rosidl_typesupport_fastrtps_c;rosidl_typesupport_introspection_c
[0.228s] -- Using all available rosidl_typesupport_cpp: rosidl_typesupport_fastrtps_cpp;rosidl_typesupport_introspection_cpp
[0.353s] -- Found rmw_implementation_cmake: 6.1.2 (/opt/ros/humble/share/rmw_implementation_cmake/cmake)
[0.355s] -- Found rmw_fastrtps_cpp: 6.2.7 (/opt/ros/humble/share/rmw_fastrtps_cpp/cmake)
[0.370s] -- Found TinyXML2 via Config file: TinyXML2_DIR-NOTFOUND
[0.380s] -- Found TinyXML2 via Config file: TinyXML2_DIR-NOTFOUND
[0.395s] -- Found TinyXML2 via Config file: TinyXML2_DIR-NOTFOUND
[0.402s] -- Found TinyXML2 via Config file: TinyXML2_DIR-NOTFOUND
[0.409s] -- Using RMW implementation 'rmw_fastrtps_cpp' as default
[0.443s] -- Found rclcpp_action: 16.0.12 (/opt/ros/humble/share/rclcpp_action/cmake)
[0.448s] -- Found rclcpp_components: 16.0.12 (/opt/ros/humble/share/rclcpp_components/cmake)
[0.462s] -- Found yaml_cpp_vendor: 8.0.2 (/opt/ros/humble/share/yaml_cpp_vendor/cmake)
[0.463s] -- Found urdf: 2.6.1 (/opt/ros/humble/share/urdf/cmake)
[0.467s] -- Found ar_action: 0.0.0 (/home/hans/ar/install/ar_action/share/ar_action/cmake)
[0.493s] -- Found ar_comm: 0.0.0 (/home/hans/ar/install/ar_comm/share/ar_comm/cmake)
[0.493s] -- Found ar_utils: 0.0.0 (/home/hans/ar/install/ar_utils/share/ar_utils/cmake)
[0.513s] -- Found Boost: /usr/lib/x86_64-linux-gnu/cmake/Boost-1.74.0/BoostConfig.cmake (found version "1.74.0") found components: chrono date_time filesystem iostreams program_options regex serialization system thread 
[0.530s] -- Found parameter_traits: 0.4.0 (/opt/ros/humble/share/parameter_traits/cmake)
[0.540s] -- Found Boost: /usr/lib/x86_64-linux-gnu/cmake/Boost-1.74.0/BoostConfig.cmake (found version "1.74.0") found components: filesystem 
[0.568s] -- library: /usr/lib/x86_64-linux-gnu/libcurl.so
[0.595s] -- Ensuring Eigen3 include directory is part of orocos-kdl CMake target
[0.684s] -- Found pilz_industrial_motion_planner: 2.5.9 (/opt/ros/humble/share/pilz_industrial_motion_planner/cmake)
[0.692s] -- Found Boost: /usr/lib/x86_64-linux-gnu/cmake/Boost-1.74.0/BoostConfig.cmake (found version "1.74.0") found components: system filesystem date_time program_options thread 
[0.713s] -- Found Boost: /usr/lib/x86_64-linux-gnu/cmake/Boost-1.74.0/BoostConfig.cmake (found version "1.74.0") found components: system filesystem date_time program_options thread chrono 
[0.729s] -- Found Boost: /usr/lib/x86_64-linux-gnu/cmake/Boost-1.74.0/BoostConfig.cmake (found version "1.74.0") found components: date_time filesystem program_options system thread 
[0.737s] -- Found Boost: /usr/lib/x86_64-linux-gnu/cmake/Boost-1.74.0/BoostConfig.cmake (found version "1.74.0") found components: thread system filesystem regex date_time program_options 
[0.755s] -- Found moveit_planners: 2.5.9 (/opt/ros/humble/share/moveit_planners/cmake)
[0.757s] -- Found pcl_conversions: 2.4.5 (/opt/ros/humble/share/pcl_conversions/cmake)
[0.782s] -- Eigen found (include: /usr/include/eigen3, version: 3.4.0)
[0.805s] -- FLANN found (include: /usr/include, lib: /usr/lib/x86_64-linux-gnu/libflann_cpp.so)
[0.978s] -- OpenNI found (version: 1.5.4.0, include: /usr/include/ni, lib: /usr/lib/libOpenNI.so;libusb::libusb)
[0.986s] -- OpenNI2 found (version: 2.2.0.33, include: /usr/include/openni2, lib: /usr/lib/x86_64-linux-gnu/libOpenNI2.so;libusb::libusb)
[1.089s] -- Eigen found (include: /usr/include/eigen3, version: 3.4.0)
[1.094s] -- OpenNI found (version: 1.5.4.0, include: /usr/include/ni, lib: /usr/lib/libOpenNI.so;libusb::libusb)
[1.099s] -- OpenNI2 found (version: 2.2.0.33, include: /usr/include/openni2, lib: /usr/lib/x86_64-linux-gnu/libOpenNI2.so;libusb::libusb)
[1.201s] -- Found Qhull version 8.0.2
[1.303s] -- OpenNI found (version: 1.5.4.0, include: /usr/include/ni, lib: /usr/lib/libOpenNI.so;libusb::libusb)
[1.413s] -- Found octomap_ros: 0.4.4 (/opt/ros/humble/share/octomap_ros/cmake)
[1.452s] -- Found ament_cmake_gtest: 1.3.11 (/opt/ros/humble/share/ament_cmake_gtest/cmake)
[1.458s] -- Configuring done
[1.631s] -- Generating done
[1.657s] -- Build files have been written to: /home/hans/ar/build/ar_control
[1.693s] [35m[1mConsolidate compiler generated dependencies of target ar_control_client_server_test[0m
[1.693s] [35m[1mConsolidate compiler generated dependencies of target ar_control_client[0m
[1.696s] [35m[1mConsolidate compiler generated dependencies of target ar_control[0m
[1.697s] [35m[1mConsolidate compiler generated dependencies of target ar_control_server[0m
[1.709s] [ 10%] Built target ar_control_client
[1.709s] [ 15%] [32m[1mLinking CXX executable ar_control_client_server_test[0m
[1.728s] [ 30%] [32mBuilding CXX object CMakeFiles/ar_control.dir/src/ar_control_server.cpp.o[0m
[1.728s] [ 30%] [32mBuilding CXX object CMakeFiles/ar_control.dir/src/ar_drive_control.cpp.o[0m
[1.728s] [ 30%] [32mBuilding CXX object CMakeFiles/ar_control.dir/src/ar_drive_client.cpp.o[0m
[1.728s] [ 35%] [32mBuilding CXX object CMakeFiles/ar_control.dir/src/ar_hardware_interface.cpp.o[0m
[1.728s] [ 45%] [32mBuilding CXX object CMakeFiles/ar_control_server.dir/src/ar_joint_control.cpp.o[0m
[1.728s] [ 45%] [32mBuilding CXX object CMakeFiles/ar_control_server.dir/src/ar_hardware_interface.cpp.o[0m
[1.728s] [ 50%] [32mBuilding CXX object CMakeFiles/ar_control_server.dir/src/ar_control_server.cpp.o[0m
[1.729s] [ 55%] [32mBuilding CXX object CMakeFiles/ar_control_server.dir/src/ar_drive_client.cpp.o[0m
[1.729s] [ 60%] [32mBuilding CXX object CMakeFiles/ar_control_server.dir/src/ar_drive_control.cpp.o[0m
[1.729s] [ 65%] [32mBuilding CXX object CMakeFiles/ar_control.dir/src/ar_joint_control.cpp.o[0m
[1.733s] [ 70%] [32mBuilding CXX object CMakeFiles/ar_control_server.dir/src/ar_system.cpp.o[0m
[1.767s] [ 75%] [32mBuilding CXX object CMakeFiles/ar_control.dir/src/ar_system.cpp.o[0m
[1.956s] /usr/bin/ld: CMakeFiles/ar_control_client_server_test.dir/test/ar_control_client_server_test.cpp.o: in function `main':
[1.956s] ar_control_client_server_test.cpp:(.text.startup+0x273): undefined reference to `ar_control::ArControlServer::ArControlServer(ar_control::ArHardwareInterface*, rclcpp::NodeOptions const&)'
[1.956s] /usr/bin/ld: ar_control_client_server_test.cpp:(.text.startup+0x2bf): undefined reference to `ar_control::ArControlServer::startActionServer()'
[1.956s] /usr/bin/ld: ar_control_client_server_test.cpp:(.text.startup+0x3b7): undefined reference to `ar_control::ArControlClient::ArControlClient(std::__cxx11::basic_string<char, std::char_traits<char>, std::allocator<char> > const&, rclcpp::NodeOptions const&)'
[1.959s] /usr/bin/ld: ar_control_client_server_test.cpp:(.text.startup+0x919): undefined reference to `ar_control::ArControlClient::sendGoal(ar_action::action::ArControl_Goal_<std::allocator<void> > const&, bool)'
[1.963s] collect2: error: ld returned 1 exit status
[1.966s] gmake[2]: *** [CMakeFiles/ar_control_client_server_test.dir/build.make:337: ar_control_client_server_test] Error 1
[1.971s] gmake[1]: *** [CMakeFiles/Makefile2:221: CMakeFiles/ar_control_client_server_test.dir/all] Error 2
[1.971s] gmake[1]: *** Waiting for unfinished jobs....
[2.304s] In file included from [01m[K/home/hans/ar/ar_src/command/ar_control/include/ar_drive_control.h:3[m[K,
[2.304s]                  from [01m[K/home/hans/ar/ar_src/command/ar_control/src/ar_drive_control.cpp:1[m[K:
[2.304s] [01m[K/home/hans/ar/ar_src/command/ar_control/include/ar_drive_config.h:61:2:[m[K [01;31m[Kerror: [m[Kexpected â€˜[01m[K;[m[Kâ€™ after class definition
[2.304s]    61 | }
[2.304s]       |  [01;31m[K^[m[K
[2.304s]       |  [32m[K;[m[K
[2.307s] In file included from [01m[K/home/hans/ar/ar_src/command/ar_control/include/ar_drive_control.h:3[m[K,
[2.308s]                  from [01m[K/home/hans/ar/ar_src/command/ar_control/src/ar_drive_control.cpp:1[m[K:
[2.308s] [01m[K/home/hans/ar/ar_src/command/ar_control/include/ar_drive_config.h:61:2:[m[K [01;31m[Kerror: [m[Kexpected â€˜[01m[K;[m[Kâ€™ after class definition
[2.308s]    61 | }
[2.308s]       |  [01;31m[K^[m[K
[2.308s]       |  [32m[K;[m[K
[2.318s] In file included from [01m[K/home/hans/ar/ar_src/command/ar_control/src/ar_drive_control.cpp:1[m[K:
[2.318s] [01m[K/home/hans/ar/ar_src/command/ar_control/include/ar_drive_control.h:[m[K In member function â€˜[01m[Kvoid ar_control::ArDriveControl::InitializeDriveClient(int)[m[Kâ€™:
[2.319s] [01m[K/home/hans/ar/ar_src/command/ar_control/include/ar_drive_control.h:15:40:[m[K [01;35m[Kwarning: [m[Kunused parameter â€˜[01m[KslaveId[m[Kâ€™ [[01;35m[K]8;;https://gcc.gnu.org/onlinedocs/gcc/Warning-Options.html#index-Wunused-parameter-Wunused-parameter]8;;[m[K]
[2.319s]    15 |         void InitializeDriveClient([01;35m[Kint slaveId[m[K)
[2.319s]       |                                    [01;35m[K~~~~^~~~~~~[m[K
[2.319s] [01m[K/home/hans/ar/ar_src/command/ar_control/src/ar_drive_control.cpp:[m[K At global scope:
[2.319s] [01m[K/home/hans/ar/ar_src/command/ar_control/src/ar_drive_control.cpp:6:5:[m[K [01;31m[Kerror: [m[Kâ€˜[01m[KArDriveControl[m[Kâ€™ does not name a type
[2.320s]     6 |     [01;31m[KArDriveControl[m[K::ArDriveControl(DriveParameter& driveParm,bool uiState) : drive_parameter(driveParm), is_ui_(uiState)
[2.320s]       |     [01;31m[K^~~~~~~~~~~~~~[m[K
[2.320s] [01m[K/home/hans/ar/ar_src/command/ar_control/src/ar_drive_control.cpp:11:5:[m[K [01;31m[Kerror: [m[Kâ€˜[01m[KArDriveControl[m[Kâ€™ does not name a type
[2.320s]    11 |     [01;31m[KArDriveControl[m[K::InitializeDriveClient(int slaveId)
[2.320s]       |     [01;31m[K^~~~~~~~~~~~~~[m[K
[2.320s] [01m[K/home/hans/ar/ar_src/command/ar_control/src/ar_drive_control.cpp:18:10:[m[K [01;31m[Kerror: [m[Kâ€˜[01m[KArDriveControl[m[Kâ€™ has not been declared
[2.320s]    18 |     void [01;31m[KArDriveControl[m[K::AddJoint(JointParameter& jointParam)
[2.320s]       |          [01;31m[K^~~~~~~~~~~~~~[m[K
[2.321s] [01m[K/home/hans/ar/ar_src/command/ar_control/src/ar_drive_control.cpp:[m[K In function â€˜[01m[Kvoid ar_cotnrol::AddJoint(JointParameter&)[m[Kâ€™:
[2.321s] [01m[K/home/hans/ar/ar_src/command/ar_control/src/ar_drive_control.cpp:20:9:[m[K [01;31m[Kerror: [m[Kâ€˜[01m[KArJointControl[m[Kâ€™ was not declared in this scope; did you mean â€˜[01m[Kar_control::ArJointControl[m[Kâ€™?
[2.321s]    20 |         [01;31m[KArJointControl[m[K* joint = new ArJointControl(jointParam.joint_name);
[2.321s]       |         [01;31m[K^~~~~~~~~~~~~~[m[K
[2.321s]       |         [32m[Kar_control::ArJointControl[m[K
[2.321s] In file included from [01m[K/home/hans/ar/ar_src/command/ar_control/include/ar_drive_control.h:5[m[K,
[2.321s]                  from [01m[K/home/hans/ar/ar_src/command/ar_control/src/ar_drive_control.cpp:1[m[K:
[2.321s] [01m[K/home/hans/ar/ar_src/command/ar_control/include/ar_joint_control.h:9:11:[m[K [01;36m[Knote: [m[Kâ€˜[01m[Kar_control::ArJointControl[m[Kâ€™ declared here
[2.321s]     9 |     class [01;36m[KArJointControl[m[K
[2.321s]       |           [01;36m[K^~~~~~~~~~~~~~[m[K
[2.322s] [01m[K/home/hans/ar/ar_src/command/ar_control/src/ar_drive_control.cpp:20:25:[m[K [01;31m[Kerror: [m[Kâ€˜[01m[Kjoint[m[Kâ€™ was not declared in this scope
[2.322s]    20 |         ArJointControl* [01;31m[Kjoint[m[K = new ArJointControl(jointParam.joint_name);
[2.322s]       |                         [01;31m[K^~~~~[m[K
[2.322s] [01m[K/home/hans/ar/ar_src/command/ar_control/src/ar_drive_control.cpp:20:37:[m[K [01;31m[Kerror: [m[Kexpected type-specifier before â€˜[01m[KArJointControl[m[Kâ€™
[2.322s]    20 |         ArJointControl* joint = new [01;31m[KArJointControl[m[K(jointParam.joint_name);
[2.322s]       |                                     [01;31m[K^~~~~~~~~~~~~~[m[K
[2.324s] [01m[K/home/hans/ar/ar_src/command/ar_control/src/ar_drive_control.cpp:21:96:[m[K [01;31m[Kerror: [m[Kâ€˜[01m[Kdrive_id_[m[Kâ€™ was not declared in this scope
[2.324s]    21 |                 printf(COLOR_BLUE "\n[Tomo Drive Control] Drive %d add joint: %s" COLOR_RESET, [01;31m[Kdrive_id_[m[K, jointParm.joint_name.c_str());
[2.324s]       |                                                                                                [01;31m[K^~~~~~~~~[m[K
[2.325s] [01m[K/home/hans/ar/ar_src/command/ar_control/src/ar_drive_control.cpp:21:107:[m[K [01;31m[Kerror: [m[Kâ€˜[01m[KjointParm[m[Kâ€™ was not declared in this scope; did you mean â€˜[01m[KjointParam[m[Kâ€™?
[2.325s]    21 |                 printf(COLOR_BLUE "\n[Tomo Drive Control] Drive %d add joint: %s" COLOR_RESET, drive_id_, [01;31m[KjointParm[m[K.joint_name.c_str());
[2.325s]       |                                                                                                           [01;31m[K^~~~~~~~~[m[K
[2.325s]       |                                                                                                           [32m[KjointParam[m[K
[2.325s] [01m[K/home/hans/ar/ar_src/command/ar_control/src/ar_drive_control.cpp:18:51:[m[K [01;35m[Kwarning: [m[Kunused parameter â€˜[01m[KjointParam[m[Kâ€™ [[01;35m[K]8;;https://gcc.gnu.org/onlinedocs/gcc/Warning-Options.html#index-Wunused-parameter-Wunused-parameter]8;;[m[K]
[2.325s]    18 |     void ArDriveControl::AddJoint([01;35m[KJointParameter& jointParam[m[K)
[2.325s]       |                                   [01;35m[K~~~~~~~~~~~~~~~~^~~~~~~~~~[m[K
[2.325s] [01m[K/home/hans/ar/ar_src/command/ar_control/src/ar_drive_control.cpp:[m[K At global scope:
[2.325s] [01m[K/home/hans/ar/ar_src/command/ar_control/src/ar_drive_control.cpp:24:5:[m[K [01;31m[Kerror: [m[Kâ€˜[01m[KArDiveControl[m[Kâ€™ does not name a type
[2.325s]    24 |     [01;31m[KArDiveControl[m[K::~ArDriveControl()
[2.325s]       |     [01;31m[K^~~~~~~~~~~~~[m[K
[2.326s] [01m[K/home/hans/ar/ar_src/command/ar_control/src/ar_drive_control.cpp:29:5:[m[K [01;31m[Kerror: [m[Kâ€˜[01m[KArDriveControl[m[Kâ€™ does not name a type
[2.326s]    29 |     [01;31m[KArDriveControl[m[K::write()
[2.326s]       |     [01;31m[K^~~~~~~~~~~~~~[m[K
[2.326s] [01m[K/home/hans/ar/ar_src/command/ar_control/src/ar_drive_control.cpp:34:5:[m[K [01;31m[Kerror: [m[Kâ€˜[01m[KArDriveControl[m[Kâ€™ does not name a type
[2.326s]    34 |     [01;31m[KArDriveControl[m[K::read()
[2.326s]       |     [01;31m[K^~~~~~~~~~~~~~[m[K
[2.326s] In file included from [01m[K/home/hans/ar/ar_src/command/ar_control/src/ar_drive_control.cpp:1[m[K:
[2.327s] [01m[K/home/hans/ar/ar_src/command/ar_control/include/ar_drive_control.h:[m[K In member function â€˜[01m[Kvoid ar_control::ArDriveControl::InitializeDriveClient(int)[m[Kâ€™:
[2.327s] [01m[K/home/hans/ar/ar_src/command/ar_control/include/ar_drive_control.h:15:40:[m[K [01;35m[Kwarning: [m[Kunused parameter â€˜[01m[KslaveId[m[Kâ€™ [[01;35m[K]8;;https://gcc.gnu.org/onlinedocs/gcc/Warning-Options.html#index-Wunused-parameter-Wunused-parameter]8;;[m[K]
[2.327s]    15 |         void InitializeDriveClient([01;35m[Kint slaveId[m[K)
[2.327s]       |                                    [01;35m[K~~~~^~~~~~~[m[K
[2.328s] [01m[K/home/hans/ar/ar_src/command/ar_control/src/ar_drive_control.cpp:[m[K At global scope:
[2.328s] [01m[K/home/hans/ar/ar_src/command/ar_control/src/ar_drive_control.cpp:6:5:[m[K [01;31m[Kerror: [m[Kâ€˜[01m[KArDriveControl[m[Kâ€™ does not name a type
[2.328s]     6 |     [01;31m[KArDriveControl[m[K::ArDriveControl(DriveParameter& driveParm,bool uiState) : drive_parameter(driveParm), is_ui_(uiState)
[2.328s]       |     [01;31m[K^~~~~~~~~~~~~~[m[K
[2.329s] [01m[K/home/hans/ar/ar_src/command/ar_control/src/ar_drive_control.cpp:11:5:[m[K [01;31m[Kerror: [m[Kâ€˜[01m[KArDriveControl[m[Kâ€™ does not name a type
[2.329s]    11 |     [01;31m[KArDriveControl[m[K::InitializeDriveClient(int slaveId)
[2.329s]       |     [01;31m[K^~~~~~~~~~~~~~[m[K
[2.329s] [01m[K/home/hans/ar/ar_src/command/ar_control/src/ar_drive_control.cpp:18:10:[m[K [01;31m[Kerror: [m[Kâ€˜[01m[KArDriveControl[m[Kâ€™ has not been declared
[2.329s]    18 |     void [01;31m[KArDriveControl[m[K::AddJoint(JointParameter& jointParam)
[2.329s]       |          [01;31m[K^~~~~~~~~~~~~~[m[K
[2.329s] [01m[K/home/hans/ar/ar_src/command/ar_control/src/ar_drive_control.cpp:[m[K In function â€˜[01m[Kvoid ar_cotnrol::AddJoint(JointParameter&)[m[Kâ€™:
[2.329s] [01m[K/home/hans/ar/ar_src/command/ar_control/src/ar_drive_control.cpp:20:9:[m[K [01;31m[Kerror: [m[Kâ€˜[01m[KArJointControl[m[Kâ€™ was not declared in this scope; did you mean â€˜[01m[Kar_control::ArJointControl[m[Kâ€™?
[2.329s]    20 |         [01;31m[KArJointControl[m[K* joint = new ArJointControl(jointParam.joint_name);
[2.329s]       |         [01;31m[K^~~~~~~~~~~~~~[m[K
[2.329s]       |         [32m[Kar_control::ArJointControl[m[K
[2.329s] In file included from [01m[K/home/hans/ar/ar_src/command/ar_control/include/ar_drive_control.h:5[m[K,
[2.329s]                  from [01m[K/home/hans/ar/ar_src/command/ar_control/src/ar_drive_control.cpp:1[m[K:
[2.329s] [01m[K/home/hans/ar/ar_src/command/ar_control/include/ar_joint_control.h:9:11:[m[K [01;36m[Knote: [m[Kâ€˜[01m[Kar_control::ArJointControl[m[Kâ€™ declared here
[2.329s]     9 |     class [01;36m[KArJointControl[m[K
[2.329s]       |           [01;36m[K^~~~~~~~~~~~~~[m[K
[2.330s] [01m[K/home/hans/ar/ar_src/command/ar_control/src/ar_drive_control.cpp:20:25:[m[K [01;31m[Kerror: [m[Kâ€˜[01m[Kjoint[m[Kâ€™ was not declared in this scope
[2.330s]    20 |         ArJointControl* [01;31m[Kjoint[m[K = new ArJointControl(jointParam.joint_name);
[2.330s]       |                         [01;31m[K^~~~~[m[K
[2.330s] [01m[K/home/hans/ar/ar_src/command/ar_control/src/ar_drive_control.cpp:20:37:[m[K [01;31m[Kerror: [m[Kexpected type-specifier before â€˜[01m[KArJointControl[m[Kâ€™
[2.330s]    20 |         ArJointControl* joint = new [01;31m[KArJointControl[m[K(jointParam.joint_name);
[2.331s]       |                                     [01;31m[K^~~~~~~~~~~~~~[m[K
[2.332s] [01m[K/home/hans/ar/ar_src/command/ar_control/src/ar_drive_control.cpp:21:96:[m[K [01;31m[Kerror: [m[Kâ€˜[01m[Kdrive_id_[m[Kâ€™ was not declared in this scope
[2.332s]    21 |                 printf(COLOR_BLUE "\n[Tomo Drive Control] Drive %d add joint: %s" COLOR_RESET, [01;31m[Kdrive_id_[m[K, jointParm.joint_name.c_str());
[2.332s]       |                                                                                                [01;31m[K^~~~~~~~~[m[K
[2.333s] [01m[K/home/hans/ar/ar_src/command/ar_control/src/ar_drive_control.cpp:21:107:[m[K [01;31m[Kerror: [m[Kâ€˜[01m[KjointParm[m[Kâ€™ was not declared in this scope; did you mean â€˜[01m[KjointParam[m[Kâ€™?
[2.333s]    21 |                 printf(COLOR_BLUE "\n[Tomo Drive Control] Drive %d add joint: %s" COLOR_RESET, drive_id_, [01;31m[KjointParm[m[K.joint_name.c_str());
[2.333s]       |                                                                                                           [01;31m[K^~~~~~~~~[m[K
[2.333s]       |                                                                                                           [32m[KjointParam[m[K
[2.334s] [01m[K/home/hans/ar/ar_src/command/ar_control/src/ar_drive_control.cpp:18:51:[m[K [01;35m[Kwarning: [m[Kunused parameter â€˜[01m[KjointParam[m[Kâ€™ [[01;35m[K]8;;https://gcc.gnu.org/onlinedocs/gcc/Warning-Options.html#index-Wunused-parameter-Wunused-parameter]8;;[m[K]
[2.334s]    18 |     void ArDriveControl::AddJoint([01;35m[KJointParameter& jointParam[m[K)
[2.334s]       |                                   [01;35m[K~~~~~~~~~~~~~~~~^~~~~~~~~~[m[K
[2.334s] [01m[K/home/hans/ar/ar_src/command/ar_control/src/ar_drive_control.cpp:[m[K At global scope:
[2.334s] [01m[K/home/hans/ar/ar_src/command/ar_control/src/ar_drive_control.cpp:24:5:[m[K [01;31m[Kerror: [m[Kâ€˜[01m[KArDiveControl[m[Kâ€™ does not name a type
[2.334s]    24 |     [01;31m[KArDiveControl[m[K::~ArDriveControl()
[2.334s]       |     [01;31m[K^~~~~~~~~~~~~[m[K
[2.335s] [01m[K/home/hans/ar/ar_src/command/ar_control/src/ar_drive_control.cpp:29:5:[m[K [01;31m[Kerror: [m[Kâ€˜[01m[KArDriveControl[m[Kâ€™ does not name a type
[2.335s]    29 |     [01;31m[KArDriveControl[m[K::write()
[2.335s]       |     [01;31m[K^~~~~~~~~~~~~~[m[K
[2.335s] [01m[K/home/hans/ar/ar_src/command/ar_control/src/ar_drive_control.cpp:34:5:[m[K [01;31m[Kerror: [m[Kâ€˜[01m[KArDriveControl[m[Kâ€™ does not name a type
[2.335s]    34 |     [01;31m[KArDriveControl[m[K::read()
[2.335s]       |     [01;31m[K^~~~~~~~~~~~~~[m[K
[2.436s] gmake[2]: *** [CMakeFiles/ar_control_server.dir/build.make:118: CMakeFiles/ar_control_server.dir/src/ar_drive_control.cpp.o] Error 1
[2.436s] gmake[2]: *** Waiting for unfinished jobs....
[2.466s] gmake[2]: *** [CMakeFiles/ar_control.dir/build.make:118: CMakeFiles/ar_control.dir/src/ar_drive_control.cpp.o] Error 1
[2.466s] gmake[2]: *** Waiting for unfinished jobs....
[5.749s] In file included from [01m[K/home/hans/ar/ar_src/command/ar_control/include/ar_hardware_interface.h:20[m[K,
[5.750s]                  from [01m[K/home/hans/ar/ar_src/command/ar_control/src/ar_control_server.cpp:4[m[K:
[5.750s] [01m[K/home/hans/ar/ar_src/command/ar_control/include/ar_drive_config.h:61:2:[m[K [01;31m[Kerror: [m[Kexpected â€˜[01m[K;[m[Kâ€™ after class definition
[5.750s]    61 | }
[5.750s]       |  [01;31m[K^[m[K
[5.750s]       |  [32m[K;[m[K
[5.765s] [01m[K/home/hans/ar/ar_src/command/ar_control/src/ar_control_server.cpp:[m[K In member function â€˜[01m[Kvoid ar_control::ArControlServer::incomingDisplayTrajectory(moveit_msgs::msg::DisplayTrajectory_<std::allocator<void> >::ConstSharedPtr)[m[Kâ€™:
[5.765s] [01m[K/home/hans/ar/ar_src/command/ar_control/src/ar_control_server.cpp:32:24:[m[K [01;31m[Kerror: [m[Kâ€˜[01m[Kclass ar_control::ArHardwareInterface[m[Kâ€™ has no member named â€˜[01m[Kmove[m[Kâ€™
[5.765s]    32 |                 robot->[01;31m[Kmove[m[K("", msg->trajectory[0].joint_trajectory, status);
[5.765s]       |                        [01;31m[K^~~~[m[K
[5.770s] In file included from [01m[K/home/hans/ar/ar_src/command/ar_control/include/ar_hardware_interface.h:20[m[K,
[5.770s]                  from [01m[K/home/hans/ar/ar_src/command/ar_control/src/ar_control_server.cpp:4[m[K:
[5.770s] [01m[K/home/hans/ar/ar_src/command/ar_control/include/ar_drive_config.h:61:2:[m[K [01;31m[Kerror: [m[Kexpected â€˜[01m[K;[m[Kâ€™ after class definition
[5.770s]    61 | }
[5.770s]       |  [01;31m[K^[m[K
[5.770s]       |  [32m[K;[m[K
[5.785s] [01m[K/home/hans/ar/ar_src/command/ar_control/src/ar_control_server.cpp:[m[K In member function â€˜[01m[Kvoid ar_control::ArControlServer::execute(std::shared_ptr<rclcpp_action::ServerGoalHandle<ar_action::action::ArControl> >)[m[Kâ€™:
[5.785s] [01m[K/home/hans/ar/ar_src/command/ar_control/src/ar_control_server.cpp:92:52:[m[K [01;31m[Kerror: [m[Kâ€˜[01m[KSUCCESS[m[Kâ€™ is not a member of â€˜[01m[Kar_control::ControlErrorCode[m[Kâ€™
[5.785s]    92 |                         status = ControlErrorCode::[01;31m[KSUCCESS[m[K;
[5.785s]       |                                                    [01;31m[K^~~~~~~[m[K
[5.785s] [01m[K/home/hans/ar/ar_src/command/ar_control/src/ar_control_server.cpp:99:40:[m[K [01;31m[Kerror: [m[Kâ€˜[01m[Kclass ar_control::ArHardwareInterface[m[Kâ€™ has no member named â€˜[01m[Kmove[m[Kâ€™
[5.785s]    99 |                                 robot->[01;31m[Kmove[m[K(goal->planning_group, goal->trajectory, status);
[5.785s]       |                                        [01;31m[K^~~~[m[K
[5.785s] [01m[K/home/hans/ar/ar_src/command/ar_control/src/ar_control_server.cpp:102:60:[m[K [01;31m[Kerror: [m[Kâ€˜[01m[KSUCCESS[m[Kâ€™ is not a member of â€˜[01m[Kar_control::ControlErrorCode[m[Kâ€™
[5.786s]   102 |                                 status = ControlErrorCode::[01;31m[KSUCCESS[m[K;
[5.786s]       |                                                            [01;31m[K^~~~~~~[m[K
[5.789s] [01m[K/home/hans/ar/ar_src/command/ar_control/src/ar_control_server.cpp:[m[K In member function â€˜[01m[Kvoid ar_control::ArControlServer::incomingDisplayTrajectory(moveit_msgs::msg::DisplayTrajectory_<std::allocator<void> >::ConstSharedPtr)[m[Kâ€™:
[5.789s] [01m[K/home/hans/ar/ar_src/command/ar_control/src/ar_control_server.cpp:32:24:[m[K [01;31m[Kerror: [m[Kâ€˜[01m[Kclass ar_control::ArHardwareInterface[m[Kâ€™ has no member named â€˜[01m[Kmove[m[Kâ€™
[5.789s]    32 |                 robot->[01;31m[Kmove[m[K("", msg->trajectory[0].joint_trajectory, status);
[5.789s]       |                        [01;31m[K^~~~[m[K
[5.791s] In file included from [01m[K/home/hans/ar/ar_src/command/ar_control/include/ar_hardware_interface.h:20[m[K,
[5.791s]                  from [01m[K/home/hans/ar/ar_src/command/ar_control/src/ar_hardware_interface.cpp:1[m[K:
[5.791s] [01m[K/home/hans/ar/ar_src/command/ar_control/include/ar_drive_config.h:61:2:[m[K [01;31m[Kerror: [m[Kexpected â€˜[01m[K;[m[Kâ€™ after class definition
[5.791s]    61 | }
[5.791s]       |  [01;31m[K^[m[K
[5.791s]       |  [32m[K;[m[K
[5.802s] In file included from [01m[K/home/hans/ar/ar_src/command/ar_control/include/ar_hardware_interface.h:20[m[K,
[5.803s]                  from [01m[K/home/hans/ar/ar_src/command/ar_control/include/ar_system.hpp:30[m[K,
[5.803s]                  from [01m[K/home/hans/ar/ar_src/command/ar_control/src/ar_system.cpp:15[m[K:
[5.803s] [01m[K/home/hans/ar/ar_src/command/ar_control/include/ar_drive_config.h:61:2:[m[K [01;31m[Kerror: [m[Kexpected â€˜[01m[K;[m[Kâ€™ after class definition
[5.803s]    61 | }
[5.803s]       |  [01;31m[K^[m[K
[5.803s]       |  [32m[K;[m[K
[5.814s] [01m[K/home/hans/ar/ar_src/command/ar_control/src/ar_control_server.cpp:[m[K In member function â€˜[01m[Kvoid ar_control::ArControlServer::execute(std::shared_ptr<rclcpp_action::ServerGoalHandle<ar_action::action::ArControl> >)[m[Kâ€™:
[5.814s] [01m[K/home/hans/ar/ar_src/command/ar_control/src/ar_control_server.cpp:92:52:[m[K [01;31m[Kerror: [m[Kâ€˜[01m[KSUCCESS[m[Kâ€™ is not a member of â€˜[01m[Kar_control::ControlErrorCode[m[Kâ€™
[5.814s]    92 |                         status = ControlErrorCode::[01;31m[KSUCCESS[m[K;
[5.814s]       |                                                    [01;31m[K^~~~~~~[m[K
[5.814s] [01m[K/home/hans/ar/ar_src/command/ar_control/src/ar_control_server.cpp:99:40:[m[K [01;31m[Kerror: [m[Kâ€˜[01m[Kclass ar_control::ArHardwareInterface[m[Kâ€™ has no member named â€˜[01m[Kmove[m[Kâ€™
[5.814s]    99 |                                 robot->[01;31m[Kmove[m[K(goal->planning_group, goal->trajectory, status);
[5.814s]       |                                        [01;31m[K^~~~[m[K
[5.814s] [01m[K/home/hans/ar/ar_src/command/ar_control/src/ar_control_server.cpp:102:60:[m[K [01;31m[Kerror: [m[Kâ€˜[01m[KSUCCESS[m[Kâ€™ is not a member of â€˜[01m[Kar_control::ControlErrorCode[m[Kâ€™
[5.814s]   102 |                                 status = ControlErrorCode::[01;31m[KSUCCESS[m[K;
[5.814s]       |                                                            [01;31m[K^~~~~~~[m[K
[5.821s] [01m[K/home/hans/ar/ar_src/command/ar_control/src/ar_hardware_interface.cpp:[m[K In constructor â€˜[01m[Kar_control::ArHardwareInterface::ArHardwareInterface(bool, bool)[m[Kâ€™:
[5.821s] [01m[K/home/hans/ar/ar_src/command/ar_control/src/ar_hardware_interface.cpp:25:9:[m[K [01;31m[Kerror: [m[Kâ€˜[01m[Kar_hardware_interface_node_[m[Kâ€™ was not declared in this scope; did you mean â€˜[01m[KArHardwareInterface[m[Kâ€™?
[5.821s]    25 |         [01;31m[Kar_hardware_interface_node_[m[K = rclcpp::Node::make_shared("ar_hardware_interface_node",
[5.821s]       |         [01;31m[K^~~~~~~~~~~~~~~~~~~~~~~~~~~[m[K
[5.821s]       |         [32m[KArHardwareInterface[m[K
[5.824s] [01m[K/home/hans/ar/ar_src/command/ar_control/src/ar_system.cpp:[m[K In member function â€˜[01m[Kvirtual CallbackReturn ar_control::ArSystemHardware::on_init(const hardware_interface::HardwareInfo&)[m[Kâ€™:
[5.824s] [01m[K/home/hans/ar/ar_src/command/ar_control/src/ar_system.cpp:43:17:[m[K [01;31m[Kerror: [m[Kâ€˜[01m[Krobot_desc[m[Kâ€™ was not declared in this scope
[5.824s]    43 |                 [01;31m[Krobot_desc[m[K = info_.hardware_parameters["desc"];
[5.824s]       |                 [01;31m[K^~~~~~~~~~[m[K
[5.827s] [01m[K/home/hans/ar/ar_src/command/ar_control/src/ar_system.cpp:[m[K In member function â€˜[01m[Kvirtual CallbackReturn ar_control::ArSystemHardware::on_configure(const rclcpp_lifecycle::State&)[m[Kâ€™:
[5.827s] [01m[K/home/hans/ar/ar_src/command/ar_control/src/ar_system.cpp:88:41:[m[K [01;31m[Kerror: [m[Kâ€˜[01m[Kusing element_type = class ar_control::ArHardwareInterface[m[Kâ€™ {aka â€˜[01m[Kclass ar_control::ArHardwareInterface[m[Kâ€™} has no member named â€˜[01m[KgetDrives[m[Kâ€™
[5.827s]    88 |                 for(auto drive : robot->[01;31m[KgetDrives[m[K()) {
[5.827s]       |                                         [01;31m[K^~~~~~~~~[m[K
[5.829s] [01m[K/home/hans/ar/ar_src/command/ar_control/src/ar_system.cpp:[m[K In member function â€˜[01m[Kvirtual std::vector<hardware_interface::StateInterface> ar_control::ArSystemHardware::export_state_interfaces()[m[Kâ€™:
[5.829s] [01m[K/home/hans/ar/ar_src/command/ar_control/src/ar_system.cpp:103:41:[m[K [01;31m[Kerror: [m[Kâ€˜[01m[Kusing element_type = class ar_control::ArHardwareInterface[m[Kâ€™ {aka â€˜[01m[Kclass ar_control::ArHardwareInterface[m[Kâ€™} has no member named â€˜[01m[KgetDrives[m[Kâ€™
[5.830s]   103 |                 for(auto drive : robot->[01;31m[KgetDrives[m[K()) {
[5.830s]       |                                         [01;31m[K^~~~~~~~~[m[K
[5.832s] [01m[K/home/hans/ar/ar_src/command/ar_control/src/ar_system.cpp:[m[K In member function â€˜[01m[Kvirtual std::vector<hardware_interface::CommandInterface> ar_control::ArSystemHardware::export_command_interfaces()[m[Kâ€™:
[5.832s] [01m[K/home/hans/ar/ar_src/command/ar_control/src/ar_system.cpp:120:41:[m[K [01;31m[Kerror: [m[Kâ€˜[01m[Kusing element_type = class ar_control::ArHardwareInterface[m[Kâ€™ {aka â€˜[01m[Kclass ar_control::ArHardwareInterface[m[Kâ€™} has no member named â€˜[01m[KgetDrives[m[Kâ€™
[5.832s]   120 |                 for(auto drive : robot->[01;31m[KgetDrives[m[K()) {
[5.832s]       |                                         [01;31m[K^~~~~~~~~[m[K
[5.832s] [01m[K/home/hans/ar/ar_src/command/ar_control/src/ar_system.cpp:[m[K In member function â€˜[01m[Kvirtual CallbackReturn ar_control::ArSystemHardware::on_activate(const rclcpp_lifecycle::State&)[m[Kâ€™:
[5.832s] [01m[K/home/hans/ar/ar_src/command/ar_control/src/ar_system.cpp:137:41:[m[K [01;31m[Kerror: [m[Kâ€˜[01m[Kusing element_type = class ar_control::ArHardwareInterface[m[Kâ€™ {aka â€˜[01m[Kclass ar_control::ArHardwareInterface[m[Kâ€™} has no member named â€˜[01m[KgetDrives[m[Kâ€™
[5.832s]   137 |                 for(auto drive : robot->[01;31m[KgetDrives[m[K()) {
[5.832s]       |                                         [01;31m[K^~~~~~~~~[m[K
[5.833s] [01m[K/home/hans/ar/ar_src/command/ar_control/src/ar_system.cpp:[m[K In member function â€˜[01m[Kvirtual hardware_interface::return_type ar_control::ArSystemHardware::write(const rclcpp::Time&, const rclcpp::Duration&)[m[Kâ€™:
[5.833s] [01m[K/home/hans/ar/ar_src/command/ar_control/src/ar_system.cpp:178:27:[m[K [01;31m[Kerror: [m[Kâ€˜[01m[Kusing element_type = class ar_control::ArHardwareInterface[m[Kâ€™ {aka â€˜[01m[Kclass ar_control::ArHardwareInterface[m[Kâ€™} has no member named â€˜[01m[Ksoem_drives[m[Kâ€™; did you mean â€˜[01m[KArDrives ar_control::ArHardwareInterface::ar_drives[m[Kâ€™? (not accessible from this context)
[5.833s]   178 |                 if(robot->[01;31m[Ksoem_drives[m[K)
[5.833s]       |                           [01;31m[K^~~~~~~~~~~[m[K
[5.833s] In file included from [01m[K/home/hans/ar/ar_src/command/ar_control/include/ar_system.hpp:30[m[K,
[5.833s]                  from [01m[K/home/hans/ar/ar_src/command/ar_control/src/ar_system.cpp:15[m[K:
[5.833s] [01m[K/home/hans/ar/ar_src/command/ar_control/include/ar_hardware_interface.h:38:26:[m[K [01;36m[Knote: [m[Kdeclared private here
[5.833s]    38 |                 ArDrives [01;36m[Kar_drives[m[K;                                             ///< Holds all drive parameters and joint names
[5.833s]       |                          [01;36m[K^~~~~~~~~[m[K
[5.836s] In file included from [01m[K/home/hans/ar/ar_src/command/ar_control/include/ar_hardware_interface.h:20[m[K,
[5.836s]                  from [01m[K/home/hans/ar/ar_src/command/ar_control/include/ar_system.hpp:30[m[K,
[5.836s]                  from [01m[K/home/hans/ar/ar_src/command/ar_control/src/ar_system.cpp:15[m[K:
[5.836s] [01m[K/home/hans/ar/ar_src/command/ar_control/include/ar_drive_config.h:61:2:[m[K [01;31m[Kerror: [m[Kexpected â€˜[01m[K;[m[Kâ€™ after class definition
[5.836s]    61 | }
[5.836s]       |  [01;31m[K^[m[K
[5.836s]       |  [32m[K;[m[K
[5.839s] [01m[K/home/hans/ar/ar_src/command/ar_control/src/ar_system.cpp:179:44:[m[K [01;31m[Kerror: [m[Kâ€˜[01m[Kcond[m[Kâ€™ was not declared in this scope
[5.839s]   179 |                         pthread_cond_wait(&[01;31m[Kcond[m[K, &lock);
[5.839s]       |                                            [01;31m[K^~~~[m[K
[5.839s] In file included from [01m[K/home/hans/ar/ar_src/command/ar_control/include/ar_hardware_interface.h:20[m[K,
[5.839s]                  from [01m[K/home/hans/ar/ar_src/command/ar_control/src/ar_hardware_interface.cpp:1[m[K:
[5.839s] [01m[K/home/hans/ar/ar_src/command/ar_control/include/ar_drive_config.h:61:2:[m[K [01;31m[Kerror: [m[Kexpected â€˜[01m[K;[m[Kâ€™ after class definition
[5.839s]    61 | }
[5.839s]       |  [01;31m[K^[m[K
[5.839s]       |  [32m[K;[m[K
[5.840s] [01m[K/home/hans/ar/ar_src/command/ar_control/src/ar_system.cpp:179:51:[m[K [01;31m[Kerror: [m[Kâ€˜[01m[Klock[m[Kâ€™ was not declared in this scope; did you mean â€˜[01m[Kstd::lock[m[Kâ€™?
[5.840s]   179 |                         pthread_cond_wait(&cond, &[01;31m[Klock[m[K);
[5.840s]       |                                                   [01;31m[K^~~~[m[K
[5.840s]       |                                                   [32m[Kstd::lock[m[K
[5.840s] In file included from [01m[K/home/hans/ar/ar_src/command/ar_control/include/ar_control_server.h:10[m[K,
[5.840s]                  from [01m[K/home/hans/ar/ar_src/command/ar_control/include/ar_hardware_interface.h:11[m[K,
[5.840s]                  from [01m[K/home/hans/ar/ar_src/command/ar_control/include/ar_system.hpp:30[m[K,
[5.840s]                  from [01m[K/home/hans/ar/ar_src/command/ar_control/src/ar_system.cpp:15[m[K:
[5.840s] [01m[K/usr/include/c++/11/mutex:591:5:[m[K [01;36m[Knote: [m[Kâ€˜[01m[Kstd::lock[m[Kâ€™ declared here
[5.840s]   591 |     [01;36m[Klock[m[K(_L1& __l1, _L2& __l2, _L3&... __l3)
[5.840s]       |     [01;36m[K^~~~[m[K
[5.844s] [01m[K/home/hans/ar/ar_src/command/ar_control/src/ar_hardware_interface.cpp:26:88:[m[K [01;31m[Kerror: [m[Kâ€˜[01m[Kautomatically_declare_parameters_from_overrides[m[Kâ€™ was not declared in this scope
[5.844s]    26 |                                                                 rclcpp::NodeOptions(), [01;31m[Kautomatically_declare_parameters_from_overrides[m[K(true));
[5.844s]       |                                                                                        [01;31m[K^~~~~~~~~~~~~~~~~~~~~~~~~~~~~~~~~~~~~~~~~~~~~~~[m[K
[5.844s] In file included from [01m[K/opt/ros/humble/include/rclcpp/rclcpp/client.hpp:40[m[K,
[5.844s]                  from [01m[K/opt/ros/humble/include/rclcpp/rclcpp/callback_group.hpp:24[m[K,
[5.844s]                  from [01m[K/opt/ros/humble/include/rclcpp/rclcpp/any_executable.hpp:20[m[K,
[5.844s]                  from [01m[K/opt/ros/humble/include/rclcpp/rclcpp/memory_strategy.hpp:25[m[K,
[5.844s]                  from [01m[K/opt/ros/humble/include/rclcpp/rclcpp/memory_strategies.hpp:18[m[K,
[5.844s]                  from [01m[K/opt/ros/humble/include/rclcpp/rclcpp/executor_options.hpp:20[m[K,
[5.844s]                  from [01m[K/opt/ros/humble/include/rclcpp/rclcpp/executor.hpp:37[m[K,
[5.844s]                  from [01m[K/opt/ros/humble/include/rclcpp/rclcpp/executors/multi_threaded_executor.hpp:25[m[K,
[5.844s]                  from [01m[K/opt/ros/humble/include/rclcpp/rclcpp/executors.hpp:21[m[K,
[5.844s]                  from [01m[K/opt/ros/humble/include/rclcpp/rclcpp/rclcpp.hpp:155[m[K,
[5.844s]                  from [01m[K/home/hans/ar/ar_src/command/ar_control/include/ar_control_server.h:12[m[K,
[5.844s]                  from [01m[K/home/hans/ar/ar_src/command/ar_control/include/ar_hardware_interface.h:11[m[K,
[5.844s]                  from [01m[K/home/hans/ar/ar_src/command/ar_control/src/ar_hardware_interface.cpp:1[m[K:
[5.844s] [01m[K/home/hans/ar/ar_src/command/ar_control/src/ar_hardware_interface.cpp:30:13:[m[K [01;31m[Kerror: [m[Ktemplate argument 1 is invalid
[5.844s]    30 |             [01;31m[KRCLCPP_ERROR[m[K(ar_hardware_interface_node_->get_logger(), "Parameter 'robot_description' not found.");
[5.845s]       |             [01;31m[K^~~~~~~~~~~~[m[K
[5.845s] [01m[K/home/hans/ar/ar_src/command/ar_control/src/ar_hardware_interface.cpp:30:13:[m[K [01;31m[Kerror: [m[Ktemplate argument 1 is invalid
[5.845s]    30 |             [01;31m[KRCLCPP_ERROR[m[K(ar_hardware_interface_node_->get_logger(), "Parameter 'robot_description' not found.");
[5.845s]       |             [01;31m[K^~~~~~~~~~~~[m[K
[5.845s] [01m[K/home/hans/ar/ar_src/command/ar_control/src/ar_hardware_interface.cpp:30:13:[m[K [01;31m[Kerror: [m[Ktemplate argument 1 is invalid
[5.845s]    30 |             [01;31m[KRCLCPP_ERROR[m[K(ar_hardware_interface_node_->get_logger(), "Parameter 'robot_description' not found.");
[5.845s]       |             [01;31m[K^~~~~~~~~~~~[m[K
[5.845s] [01m[K/home/hans/ar/ar_src/command/ar_control/src/ar_hardware_interface.cpp:35:13:[m[K [01;31m[Kerror: [m[Ktemplate argument 1 is invalid
[5.845s]    35 |             [01;31m[KRCLCPP_ERROR[m[K(ar_hardware_interface_node_->get_logger(), "Failed to parse URDF model.");
[5.845s]       |             [01;31m[K^~~~~~~~~~~~[m[K
[5.845s] [01m[K/home/hans/ar/ar_src/command/ar_control/src/ar_hardware_interface.cpp:35:13:[m[K [01;31m[Kerror: [m[Ktemplate argument 1 is invalid
[5.845s]    35 |             [01;31m[KRCLCPP_ERROR[m[K(ar_hardware_interface_node_->get_logger(), "Failed to parse URDF model.");
[5.845s]       |             [01;31m[K^~~~~~~~~~~~[m[K
[5.845s] [01m[K/home/hans/ar/ar_src/command/ar_control/src/ar_hardware_interface.cpp:35:13:[m[K [01;31m[Kerror: [m[Ktemplate argument 1 is invalid
[5.845s]    35 |             [01;31m[KRCLCPP_ERROR[m[K(ar_hardware_interface_node_->get_logger(), "Failed to parse URDF model.");
[5.845s]       |             [01;31m[K^~~~~~~~~~~~[m[K
[5.851s] [01m[K/home/hans/ar/ar_src/command/ar_control/src/ar_hardware_interface.cpp:[m[K In member function â€˜[01m[Kvoid ar_control::ArHardwareInterface::shutdown()[m[Kâ€™:
[5.851s] [01m[K/home/hans/ar/ar_src/command/ar_control/src/ar_hardware_interface.cpp:54:27:[m[K [01;31m[Kerror: [m[Kâ€˜[01m[Kdrives[m[Kâ€™ was not declared in this scope; did you mean â€˜[01m[Kdrive[m[Kâ€™?
[5.851s]    54 |         for (auto drive : [01;31m[Kdrives[m[K)
[5.851s]       |                           [01;31m[K^~~~~~[m[K
[5.851s]       |                           [32m[Kdrive[m[K
[5.857s] [01m[K/home/hans/ar/ar_src/command/ar_control/src/ar_system.cpp:[m[K In member function â€˜[01m[Kvirtual CallbackReturn ar_control::ArSystemHardware::on_init(const hardware_interface::HardwareInfo&)[m[Kâ€™:
[5.857s] [01m[K/home/hans/ar/ar_src/command/ar_control/src/ar_system.cpp:43:17:[m[K [01;31m[Kerror: [m[Kâ€˜[01m[Krobot_desc[m[Kâ€™ was not declared in this scope
[5.857s]    43 |                 [01;31m[Krobot_desc[m[K = info_.hardware_parameters["desc"];
[5.857s]       |                 [01;31m[K^~~~~~~~~~[m[K
[5.860s] [01m[K/home/hans/ar/ar_src/command/ar_control/src/ar_hardware_interface.cpp:[m[K In member function â€˜[01m[Kvoid ar_control::ArHardwareInterface::readConfigFromYaml(std::string)[m[Kâ€™:
[5.860s] [01m[K/home/hans/ar/ar_src/command/ar_control/src/ar_hardware_interface.cpp:95:13:[m[K [01;31m[Kerror: [m[Kâ€˜[01m[KDriveParameters[m[Kâ€™ was not declared in this scope; did you mean â€˜[01m[KDriveParameter[m[Kâ€™?
[5.860s]    95 |             [01;31m[KDriveParameters[m[K driveParams;
[5.860s]       |             [01;31m[K^~~~~~~~~~~~~~~[m[K
[5.860s]       |             [32m[KDriveParameter[m[K
[5.860s] [01m[K/home/hans/ar/ar_src/command/ar_control/src/ar_system.cpp:[m[K In member function â€˜[01m[Kvirtual CallbackReturn ar_control::ArSystemHardware::on_configure(const rclcpp_lifecycle::State&)[m[Kâ€™:
[5.860s] [01m[K/home/hans/ar/ar_src/command/ar_control/src/ar_system.cpp:88:41:[m[K [01;31m[Kerror: [m[Kâ€˜[01m[Kusing element_type = class ar_control::ArHardwareInterface[m[Kâ€™ {aka â€˜[01m[Kclass ar_control::ArHardwareInterface[m[Kâ€™} has no member named â€˜[01m[KgetDrives[m[Kâ€™
[5.860s]    88 |                 for(auto drive : robot->[01;31m[KgetDrives[m[K()) {
[5.860s]       |                                         [01;31m[K^~~~~~~~~[m[K
[5.864s] [01m[K/home/hans/ar/ar_src/command/ar_control/src/ar_system.cpp:[m[K In member function â€˜[01m[Kvirtual std::vector<hardware_interface::StateInterface> ar_control::ArSystemHardware::export_state_interfaces()[m[Kâ€™:
[5.864s] [01m[K/home/hans/ar/ar_src/command/ar_control/src/ar_system.cpp:103:41:[m[K [01;31m[Kerror: [m[Kâ€˜[01m[Kusing element_type = class ar_control::ArHardwareInterface[m[Kâ€™ {aka â€˜[01m[Kclass ar_control::ArHardwareInterface[m[Kâ€™} has no member named â€˜[01m[KgetDrives[m[Kâ€™
[5.864s]   103 |                 for(auto drive : robot->[01;31m[KgetDrives[m[K()) {
[5.864s]       |                                         [01;31m[K^~~~~~~~~[m[K
[5.867s] [01m[K/home/hans/ar/ar_src/command/ar_control/src/ar_system.cpp:[m[K In member function â€˜[01m[Kvirtual std::vector<hardware_interface::CommandInterface> ar_control::ArSystemHardware::export_command_interfaces()[m[Kâ€™:
[5.867s] [01m[K/home/hans/ar/ar_src/command/ar_control/src/ar_system.cpp:120:41:[m[K [01;31m[Kerror: [m[Kâ€˜[01m[Kusing element_type = class ar_control::ArHardwareInterface[m[Kâ€™ {aka â€˜[01m[Kclass ar_control::ArHardwareInterface[m[Kâ€™} has no member named â€˜[01m[KgetDrives[m[Kâ€™
[5.867s]   120 |                 for(auto drive : robot->[01;31m[KgetDrives[m[K()) {
[5.867s]       |                                         [01;31m[K^~~~~~~~~[m[K
[5.867s] [01m[K/home/hans/ar/ar_src/command/ar_control/src/ar_hardware_interface.cpp:[m[K In constructor â€˜[01m[Kar_control::ArHardwareInterface::ArHardwareInterface(bool, bool)[m[Kâ€™:
[5.867s] [01m[K/home/hans/ar/ar_src/command/ar_control/src/ar_hardware_interface.cpp:25:9:[m[K [01;31m[Kerror: [m[Kâ€˜[01m[Kar_hardware_interface_node_[m[Kâ€™ was not declared in this scope; did you mean â€˜[01m[KArHardwareInterface[m[Kâ€™?
[5.867s]    25 |         [01;31m[Kar_hardware_interface_node_[m[K = rclcpp::Node::make_shared("ar_hardware_interface_node",
[5.867s]       |         [01;31m[K^~~~~~~~~~~~~~~~~~~~~~~~~~~[m[K
[5.867s]       |         [32m[KArHardwareInterface[m[K
[5.867s] [01m[K/home/hans/ar/ar_src/command/ar_control/src/ar_system.cpp:[m[K In member function â€˜[01m[Kvirtual CallbackReturn ar_control::ArSystemHardware::on_activate(const rclcpp_lifecycle::State&)[m[Kâ€™:
[5.867s] [01m[K/home/hans/ar/ar_src/command/ar_control/src/ar_system.cpp:137:41:[m[K [01;31m[Kerror: [m[Kâ€˜[01m[Kusing element_type = class ar_control::ArHardwareInterface[m[Kâ€™ {aka â€˜[01m[Kclass ar_control::ArHardwareInterface[m[Kâ€™} has no member named â€˜[01m[KgetDrives[m[Kâ€™
[5.867s]   137 |                 for(auto drive : robot->[01;31m[KgetDrives[m[K()) {
[5.867s]       |                                         [01;31m[K^~~~~~~~~[m[K
[5.868s] [01m[K/home/hans/ar/ar_src/command/ar_control/src/ar_system.cpp:[m[K In member function â€˜[01m[Kvirtual hardware_interface::return_type ar_control::ArSystemHardware::write(const rclcpp::Time&, const rclcpp::Duration&)[m[Kâ€™:
[5.868s] [01m[K/home/hans/ar/ar_src/command/ar_control/src/ar_system.cpp:178:27:[m[K [01;31m[Kerror: [m[Kâ€˜[01m[Kusing element_type = class ar_control::ArHardwareInterface[m[Kâ€™ {aka â€˜[01m[Kclass ar_control::ArHardwareInterface[m[Kâ€™} has no member named â€˜[01m[Ksoem_drives[m[Kâ€™; did you mean â€˜[01m[KArDrives ar_control::ArHardwareInterface::ar_drives[m[Kâ€™? (not accessible from this context)
[5.868s]   178 |                 if(robot->[01;31m[Ksoem_drives[m[K)
[5.868s]       |                           [01;31m[K^~~~~~~~~~~[m[K
[5.868s] In file included from [01m[K/home/hans/ar/ar_src/command/ar_control/include/ar_system.hpp:30[m[K,
[5.868s]                  from [01m[K/home/hans/ar/ar_src/command/ar_control/src/ar_system.cpp:15[m[K:
[5.868s] [01m[K/home/hans/ar/ar_src/command/ar_control/include/ar_hardware_interface.h:38:26:[m[K [01;36m[Knote: [m[Kdeclared private here
[5.868s]    38 |                 ArDrives [01;36m[Kar_drives[m[K;                                             ///< Holds all drive parameters and joint names
[5.868s]       |                          [01;36m[K^~~~~~~~~[m[K
[5.870s] [01m[K/home/hans/ar/ar_src/command/ar_control/src/ar_hardware_interface.cpp:97:13:[m[K [01;31m[Kerror: [m[Kâ€˜[01m[KdriveParams[m[Kâ€™ was not declared in this scope; did you mean â€˜[01m[KDriveParameter[m[Kâ€™?
[5.870s]    97 |             [01;31m[KdriveParams[m[K.drive_id = stringToId(drive_id);
[5.870s]       |             [01;31m[K^~~~~~~~~~~[m[K
[5.870s]       |             [32m[KDriveParameter[m[K
[5.871s] [01m[K/home/hans/ar/ar_src/command/ar_control/src/ar_hardware_interface.cpp:97:36:[m[K [01;31m[Kerror: [m[Kâ€˜[01m[KstringToId[m[Kâ€™ was not declared in this scope; did you mean â€˜[01m[Kar_utils::stringToId[m[Kâ€™?
[5.871s]    97 |             driveParams.drive_id = [01;31m[KstringToId[m[K(drive_id);
[5.871s]       |                                    [01;31m[K^~~~~~~~~~[m[K
[5.871s]       |                                    [32m[Kar_utils::stringToId[m[K
[5.871s] In file included from [01m[K/home/hans/ar/ar_src/command/ar_control/include/ar_control_server.h:19[m[K,
[5.871s]                  from [01m[K/home/hans/ar/ar_src/command/ar_control/include/ar_hardware_interface.h:11[m[K,
[5.871s]                  from [01m[K/home/hans/ar/ar_src/command/ar_control/src/ar_hardware_interface.cpp:1[m[K:
[5.872s] [01m[K/home/hans/ar/install/ar_utils/include/ar_utils.h:31:13:[m[K [01;36m[Knote: [m[Kâ€˜[01m[Kar_utils::stringToId[m[Kâ€™ declared here
[5.872s]    31 |         int [01;36m[KstringToId[m[K(std::string str);
[5.872s]       |             [01;36m[K^~~~~~~~~~[m[K
[5.874s] [01m[K/home/hans/ar/ar_src/command/ar_control/src/ar_system.cpp:179:44:[m[K [01;31m[Kerror: [m[Kâ€˜[01m[Kcond[m[Kâ€™ was not declared in this scope
[5.874s]   179 |                         pthread_cond_wait(&[01;31m[Kcond[m[K, &lock);
[5.874s]       |                                            [01;31m[K^~~~[m[K
[5.875s] [01m[K/home/hans/ar/ar_src/command/ar_control/src/ar_system.cpp:179:51:[m[K [01;31m[Kerror: [m[Kâ€˜[01m[Klock[m[Kâ€™ was not declared in this scope; did you mean â€˜[01m[Kstd::lock[m[Kâ€™?
[5.875s]   179 |                         pthread_cond_wait(&cond, &[01;31m[Klock[m[K);
[5.875s]       |                                                   [01;31m[K^~~~[m[K
[5.875s]       |                                                   [32m[Kstd::lock[m[K
[5.875s] In file included from [01m[K/home/hans/ar/ar_src/command/ar_control/include/ar_control_server.h:10[m[K,
[5.875s]                  from [01m[K/home/hans/ar/ar_src/command/ar_control/include/ar_hardware_interface.h:11[m[K,
[5.875s]                  from [01m[K/home/hans/ar/ar_src/command/ar_control/include/ar_system.hpp:30[m[K,
[5.875s]                  from [01m[K/home/hans/ar/ar_src/command/ar_control/src/ar_system.cpp:15[m[K:
[5.875s] [01m[K/usr/include/c++/11/mutex:591:5:[m[K [01;36m[Knote: [m[Kâ€˜[01m[Kstd::lock[m[Kâ€™ declared here
[5.875s]   591 |     [01;36m[Klock[m[K(_L1& __l1, _L2& __l2, _L3&... __l3)
[5.875s]       |     [01;36m[K^~~~[m[K
[5.878s] [01m[K/home/hans/ar/ar_src/command/ar_control/src/ar_hardware_interface.cpp:103:45:[m[K [01;31m[Kerror: [m[Kâ€˜[01m[KPORT_UART[m[Kâ€™ was not declared in this scope; did you mean â€˜[01m[KPORT_CAN[m[Kâ€™?
[5.878s]   103 |             else if (driveParams.port_id == [01;31m[KPORT_UART[m[K)
[5.878s]       |                                             [01;31m[K^~~~~~~~~[m[K
[5.878s]       |                                             [32m[KPORT_CAN[m[K
[5.889s] [01m[K/home/hans/ar/ar_src/command/ar_control/src/ar_hardware_interface.cpp:26:88:[m[K [01;31m[Kerror: [m[Kâ€˜[01m[Kautomatically_declare_parameters_from_overrides[m[Kâ€™ was not declared in this scope
[5.889s]    26 |                                                                 rclcpp::NodeOptions(), [01;31m[Kautomatically_declare_parameters_from_overrides[m[K(true));
[5.889s]       |                                                                                        [01;31m[K^~~~~~~~~~~~~~~~~~~~~~~~~~~~~~~~~~~~~~~~~~~~~~~[m[K
[5.889s] In file included from [01m[K/opt/ros/humble/include/rclcpp/rclcpp/client.hpp:40[m[K,
[5.889s]                  from [01m[K/opt/ros/humble/include/rclcpp/rclcpp/callback_group.hpp:24[m[K,
[5.889s]                  from [01m[K/opt/ros/humble/include/rclcpp/rclcpp/any_executable.hpp:20[m[K,
[5.889s]                  from [01m[K/opt/ros/humble/include/rclcpp/rclcpp/memory_strategy.hpp:25[m[K,
[5.889s]                  from [01m[K/opt/ros/humble/include/rclcpp/rclcpp/memory_strategies.hpp:18[m[K,
[5.889s]                  from [01m[K/opt/ros/humble/include/rclcpp/rclcpp/executor_options.hpp:20[m[K,
[5.889s]                  from [01m[K/opt/ros/humble/include/rclcpp/rclcpp/executor.hpp:37[m[K,
[5.889s]                  from [01m[K/opt/ros/humble/include/rclcpp/rclcpp/executors/multi_threaded_executor.hpp:25[m[K,
[5.889s]                  from [01m[K/opt/ros/humble/include/rclcpp/rclcpp/executors.hpp:21[m[K,
[5.889s]                  from [01m[K/opt/ros/humble/include/rclcpp/rclcpp/rclcpp.hpp:155[m[K,
[5.889s]                  from [01m[K/home/hans/ar/ar_src/command/ar_control/include/ar_control_server.h:12[m[K,
[5.890s]                  from [01m[K/home/hans/ar/ar_src/command/ar_control/include/ar_hardware_interface.h:11[m[K,
[5.890s]                  from [01m[K/home/hans/ar/ar_src/command/ar_control/src/ar_hardware_interface.cpp:1[m[K:
[5.890s] [01m[K/home/hans/ar/ar_src/command/ar_control/src/ar_hardware_interface.cpp:30:13:[m[K [01;31m[Kerror: [m[Ktemplate argument 1 is invalid
[5.890s]    30 |             [01;31m[KRCLCPP_ERROR[m[K(ar_hardware_interface_node_->get_logger(), "Parameter 'robot_description' not found.");
[5.890s]       |             [01;31m[K^~~~~~~~~~~~[m[K
[5.890s] [01m[K/home/hans/ar/ar_src/command/ar_control/src/ar_hardware_interface.cpp:30:13:[m[K [01;31m[Kerror: [m[Ktemplate argument 1 is invalid
[5.890s]    30 |             [01;31m[KRCLCPP_ERROR[m[K(ar_hardware_interface_node_->get_logger(), "Parameter 'robot_description' not found.");
[5.890s]       |             [01;31m[K^~~~~~~~~~~~[m[K
[5.890s] [01m[K/home/hans/ar/ar_src/command/ar_control/src/ar_hardware_interface.cpp:30:13:[m[K [01;31m[Kerror: [m[Ktemplate argument 1 is invalid
[5.890s]    30 |             [01;31m[KRCLCPP_ERROR[m[K(ar_hardware_interface_node_->get_logger(), "Parameter 'robot_description' not found.");
[5.890s]       |             [01;31m[K^~~~~~~~~~~~[m[K
[5.890s] [01m[K/home/hans/ar/ar_src/command/ar_control/src/ar_hardware_interface.cpp:35:13:[m[K [01;31m[Kerror: [m[Ktemplate argument 1 is invalid
[5.890s]    35 |             [01;31m[KRCLCPP_ERROR[m[K(ar_hardware_interface_node_->get_logger(), "Failed to parse URDF model.");
[5.890s]       |             [01;31m[K^~~~~~~~~~~~[m[K
[5.890s] [01m[K/home/hans/ar/ar_src/command/ar_control/src/ar_hardware_interface.cpp:35:13:[m[K [01;31m[Kerror: [m[Ktemplate argument 1 is invalid
[5.890s]    35 |             [01;31m[KRCLCPP_ERROR[m[K(ar_hardware_interface_node_->get_logger(), "Failed to parse URDF model.");
[5.890s]       |             [01;31m[K^~~~~~~~~~~~[m[K
[5.890s] [01m[K/home/hans/ar/ar_src/command/ar_control/src/ar_hardware_interface.cpp:35:13:[m[K [01;31m[Kerror: [m[Ktemplate argument 1 is invalid
[5.890s]    35 |             [01;31m[KRCLCPP_ERROR[m[K(ar_hardware_interface_node_->get_logger(), "Failed to parse URDF model.");
[5.890s]       |             [01;31m[K^~~~~~~~~~~~[m[K
[5.893s] In file included from [01m[K/opt/ros/humble/include/rclcpp/rclcpp/client.hpp:40[m[K,
[5.893s]                  from [01m[K/opt/ros/humble/include/rclcpp/rclcpp/callback_group.hpp:24[m[K,
[5.893s]                  from [01m[K/opt/ros/humble/include/rclcpp/rclcpp/any_executable.hpp:20[m[K,
[5.893s]                  from [01m[K/opt/ros/humble/include/rclcpp/rclcpp/memory_strategy.hpp:25[m[K,
[5.893s]                  from [01m[K/opt/ros/humble/include/rclcpp/rclcpp/memory_strategies.hpp:18[m[K,
[5.893s]                  from [01m[K/opt/ros/humble/include/rclcpp/rclcpp/executor_options.hpp:20[m[K,
[5.893s]                  from [01m[K/opt/ros/humble/include/rclcpp/rclcpp/executor.hpp:37[m[K,
[5.893s]                  from [01m[K/opt/ros/humble/include/rclcpp/rclcpp/executors/multi_threaded_executor.hpp:25[m[K,
[5.893s]                  from [01m[K/opt/ros/humble/include/rclcpp/rclcpp/executors.hpp:21[m[K,
[5.893s]                  from [01m[K/opt/ros/humble/include/rclcpp/rclcpp/rclcpp.hpp:155[m[K,
[5.893s]                  from [01m[K/home/hans/ar/ar_src/command/ar_control/include/ar_control_server.h:12[m[K,
[5.893s]                  from [01m[K/home/hans/ar/ar_src/command/ar_control/include/ar_hardware_interface.h:11[m[K,
[5.893s]                  from [01m[K/home/hans/ar/ar_src/command/ar_control/src/ar_hardware_interface.cpp:1[m[K:
[5.893s] [01m[K/home/hans/ar/ar_src/command/ar_control/src/ar_hardware_interface.cpp:113:30:[m[K [01;31m[Kerror: [m[Kâ€˜[01m[Kar_hardware_interface_node_[m[Kâ€™ was not declared in this scope; did you mean â€˜[01m[KArHardwareInterface[m[Kâ€™?
[5.893s]   113 |                 RCLCPP_ERROR([01;31m[Kar_hardware_interface_node_[m[K->get_logger(), "Invalid port ID: %d", driveParams.port_id);
[5.893s]       |                              [01;31m[K^~~~~~~~~~~~~~~~~~~~~~~~~~~[m[K
[5.893s] [01m[K/home/hans/ar/ar_src/command/ar_control/src/ar_hardware_interface.cpp:113:17:[m[K [01;31m[Kerror: [m[Ktemplate argument 1 is invalid
[5.893s]   113 |                 [01;31m[KRCLCPP_ERROR[m[K(ar_hardware_interface_node_->get_logger(), "Invalid port ID: %d", driveParams.port_id);
[5.893s]       |                 [01;31m[K^~~~~~~~~~~~[m[K
[5.893s] [01m[K/home/hans/ar/ar_src/command/ar_control/src/ar_hardware_interface.cpp:113:17:[m[K [01;31m[Kerror: [m[Ktemplate argument 1 is invalid
[5.893s]   113 |                 [01;31m[KRCLCPP_ERROR[m[K(ar_hardware_interface_node_->get_logger(), "Invalid port ID: %d", driveParams.port_id);
[5.893s]       |                 [01;31m[K^~~~~~~~~~~~[m[K
[5.893s] [01m[K/home/hans/ar/ar_src/command/ar_control/src/ar_hardware_interface.cpp:113:17:[m[K [01;31m[Kerror: [m[Ktemplate argument 1 is invalid
[5.893s]   113 |                 [01;31m[KRCLCPP_ERROR[m[K(ar_hardware_interface_node_->get_logger(), "Invalid port ID: %d", driveParams.port_id);
[5.893s]       |                 [01;31m[K^~~~~~~~~~~~[m[K
[5.897s] [01m[K/home/hans/ar/ar_src/command/ar_control/src/ar_hardware_interface.cpp:[m[K In member function â€˜[01m[Kvoid ar_control::ArHardwareInterface::shutdown()[m[Kâ€™:
[5.897s] [01m[K/home/hans/ar/ar_src/command/ar_control/src/ar_hardware_interface.cpp:54:27:[m[K [01;31m[Kerror: [m[Kâ€˜[01m[Kdrives[m[Kâ€™ was not declared in this scope; did you mean â€˜[01m[Kdrive[m[Kâ€™?
[5.897s]    54 |         for (auto drive : [01;31m[Kdrives[m[K)
[5.897s]       |                           [01;31m[K^~~~~~[m[K
[5.897s]       |                           [32m[Kdrive[m[K
[5.901s] [01m[K/home/hans/ar/ar_src/command/ar_control/src/ar_hardware_interface.cpp:117:17:[m[K [01;31m[Kerror: [m[Kâ€˜[01m[KJointParameters[m[Kâ€™ was not declared in this scope; did you mean â€˜[01m[KJointParameter[m[Kâ€™?
[5.901s]   117 |                 [01;31m[KJointParameters[m[K jointParams;
[5.901s]       |                 [01;31m[K^~~~~~~~~~~~~~~[m[K
[5.901s]       |                 [32m[KJointParameter[m[K
[5.906s] [01m[K/home/hans/ar/ar_src/command/ar_control/src/ar_hardware_interface.cpp:[m[K In member function â€˜[01m[Kvoid ar_control::ArHardwareInterface::readConfigFromYaml(std::string)[m[Kâ€™:
[5.906s] [01m[K/home/hans/ar/ar_src/command/ar_control/src/ar_hardware_interface.cpp:95:13:[m[K [01;31m[Kerror: [m[Kâ€˜[01m[KDriveParameters[m[Kâ€™ was not declared in this scope; did you mean â€˜[01m[KDriveParameter[m[Kâ€™?
[5.906s]    95 |             [01;31m[KDriveParameters[m[K driveParams;
[5.906s]       |             [01;31m[K^~~~~~~~~~~~~~~[m[K
[5.906s]       |             [32m[KDriveParameter[m[K
[5.908s] [01m[K/home/hans/ar/ar_src/command/ar_control/src/ar_hardware_interface.cpp:118:17:[m[K [01;31m[Kerror: [m[Kâ€˜[01m[KjointParams[m[Kâ€™ was not declared in this scope; did you mean â€˜[01m[KJointParameter[m[Kâ€™?
[5.908s]   118 |                 [01;31m[KjointParams[m[K.joint_name = jt->first.as<std::string>();
[5.909s]       |                 [01;31m[K^~~~~~~~~~~[m[K
[5.909s]       |                 [32m[KJointParameter[m[K
[5.909s] [01m[K/home/hans/ar/ar_src/command/ar_control/src/ar_hardware_interface.cpp:132:23:[m[K [01;31m[Kerror: [m[Kâ€˜[01m[Kclass ArDrives[m[Kâ€™ has no member named â€˜[01m[Kdrive_parameters[m[Kâ€™; did you mean â€˜[01m[Kdrive_parameter[m[Kâ€™?
[5.909s]   132 |             ar_drives.[01;31m[Kdrive_parameters[m[K.push_back(driveParams);
[5.909s]       |                       [01;31m[K^~~~~~~~~~~~~~~~[m[K
[5.909s]       |                       [32m[Kdrive_parameter[m[K
[5.909s] [01m[K/home/hans/ar/ar_src/command/ar_control/src/ar_hardware_interface.cpp:135:29:[m[K [01;31m[Kerror: [m[Kâ€˜[01m[Kclass ArDrives[m[Kâ€™ has no member named â€˜[01m[Kdrive_parameters[m[Kâ€™; did you mean â€˜[01m[Kdrive_parameter[m[Kâ€™?
[5.909s]   135 |         std::sort(ar_drives.[01;31m[Kdrive_parameters[m[K.begin(), ar_drives.drive_parameters.end(),
[5.909s]       |                             [01;31m[K^~~~~~~~~~~~~~~~[m[K
[5.909s]       |                             [32m[Kdrive_parameter[m[K
[5.909s] [01m[K/home/hans/ar/ar_src/command/ar_control/src/ar_hardware_interface.cpp:135:65:[m[K [01;31m[Kerror: [m[Kâ€˜[01m[Kclass ArDrives[m[Kâ€™ has no member named â€˜[01m[Kdrive_parameters[m[Kâ€™; did you mean â€˜[01m[Kdrive_parameter[m[Kâ€™?
[5.909s]   135 |         std::sort(ar_drives.drive_parameters.begin(), ar_drives.[01;31m[Kdrive_parameters[m[K.end(),
[5.909s]       |                                                                 [01;31m[K^~~~~~~~~~~~~~~~[m[K
[5.909s]       |                                                                 [32m[Kdrive_parameter[m[K
[5.914s] [01m[K/home/hans/ar/ar_src/command/ar_control/src/ar_hardware_interface.cpp:97:13:[m[K [01;31m[Kerror: [m[Kâ€˜[01m[KdriveParams[m[Kâ€™ was not declared in this scope; did you mean â€˜[01m[KDriveParameter[m[Kâ€™?
[5.914s]    97 |             [01;31m[KdriveParams[m[K.drive_id = stringToId(drive_id);
[5.914s]       |             [01;31m[K^~~~~~~~~~~[m[K
[5.914s]       |             [32m[KDriveParameter[m[K
[5.915s] [01m[K/home/hans/ar/ar_src/command/ar_control/src/ar_hardware_interface.cpp:97:36:[m[K [01;31m[Kerror: [m[Kâ€˜[01m[KstringToId[m[Kâ€™ was not declared in this scope; did you mean â€˜[01m[Kar_utils::stringToId[m[Kâ€™?
[5.915s]    97 |             driveParams.drive_id = [01;31m[KstringToId[m[K(drive_id);
[5.915s]       |                                    [01;31m[K^~~~~~~~~~[m[K
[5.915s]       |                                    [32m[Kar_utils::stringToId[m[K
[5.915s] In file included from [01m[K/home/hans/ar/ar_src/command/ar_control/include/ar_control_server.h:19[m[K,
[5.915s]                  from [01m[K/home/hans/ar/ar_src/command/ar_control/include/ar_hardware_interface.h:11[m[K,
[5.915s]                  from [01m[K/home/hans/ar/ar_src/command/ar_control/src/ar_hardware_interface.cpp:1[m[K:
[5.915s] [01m[K/home/hans/ar/install/ar_utils/include/ar_utils.h:31:13:[m[K [01;36m[Knote: [m[Kâ€˜[01m[Kar_utils::stringToId[m[Kâ€™ declared here
[5.915s]    31 |         int [01;36m[KstringToId[m[K(std::string str);
[5.915s]       |             [01;36m[K^~~~~~~~~~[m[K
[5.916s] [01m[K/home/hans/ar/ar_src/command/ar_control/src/ar_hardware_interface.cpp:[m[K At global scope:
[5.916s] [01m[K/home/hans/ar/ar_src/command/ar_control/src/ar_hardware_interface.cpp:142:19:[m[K [01;31m[Kerror: [m[Kâ€˜[01m[KArDriveControl[m[Kâ€™ was not declared in this scope
[5.916s]   142 |     std::map<int, [01;31m[KArDriveControl[m[K *> ArHardwareInterface::getDrives()
[5.916s]       |                   [01;31m[K^~~~~~~~~~~~~~[m[K
[5.916s] [01m[K/home/hans/ar/ar_src/command/ar_control/src/ar_hardware_interface.cpp:142:35:[m[K [01;31m[Kerror: [m[Ktemplate argument 2 is invalid
[5.916s]   142 |     std::map<int, ArDriveControl *[01;31m[K>[m[K ArHardwareInterface::getDrives()
[5.916s]       |                                   [01;31m[K^[m[K
[5.916s] [01m[K/home/hans/ar/ar_src/command/ar_control/src/ar_hardware_interface.cpp:142:35:[m[K [01;31m[Kerror: [m[Ktemplate argument 4 is invalid
[5.916s] [01m[K/home/hans/ar/ar_src/command/ar_control/src/ar_hardware_interface.cpp:142:37:[m[K [01;31m[Kerror: [m[Kno declaration matches â€˜[01m[Kint ar_control::ArHardwareInterface::getDrives()[m[Kâ€™
[5.917s]   142 |     std::map<int, ArDriveControl *> [01;31m[KArHardwareInterface[m[K::getDrives()
[5.917s]       |                                     [01;31m[K^~~~~~~~~~~~~~~~~~~[m[K
[5.917s] [01m[K/home/hans/ar/ar_src/command/ar_control/src/ar_hardware_interface.cpp:142:37:[m[K [01;36m[Knote: [m[Kno functions named â€˜[01m[Kint ar_control::ArHardwareInterface::getDrives()[m[Kâ€™
[5.917s] In file included from [01m[K/home/hans/ar/ar_src/command/ar_control/src/ar_hardware_interface.cpp:1[m[K:
[5.917s] [01m[K/home/hans/ar/ar_src/command/ar_control/include/ar_hardware_interface.h:24:15:[m[K [01;36m[Knote: [m[Kâ€˜[01m[Kclass ar_control::ArHardwareInterface[m[Kâ€™ defined here
[5.917s]    24 |         class [01;36m[KArHardwareInterface[m[K
[5.917s]       |               [01;36m[K^~~~~~~~~~~~~~~~~~~[m[K
[5.922s] [01m[K/home/hans/ar/ar_src/command/ar_control/src/ar_hardware_interface.cpp:103:45:[m[K [01;31m[Kerror: [m[Kâ€˜[01m[KPORT_UART[m[Kâ€™ was not declared in this scope; did you mean â€˜[01m[KPORT_CAN[m[Kâ€™?
[5.922s]   103 |             else if (driveParams.port_id == [01;31m[KPORT_UART[m[K)
[5.922s]       |                                             [01;31m[K^~~~~~~~~[m[K
[5.922s]       |                                             [32m[KPORT_CAN[m[K
[5.936s] In file included from [01m[K/opt/ros/humble/include/rclcpp/rclcpp/client.hpp:40[m[K,
[5.936s]                  from [01m[K/opt/ros/humble/include/rclcpp/rclcpp/callback_group.hpp:24[m[K,
[5.936s]                  from [01m[K/opt/ros/humble/include/rclcpp/rclcpp/any_executable.hpp:20[m[K,
[5.936s]                  from [01m[K/opt/ros/humble/include/rclcpp/rclcpp/memory_strategy.hpp:25[m[K,
[5.936s]                  from [01m[K/opt/ros/humble/include/rclcpp/rclcpp/memory_strategies.hpp:18[m[K,
[5.936s]                  from [01m[K/opt/ros/humble/include/rclcpp/rclcpp/executor_options.hpp:20[m[K,
[5.936s]                  from [01m[K/opt/ros/humble/include/rclcpp/rclcpp/executor.hpp:37[m[K,
[5.936s]                  from [01m[K/opt/ros/humble/include/rclcpp/rclcpp/executors/multi_threaded_executor.hpp:25[m[K,
[5.936s]                  from [01m[K/opt/ros/humble/include/rclcpp/rclcpp/executors.hpp:21[m[K,
[5.936s]                  from [01m[K/opt/ros/humble/include/rclcpp/rclcpp/rclcpp.hpp:155[m[K,
[5.936s]                  from [01m[K/home/hans/ar/ar_src/command/ar_control/include/ar_control_server.h:12[m[K,
[5.936s]                  from [01m[K/home/hans/ar/ar_src/command/ar_control/include/ar_hardware_interface.h:11[m[K,
[5.936s]                  from [01m[K/home/hans/ar/ar_src/command/ar_control/src/ar_hardware_interface.cpp:1[m[K:
[5.936s] [01m[K/home/hans/ar/ar_src/command/ar_control/src/ar_hardware_interface.cpp:113:30:[m[K [01;31m[Kerror: [m[Kâ€˜[01m[Kar_hardware_interface_node_[m[Kâ€™ was not declared in this scope; did you mean â€˜[01m[KArHardwareInterface[m[Kâ€™?
[5.936s]   113 |                 RCLCPP_ERROR([01;31m[Kar_hardware_interface_node_[m[K->get_logger(), "Invalid port ID: %d", driveParams.port_id);
[5.936s]       |                              [01;31m[K^~~~~~~~~~~~~~~~~~~~~~~~~~~[m[K
[5.936s] [01m[K/home/hans/ar/ar_src/command/ar_control/src/ar_hardware_interface.cpp:113:17:[m[K [01;31m[Kerror: [m[Ktemplate argument 1 is invalid
[5.937s]   113 |                 [01;31m[KRCLCPP_ERROR[m[K(ar_hardware_interface_node_->get_logger(), "Invalid port ID: %d", driveParams.port_id);
[5.937s]       |                 [01;31m[K^~~~~~~~~~~~[m[K
[5.937s] [01m[K/home/hans/ar/ar_src/command/ar_control/src/ar_hardware_interface.cpp:113:17:[m[K [01;31m[Kerror: [m[Ktemplate argument 1 is invalid
[5.937s]   113 |                 [01;31m[KRCLCPP_ERROR[m[K(ar_hardware_interface_node_->get_logger(), "Invalid port ID: %d", driveParams.port_id);
[5.937s]       |                 [01;31m[K^~~~~~~~~~~~[m[K
[5.937s] [01m[K/home/hans/ar/ar_src/command/ar_control/src/ar_hardware_interface.cpp:113:17:[m[K [01;31m[Kerror: [m[Ktemplate argument 1 is invalid
[5.937s]   113 |                 [01;31m[KRCLCPP_ERROR[m[K(ar_hardware_interface_node_->get_logger(), "Invalid port ID: %d", driveParams.port_id);
[5.937s]       |                 [01;31m[K^~~~~~~~~~~~[m[K
[5.945s] [01m[K/home/hans/ar/ar_src/command/ar_control/src/ar_hardware_interface.cpp:117:17:[m[K [01;31m[Kerror: [m[Kâ€˜[01m[KJointParameters[m[Kâ€™ was not declared in this scope; did you mean â€˜[01m[KJointParameter[m[Kâ€™?
[5.946s]   117 |                 [01;31m[KJointParameters[m[K jointParams;
[5.946s]       |                 [01;31m[K^~~~~~~~~~~~~~~[m[K
[5.946s]       |                 [32m[KJointParameter[m[K
[5.955s] [01m[K/home/hans/ar/ar_src/command/ar_control/src/ar_hardware_interface.cpp:118:17:[m[K [01;31m[Kerror: [m[Kâ€˜[01m[KjointParams[m[Kâ€™ was not declared in this scope; did you mean â€˜[01m[KJointParameter[m[Kâ€™?
[5.956s]   118 |                 [01;31m[KjointParams[m[K.joint_name = jt->first.as<std::string>();
[5.956s]       |                 [01;31m[K^~~~~~~~~~~[m[K
[5.956s]       |                 [32m[KJointParameter[m[K
[5.956s] [01m[K/home/hans/ar/ar_src/command/ar_control/src/ar_hardware_interface.cpp:132:23:[m[K [01;31m[Kerror: [m[Kâ€˜[01m[Kclass ArDrives[m[Kâ€™ has no member named â€˜[01m[Kdrive_parameters[m[Kâ€™; did you mean â€˜[01m[Kdrive_parameter[m[Kâ€™?
[5.956s]   132 |             ar_drives.[01;31m[Kdrive_parameters[m[K.push_back(driveParams);
[5.956s]       |                       [01;31m[K^~~~~~~~~~~~~~~~[m[K
[5.956s]       |                       [32m[Kdrive_parameter[m[K
[5.956s] [01m[K/home/hans/ar/ar_src/command/ar_control/src/ar_hardware_interface.cpp:135:29:[m[K [01;31m[Kerror: [m[Kâ€˜[01m[Kclass ArDrives[m[Kâ€™ has no member named â€˜[01m[Kdrive_parameters[m[Kâ€™; did you mean â€˜[01m[Kdrive_parameter[m[Kâ€™?
[5.956s]   135 |         std::sort(ar_drives.[01;31m[Kdrive_parameters[m[K.begin(), ar_drives.drive_parameters.end(),
[5.956s]       |                             [01;31m[K^~~~~~~~~~~~~~~~[m[K
[5.956s]       |                             [32m[Kdrive_parameter[m[K
[5.956s] [01m[K/home/hans/ar/ar_src/command/ar_control/src/ar_hardware_interface.cpp:135:65:[m[K [01;31m[Kerror: [m[Kâ€˜[01m[Kclass ArDrives[m[Kâ€™ has no member named â€˜[01m[Kdrive_parameters[m[Kâ€™; did you mean â€˜[01m[Kdrive_parameter[m[Kâ€™?
[5.956s]   135 |         std::sort(ar_drives.drive_parameters.begin(), ar_drives.[01;31m[Kdrive_parameters[m[K.end(),
[5.956s]       |                                                                 [01;31m[K^~~~~~~~~~~~~~~~[m[K
[5.956s]       |                                                                 [32m[Kdrive_parameter[m[K
[5.965s] [01m[K/home/hans/ar/ar_src/command/ar_control/src/ar_hardware_interface.cpp:[m[K At global scope:
[5.965s] [01m[K/home/hans/ar/ar_src/command/ar_control/src/ar_hardware_interface.cpp:142:19:[m[K [01;31m[Kerror: [m[Kâ€˜[01m[KArDriveControl[m[Kâ€™ was not declared in this scope
[5.965s]   142 |     std::map<int, [01;31m[KArDriveControl[m[K *> ArHardwareInterface::getDrives()
[5.965s]       |                   [01;31m[K^~~~~~~~~~~~~~[m[K
[5.965s] [01m[K/home/hans/ar/ar_src/command/ar_control/src/ar_hardware_interface.cpp:142:35:[m[K [01;31m[Kerror: [m[Ktemplate argument 2 is invalid
[5.965s]   142 |     std::map<int, ArDriveControl *[01;31m[K>[m[K ArHardwareInterface::getDrives()
[5.965s]       |                                   [01;31m[K^[m[K
[5.965s] [01m[K/home/hans/ar/ar_src/command/ar_control/src/ar_hardware_interface.cpp:142:35:[m[K [01;31m[Kerror: [m[Ktemplate argument 4 is invalid
[5.965s] [01m[K/home/hans/ar/ar_src/command/ar_control/src/ar_hardware_interface.cpp:142:37:[m[K [01;31m[Kerror: [m[Kno declaration matches â€˜[01m[Kint ar_control::ArHardwareInterface::getDrives()[m[Kâ€™
[5.965s]   142 |     std::map<int, ArDriveControl *> [01;31m[KArHardwareInterface[m[K::getDrives()
[5.965s]       |                                     [01;31m[K^~~~~~~~~~~~~~~~~~~[m[K
[5.965s] [01m[K/home/hans/ar/ar_src/command/ar_control/src/ar_hardware_interface.cpp:142:37:[m[K [01;36m[Knote: [m[Kno functions named â€˜[01m[Kint ar_control::ArHardwareInterface::getDrives()[m[Kâ€™
[5.965s] In file included from [01m[K/home/hans/ar/ar_src/command/ar_control/src/ar_hardware_interface.cpp:1[m[K:
[5.965s] [01m[K/home/hans/ar/ar_src/command/ar_control/include/ar_hardware_interface.h:24:15:[m[K [01;36m[Knote: [m[Kâ€˜[01m[Kclass ar_control::ArHardwareInterface[m[Kâ€™ defined here
[5.966s]    24 |         class [01;36m[KArHardwareInterface[m[K
[5.966s]       |               [01;36m[K^~~~~~~~~~~~~~~~~~~[m[K
[7.951s] gmake[2]: *** [CMakeFiles/ar_control.dir/build.make:160: CMakeFiles/ar_control.dir/src/ar_system.cpp.o] Error 1
[7.959s] gmake[2]: *** [CMakeFiles/ar_control_server.dir/build.make:132: CMakeFiles/ar_control_server.dir/src/ar_hardware_interface.cpp.o] Error 1
[7.963s] gmake[2]: *** [CMakeFiles/ar_control_server.dir/build.make:160: CMakeFiles/ar_control_server.dir/src/ar_system.cpp.o] Error 1
[8.045s] gmake[2]: *** [CMakeFiles/ar_control.dir/build.make:132: CMakeFiles/ar_control.dir/src/ar_hardware_interface.cpp.o] Error 1
[9.162s] gmake[2]: *** [CMakeFiles/ar_control_server.dir/build.make:90: CMakeFiles/ar_control_server.dir/src/ar_control_server.cpp.o] Error 1
[9.163s] gmake[1]: *** [CMakeFiles/Makefile2:169: CMakeFiles/ar_control_server.dir/all] Error 2
[9.189s] gmake[2]: *** [CMakeFiles/ar_control.dir/build.make:90: CMakeFiles/ar_control.dir/src/ar_control_server.cpp.o] Error 1
[9.190s] gmake[1]: *** [CMakeFiles/Makefile2:143: CMakeFiles/ar_control.dir/all] Error 2
[9.190s] gmake: *** [Makefile:146: all] Error 2
[9.197s] Invoked command in '/home/hans/ar/build/ar_control' returned '2': AMENT_PREFIX_PATH=/home/hans/ar/install/master:/home/hans/ar/install/ar_utils:/home/hans/ar/install/ar_comm:${AMENT_PREFIX_PATH} CMAKE_PREFIX_PATH=/home/hans/ar/install/master:/home/hans/ar/install/ar_utils:/home/hans/ar/install/ar_comm:/opt/ros/humble LD_LIBRARY_PATH=/home/hans/ar/install/ar_utils/lib:${LD_LIBRARY_PATH} /usr/bin/cmake --build /home/hans/ar/build/ar_control -- -j12 -l12
