[0.010s] Invoking command in '/home/hans/ar/build/ar_control': AMENT_PREFIX_PATH=/home/hans/ar/install/master:/home/hans/ar/install/ar_utils:/home/hans/ar/install/ar_comm:${AMENT_PREFIX_PATH} CMAKE_PREFIX_PATH=/home/hans/ar/install/master:/home/hans/ar/install/ar_utils:/home/hans/ar/install/ar_comm:/opt/ros/humble LD_LIBRARY_PATH=/home/hans/ar/install/ar_utils/lib:${LD_LIBRARY_PATH} /usr/bin/cmake --build /home/hans/ar/build/ar_control -- -j12 -l12
[0.057s] [35m[1mConsolidate compiler generated dependencies of target ar_control_server[0m
[0.059s] [35m[1mConsolidate compiler generated dependencies of target ar_control[0m
[0.063s] [ 15%] [32m[1mLinking CXX executable ar_control_client_server_test[0m
[0.063s] [ 15%] Built target ar_control_client
[0.091s] [ 25%] [32mBuilding CXX object CMakeFiles/ar_control_server.dir/src/ar_control_server.cpp.o[0m
[0.091s] [ 25%] [32mBuilding CXX object CMakeFiles/ar_control_server.dir/src/ar_drive_control.cpp.o[0m
[0.092s] [ 30%] [32mBuilding CXX object CMakeFiles/ar_control_server.dir/src/ar_hardware_interface.cpp.o[0m
[0.092s] [ 35%] [32mBuilding CXX object CMakeFiles/ar_control_server.dir/src/ar_system.cpp.o[0m
[0.094s] [ 40%] [32mBuilding CXX object CMakeFiles/ar_control.dir/src/ar_drive_control.cpp.o[0m
[0.094s] [ 45%] [32mBuilding CXX object CMakeFiles/ar_control.dir/src/ar_control_server.cpp.o[0m
[0.097s] [ 50%] [32mBuilding CXX object CMakeFiles/ar_control.dir/src/ar_hardware_interface.cpp.o[0m
[0.097s] [ 55%] [32mBuilding CXX object CMakeFiles/ar_control.dir/src/ar_system.cpp.o[0m
[0.330s] /usr/bin/ld: CMakeFiles/ar_control_client_server_test.dir/test/ar_control_client_server_test.cpp.o: in function `main':
[0.330s] ar_control_client_server_test.cpp:(.text.startup+0x273): undefined reference to `ar_control::ArControlServer::ArControlServer(ar_control::ArHardwareInterface*, rclcpp::NodeOptions const&)'
[0.330s] /usr/bin/ld: ar_control_client_server_test.cpp:(.text.startup+0x2bf): undefined reference to `ar_control::ArControlServer::startActionServer()'
[0.331s] /usr/bin/ld: ar_control_client_server_test.cpp:(.text.startup+0x3b7): undefined reference to `ar_control::ArControlClient::ArControlClient(std::__cxx11::basic_string<char, std::char_traits<char>, std::allocator<char> > const&, rclcpp::NodeOptions const&)'
[0.331s] /usr/bin/ld: ar_control_client_server_test.cpp:(.text.startup+0x919): undefined reference to `ar_control::ArControlClient::sendGoal(ar_action::action::ArControl_Goal_<std::allocator<void> > const&, bool)'
[0.338s] collect2: error: ld returned 1 exit status
[0.340s] gmake[2]: *** [CMakeFiles/ar_control_client_server_test.dir/build.make:337: ar_control_client_server_test] Error 1
[0.341s] gmake[1]: *** [CMakeFiles/Makefile2:221: CMakeFiles/ar_control_client_server_test.dir/all] Error 2
[0.341s] gmake[1]: *** Waiting for unfinished jobs....
[0.667s] In file included from [01m[K/home/hans/ar/ar_src/command/ar_control/src/ar_drive_control.cpp:1[m[K:
[0.667s] [01m[K/home/hans/ar/ar_src/command/ar_control/include/ar_drive_control.h:[m[K In member function â€˜[01m[Kvoid ar_control::ArDriveControl::InitializeDriveClient(int)[m[Kâ€™:
[0.667s] [01m[K/home/hans/ar/ar_src/command/ar_control/include/ar_drive_control.h:15:40:[m[K [01;35m[Kwarning: [m[Kunused parameter â€˜[01m[KslaveId[m[Kâ€™ [[01;35m[K]8;;https://gcc.gnu.org/onlinedocs/gcc/Warning-Options.html#index-Wunused-parameter-Wunused-parameter]8;;[m[K]
[0.667s]    15 |         void InitializeDriveClient([01;35m[Kint slaveId[m[K)
[0.667s]       |                                    [01;35m[K~~~~^~~~~~~[m[K
[0.668s] [01m[K/home/hans/ar/ar_src/command/ar_control/src/ar_drive_control.cpp:[m[K At global scope:
[0.668s] [01m[K/home/hans/ar/ar_src/command/ar_control/src/ar_drive_control.cpp:12:10:[m[K [01;31m[Kerror: [m[Kredefinition of â€˜[01m[Kvoid ar_control::ArDriveControl::InitializeDriveClient(int)[m[Kâ€™
[0.668s]    12 |     void [01;31m[KArDriveControl[m[K::InitializeDriveClient(int slaveId)
[0.668s]       |          [01;31m[K^~~~~~~~~~~~~~[m[K
[0.668s] In file included from [01m[K/home/hans/ar/ar_src/command/ar_control/src/ar_drive_control.cpp:1[m[K:
[0.668s] [01m[K/home/hans/ar/ar_src/command/ar_control/include/ar_drive_control.h:15:14:[m[K [01;36m[Knote: [m[Kâ€˜[01m[Kvoid ar_control::ArDriveControl::InitializeDriveClient(int)[m[Kâ€™ previously defined here
[0.668s]    15 |         void [01;36m[KInitializeDriveClient[m[K(int slaveId)
[0.668s]       |              [01;36m[K^~~~~~~~~~~~~~~~~~~~~[m[K
[0.668s] [01m[K/home/hans/ar/ar_src/command/ar_control/src/ar_drive_control.cpp:[m[K In member function â€˜[01m[Kvoid ar_control::ArDriveControl::AddJoint(JointParameter&)[m[Kâ€™:
[0.668s] [01m[K/home/hans/ar/ar_src/command/ar_control/src/ar_drive_control.cpp:39:31:[m[K [01;31m[Kerror: [m[Klvalue required as left operand of assignment
[0.668s]    39 |         if([01;31m[K(jointCount() > 1) && joint->client_id[m[K = -1){
[0.669s]       |            [01;31m[K~~~~~~~~~~~~~~~~~~~^~~~~~~~~~~~~~~~~~~[m[K
[0.669s] [01m[K/home/hans/ar/ar_src/command/ar_control/src/ar_drive_control.cpp:44:25:[m[K [01;31m[Kerror: [m[Kâ€˜[01m[Krclcpp[m[Kâ€™ has not been declared
[0.669s]    44 |             RCLCPP_WARN([01;31m[Krclcpp[m[K::get_logger(), "Joint '%s' has a large encoder offset: %d. Please check Joint Parameters.",
[0.669s]       |                         [01;31m[K^~~~~~[m[K
[0.672s] [01m[K/home/hans/ar/ar_src/command/ar_control/src/ar_drive_control.cpp:44:13:[m[K [01;31m[Kerror: [m[Kâ€˜[01m[KRCLCPP_WARN[m[Kâ€™ was not declared in this scope
[0.672s]    44 |             [01;31m[KRCLCPP_WARN[m[K(rclcpp::get_logger(), "Joint '%s' has a large encoder offset: %d. Please check Joint Parameters.",
[0.672s]       |             [01;31m[K^~~~~~~~~~~[m[K
[0.672s] [01m[K/home/hans/ar/ar_src/command/ar_control/src/ar_drive_control.cpp:57:25:[m[K [01;31m[Kerror: [m[Kâ€˜[01m[Krclcpp[m[Kâ€™ has not been declared
[0.672s]    57 |             RCLCPP_INFO([01;31m[Krclcpp[m[K::get_logger(), "Joint '%s' gear ratio: %d, encoder resolution: %d, pulse per rev: %5.1f",
[0.672s]       |                         [01;31m[K^~~~~~[m[K
[0.676s] [01m[K/home/hans/ar/ar_src/command/ar_control/src/ar_drive_control.cpp:57:13:[m[K [01;31m[Kerror: [m[Kâ€˜[01m[KRCLCPP_INFO[m[Kâ€™ was not declared in this scope
[0.676s]    57 |             [01;31m[KRCLCPP_INFO[m[K(rclcpp::get_logger(), "Joint '%s' gear ratio: %d, encoder resolution: %d, pulse per rev: %5.1f",
[0.676s]       |             [01;31m[K^~~~~~~~~~~[m[K
[0.676s] [01m[K/home/hans/ar/ar_src/command/ar_control/src/ar_drive_control.cpp:61:21:[m[K [01;31m[Kerror: [m[Kâ€˜[01m[Krclcpp[m[Kâ€™ has not been declared
[0.676s]    61 |         RCLCPP_INFO([01;31m[Krclcpp[m[K::get_logger(), "Joint '%s' added on drive %d with client Id: %d at encodere offset: %d",
[0.676s]       |                     [01;31m[K^~~~~~[m[K
[0.676s] In file included from [01m[K/home/hans/ar/ar_src/command/ar_control/src/ar_drive_control.cpp:1[m[K:
[0.676s] [01m[K/home/hans/ar/ar_src/command/ar_control/include/ar_drive_control.h:[m[K In member function â€˜[01m[Kvoid ar_control::ArDriveControl::InitializeDriveClient(int)[m[Kâ€™:
[0.677s] [01m[K/home/hans/ar/ar_src/command/ar_control/include/ar_drive_control.h:15:40:[m[K [01;35m[Kwarning: [m[Kunused parameter â€˜[01m[KslaveId[m[Kâ€™ [[01;35m[K]8;;https://gcc.gnu.org/onlinedocs/gcc/Warning-Options.html#index-Wunused-parameter-Wunused-parameter]8;;[m[K]
[0.677s]    15 |         void InitializeDriveClient([01;35m[Kint slaveId[m[K)
[0.677s]       |                                    [01;35m[K~~~~^~~~~~~[m[K
[0.677s] [01m[K/home/hans/ar/ar_src/command/ar_control/src/ar_drive_control.cpp:[m[K At global scope:
[0.678s] [01m[K/home/hans/ar/ar_src/command/ar_control/src/ar_drive_control.cpp:12:10:[m[K [01;31m[Kerror: [m[Kredefinition of â€˜[01m[Kvoid ar_control::ArDriveControl::InitializeDriveClient(int)[m[Kâ€™
[0.678s]    12 |     void [01;31m[KArDriveControl[m[K::InitializeDriveClient(int slaveId)
[0.678s]       |          [01;31m[K^~~~~~~~~~~~~~[m[K
[0.678s] In file included from [01m[K/home/hans/ar/ar_src/command/ar_control/src/ar_drive_control.cpp:1[m[K:
[0.678s] [01m[K/home/hans/ar/ar_src/command/ar_control/include/ar_drive_control.h:15:14:[m[K [01;36m[Knote: [m[Kâ€˜[01m[Kvoid ar_control::ArDriveControl::InitializeDriveClient(int)[m[Kâ€™ previously defined here
[0.678s]    15 |         void [01;36m[KInitializeDriveClient[m[K(int slaveId)
[0.678s]       |              [01;36m[K^~~~~~~~~~~~~~~~~~~~~[m[K
[0.678s] [01m[K/home/hans/ar/ar_src/command/ar_control/src/ar_drive_control.cpp:[m[K In member function â€˜[01m[Kvoid ar_control::ArDriveControl::AddJoint(JointParameter&)[m[Kâ€™:
[0.678s] [01m[K/home/hans/ar/ar_src/command/ar_control/src/ar_drive_control.cpp:39:31:[m[K [01;31m[Kerror: [m[Klvalue required as left operand of assignment
[0.678s]    39 |         if([01;31m[K(jointCount() > 1) && joint->client_id[m[K = -1){
[0.678s]       |            [01;31m[K~~~~~~~~~~~~~~~~~~~^~~~~~~~~~~~~~~~~~~[m[K
[0.678s] [01m[K/home/hans/ar/ar_src/command/ar_control/src/ar_drive_control.cpp:44:25:[m[K [01;31m[Kerror: [m[Kâ€˜[01m[Krclcpp[m[Kâ€™ has not been declared
[0.678s]    44 |             RCLCPP_WARN([01;31m[Krclcpp[m[K::get_logger(), "Joint '%s' has a large encoder offset: %d. Please check Joint Parameters.",
[0.678s]       |                         [01;31m[K^~~~~~[m[K
[0.679s] [01m[K/home/hans/ar/ar_src/command/ar_control/src/ar_drive_control.cpp:61:9:[m[K [01;31m[Kerror: [m[Kâ€˜[01m[KRCLCPP_INFO[m[Kâ€™ was not declared in this scope
[0.679s]    61 |         [01;31m[KRCLCPP_INFO[m[K(rclcpp::get_logger(), "Joint '%s' added on drive %d with client Id: %d at encodere offset: %d",
[0.679s]       |         [01;31m[K^~~~~~~~~~~[m[K
[0.679s] [01m[K/home/hans/ar/ar_src/command/ar_control/src/ar_drive_control.cpp:[m[K In member function â€˜[01m[Kvoid ar_control::ArDriveControl::InitializeDrive()[m[Kâ€™:
[0.679s] [01m[K/home/hans/ar/ar_src/command/ar_control/src/ar_drive_control.cpp:67:29:[m[K [01;31m[Kerror: [m[Kâ€˜[01m[Krclcpp[m[Kâ€™ has not been declared
[0.679s]    67 |                 RCLCPP_INFO([01;31m[Krclcpp[m[K::get_logger(),COLOR_DARKYELLOW "\n[Ar Drive Control] ---------------------- Initializing drive %d----------------------" COLOR_RESET,
[0.679s]       |                             [01;31m[K^~~~~~[m[K
[0.682s] [01m[K/home/hans/ar/ar_src/command/ar_control/src/ar_drive_control.cpp:67:17:[m[K [01;31m[Kerror: [m[Kâ€˜[01m[KRCLCPP_INFO[m[Kâ€™ was not declared in this scope
[0.682s]    67 |                 [01;31m[KRCLCPP_INFO[m[K(rclcpp::get_logger(),COLOR_DARKYELLOW "\n[Ar Drive Control] ---------------------- Initializing drive %d----------------------" COLOR_RESET,
[0.682s]       |                 [01;31m[K^~~~~~~~~~~[m[K
[0.682s] [01m[K/home/hans/ar/ar_src/command/ar_control/src/ar_drive_control.cpp:[m[K In destructor â€˜[01m[Kar_control::ArDriveControl::~ArDriveControl()[m[Kâ€™:
[0.682s] [01m[K/home/hans/ar/ar_src/command/ar_control/src/ar_drive_control.cpp:75:21:[m[K [01;31m[Kerror: [m[Kâ€˜[01m[Krclcpp[m[Kâ€™ has not been declared
[0.682s]    75 |         RCLCPP_INFO([01;31m[Krclcpp[m[K::get_logger(),"\n[Tomo Drive Control] [Drive %d] destruction", drive_id_);
[0.682s]       |                     [01;31m[K^~~~~~[m[K
[0.683s] [01m[K/home/hans/ar/ar_src/command/ar_control/src/ar_drive_control.cpp:44:13:[m[K [01;31m[Kerror: [m[Kâ€˜[01m[KRCLCPP_WARN[m[Kâ€™ was not declared in this scope
[0.683s]    44 |             [01;31m[KRCLCPP_WARN[m[K(rclcpp::get_logger(), "Joint '%s' has a large encoder offset: %d. Please check Joint Parameters.",
[0.683s]       |             [01;31m[K^~~~~~~~~~~[m[K
[0.683s] [01m[K/home/hans/ar/ar_src/command/ar_control/src/ar_drive_control.cpp:57:25:[m[K [01;31m[Kerror: [m[Kâ€˜[01m[Krclcpp[m[Kâ€™ has not been declared
[0.683s]    57 |             RCLCPP_INFO([01;31m[Krclcpp[m[K::get_logger(), "Joint '%s' gear ratio: %d, encoder resolution: %d, pulse per rev: %5.1f",
[0.683s]       |                         [01;31m[K^~~~~~[m[K
[0.685s] [01m[K/home/hans/ar/ar_src/command/ar_control/src/ar_drive_control.cpp:75:9:[m[K [01;31m[Kerror: [m[Kâ€˜[01m[KRCLCPP_INFO[m[Kâ€™ was not declared in this scope
[0.685s]    75 |         [01;31m[KRCLCPP_INFO[m[K(rclcpp::get_logger(),"\n[Tomo Drive Control] [Drive %d] destruction", drive_id_);
[0.685s]       |         [01;31m[K^~~~~~~~~~~[m[K
[0.686s] [01m[K/home/hans/ar/ar_src/command/ar_control/src/ar_drive_control.cpp:[m[K In member function â€˜[01m[Kint ar_control::ArDriveControl::getInputActualValueToStatus(tVectorS&, tVectorS&, std::vector<unsigned int>&, std::vector<unsigned int>&)[m[Kâ€™:
[0.686s] [01m[K/home/hans/ar/ar_src/command/ar_control/src/ar_drive_control.cpp:84:48:[m[K [01;31m[Kerror: [m[Kcannot bind non-const lvalue reference of type â€˜[01m[Kuint32_t&[m[Kâ€™ {aka â€˜[01m[Kunsigned int&[m[Kâ€™} to a value of type â€˜[01m[Kint[m[Kâ€™
[0.686s]    84 |                                         [01;31m[Kjoint->position_actual_value[m[K, joint->velocity_actual_value);
[0.686s]       |                                         [01;31m[K~~~~~~~^~~~~~~~~~~~~~~~~~~~~[m[K
[0.686s] In file included from [01m[K/home/hans/ar/ar_src/command/ar_control/include/ar_drive_control.h:5[m[K,
[0.686s]                  from [01m[K/home/hans/ar/ar_src/command/ar_control/src/ar_drive_control.cpp:1[m[K:
[0.686s] [01m[K/home/hans/ar/ar_src/command/ar_control/include/ar_joint_control.h:16:55:[m[K [01;36m[Knote: [m[K  initializing argument 3 of â€˜[01m[Kvoid ar_control::ArJointControl::getInputActualValueToStatus(std::string&, std::string&, uint32_t&, uint32_t&)[m[Kâ€™
[0.686s]    16 |                                             [01;36m[Kuint32_t &positionActualValue[m[K, uint32_t &velocityActualValue);
[0.686s]       |                                             [01;36m[K~~~~~~~~~~^~~~~~~~~~~~~~~~~~~[m[K
[0.687s] [01m[K/home/hans/ar/ar_src/command/ar_control/src/ar_drive_control.cpp:57:13:[m[K [01;31m[Kerror: [m[Kâ€˜[01m[KRCLCPP_INFO[m[Kâ€™ was not declared in this scope
[0.687s]    57 |             [01;31m[KRCLCPP_INFO[m[K(rclcpp::get_logger(), "Joint '%s' gear ratio: %d, encoder resolution: %d, pulse per rev: %5.1f",
[0.687s]       |             [01;31m[K^~~~~~~~~~~[m[K
[0.687s] [01m[K/home/hans/ar/ar_src/command/ar_control/src/ar_drive_control.cpp:61:21:[m[K [01;31m[Kerror: [m[Kâ€˜[01m[Krclcpp[m[Kâ€™ has not been declared
[0.687s]    61 |         RCLCPP_INFO([01;31m[Krclcpp[m[K::get_logger(), "Joint '%s' added on drive %d with client Id: %d at encodere offset: %d",
[0.687s]       |                     [01;31m[K^~~~~~[m[K
[0.692s] [01m[K/home/hans/ar/ar_src/command/ar_control/src/ar_drive_control.cpp:61:9:[m[K [01;31m[Kerror: [m[Kâ€˜[01m[KRCLCPP_INFO[m[Kâ€™ was not declared in this scope
[0.692s]    61 |         [01;31m[KRCLCPP_INFO[m[K(rclcpp::get_logger(), "Joint '%s' added on drive %d with client Id: %d at encodere offset: %d",
[0.692s]       |         [01;31m[K^~~~~~~~~~~[m[K
[0.692s] [01m[K/home/hans/ar/ar_src/command/ar_control/src/ar_drive_control.cpp:[m[K In member function â€˜[01m[Kvoid ar_control::ArDriveControl::InitializeDrive()[m[Kâ€™:
[0.692s] [01m[K/home/hans/ar/ar_src/command/ar_control/src/ar_drive_control.cpp:67:29:[m[K [01;31m[Kerror: [m[Kâ€˜[01m[Krclcpp[m[Kâ€™ has not been declared
[0.692s]    67 |                 RCLCPP_INFO([01;31m[Krclcpp[m[K::get_logger(),COLOR_DARKYELLOW "\n[Ar Drive Control] ---------------------- Initializing drive %d----------------------" COLOR_RESET,
[0.692s]       |                             [01;31m[K^~~~~~[m[K
[0.696s] [01m[K/home/hans/ar/ar_src/command/ar_control/src/ar_drive_control.cpp:67:17:[m[K [01;31m[Kerror: [m[Kâ€˜[01m[KRCLCPP_INFO[m[Kâ€™ was not declared in this scope
[0.696s]    67 |                 [01;31m[KRCLCPP_INFO[m[K(rclcpp::get_logger(),COLOR_DARKYELLOW "\n[Ar Drive Control] ---------------------- Initializing drive %d----------------------" COLOR_RESET,
[0.696s]       |                 [01;31m[K^~~~~~~~~~~[m[K
[0.696s] [01m[K/home/hans/ar/ar_src/command/ar_control/src/ar_drive_control.cpp:[m[K In destructor â€˜[01m[Kar_control::ArDriveControl::~ArDriveControl()[m[Kâ€™:
[0.696s] [01m[K/home/hans/ar/ar_src/command/ar_control/src/ar_drive_control.cpp:75:21:[m[K [01;31m[Kerror: [m[Kâ€˜[01m[Krclcpp[m[Kâ€™ has not been declared
[0.696s]    75 |         RCLCPP_INFO([01;31m[Krclcpp[m[K::get_logger(),"\n[Tomo Drive Control] [Drive %d] destruction", drive_id_);
[0.696s]       |                     [01;31m[K^~~~~~[m[K
[0.700s] [01m[K/home/hans/ar/ar_src/command/ar_control/src/ar_drive_control.cpp:75:9:[m[K [01;31m[Kerror: [m[Kâ€˜[01m[KRCLCPP_INFO[m[Kâ€™ was not declared in this scope
[0.700s]    75 |         [01;31m[KRCLCPP_INFO[m[K(rclcpp::get_logger(),"\n[Tomo Drive Control] [Drive %d] destruction", drive_id_);
[0.700s]       |         [01;31m[K^~~~~~~~~~~[m[K
[0.701s] [01m[K/home/hans/ar/ar_src/command/ar_control/src/ar_drive_control.cpp:[m[K In member function â€˜[01m[Kint ar_control::ArDriveControl::getInputActualValueToStatus(tVectorS&, tVectorS&, std::vector<unsigned int>&, std::vector<unsigned int>&)[m[Kâ€™:
[0.701s] [01m[K/home/hans/ar/ar_src/command/ar_control/src/ar_drive_control.cpp:84:48:[m[K [01;31m[Kerror: [m[Kcannot bind non-const lvalue reference of type â€˜[01m[Kuint32_t&[m[Kâ€™ {aka â€˜[01m[Kunsigned int&[m[Kâ€™} to a value of type â€˜[01m[Kint[m[Kâ€™
[0.701s]    84 |                                         [01;31m[Kjoint->position_actual_value[m[K, joint->velocity_actual_value);
[0.701s]       |                                         [01;31m[K~~~~~~~^~~~~~~~~~~~~~~~~~~~~[m[K
[0.701s] In file included from [01m[K/home/hans/ar/ar_src/command/ar_control/include/ar_drive_control.h:5[m[K,
[0.701s]                  from [01m[K/home/hans/ar/ar_src/command/ar_control/src/ar_drive_control.cpp:1[m[K:
[0.701s] [01m[K/home/hans/ar/ar_src/command/ar_control/include/ar_joint_control.h:16:55:[m[K [01;36m[Knote: [m[K  initializing argument 3 of â€˜[01m[Kvoid ar_control::ArJointControl::getInputActualValueToStatus(std::string&, std::string&, uint32_t&, uint32_t&)[m[Kâ€™
[0.701s]    16 |                                             [01;36m[Kuint32_t &positionActualValue[m[K, uint32_t &velocityActualValue);
[0.702s]       |                                             [01;36m[K~~~~~~~~~~^~~~~~~~~~~~~~~~~~~[m[K
[0.826s] gmake[2]: *** [CMakeFiles/ar_control.dir/build.make:118: CMakeFiles/ar_control.dir/src/ar_drive_control.cpp.o] Error 1
[0.826s] gmake[2]: *** Waiting for unfinished jobs....
[0.870s] gmake[2]: *** [CMakeFiles/ar_control_server.dir/build.make:118: CMakeFiles/ar_control_server.dir/src/ar_drive_control.cpp.o] Error 1
[0.870s] gmake[2]: *** Waiting for unfinished jobs....
[4.236s] [01m[K/home/hans/ar/ar_src/command/ar_control/src/ar_control_server.cpp:[m[K In member function â€˜[01m[Kvoid ar_control::ArControlServer::incomingDisplayTrajectory(moveit_msgs::msg::DisplayTrajectory_<std::allocator<void> >::ConstSharedPtr)[m[Kâ€™:
[4.236s] [01m[K/home/hans/ar/ar_src/command/ar_control/src/ar_control_server.cpp:32:24:[m[K [01;31m[Kerror: [m[Kâ€˜[01m[Kclass ar_control::ArHardwareInterface[m[Kâ€™ has no member named â€˜[01m[Kmove[m[Kâ€™
[4.236s]    32 |                 robot->[01;31m[Kmove[m[K("", msg->trajectory[0].joint_trajectory, status);
[4.236s]       |                        [01;31m[K^~~~[m[K
[4.254s] [01m[K/home/hans/ar/ar_src/command/ar_control/src/ar_hardware_interface.cpp:[m[K In constructor â€˜[01m[Kar_control::ArHardwareInterface::ArHardwareInterface(bool, bool)[m[Kâ€™:
[4.254s] [01m[K/home/hans/ar/ar_src/command/ar_control/src/ar_hardware_interface.cpp:25:9:[m[K [01;31m[Kerror: [m[Kâ€˜[01m[Kar_hardware_interface_node_[m[Kâ€™ was not declared in this scope; did you mean â€˜[01m[KArHardwareInterface[m[Kâ€™?
[4.254s]    25 |         [01;31m[Kar_hardware_interface_node_[m[K = rclcpp::Node::make_shared("ar_hardware_interface_node",
[4.254s]       |         [01;31m[K^~~~~~~~~~~~~~~~~~~~~~~~~~~[m[K
[4.254s]       |         [32m[KArHardwareInterface[m[K
[4.257s] [01m[K/home/hans/ar/ar_src/command/ar_control/src/ar_control_server.cpp:[m[K In member function â€˜[01m[Kvoid ar_control::ArControlServer::execute(std::shared_ptr<rclcpp_action::ServerGoalHandle<ar_action::action::ArControl> >)[m[Kâ€™:
[4.257s] [01m[K/home/hans/ar/ar_src/command/ar_control/src/ar_control_server.cpp:92:52:[m[K [01;31m[Kerror: [m[Kâ€˜[01m[KSUCCESS[m[Kâ€™ is not a member of â€˜[01m[Kar_control::ControlErrorCode[m[Kâ€™
[4.257s]    92 |                         status = ControlErrorCode::[01;31m[KSUCCESS[m[K;
[4.258s]       |                                                    [01;31m[K^~~~~~~[m[K
[4.258s] [01m[K/home/hans/ar/ar_src/command/ar_control/src/ar_control_server.cpp:99:40:[m[K [01;31m[Kerror: [m[Kâ€˜[01m[Kclass ar_control::ArHardwareInterface[m[Kâ€™ has no member named â€˜[01m[Kmove[m[Kâ€™
[4.258s]    99 |                                 robot->[01;31m[Kmove[m[K(goal->planning_group, goal->trajectory, status);
[4.258s]       |                                        [01;31m[K^~~~[m[K
[4.258s] [01m[K/home/hans/ar/ar_src/command/ar_control/src/ar_control_server.cpp:102:60:[m[K [01;31m[Kerror: [m[Kâ€˜[01m[KSUCCESS[m[Kâ€™ is not a member of â€˜[01m[Kar_control::ControlErrorCode[m[Kâ€™
[4.258s]   102 |                                 status = ControlErrorCode::[01;31m[KSUCCESS[m[K;
[4.258s]       |                                                            [01;31m[K^~~~~~~[m[K
[4.261s] [01m[K/home/hans/ar/ar_src/command/ar_control/src/ar_control_server.cpp:[m[K In member function â€˜[01m[Kvoid ar_control::ArControlServer::incomingDisplayTrajectory(moveit_msgs::msg::DisplayTrajectory_<std::allocator<void> >::ConstSharedPtr)[m[Kâ€™:
[4.261s] [01m[K/home/hans/ar/ar_src/command/ar_control/src/ar_control_server.cpp:32:24:[m[K [01;31m[Kerror: [m[Kâ€˜[01m[Kclass ar_control::ArHardwareInterface[m[Kâ€™ has no member named â€˜[01m[Kmove[m[Kâ€™
[4.261s]    32 |                 robot->[01;31m[Kmove[m[K("", msg->trajectory[0].joint_trajectory, status);
[4.261s]       |                        [01;31m[K^~~~[m[K
[4.262s] [01m[K/home/hans/ar/ar_src/command/ar_control/src/ar_hardware_interface.cpp:[m[K In constructor â€˜[01m[Kar_control::ArHardwareInterface::ArHardwareInterface(bool, bool)[m[Kâ€™:
[4.262s] [01m[K/home/hans/ar/ar_src/command/ar_control/src/ar_hardware_interface.cpp:25:9:[m[K [01;31m[Kerror: [m[Kâ€˜[01m[Kar_hardware_interface_node_[m[Kâ€™ was not declared in this scope; did you mean â€˜[01m[KArHardwareInterface[m[Kâ€™?
[4.262s]    25 |         [01;31m[Kar_hardware_interface_node_[m[K = rclcpp::Node::make_shared("ar_hardware_interface_node",
[4.263s]       |         [01;31m[K^~~~~~~~~~~~~~~~~~~~~~~~~~~[m[K
[4.263s]       |         [32m[KArHardwareInterface[m[K
[4.278s] [01m[K/home/hans/ar/ar_src/command/ar_control/src/ar_hardware_interface.cpp:26:88:[m[K [01;31m[Kerror: [m[Kâ€˜[01m[Kautomatically_declare_parameters_from_overrides[m[Kâ€™ was not declared in this scope
[4.278s]    26 |                                                                 rclcpp::NodeOptions(), [01;31m[Kautomatically_declare_parameters_from_overrides[m[K(true));
[4.278s]       |                                                                                        [01;31m[K^~~~~~~~~~~~~~~~~~~~~~~~~~~~~~~~~~~~~~~~~~~~~~~[m[K
[4.278s] In file included from [01m[K/opt/ros/humble/include/rclcpp/rclcpp/client.hpp:40[m[K,
[4.278s]                  from [01m[K/opt/ros/humble/include/rclcpp/rclcpp/callback_group.hpp:24[m[K,
[4.278s]                  from [01m[K/opt/ros/humble/include/rclcpp/rclcpp/any_executable.hpp:20[m[K,
[4.278s]                  from [01m[K/opt/ros/humble/include/rclcpp/rclcpp/memory_strategy.hpp:25[m[K,
[4.278s]                  from [01m[K/opt/ros/humble/include/rclcpp/rclcpp/memory_strategies.hpp:18[m[K,
[4.278s]                  from [01m[K/opt/ros/humble/include/rclcpp/rclcpp/executor_options.hpp:20[m[K,
[4.278s]                  from [01m[K/opt/ros/humble/include/rclcpp/rclcpp/executor.hpp:37[m[K,
[4.278s]                  from [01m[K/opt/ros/humble/include/rclcpp/rclcpp/executors/multi_threaded_executor.hpp:25[m[K,
[4.278s]                  from [01m[K/opt/ros/humble/include/rclcpp/rclcpp/executors.hpp:21[m[K,
[4.278s]                  from [01m[K/opt/ros/humble/include/rclcpp/rclcpp/rclcpp.hpp:155[m[K,
[4.278s]                  from [01m[K/home/hans/ar/ar_src/command/ar_control/include/ar_control_server.h:12[m[K,
[4.278s]                  from [01m[K/home/hans/ar/ar_src/command/ar_control/include/ar_hardware_interface.h:11[m[K,
[4.279s]                  from [01m[K/home/hans/ar/ar_src/command/ar_control/src/ar_hardware_interface.cpp:1[m[K:
[4.279s] [01m[K/home/hans/ar/ar_src/command/ar_control/src/ar_hardware_interface.cpp:30:13:[m[K [01;31m[Kerror: [m[Ktemplate argument 1 is invalid
[4.279s]    30 |             [01;31m[KRCLCPP_ERROR[m[K(ar_hardware_interface_node_->get_logger(), "Parameter 'robot_description' not found.");
[4.279s]       |             [01;31m[K^~~~~~~~~~~~[m[K
[4.279s] [01m[K/home/hans/ar/ar_src/command/ar_control/src/ar_hardware_interface.cpp:30:13:[m[K [01;31m[Kerror: [m[Ktemplate argument 1 is invalid
[4.279s]    30 |             [01;31m[KRCLCPP_ERROR[m[K(ar_hardware_interface_node_->get_logger(), "Parameter 'robot_description' not found.");
[4.279s]       |             [01;31m[K^~~~~~~~~~~~[m[K
[4.279s] [01m[K/home/hans/ar/ar_src/command/ar_control/src/ar_hardware_interface.cpp:30:13:[m[K [01;31m[Kerror: [m[Ktemplate argument 1 is invalid
[4.279s]    30 |             [01;31m[KRCLCPP_ERROR[m[K(ar_hardware_interface_node_->get_logger(), "Parameter 'robot_description' not found.");
[4.279s]       |             [01;31m[K^~~~~~~~~~~~[m[K
[4.279s] [01m[K/home/hans/ar/ar_src/command/ar_control/src/ar_hardware_interface.cpp:35:13:[m[K [01;31m[Kerror: [m[Ktemplate argument 1 is invalid
[4.279s]    35 |             [01;31m[KRCLCPP_ERROR[m[K(ar_hardware_interface_node_->get_logger(), "Failed to parse URDF model.");
[4.279s]       |             [01;31m[K^~~~~~~~~~~~[m[K
[4.279s] [01m[K/home/hans/ar/ar_src/command/ar_control/src/ar_hardware_interface.cpp:35:13:[m[K [01;31m[Kerror: [m[Ktemplate argument 1 is invalid
[4.279s]    35 |             [01;31m[KRCLCPP_ERROR[m[K(ar_hardware_interface_node_->get_logger(), "Failed to parse URDF model.");
[4.279s]       |             [01;31m[K^~~~~~~~~~~~[m[K
[4.279s] [01m[K/home/hans/ar/ar_src/command/ar_control/src/ar_hardware_interface.cpp:35:13:[m[K [01;31m[Kerror: [m[Ktemplate argument 1 is invalid
[4.279s]    35 |             [01;31m[KRCLCPP_ERROR[m[K(ar_hardware_interface_node_->get_logger(), "Failed to parse URDF model.");
[4.279s]       |             [01;31m[K^~~~~~~~~~~~[m[K
[4.284s] [01m[K/home/hans/ar/ar_src/command/ar_control/src/ar_control_server.cpp:[m[K In member function â€˜[01m[Kvoid ar_control::ArControlServer::execute(std::shared_ptr<rclcpp_action::ServerGoalHandle<ar_action::action::ArControl> >)[m[Kâ€™:
[4.284s] [01m[K/home/hans/ar/ar_src/command/ar_control/src/ar_control_server.cpp:92:52:[m[K [01;31m[Kerror: [m[Kâ€˜[01m[KSUCCESS[m[Kâ€™ is not a member of â€˜[01m[Kar_control::ControlErrorCode[m[Kâ€™
[4.284s]    92 |                         status = ControlErrorCode::[01;31m[KSUCCESS[m[K;
[4.285s]       |                                                    [01;31m[K^~~~~~~[m[K
[4.285s] [01m[K/home/hans/ar/ar_src/command/ar_control/src/ar_control_server.cpp:99:40:[m[K [01;31m[Kerror: [m[Kâ€˜[01m[Kclass ar_control::ArHardwareInterface[m[Kâ€™ has no member named â€˜[01m[Kmove[m[Kâ€™
[4.285s]    99 |                                 robot->[01;31m[Kmove[m[K(goal->planning_group, goal->trajectory, status);
[4.285s]       |                                        [01;31m[K^~~~[m[K
[4.285s] [01m[K/home/hans/ar/ar_src/command/ar_control/src/ar_control_server.cpp:102:60:[m[K [01;31m[Kerror: [m[Kâ€˜[01m[KSUCCESS[m[Kâ€™ is not a member of â€˜[01m[Kar_control::ControlErrorCode[m[Kâ€™
[4.285s]   102 |                                 status = ControlErrorCode::[01;31m[KSUCCESS[m[K;
[4.285s]       |                                                            [01;31m[K^~~~~~~[m[K
[4.285s] [01m[K/home/hans/ar/ar_src/command/ar_control/src/ar_hardware_interface.cpp:[m[K In member function â€˜[01m[Kvoid ar_control::ArHardwareInterface::shutdown()[m[Kâ€™:
[4.285s] [01m[K/home/hans/ar/ar_src/command/ar_control/src/ar_hardware_interface.cpp:54:27:[m[K [01;31m[Kerror: [m[Kâ€˜[01m[Kdrives[m[Kâ€™ was not declared in this scope; did you mean â€˜[01m[Kdrive[m[Kâ€™?
[4.285s]    54 |         for (auto drive : [01;31m[Kdrives[m[K)
[4.285s]       |                           [01;31m[K^~~~~~[m[K
[4.285s]       |                           [32m[Kdrive[m[K
[4.291s] [01m[K/home/hans/ar/ar_src/command/ar_control/src/ar_system.cpp:[m[K In member function â€˜[01m[Kvirtual CallbackReturn ar_control::ArSystemHardware::on_init(const hardware_interface::HardwareInfo&)[m[Kâ€™:
[4.291s] [01m[K/home/hans/ar/ar_src/command/ar_control/src/ar_system.cpp:43:17:[m[K [01;31m[Kerror: [m[Kâ€˜[01m[Krobot_desc[m[Kâ€™ was not declared in this scope
[4.292s]    43 |                 [01;31m[Krobot_desc[m[K = info_.hardware_parameters["desc"];
[4.292s]       |                 [01;31m[K^~~~~~~~~~[m[K
[4.292s] [01m[K/home/hans/ar/ar_src/command/ar_control/src/ar_hardware_interface.cpp:26:88:[m[K [01;31m[Kerror: [m[Kâ€˜[01m[Kautomatically_declare_parameters_from_overrides[m[Kâ€™ was not declared in this scope
[4.292s]    26 |                                                                 rclcpp::NodeOptions(), [01;31m[Kautomatically_declare_parameters_from_overrides[m[K(true));
[4.292s]       |                                                                                        [01;31m[K^~~~~~~~~~~~~~~~~~~~~~~~~~~~~~~~~~~~~~~~~~~~~~~[m[K
[4.292s] In file included from [01m[K/opt/ros/humble/include/rclcpp/rclcpp/client.hpp:40[m[K,
[4.293s]                  from [01m[K/opt/ros/humble/include/rclcpp/rclcpp/callback_group.hpp:24[m[K,
[4.293s]                  from [01m[K/opt/ros/humble/include/rclcpp/rclcpp/any_executable.hpp:20[m[K,
[4.293s]                  from [01m[K/opt/ros/humble/include/rclcpp/rclcpp/memory_strategy.hpp:25[m[K,
[4.293s]                  from [01m[K/opt/ros/humble/include/rclcpp/rclcpp/memory_strategies.hpp:18[m[K,
[4.293s]                  from [01m[K/opt/ros/humble/include/rclcpp/rclcpp/executor_options.hpp:20[m[K,
[4.293s]                  from [01m[K/opt/ros/humble/include/rclcpp/rclcpp/executor.hpp:37[m[K,
[4.293s]                  from [01m[K/opt/ros/humble/include/rclcpp/rclcpp/executors/multi_threaded_executor.hpp:25[m[K,
[4.293s]                  from [01m[K/opt/ros/humble/include/rclcpp/rclcpp/executors.hpp:21[m[K,
[4.293s]                  from [01m[K/opt/ros/humble/include/rclcpp/rclcpp/rclcpp.hpp:155[m[K,
[4.293s]                  from [01m[K/home/hans/ar/ar_src/command/ar_control/include/ar_control_server.h:12[m[K,
[4.293s]                  from [01m[K/home/hans/ar/ar_src/command/ar_control/include/ar_hardware_interface.h:11[m[K,
[4.293s]                  from [01m[K/home/hans/ar/ar_src/command/ar_control/src/ar_hardware_interface.cpp:1[m[K:
[4.293s] [01m[K/home/hans/ar/ar_src/command/ar_control/src/ar_hardware_interface.cpp:30:13:[m[K [01;31m[Kerror: [m[Ktemplate argument 1 is invalid
[4.293s]    30 |             [01;31m[KRCLCPP_ERROR[m[K(ar_hardware_interface_node_->get_logger(), "Parameter 'robot_description' not found.");
[4.293s]       |             [01;31m[K^~~~~~~~~~~~[m[K
[4.293s] [01m[K/home/hans/ar/ar_src/command/ar_control/src/ar_hardware_interface.cpp:30:13:[m[K [01;31m[Kerror: [m[Ktemplate argument 1 is invalid
[4.293s]    30 |             [01;31m[KRCLCPP_ERROR[m[K(ar_hardware_interface_node_->get_logger(), "Parameter 'robot_description' not found.");
[4.293s]       |             [01;31m[K^~~~~~~~~~~~[m[K
[4.293s] [01m[K/home/hans/ar/ar_src/command/ar_control/src/ar_hardware_interface.cpp:30:13:[m[K [01;31m[Kerror: [m[Ktemplate argument 1 is invalid
[4.294s]    30 |             [01;31m[KRCLCPP_ERROR[m[K(ar_hardware_interface_node_->get_logger(), "Parameter 'robot_description' not found.");
[4.294s]       |             [01;31m[K^~~~~~~~~~~~[m[K
[4.294s] [01m[K/home/hans/ar/ar_src/command/ar_control/src/ar_hardware_interface.cpp:35:13:[m[K [01;31m[Kerror: [m[Ktemplate argument 1 is invalid
[4.294s]    35 |             [01;31m[KRCLCPP_ERROR[m[K(ar_hardware_interface_node_->get_logger(), "Failed to parse URDF model.");
[4.294s]       |             [01;31m[K^~~~~~~~~~~~[m[K
[4.294s] [01m[K/home/hans/ar/ar_src/command/ar_control/src/ar_hardware_interface.cpp:35:13:[m[K [01;31m[Kerror: [m[Ktemplate argument 1 is invalid
[4.294s]    35 |             [01;31m[KRCLCPP_ERROR[m[K(ar_hardware_interface_node_->get_logger(), "Failed to parse URDF model.");
[4.294s]       |             [01;31m[K^~~~~~~~~~~~[m[K
[4.294s] [01m[K/home/hans/ar/ar_src/command/ar_control/src/ar_hardware_interface.cpp:35:13:[m[K [01;31m[Kerror: [m[Ktemplate argument 1 is invalid
[4.294s]    35 |             [01;31m[KRCLCPP_ERROR[m[K(ar_hardware_interface_node_->get_logger(), "Failed to parse URDF model.");
[4.294s]       |             [01;31m[K^~~~~~~~~~~~[m[K
[4.295s] [01m[K/home/hans/ar/ar_src/command/ar_control/src/ar_system.cpp:[m[K In member function â€˜[01m[Kvirtual CallbackReturn ar_control::ArSystemHardware::on_configure(const rclcpp_lifecycle::State&)[m[Kâ€™:
[4.295s] [01m[K/home/hans/ar/ar_src/command/ar_control/src/ar_system.cpp:88:41:[m[K [01;31m[Kerror: [m[Kâ€˜[01m[Kusing element_type = class ar_control::ArHardwareInterface[m[Kâ€™ {aka â€˜[01m[Kclass ar_control::ArHardwareInterface[m[Kâ€™} has no member named â€˜[01m[KgetDrives[m[Kâ€™
[4.295s]    88 |                 for(auto drive : robot->[01;31m[KgetDrives[m[K()) {
[4.295s]       |                                         [01;31m[K^~~~~~~~~[m[K
[4.296s] [01m[K/home/hans/ar/ar_src/command/ar_control/src/ar_hardware_interface.cpp:[m[K In member function â€˜[01m[Kvoid ar_control::ArHardwareInterface::readConfigFromYaml(std::string)[m[Kâ€™:
[4.296s] [01m[K/home/hans/ar/ar_src/command/ar_control/src/ar_hardware_interface.cpp:95:13:[m[K [01;31m[Kerror: [m[Kâ€˜[01m[KDriveParameters[m[Kâ€™ was not declared in this scope; did you mean â€˜[01m[KDriveParameter[m[Kâ€™?
[4.297s]    95 |             [01;31m[KDriveParameters[m[K driveParams;
[4.297s]       |             [01;31m[K^~~~~~~~~~~~~~~[m[K
[4.297s]       |             [32m[KDriveParameter[m[K
[4.297s] [01m[K/home/hans/ar/ar_src/command/ar_control/src/ar_system.cpp:[m[K In member function â€˜[01m[Kvirtual std::vector<hardware_interface::StateInterface> ar_control::ArSystemHardware::export_state_interfaces()[m[Kâ€™:
[4.297s] [01m[K/home/hans/ar/ar_src/command/ar_control/src/ar_system.cpp:103:41:[m[K [01;31m[Kerror: [m[Kâ€˜[01m[Kusing element_type = class ar_control::ArHardwareInterface[m[Kâ€™ {aka â€˜[01m[Kclass ar_control::ArHardwareInterface[m[Kâ€™} has no member named â€˜[01m[KgetDrives[m[Kâ€™
[4.297s]   103 |                 for(auto drive : robot->[01;31m[KgetDrives[m[K()) {
[4.297s]       |                                         [01;31m[K^~~~~~~~~[m[K
[4.300s] [01m[K/home/hans/ar/ar_src/command/ar_control/src/ar_system.cpp:[m[K In member function â€˜[01m[Kvirtual std::vector<hardware_interface::CommandInterface> ar_control::ArSystemHardware::export_command_interfaces()[m[Kâ€™:
[4.300s] [01m[K/home/hans/ar/ar_src/command/ar_control/src/ar_system.cpp:120:41:[m[K [01;31m[Kerror: [m[Kâ€˜[01m[Kusing element_type = class ar_control::ArHardwareInterface[m[Kâ€™ {aka â€˜[01m[Kclass ar_control::ArHardwareInterface[m[Kâ€™} has no member named â€˜[01m[KgetDrives[m[Kâ€™
[4.300s]   120 |                 for(auto drive : robot->[01;31m[KgetDrives[m[K()) {
[4.300s]       |                                         [01;31m[K^~~~~~~~~[m[K
[4.300s] [01m[K/home/hans/ar/ar_src/command/ar_control/src/ar_system.cpp:[m[K In member function â€˜[01m[Kvirtual CallbackReturn ar_control::ArSystemHardware::on_activate(const rclcpp_lifecycle::State&)[m[Kâ€™:
[4.300s] [01m[K/home/hans/ar/ar_src/command/ar_control/src/ar_system.cpp:137:41:[m[K [01;31m[Kerror: [m[Kâ€˜[01m[Kusing element_type = class ar_control::ArHardwareInterface[m[Kâ€™ {aka â€˜[01m[Kclass ar_control::ArHardwareInterface[m[Kâ€™} has no member named â€˜[01m[KgetDrives[m[Kâ€™
[4.300s]   137 |                 for(auto drive : robot->[01;31m[KgetDrives[m[K()) {
[4.300s]       |                                         [01;31m[K^~~~~~~~~[m[K
[4.301s] [01m[K/home/hans/ar/ar_src/command/ar_control/src/ar_system.cpp:[m[K In member function â€˜[01m[Kvirtual hardware_interface::return_type ar_control::ArSystemHardware::write(const rclcpp::Time&, const rclcpp::Duration&)[m[Kâ€™:
[4.301s] [01m[K/home/hans/ar/ar_src/command/ar_control/src/ar_system.cpp:178:27:[m[K [01;31m[Kerror: [m[Kâ€˜[01m[Kusing element_type = class ar_control::ArHardwareInterface[m[Kâ€™ {aka â€˜[01m[Kclass ar_control::ArHardwareInterface[m[Kâ€™} has no member named â€˜[01m[Ksoem_drives[m[Kâ€™; did you mean â€˜[01m[KArDrives ar_control::ArHardwareInterface::ar_drives[m[Kâ€™? (not accessible from this context)
[4.302s]   178 |                 if(robot->[01;31m[Ksoem_drives[m[K)
[4.302s]       |                           [01;31m[K^~~~~~~~~~~[m[K
[4.302s] In file included from [01m[K/home/hans/ar/ar_src/command/ar_control/include/ar_system.hpp:30[m[K,
[4.302s]                  from [01m[K/home/hans/ar/ar_src/command/ar_control/src/ar_system.cpp:15[m[K:
[4.302s] [01m[K/home/hans/ar/ar_src/command/ar_control/include/ar_hardware_interface.h:38:26:[m[K [01;36m[Knote: [m[Kdeclared private here
[4.302s]    38 |                 ArDrives [01;36m[Kar_drives[m[K;                                             ///< Holds all drive parameters and joint names
[4.302s]       |                          [01;36m[K^~~~~~~~~[m[K
[4.302s] [01m[K/home/hans/ar/ar_src/command/ar_control/src/ar_hardware_interface.cpp:[m[K In member function â€˜[01m[Kvoid ar_control::ArHardwareInterface::shutdown()[m[Kâ€™:
[4.302s] [01m[K/home/hans/ar/ar_src/command/ar_control/src/ar_hardware_interface.cpp:54:27:[m[K [01;31m[Kerror: [m[Kâ€˜[01m[Kdrives[m[Kâ€™ was not declared in this scope; did you mean â€˜[01m[Kdrive[m[Kâ€™?
[4.302s]    54 |         for (auto drive : [01;31m[Kdrives[m[K)
[4.302s]       |                           [01;31m[K^~~~~~[m[K
[4.302s]       |                           [32m[Kdrive[m[K
[4.305s] [01m[K/home/hans/ar/ar_src/command/ar_control/src/ar_hardware_interface.cpp:97:13:[m[K [01;31m[Kerror: [m[Kâ€˜[01m[KdriveParams[m[Kâ€™ was not declared in this scope; did you mean â€˜[01m[KDriveParameter[m[Kâ€™?
[4.305s]    97 |             [01;31m[KdriveParams[m[K.drive_id = stringToId(drive_id);
[4.305s]       |             [01;31m[K^~~~~~~~~~~[m[K
[4.305s]       |             [32m[KDriveParameter[m[K
[4.306s] [01m[K/home/hans/ar/ar_src/command/ar_control/src/ar_hardware_interface.cpp:97:36:[m[K [01;31m[Kerror: [m[Kâ€˜[01m[KstringToId[m[Kâ€™ was not declared in this scope; did you mean â€˜[01m[Kar_utils::stringToId[m[Kâ€™?
[4.306s]    97 |             driveParams.drive_id = [01;31m[KstringToId[m[K(drive_id);
[4.306s]       |                                    [01;31m[K^~~~~~~~~~[m[K
[4.306s]       |                                    [32m[Kar_utils::stringToId[m[K
[4.306s] In file included from [01m[K/home/hans/ar/ar_src/command/ar_control/include/ar_control_server.h:19[m[K,
[4.307s]                  from [01m[K/home/hans/ar/ar_src/command/ar_control/include/ar_hardware_interface.h:11[m[K,
[4.307s]                  from [01m[K/home/hans/ar/ar_src/command/ar_control/src/ar_hardware_interface.cpp:1[m[K:
[4.307s] [01m[K/home/hans/ar/install/ar_utils/include/ar_utils.h:31:13:[m[K [01;36m[Knote: [m[Kâ€˜[01m[Kar_utils::stringToId[m[Kâ€™ declared here
[4.307s]    31 |         int [01;36m[KstringToId[m[K(std::string str);
[4.307s]       |             [01;36m[K^~~~~~~~~~[m[K
[4.307s] [01m[K/home/hans/ar/ar_src/command/ar_control/src/ar_system.cpp:179:44:[m[K [01;31m[Kerror: [m[Kâ€˜[01m[Kcond[m[Kâ€™ was not declared in this scope
[4.307s]   179 |                         pthread_cond_wait(&[01;31m[Kcond[m[K, &lock);
[4.307s]       |                                            [01;31m[K^~~~[m[K
[4.308s] [01m[K/home/hans/ar/ar_src/command/ar_control/src/ar_system.cpp:179:51:[m[K [01;31m[Kerror: [m[Kâ€˜[01m[Klock[m[Kâ€™ was not declared in this scope; did you mean â€˜[01m[Kstd::lock[m[Kâ€™?
[4.308s]   179 |                         pthread_cond_wait(&cond, &[01;31m[Klock[m[K);
[4.309s]       |                                                   [01;31m[K^~~~[m[K
[4.309s]       |                                                   [32m[Kstd::lock[m[K
[4.309s] In file included from [01m[K/home/hans/ar/ar_src/command/ar_control/include/ar_control_server.h:10[m[K,
[4.309s]                  from [01m[K/home/hans/ar/ar_src/command/ar_control/include/ar_hardware_interface.h:11[m[K,
[4.309s]                  from [01m[K/home/hans/ar/ar_src/command/ar_control/include/ar_system.hpp:30[m[K,
[4.309s]                  from [01m[K/home/hans/ar/ar_src/command/ar_control/src/ar_system.cpp:15[m[K:
[4.309s] [01m[K/usr/include/c++/11/mutex:591:5:[m[K [01;36m[Knote: [m[Kâ€˜[01m[Kstd::lock[m[Kâ€™ declared here
[4.309s]   591 |     [01;36m[Klock[m[K(_L1& __l1, _L2& __l2, _L3&... __l3)
[4.309s]       |     [01;36m[K^~~~[m[K
[4.309s] [01m[K/home/hans/ar/ar_src/command/ar_control/src/ar_system.cpp:[m[K In member function â€˜[01m[Kvirtual CallbackReturn ar_control::ArSystemHardware::on_init(const hardware_interface::HardwareInfo&)[m[Kâ€™:
[4.309s] [01m[K/home/hans/ar/ar_src/command/ar_control/src/ar_system.cpp:43:17:[m[K [01;31m[Kerror: [m[Kâ€˜[01m[Krobot_desc[m[Kâ€™ was not declared in this scope
[4.309s]    43 |                 [01;31m[Krobot_desc[m[K = info_.hardware_parameters["desc"];
[4.309s]       |                 [01;31m[K^~~~~~~~~~[m[K
[4.313s] [01m[K/home/hans/ar/ar_src/command/ar_control/src/ar_system.cpp:[m[K In member function â€˜[01m[Kvirtual CallbackReturn ar_control::ArSystemHardware::on_configure(const rclcpp_lifecycle::State&)[m[Kâ€™:
[4.313s] [01m[K/home/hans/ar/ar_src/command/ar_control/src/ar_system.cpp:88:41:[m[K [01;31m[Kerror: [m[Kâ€˜[01m[Kusing element_type = class ar_control::ArHardwareInterface[m[Kâ€™ {aka â€˜[01m[Kclass ar_control::ArHardwareInterface[m[Kâ€™} has no member named â€˜[01m[KgetDrives[m[Kâ€™
[4.313s]    88 |                 for(auto drive : robot->[01;31m[KgetDrives[m[K()) {
[4.313s]       |                                         [01;31m[K^~~~~~~~~[m[K
[4.313s] [01m[K/home/hans/ar/ar_src/command/ar_control/src/ar_hardware_interface.cpp:103:45:[m[K [01;31m[Kerror: [m[Kâ€˜[01m[KPORT_UART[m[Kâ€™ was not declared in this scope; did you mean â€˜[01m[KPORT_CAN[m[Kâ€™?
[4.314s]   103 |             else if (driveParams.port_id == [01;31m[KPORT_UART[m[K)
[4.314s]       |                                             [01;31m[K^~~~~~~~~[m[K
[4.314s]       |                                             [32m[KPORT_CAN[m[K
[4.314s] [01m[K/home/hans/ar/ar_src/command/ar_control/src/ar_hardware_interface.cpp:[m[K In member function â€˜[01m[Kvoid ar_control::ArHardwareInterface::readConfigFromYaml(std::string)[m[Kâ€™:
[4.314s] [01m[K/home/hans/ar/ar_src/command/ar_control/src/ar_hardware_interface.cpp:95:13:[m[K [01;31m[Kerror: [m[Kâ€˜[01m[KDriveParameters[m[Kâ€™ was not declared in this scope; did you mean â€˜[01m[KDriveParameter[m[Kâ€™?
[4.314s]    95 |             [01;31m[KDriveParameters[m[K driveParams;
[4.314s]       |             [01;31m[K^~~~~~~~~~~~~~~[m[K
[4.314s]       |             [32m[KDriveParameter[m[K
[4.315s] [01m[K/home/hans/ar/ar_src/command/ar_control/src/ar_system.cpp:[m[K In member function â€˜[01m[Kvirtual std::vector<hardware_interface::StateInterface> ar_control::ArSystemHardware::export_state_interfaces()[m[Kâ€™:
[4.315s] [01m[K/home/hans/ar/ar_src/command/ar_control/src/ar_system.cpp:103:41:[m[K [01;31m[Kerror: [m[Kâ€˜[01m[Kusing element_type = class ar_control::ArHardwareInterface[m[Kâ€™ {aka â€˜[01m[Kclass ar_control::ArHardwareInterface[m[Kâ€™} has no member named â€˜[01m[KgetDrives[m[Kâ€™
[4.315s]   103 |                 for(auto drive : robot->[01;31m[KgetDrives[m[K()) {
[4.315s]       |                                         [01;31m[K^~~~~~~~~[m[K
[4.318s] [01m[K/home/hans/ar/ar_src/command/ar_control/src/ar_system.cpp:[m[K In member function â€˜[01m[Kvirtual std::vector<hardware_interface::CommandInterface> ar_control::ArSystemHardware::export_command_interfaces()[m[Kâ€™:
[4.318s] [01m[K/home/hans/ar/ar_src/command/ar_control/src/ar_system.cpp:120:41:[m[K [01;31m[Kerror: [m[Kâ€˜[01m[Kusing element_type = class ar_control::ArHardwareInterface[m[Kâ€™ {aka â€˜[01m[Kclass ar_control::ArHardwareInterface[m[Kâ€™} has no member named â€˜[01m[KgetDrives[m[Kâ€™
[4.318s]   120 |                 for(auto drive : robot->[01;31m[KgetDrives[m[K()) {
[4.318s]       |                                         [01;31m[K^~~~~~~~~[m[K
[4.318s] [01m[K/home/hans/ar/ar_src/command/ar_control/src/ar_system.cpp:[m[K In member function â€˜[01m[Kvirtual CallbackReturn ar_control::ArSystemHardware::on_activate(const rclcpp_lifecycle::State&)[m[Kâ€™:
[4.318s] [01m[K/home/hans/ar/ar_src/command/ar_control/src/ar_system.cpp:137:41:[m[K [01;31m[Kerror: [m[Kâ€˜[01m[Kusing element_type = class ar_control::ArHardwareInterface[m[Kâ€™ {aka â€˜[01m[Kclass ar_control::ArHardwareInterface[m[Kâ€™} has no member named â€˜[01m[KgetDrives[m[Kâ€™
[4.318s]   137 |                 for(auto drive : robot->[01;31m[KgetDrives[m[K()) {
[4.318s]       |                                         [01;31m[K^~~~~~~~~[m[K
[4.319s] [01m[K/home/hans/ar/ar_src/command/ar_control/src/ar_system.cpp:[m[K In member function â€˜[01m[Kvirtual hardware_interface::return_type ar_control::ArSystemHardware::write(const rclcpp::Time&, const rclcpp::Duration&)[m[Kâ€™:
[4.319s] [01m[K/home/hans/ar/ar_src/command/ar_control/src/ar_system.cpp:178:27:[m[K [01;31m[Kerror: [m[Kâ€˜[01m[Kusing element_type = class ar_control::ArHardwareInterface[m[Kâ€™ {aka â€˜[01m[Kclass ar_control::ArHardwareInterface[m[Kâ€™} has no member named â€˜[01m[Ksoem_drives[m[Kâ€™; did you mean â€˜[01m[KArDrives ar_control::ArHardwareInterface::ar_drives[m[Kâ€™? (not accessible from this context)
[4.319s]   178 |                 if(robot->[01;31m[Ksoem_drives[m[K)
[4.319s]       |                           [01;31m[K^~~~~~~~~~~[m[K
[4.319s] In file included from [01m[K/home/hans/ar/ar_src/command/ar_control/include/ar_system.hpp:30[m[K,
[4.319s]                  from [01m[K/home/hans/ar/ar_src/command/ar_control/src/ar_system.cpp:15[m[K:
[4.319s] [01m[K/home/hans/ar/ar_src/command/ar_control/include/ar_hardware_interface.h:38:26:[m[K [01;36m[Knote: [m[Kdeclared private here
[4.319s]    38 |                 ArDrives [01;36m[Kar_drives[m[K;                                             ///< Holds all drive parameters and joint names
[4.320s]       |                          [01;36m[K^~~~~~~~~[m[K
[4.325s] [01m[K/home/hans/ar/ar_src/command/ar_control/src/ar_hardware_interface.cpp:97:13:[m[K [01;31m[Kerror: [m[Kâ€˜[01m[KdriveParams[m[Kâ€™ was not declared in this scope; did you mean â€˜[01m[KDriveParameter[m[Kâ€™?
[4.325s]    97 |             [01;31m[KdriveParams[m[K.drive_id = stringToId(drive_id);
[4.325s]       |             [01;31m[K^~~~~~~~~~~[m[K
[4.325s]       |             [32m[KDriveParameter[m[K
[4.325s] [01m[K/home/hans/ar/ar_src/command/ar_control/src/ar_system.cpp:179:44:[m[K [01;31m[Kerror: [m[Kâ€˜[01m[Kcond[m[Kâ€™ was not declared in this scope
[4.325s]   179 |                         pthread_cond_wait(&[01;31m[Kcond[m[K, &lock);
[4.325s]       |                                            [01;31m[K^~~~[m[K
[4.326s] [01m[K/home/hans/ar/ar_src/command/ar_control/src/ar_hardware_interface.cpp:97:36:[m[K [01;31m[Kerror: [m[Kâ€˜[01m[KstringToId[m[Kâ€™ was not declared in this scope; did you mean â€˜[01m[Kar_utils::stringToId[m[Kâ€™?
[4.327s]    97 |             driveParams.drive_id = [01;31m[KstringToId[m[K(drive_id);
[4.327s]       |                                    [01;31m[K^~~~~~~~~~[m[K
[4.327s]       |                                    [32m[Kar_utils::stringToId[m[K
[4.327s] In file included from [01m[K/home/hans/ar/ar_src/command/ar_control/include/ar_control_server.h:19[m[K,
[4.327s]                  from [01m[K/home/hans/ar/ar_src/command/ar_control/include/ar_hardware_interface.h:11[m[K,
[4.327s]                  from [01m[K/home/hans/ar/ar_src/command/ar_control/src/ar_hardware_interface.cpp:1[m[K:
[4.327s] [01m[K/home/hans/ar/install/ar_utils/include/ar_utils.h:31:13:[m[K [01;36m[Knote: [m[Kâ€˜[01m[Kar_utils::stringToId[m[Kâ€™ declared here
[4.327s]    31 |         int [01;36m[KstringToId[m[K(std::string str);
[4.327s]       |             [01;36m[K^~~~~~~~~~[m[K
[4.327s] [01m[K/home/hans/ar/ar_src/command/ar_control/src/ar_system.cpp:179:51:[m[K [01;31m[Kerror: [m[Kâ€˜[01m[Klock[m[Kâ€™ was not declared in this scope; did you mean â€˜[01m[Kstd::lock[m[Kâ€™?
[4.327s]   179 |                         pthread_cond_wait(&cond, &[01;31m[Klock[m[K);
[4.327s]       |                                                   [01;31m[K^~~~[m[K
[4.327s]       |                                                   [32m[Kstd::lock[m[K
[4.327s] In file included from [01m[K/home/hans/ar/ar_src/command/ar_control/include/ar_control_server.h:10[m[K,
[4.327s]                  from [01m[K/home/hans/ar/ar_src/command/ar_control/include/ar_hardware_interface.h:11[m[K,
[4.327s]                  from [01m[K/home/hans/ar/ar_src/command/ar_control/include/ar_system.hpp:30[m[K,
[4.327s]                  from [01m[K/home/hans/ar/ar_src/command/ar_control/src/ar_system.cpp:15[m[K:
[4.327s] [01m[K/usr/include/c++/11/mutex:591:5:[m[K [01;36m[Knote: [m[Kâ€˜[01m[Kstd::lock[m[Kâ€™ declared here
[4.327s]   591 |     [01;36m[Klock[m[K(_L1& __l1, _L2& __l2, _L3&... __l3)
[4.328s]       |     [01;36m[K^~~~[m[K
[4.329s] In file included from [01m[K/opt/ros/humble/include/rclcpp/rclcpp/client.hpp:40[m[K,
[4.329s]                  from [01m[K/opt/ros/humble/include/rclcpp/rclcpp/callback_group.hpp:24[m[K,
[4.329s]                  from [01m[K/opt/ros/humble/include/rclcpp/rclcpp/any_executable.hpp:20[m[K,
[4.329s]                  from [01m[K/opt/ros/humble/include/rclcpp/rclcpp/memory_strategy.hpp:25[m[K,
[4.329s]                  from [01m[K/opt/ros/humble/include/rclcpp/rclcpp/memory_strategies.hpp:18[m[K,
[4.330s]                  from [01m[K/opt/ros/humble/include/rclcpp/rclcpp/executor_options.hpp:20[m[K,
[4.330s]                  from [01m[K/opt/ros/humble/include/rclcpp/rclcpp/executor.hpp:37[m[K,
[4.330s]                  from [01m[K/opt/ros/humble/include/rclcpp/rclcpp/executors/multi_threaded_executor.hpp:25[m[K,
[4.330s]                  from [01m[K/opt/ros/humble/include/rclcpp/rclcpp/executors.hpp:21[m[K,
[4.330s]                  from [01m[K/opt/ros/humble/include/rclcpp/rclcpp/rclcpp.hpp:155[m[K,
[4.330s]                  from [01m[K/home/hans/ar/ar_src/command/ar_control/include/ar_control_server.h:12[m[K,
[4.330s]                  from [01m[K/home/hans/ar/ar_src/command/ar_control/include/ar_hardware_interface.h:11[m[K,
[4.330s]                  from [01m[K/home/hans/ar/ar_src/command/ar_control/src/ar_hardware_interface.cpp:1[m[K:
[4.330s] [01m[K/home/hans/ar/ar_src/command/ar_control/src/ar_hardware_interface.cpp:113:30:[m[K [01;31m[Kerror: [m[Kâ€˜[01m[Kar_hardware_interface_node_[m[Kâ€™ was not declared in this scope; did you mean â€˜[01m[KArHardwareInterface[m[Kâ€™?
[4.330s]   113 |                 RCLCPP_ERROR([01;31m[Kar_hardware_interface_node_[m[K->get_logger(), "Invalid port ID: %d", driveParams.port_id);
[4.330s]       |                              [01;31m[K^~~~~~~~~~~~~~~~~~~~~~~~~~~[m[K
[4.330s] [01m[K/home/hans/ar/ar_src/command/ar_control/src/ar_hardware_interface.cpp:113:17:[m[K [01;31m[Kerror: [m[Ktemplate argument 1 is invalid
[4.330s]   113 |                 [01;31m[KRCLCPP_ERROR[m[K(ar_hardware_interface_node_->get_logger(), "Invalid port ID: %d", driveParams.port_id);
[4.330s]       |                 [01;31m[K^~~~~~~~~~~~[m[K
[4.330s] [01m[K/home/hans/ar/ar_src/command/ar_control/src/ar_hardware_interface.cpp:113:17:[m[K [01;31m[Kerror: [m[Ktemplate argument 1 is invalid
[4.330s]   113 |                 [01;31m[KRCLCPP_ERROR[m[K(ar_hardware_interface_node_->get_logger(), "Invalid port ID: %d", driveParams.port_id);
[4.330s]       |                 [01;31m[K^~~~~~~~~~~~[m[K
[4.330s] [01m[K/home/hans/ar/ar_src/command/ar_control/src/ar_hardware_interface.cpp:113:17:[m[K [01;31m[Kerror: [m[Ktemplate argument 1 is invalid
[4.330s]   113 |                 [01;31m[KRCLCPP_ERROR[m[K(ar_hardware_interface_node_->get_logger(), "Invalid port ID: %d", driveParams.port_id);
[4.330s]       |                 [01;31m[K^~~~~~~~~~~~[m[K
[4.336s] [01m[K/home/hans/ar/ar_src/command/ar_control/src/ar_hardware_interface.cpp:103:45:[m[K [01;31m[Kerror: [m[Kâ€˜[01m[KPORT_UART[m[Kâ€™ was not declared in this scope; did you mean â€˜[01m[KPORT_CAN[m[Kâ€™?
[4.336s]   103 |             else if (driveParams.port_id == [01;31m[KPORT_UART[m[K)
[4.336s]       |                                             [01;31m[K^~~~~~~~~[m[K
[4.336s]       |                                             [32m[KPORT_CAN[m[K
[4.338s] [01m[K/home/hans/ar/ar_src/command/ar_control/src/ar_hardware_interface.cpp:117:17:[m[K [01;31m[Kerror: [m[Kâ€˜[01m[KJointParameters[m[Kâ€™ was not declared in this scope; did you mean â€˜[01m[KJointParameter[m[Kâ€™?
[4.338s]   117 |                 [01;31m[KJointParameters[m[K jointParams;
[4.338s]       |                 [01;31m[K^~~~~~~~~~~~~~~[m[K
[4.338s]       |                 [32m[KJointParameter[m[K
[4.346s] [01m[K/home/hans/ar/ar_src/command/ar_control/src/ar_hardware_interface.cpp:118:17:[m[K [01;31m[Kerror: [m[Kâ€˜[01m[KjointParams[m[Kâ€™ was not declared in this scope; did you mean â€˜[01m[KJointParameter[m[Kâ€™?
[4.346s]   118 |                 [01;31m[KjointParams[m[K.joint_name = jt->first.as<std::string>();
[4.346s]       |                 [01;31m[K^~~~~~~~~~~[m[K
[4.346s]       |                 [32m[KJointParameter[m[K
[4.346s] [01m[K/home/hans/ar/ar_src/command/ar_control/src/ar_hardware_interface.cpp:132:23:[m[K [01;31m[Kerror: [m[Kâ€˜[01m[Kclass ArDrives[m[Kâ€™ has no member named â€˜[01m[Kdrive_parameters[m[Kâ€™; did you mean â€˜[01m[Kdrive_parameter[m[Kâ€™?
[4.346s]   132 |             ar_drives.[01;31m[Kdrive_parameters[m[K.push_back(driveParams);
[4.346s]       |                       [01;31m[K^~~~~~~~~~~~~~~~[m[K
[4.346s]       |                       [32m[Kdrive_parameter[m[K
[4.346s] [01m[K/home/hans/ar/ar_src/command/ar_control/src/ar_hardware_interface.cpp:135:29:[m[K [01;31m[Kerror: [m[Kâ€˜[01m[Kclass ArDrives[m[Kâ€™ has no member named â€˜[01m[Kdrive_parameters[m[Kâ€™; did you mean â€˜[01m[Kdrive_parameter[m[Kâ€™?
[4.346s]   135 |         std::sort(ar_drives.[01;31m[Kdrive_parameters[m[K.begin(), ar_drives.drive_parameters.end(),
[4.346s]       |                             [01;31m[K^~~~~~~~~~~~~~~~[m[K
[4.346s]       |                             [32m[Kdrive_parameter[m[K
[4.346s] [01m[K/home/hans/ar/ar_src/command/ar_control/src/ar_hardware_interface.cpp:135:65:[m[K [01;31m[Kerror: [m[Kâ€˜[01m[Kclass ArDrives[m[Kâ€™ has no member named â€˜[01m[Kdrive_parameters[m[Kâ€™; did you mean â€˜[01m[Kdrive_parameter[m[Kâ€™?
[4.346s]   135 |         std::sort(ar_drives.drive_parameters.begin(), ar_drives.[01;31m[Kdrive_parameters[m[K.end(),
[4.347s]       |                                                                 [01;31m[K^~~~~~~~~~~~~~~~[m[K
[4.347s]       |                                                                 [32m[Kdrive_parameter[m[K
[4.353s] In file included from [01m[K/opt/ros/humble/include/rclcpp/rclcpp/client.hpp:40[m[K,
[4.353s]                  from [01m[K/opt/ros/humble/include/rclcpp/rclcpp/callback_group.hpp:24[m[K,
[4.353s]                  from [01m[K/opt/ros/humble/include/rclcpp/rclcpp/any_executable.hpp:20[m[K,
[4.353s]                  from [01m[K/opt/ros/humble/include/rclcpp/rclcpp/memory_strategy.hpp:25[m[K,
[4.354s]                  from [01m[K/opt/ros/humble/include/rclcpp/rclcpp/memory_strategies.hpp:18[m[K,
[4.354s]                  from [01m[K/opt/ros/humble/include/rclcpp/rclcpp/executor_options.hpp:20[m[K,
[4.354s]                  from [01m[K/opt/ros/humble/include/rclcpp/rclcpp/executor.hpp:37[m[K,
[4.354s]                  from [01m[K/opt/ros/humble/include/rclcpp/rclcpp/executors/multi_threaded_executor.hpp:25[m[K,
[4.354s]                  from [01m[K/opt/ros/humble/include/rclcpp/rclcpp/executors.hpp:21[m[K,
[4.354s]                  from [01m[K/opt/ros/humble/include/rclcpp/rclcpp/rclcpp.hpp:155[m[K,
[4.354s]                  from [01m[K/home/hans/ar/ar_src/command/ar_control/include/ar_control_server.h:12[m[K,
[4.354s]                  from [01m[K/home/hans/ar/ar_src/command/ar_control/include/ar_hardware_interface.h:11[m[K,
[4.354s]                  from [01m[K/home/hans/ar/ar_src/command/ar_control/src/ar_hardware_interface.cpp:1[m[K:
[4.354s] [01m[K/home/hans/ar/ar_src/command/ar_control/src/ar_hardware_interface.cpp:113:30:[m[K [01;31m[Kerror: [m[Kâ€˜[01m[Kar_hardware_interface_node_[m[Kâ€™ was not declared in this scope; did you mean â€˜[01m[KArHardwareInterface[m[Kâ€™?
[4.354s]   113 |                 RCLCPP_ERROR([01;31m[Kar_hardware_interface_node_[m[K->get_logger(), "Invalid port ID: %d", driveParams.port_id);
[4.354s]       |                              [01;31m[K^~~~~~~~~~~~~~~~~~~~~~~~~~~[m[K
[4.354s] [01m[K/home/hans/ar/ar_src/command/ar_control/src/ar_hardware_interface.cpp:113:17:[m[K [01;31m[Kerror: [m[Ktemplate argument 1 is invalid
[4.354s]   113 |                 [01;31m[KRCLCPP_ERROR[m[K(ar_hardware_interface_node_->get_logger(), "Invalid port ID: %d", driveParams.port_id);
[4.354s]       |                 [01;31m[K^~~~~~~~~~~~[m[K
[4.354s] [01m[K/home/hans/ar/ar_src/command/ar_control/src/ar_hardware_interface.cpp:113:17:[m[K [01;31m[Kerror: [m[Ktemplate argument 1 is invalid
[4.354s]   113 |                 [01;31m[KRCLCPP_ERROR[m[K(ar_hardware_interface_node_->get_logger(), "Invalid port ID: %d", driveParams.port_id);
[4.354s]       |                 [01;31m[K^~~~~~~~~~~~[m[K
[4.354s] [01m[K/home/hans/ar/ar_src/command/ar_control/src/ar_hardware_interface.cpp:113:17:[m[K [01;31m[Kerror: [m[Ktemplate argument 1 is invalid
[4.355s]   113 |                 [01;31m[KRCLCPP_ERROR[m[K(ar_hardware_interface_node_->get_logger(), "Invalid port ID: %d", driveParams.port_id);
[4.355s]       |                 [01;31m[K^~~~~~~~~~~~[m[K
[4.355s] [01m[K/home/hans/ar/ar_src/command/ar_control/src/ar_hardware_interface.cpp:[m[K At global scope:
[4.355s] [01m[K/home/hans/ar/ar_src/command/ar_control/src/ar_hardware_interface.cpp:142:19:[m[K [01;31m[Kerror: [m[Kâ€˜[01m[KArDriveControl[m[Kâ€™ was not declared in this scope
[4.355s]   142 |     std::map<int, [01;31m[KArDriveControl[m[K *> ArHardwareInterface::getDrives()
[4.355s]       |                   [01;31m[K^~~~~~~~~~~~~~[m[K
[4.355s] [01m[K/home/hans/ar/ar_src/command/ar_control/src/ar_hardware_interface.cpp:142:35:[m[K [01;31m[Kerror: [m[Ktemplate argument 2 is invalid
[4.355s]   142 |     std::map<int, ArDriveControl *[01;31m[K>[m[K ArHardwareInterface::getDrives()
[4.355s]       |                                   [01;31m[K^[m[K
[4.355s] [01m[K/home/hans/ar/ar_src/command/ar_control/src/ar_hardware_interface.cpp:142:35:[m[K [01;31m[Kerror: [m[Ktemplate argument 4 is invalid
[4.355s] [01m[K/home/hans/ar/ar_src/command/ar_control/src/ar_hardware_interface.cpp:142:37:[m[K [01;31m[Kerror: [m[Kno declaration matches â€˜[01m[Kint ar_control::ArHardwareInterface::getDrives()[m[Kâ€™
[4.355s]   142 |     std::map<int, ArDriveControl *> [01;31m[KArHardwareInterface[m[K::getDrives()
[4.355s]       |                                     [01;31m[K^~~~~~~~~~~~~~~~~~~[m[K
[4.355s] [01m[K/home/hans/ar/ar_src/command/ar_control/src/ar_hardware_interface.cpp:142:37:[m[K [01;36m[Knote: [m[Kno functions named â€˜[01m[Kint ar_control::ArHardwareInterface::getDrives()[m[Kâ€™
[4.355s] In file included from [01m[K/home/hans/ar/ar_src/command/ar_control/src/ar_hardware_interface.cpp:1[m[K:
[4.355s] [01m[K/home/hans/ar/ar_src/command/ar_control/include/ar_hardware_interface.h:24:15:[m[K [01;36m[Knote: [m[Kâ€˜[01m[Kclass ar_control::ArHardwareInterface[m[Kâ€™ defined here
[4.355s]    24 |         class [01;36m[KArHardwareInterface[m[K
[4.355s]       |               [01;36m[K^~~~~~~~~~~~~~~~~~~[m[K
[4.364s] [01m[K/home/hans/ar/ar_src/command/ar_control/src/ar_hardware_interface.cpp:117:17:[m[K [01;31m[Kerror: [m[Kâ€˜[01m[KJointParameters[m[Kâ€™ was not declared in this scope; did you mean â€˜[01m[KJointParameter[m[Kâ€™?
[4.364s]   117 |                 [01;31m[KJointParameters[m[K jointParams;
[4.364s]       |                 [01;31m[K^~~~~~~~~~~~~~~[m[K
[4.364s]       |                 [32m[KJointParameter[m[K
[4.372s] [01m[K/home/hans/ar/ar_src/command/ar_control/src/ar_hardware_interface.cpp:118:17:[m[K [01;31m[Kerror: [m[Kâ€˜[01m[KjointParams[m[Kâ€™ was not declared in this scope; did you mean â€˜[01m[KJointParameter[m[Kâ€™?
[4.372s]   118 |                 [01;31m[KjointParams[m[K.joint_name = jt->first.as<std::string>();
[4.372s]       |                 [01;31m[K^~~~~~~~~~~[m[K
[4.372s]       |                 [32m[KJointParameter[m[K
[4.372s] [01m[K/home/hans/ar/ar_src/command/ar_control/src/ar_hardware_interface.cpp:132:23:[m[K [01;31m[Kerror: [m[Kâ€˜[01m[Kclass ArDrives[m[Kâ€™ has no member named â€˜[01m[Kdrive_parameters[m[Kâ€™; did you mean â€˜[01m[Kdrive_parameter[m[Kâ€™?
[4.372s]   132 |             ar_drives.[01;31m[Kdrive_parameters[m[K.push_back(driveParams);
[4.372s]       |                       [01;31m[K^~~~~~~~~~~~~~~~[m[K
[4.372s]       |                       [32m[Kdrive_parameter[m[K
[4.372s] [01m[K/home/hans/ar/ar_src/command/ar_control/src/ar_hardware_interface.cpp:135:29:[m[K [01;31m[Kerror: [m[Kâ€˜[01m[Kclass ArDrives[m[Kâ€™ has no member named â€˜[01m[Kdrive_parameters[m[Kâ€™; did you mean â€˜[01m[Kdrive_parameter[m[Kâ€™?
[4.372s]   135 |         std::sort(ar_drives.[01;31m[Kdrive_parameters[m[K.begin(), ar_drives.drive_parameters.end(),
[4.372s]       |                             [01;31m[K^~~~~~~~~~~~~~~~[m[K
[4.372s]       |                             [32m[Kdrive_parameter[m[K
[4.372s] [01m[K/home/hans/ar/ar_src/command/ar_control/src/ar_hardware_interface.cpp:135:65:[m[K [01;31m[Kerror: [m[Kâ€˜[01m[Kclass ArDrives[m[Kâ€™ has no member named â€˜[01m[Kdrive_parameters[m[Kâ€™; did you mean â€˜[01m[Kdrive_parameter[m[Kâ€™?
[4.372s]   135 |         std::sort(ar_drives.drive_parameters.begin(), ar_drives.[01;31m[Kdrive_parameters[m[K.end(),
[4.373s]       |                                                                 [01;31m[K^~~~~~~~~~~~~~~~[m[K
[4.373s]       |                                                                 [32m[Kdrive_parameter[m[K
[4.380s] [01m[K/home/hans/ar/ar_src/command/ar_control/src/ar_hardware_interface.cpp:[m[K At global scope:
[4.380s] [01m[K/home/hans/ar/ar_src/command/ar_control/src/ar_hardware_interface.cpp:142:19:[m[K [01;31m[Kerror: [m[Kâ€˜[01m[KArDriveControl[m[Kâ€™ was not declared in this scope
[4.380s]   142 |     std::map<int, [01;31m[KArDriveControl[m[K *> ArHardwareInterface::getDrives()
[4.380s]       |                   [01;31m[K^~~~~~~~~~~~~~[m[K
[4.381s] [01m[K/home/hans/ar/ar_src/command/ar_control/src/ar_hardware_interface.cpp:142:35:[m[K [01;31m[Kerror: [m[Ktemplate argument 2 is invalid
[4.381s]   142 |     std::map<int, ArDriveControl *[01;31m[K>[m[K ArHardwareInterface::getDrives()
[4.381s]       |                                   [01;31m[K^[m[K
[4.381s] [01m[K/home/hans/ar/ar_src/command/ar_control/src/ar_hardware_interface.cpp:142:35:[m[K [01;31m[Kerror: [m[Ktemplate argument 4 is invalid
[4.381s] [01m[K/home/hans/ar/ar_src/command/ar_control/src/ar_hardware_interface.cpp:142:37:[m[K [01;31m[Kerror: [m[Kno declaration matches â€˜[01m[Kint ar_control::ArHardwareInterface::getDrives()[m[Kâ€™
[4.381s]   142 |     std::map<int, ArDriveControl *> [01;31m[KArHardwareInterface[m[K::getDrives()
[4.381s]       |                                     [01;31m[K^~~~~~~~~~~~~~~~~~~[m[K
[4.381s] [01m[K/home/hans/ar/ar_src/command/ar_control/src/ar_hardware_interface.cpp:142:37:[m[K [01;36m[Knote: [m[Kno functions named â€˜[01m[Kint ar_control::ArHardwareInterface::getDrives()[m[Kâ€™
[4.381s] In file included from [01m[K/home/hans/ar/ar_src/command/ar_control/src/ar_hardware_interface.cpp:1[m[K:
[4.381s] [01m[K/home/hans/ar/ar_src/command/ar_control/include/ar_hardware_interface.h:24:15:[m[K [01;36m[Knote: [m[Kâ€˜[01m[Kclass ar_control::ArHardwareInterface[m[Kâ€™ defined here
[4.381s]    24 |         class [01;36m[KArHardwareInterface[m[K
[4.381s]       |               [01;36m[K^~~~~~~~~~~~~~~~~~~[m[K
[6.438s] gmake[2]: *** [CMakeFiles/ar_control.dir/build.make:160: CMakeFiles/ar_control.dir/src/ar_system.cpp.o] Error 1
[6.441s] gmake[2]: *** [CMakeFiles/ar_control_server.dir/build.make:132: CMakeFiles/ar_control_server.dir/src/ar_hardware_interface.cpp.o] Error 1
[6.487s] gmake[2]: *** [CMakeFiles/ar_control.dir/build.make:132: CMakeFiles/ar_control.dir/src/ar_hardware_interface.cpp.o] Error 1
[6.488s] gmake[2]: *** [CMakeFiles/ar_control_server.dir/build.make:160: CMakeFiles/ar_control_server.dir/src/ar_system.cpp.o] Error 1
[7.567s] gmake[2]: *** [CMakeFiles/ar_control_server.dir/build.make:90: CMakeFiles/ar_control_server.dir/src/ar_control_server.cpp.o] Error 1
[7.567s] gmake[1]: *** [CMakeFiles/Makefile2:169: CMakeFiles/ar_control_server.dir/all] Error 2
[7.628s] gmake[2]: *** [CMakeFiles/ar_control.dir/build.make:90: CMakeFiles/ar_control.dir/src/ar_control_server.cpp.o] Error 1
[7.629s] gmake[1]: *** [CMakeFiles/Makefile2:143: CMakeFiles/ar_control.dir/all] Error 2
[7.629s] gmake: *** [Makefile:146: all] Error 2
[7.632s] Invoked command in '/home/hans/ar/build/ar_control' returned '2': AMENT_PREFIX_PATH=/home/hans/ar/install/master:/home/hans/ar/install/ar_utils:/home/hans/ar/install/ar_comm:${AMENT_PREFIX_PATH} CMAKE_PREFIX_PATH=/home/hans/ar/install/master:/home/hans/ar/install/ar_utils:/home/hans/ar/install/ar_comm:/opt/ros/humble LD_LIBRARY_PATH=/home/hans/ar/install/ar_utils/lib:${LD_LIBRARY_PATH} /usr/bin/cmake --build /home/hans/ar/build/ar_control -- -j12 -l12
