[0.011s] Invoking command in '/home/hans/ar/build/ar_control': CMAKE_PREFIX_PATH=/home/hans/ar/install/master:/home/hans/ar/install/ar_utils:/home/hans/ar/install/ar_comm:/home/hans/ar/install/ar_scene:/home/hans/ar/install/ar_planner_interface:/home/hans/ar/install/ar_msgs:/home/hans/ar/install/ar_moveit_config:/home/hans/ar/install/ar_computation:/home/hans/ar/install/ar_action:/opt/ros/humble /usr/bin/cmake --build /home/hans/ar/build/ar_control -- -j12 -l12
[0.058s] [ 21%] [32mBuilding CXX object CMakeFiles/ar_control_server.dir/src/ar_control_client.cpp.o[0m
[0.058s] [ 28%] [32mBuilding CXX object CMakeFiles/ar_control.dir/src/ar_control_client.cpp.o[0m
[0.059s] [ 28%] [32mBuilding CXX object CMakeFiles/ar_control.dir/src/ar_hardware_interface.cpp.o[0m
[0.059s] [ 28%] [32mBuilding CXX object CMakeFiles/ar_control_server.dir/src/ar_hardware_interface.cpp.o[0m
[0.059s] [ 35%] [32mBuilding CXX object CMakeFiles/ar_control.dir/src/ar_control_server.cpp.o[0m
[0.060s] [ 42%] [32mBuilding CXX object CMakeFiles/ar_control_server.dir/src/ar_system.cpp.o[0m
[0.060s] [ 50%] [32mBuilding CXX object CMakeFiles/ar_control.dir/src/ar_system.cpp.o[0m
[0.060s] [ 57%] [32mBuilding CXX object CMakeFiles/ar_control_client_server_test.dir/test/ar_control_client_server_test.cpp.o[0m
[0.060s] [ 64%] [32mBuilding CXX object CMakeFiles/ar_control_client.dir/src/ar_control_client.cpp.o[0m
[0.062s] [ 71%] [32mBuilding CXX object CMakeFiles/ar_control_server.dir/src/ar_control_server.cpp.o[0m
[0.069s] In file included from [01m[K/home/hans/ar/ar_src/command/ar_control/src/ar_hardware_interface.cpp:1[m[K:
[0.069s] [01m[K/home/hans/ar/ar_src/command/ar_control/include/ar_hardware_interface.h:11:10:[m[K [01;31m[Kfatal error: [m[Kar_control/ar_control_server.h: No such file or directory
[0.070s]    11 | #include [01;31m[K"ar_control/ar_control_server.h"[m[K
[0.070s]       |          [01;31m[K^~~~~~~~~~~~~~~~~~~~~~~~~~~~~~~~[m[K
[0.070s] compilation terminated.
[0.070s] In file included from [01m[K/home/hans/ar/ar_src/command/ar_control/src/ar_hardware_interface.cpp:1[m[K:
[0.070s] [01m[K/home/hans/ar/ar_src/command/ar_control/include/ar_hardware_interface.h:11:10:[m[K [01;31m[Kfatal error: [m[Kar_control/ar_control_server.h: No such file or directory
[0.070s]    11 | #include [01;31m[K"ar_control/ar_control_server.h"[m[K
[0.070s]       |          [01;31m[K^~~~~~~~~~~~~~~~~~~~~~~~~~~~~~~~[m[K
[0.070s] compilation terminated.
[0.071s] gmake[2]: *** [CMakeFiles/ar_control.dir/build.make:104: CMakeFiles/ar_control.dir/src/ar_hardware_interface.cpp.o] Error 1
[0.071s] gmake[2]: *** Waiting for unfinished jobs....
[0.073s] gmake[2]: *** [CMakeFiles/ar_control_server.dir/build.make:104: CMakeFiles/ar_control_server.dir/src/ar_hardware_interface.cpp.o] Error 1
[0.073s] gmake[2]: *** Waiting for unfinished jobs....
[0.323s] In file included from [01m[K/home/hans/ar/ar_src/command/ar_control/src/ar_system.cpp:15[m[K:
[0.324s] [01m[K/home/hans/ar/ar_src/command/ar_control/include/ar_system.hpp:29:10:[m[K [01;31m[Kfatal error: [m[Kar_control/visibility_control.h: No such file or directory
[0.324s]    29 | #include [01;31m[K"ar_control/visibility_control.h"[m[K
[0.324s]       |          [01;31m[K^~~~~~~~~~~~~~~~~~~~~~~~~~~~~~~~~[m[K
[0.324s] compilation terminated.
[0.326s] gmake[2]: *** [CMakeFiles/ar_control_server.dir/build.make:118: CMakeFiles/ar_control_server.dir/src/ar_system.cpp.o] Error 1
[0.339s] In file included from [01m[K/home/hans/ar/ar_src/command/ar_control/src/ar_system.cpp:15[m[K:
[0.339s] [01m[K/home/hans/ar/ar_src/command/ar_control/include/ar_system.hpp:29:10:[m[K [01;31m[Kfatal error: [m[Kar_control/visibility_control.h: No such file or directory
[0.339s]    29 | #include [01;31m[K"ar_control/visibility_control.h"[m[K
[0.339s]       |          [01;31m[K^~~~~~~~~~~~~~~~~~~~~~~~~~~~~~~~~[m[K
[0.339s] compilation terminated.
[0.341s] gmake[2]: *** [CMakeFiles/ar_control.dir/build.make:118: CMakeFiles/ar_control.dir/src/ar_system.cpp.o] Error 1
[0.402s] In file included from [01m[K/home/hans/ar/ar_src/command/ar_control/test/ar_control_client_server_test.cpp:1[m[K:
[0.403s] [01m[K/home/hans/ar/ar_src/command/ar_control/include/ar_control_client.h:15:10:[m[K [01;31m[Kfatal error: [m[Krclcpp_components/register_node_macro.hpp: No such file or directory
[0.403s]    15 | #include [01;31m[K"rclcpp_components/register_node_macro.hpp"[m[K
[0.403s]       |          [01;31m[K^~~~~~~~~~~~~~~~~~~~~~~~~~~~~~~~~~~~~~~~~~~[m[K
[0.403s] compilation terminated.
[0.408s] gmake[2]: *** [CMakeFiles/ar_control_client_server_test.dir/build.make:76: CMakeFiles/ar_control_client_server_test.dir/test/ar_control_client_server_test.cpp.o] Error 1
[0.408s] gmake[1]: *** [CMakeFiles/Makefile2:221: CMakeFiles/ar_control_client_server_test.dir/all] Error 2
[0.408s] gmake[1]: *** Waiting for unfinished jobs....
[0.471s] In file included from [01m[K/home/hans/ar/ar_src/command/ar_control/src/ar_control_server.cpp:3[m[K:
[0.471s] [01m[K/home/hans/ar/ar_src/command/ar_control/include/ar_control_server.h:20:10:[m[K [01;31m[Kfatal error: [m[Kar_control/control_def.h: No such file or directory
[0.472s]    20 | #include [01;31m[K<ar_control/control_def.h>[m[K
[0.472s]       |          [01;31m[K^~~~~~~~~~~~~~~~~~~~~~~~~~[m[K
[0.472s] compilation terminated.
[0.473s] In file included from [01m[K/home/hans/ar/ar_src/command/ar_control/src/ar_control_client.cpp:1[m[K:
[0.473s] [01m[K/home/hans/ar/ar_src/command/ar_control/include/ar_control_client.h:18:10:[m[K [01;31m[Kfatal error: [m[Kar_control/control_def.h: No such file or directory
[0.473s]    18 | #include [01;31m[K<ar_control/control_def.h>[m[K
[0.474s]       |          [01;31m[K^~~~~~~~~~~~~~~~~~~~~~~~~~[m[K
[0.474s] compilation terminated.
[0.475s] gmake[2]: *** [CMakeFiles/ar_control.dir/build.make:90: CMakeFiles/ar_control.dir/src/ar_control_server.cpp.o] Error 1
[0.477s] gmake[2]: *** [CMakeFiles/ar_control_client.dir/build.make:76: CMakeFiles/ar_control_client.dir/src/ar_control_client.cpp.o] Error 1
[0.477s] gmake[1]: *** [CMakeFiles/Makefile2:195: CMakeFiles/ar_control_client.dir/all] Error 2
[0.478s] In file included from [01m[K/home/hans/ar/ar_src/command/ar_control/src/ar_control_server.cpp:3[m[K:
[0.478s] [01m[K/home/hans/ar/ar_src/command/ar_control/include/ar_control_server.h:20:10:[m[K [01;31m[Kfatal error: [m[Kar_control/control_def.h: No such file or directory
[0.478s]    20 | #include [01;31m[K<ar_control/control_def.h>[m[K
[0.478s]       |          [01;31m[K^~~~~~~~~~~~~~~~~~~~~~~~~~[m[K
[0.478s] compilation terminated.
[0.478s] In file included from [01m[K/home/hans/ar/ar_src/command/ar_control/src/ar_control_client.cpp:1[m[K:
[0.478s] [01m[K/home/hans/ar/ar_src/command/ar_control/include/ar_control_client.h:18:10:[m[K [01;31m[Kfatal error: [m[Kar_control/control_def.h: No such file or directory
[0.478s]    18 | #include [01;31m[K<ar_control/control_def.h>[m[K
[0.478s]       |          [01;31m[K^~~~~~~~~~~~~~~~~~~~~~~~~~[m[K
[0.478s] compilation terminated.
[0.482s] gmake[2]: *** [CMakeFiles/ar_control_server.dir/build.make:90: CMakeFiles/ar_control_server.dir/src/ar_control_server.cpp.o] Error 1
[0.482s] gmake[2]: *** [CMakeFiles/ar_control_server.dir/build.make:76: CMakeFiles/ar_control_server.dir/src/ar_control_client.cpp.o] Error 1
[0.482s] gmake[1]: *** [CMakeFiles/Makefile2:169: CMakeFiles/ar_control_server.dir/all] Error 2
[0.498s] In file included from [01m[K/home/hans/ar/ar_src/command/ar_control/src/ar_control_client.cpp:1[m[K:
[0.498s] [01m[K/home/hans/ar/ar_src/command/ar_control/include/ar_control_client.h:18:10:[m[K [01;31m[Kfatal error: [m[Kar_control/control_def.h: No such file or directory
[0.498s]    18 | #include [01;31m[K<ar_control/control_def.h>[m[K
[0.498s]       |          [01;31m[K^~~~~~~~~~~~~~~~~~~~~~~~~~[m[K
[0.498s] compilation terminated.
[0.502s] gmake[2]: *** [CMakeFiles/ar_control.dir/build.make:76: CMakeFiles/ar_control.dir/src/ar_control_client.cpp.o] Error 1
[0.503s] gmake[1]: *** [CMakeFiles/Makefile2:143: CMakeFiles/ar_control.dir/all] Error 2
[0.503s] gmake: *** [Makefile:146: all] Error 2
[0.506s] Invoked command in '/home/hans/ar/build/ar_control' returned '2': CMAKE_PREFIX_PATH=/home/hans/ar/install/master:/home/hans/ar/install/ar_utils:/home/hans/ar/install/ar_comm:/home/hans/ar/install/ar_scene:/home/hans/ar/install/ar_planner_interface:/home/hans/ar/install/ar_msgs:/home/hans/ar/install/ar_moveit_config:/home/hans/ar/install/ar_computation:/home/hans/ar/install/ar_action:/opt/ros/humble /usr/bin/cmake --build /home/hans/ar/build/ar_control -- -j12 -l12
