[0.007s] Invoking command in '/home/hans/ar/build/ar_control': AMENT_PREFIX_PATH=/home/hans/ar/install/master:/home/hans/ar/install/ar_utils:/home/hans/ar/install/ar_comm:${AMENT_PREFIX_PATH} CMAKE_PREFIX_PATH=/home/hans/ar/install/master:/home/hans/ar/install/ar_utils:/home/hans/ar/install/ar_comm:/opt/ros/humble LD_LIBRARY_PATH=/home/hans/ar/install/ar_utils/lib:${LD_LIBRARY_PATH} /usr/bin/cmake --build /home/hans/ar/build/ar_control -- -j12 -l12
[0.050s] [35m[1mConsolidate compiler generated dependencies of target ar_control_client[0m
[0.055s] [35m[1mConsolidate compiler generated dependencies of target ar_control[0m
[0.059s] [35m[1mConsolidate compiler generated dependencies of target ar_control_server[0m
[0.064s] [  5%] [32m[1mLinking CXX executable ar_control_client_server_test[0m
[0.071s] [ 15%] Built target ar_control_client
[0.099s] [ 30%] [32mBuilding CXX object CMakeFiles/ar_control.dir/src/ar_control_server.cpp.o[0m
[0.099s] [ 30%] [32mBuilding CXX object CMakeFiles/ar_control_server.dir/src/ar_control_server.cpp.o[0m
[0.099s] [ 30%] [32mBuilding CXX object CMakeFiles/ar_control_server.dir/src/ar_hardware_interface.cpp.o[0m
[0.099s] [ 35%] [32mBuilding CXX object CMakeFiles/ar_control_server.dir/src/ar_drive_control.cpp.o[0m
[0.099s] [ 40%] [32mBuilding CXX object CMakeFiles/ar_control.dir/src/ar_drive_control.cpp.o[0m
[0.100s] [ 45%] [32mBuilding CXX object CMakeFiles/ar_control_server.dir/src/ar_system.cpp.o[0m
[0.100s] [ 50%] [32mBuilding CXX object CMakeFiles/ar_control.dir/src/ar_system.cpp.o[0m
[0.100s] [ 55%] [32mBuilding CXX object CMakeFiles/ar_control.dir/src/ar_hardware_interface.cpp.o[0m
[0.215s] /usr/bin/ld: CMakeFiles/ar_control_client_server_test.dir/test/ar_control_client_server_test.cpp.o: in function `main':
[0.215s] ar_control_client_server_test.cpp:(.text.startup+0x228): undefined reference to `ar_control::ArControlServer::ArControlServer(ar_control::ArHardwareInterface*, rclcpp::NodeOptions const&)'
[0.215s] /usr/bin/ld: ar_control_client_server_test.cpp:(.text.startup+0x564): undefined reference to `ar_control::ArControlServer::startActionServer()'
[0.215s] /usr/bin/ld: ar_control_client_server_test.cpp:(.text.startup+0x65b): undefined reference to `ar_control::ArControlClient::ArControlClient(std::__cxx11::basic_string<char, std::char_traits<char>, std::allocator<char> > const&, rclcpp::NodeOptions const&)'
[0.215s] /usr/bin/ld: ar_control_client_server_test.cpp:(.text.startup+0x8c9): undefined reference to `ar_control::ArControlClient::sendGoal(ar_action::action::ArControl_Goal_<std::allocator<void> > const&, bool)'
[0.222s] collect2: error: ld returned 1 exit status
[0.223s] gmake[2]: *** [CMakeFiles/ar_control_client_server_test.dir/build.make:337: ar_control_client_server_test] Error 1
[0.224s] gmake[1]: *** [CMakeFiles/Makefile2:221: CMakeFiles/ar_control_client_server_test.dir/all] Error 2
[0.224s] gmake[1]: *** Waiting for unfinished jobs....
[0.575s] In file included from [01m[K/home/hans/ar/ar_src/command/ar_control/src/ar_drive_control.cpp:1[m[K:
[0.575s] [01m[K/home/hans/ar/ar_src/command/ar_control/include/ar_drive_control.h:[m[K In member function â€˜[01m[Kint ar_control::ArDriveControl::jointCount()[m[Kâ€™:
[0.575s] [01m[K/home/hans/ar/ar_src/command/ar_control/include/ar_drive_control.h:43:36:[m[K [01;31m[Kerror: [m[Kâ€˜[01m[Kclass DriveParameter[m[Kâ€™ has no member named â€˜[01m[Kjoint_paramter[m[Kâ€™; did you mean â€˜[01m[Kjoint_paramters[m[Kâ€™?
[0.575s]    43 |             return drive_parameter.[01;31m[Kjoint_paramter[m[K.size();
[0.575s]       |                                    [01;31m[K^~~~~~~~~~~~~~[m[K
[0.575s]       |                                    [32m[Kjoint_paramters[m[K
[0.575s] [01m[K/home/hans/ar/ar_src/command/ar_control/src/ar_drive_control.cpp:[m[K In member function â€˜[01m[Kvoid ar_control::ArDriveControl::InitializeDriveClient(int)[m[Kâ€™:
[0.575s] [01m[K/home/hans/ar/ar_src/command/ar_control/src/ar_drive_control.cpp:13:52:[m[K [01;35m[Kwarning: [m[Kunused parameter â€˜[01m[KslaveId[m[Kâ€™ [[01;35m[K]8;;https://gcc.gnu.org/onlinedocs/gcc/Warning-Options.html#index-Wunused-parameter-Wunused-parameter]8;;[m[K]
[0.575s]    13 |     void ArDriveControl::InitializeDriveClient([01;35m[Kint slaveId[m[K)
[0.575s]       |                                                [01;35m[K~~~~^~~~~~~[m[K
[0.697s] gmake[2]: *** [CMakeFiles/ar_control_server.dir/build.make:118: CMakeFiles/ar_control_server.dir/src/ar_drive_control.cpp.o] Error 1
[0.697s] gmake[2]: *** Waiting for unfinished jobs....
[0.709s] In file included from [01m[K/home/hans/ar/ar_src/command/ar_control/src/ar_drive_control.cpp:1[m[K:
[0.709s] [01m[K/home/hans/ar/ar_src/command/ar_control/include/ar_drive_control.h:[m[K In member function â€˜[01m[Kint ar_control::ArDriveControl::jointCount()[m[Kâ€™:
[0.709s] [01m[K/home/hans/ar/ar_src/command/ar_control/include/ar_drive_control.h:43:36:[m[K [01;31m[Kerror: [m[Kâ€˜[01m[Kclass DriveParameter[m[Kâ€™ has no member named â€˜[01m[Kjoint_paramter[m[Kâ€™; did you mean â€˜[01m[Kjoint_paramters[m[Kâ€™?
[0.709s]    43 |             return drive_parameter.[01;31m[Kjoint_paramter[m[K.size();
[0.709s]       |                                    [01;31m[K^~~~~~~~~~~~~~[m[K
[0.709s]       |                                    [32m[Kjoint_paramters[m[K
[0.710s] [01m[K/home/hans/ar/ar_src/command/ar_control/src/ar_drive_control.cpp:[m[K In member function â€˜[01m[Kvoid ar_control::ArDriveControl::InitializeDriveClient(int)[m[Kâ€™:
[0.710s] [01m[K/home/hans/ar/ar_src/command/ar_control/src/ar_drive_control.cpp:13:52:[m[K [01;35m[Kwarning: [m[Kunused parameter â€˜[01m[KslaveId[m[Kâ€™ [[01;35m[K]8;;https://gcc.gnu.org/onlinedocs/gcc/Warning-Options.html#index-Wunused-parameter-Wunused-parameter]8;;[m[K]
[0.710s]    13 |     void ArDriveControl::InitializeDriveClient([01;35m[Kint slaveId[m[K)
[0.710s]       |                                                [01;35m[K~~~~^~~~~~~[m[K
[0.869s] gmake[2]: *** [CMakeFiles/ar_control.dir/build.make:118: CMakeFiles/ar_control.dir/src/ar_drive_control.cpp.o] Error 1
[0.869s] gmake[2]: *** Waiting for unfinished jobs....
[3.851s] In file included from [01m[K/home/hans/ar/ar_src/command/ar_control/include/ar_hardware_interface.h:21[m[K,
[3.852s]                  from [01m[K/home/hans/ar/ar_src/command/ar_control/src/ar_control_server.cpp:4[m[K:
[3.852s] [01m[K/home/hans/ar/ar_src/command/ar_control/include/ar_drive_control.h:[m[K In member function â€˜[01m[Kint ar_control::ArDriveControl::jointCount()[m[Kâ€™:
[3.852s] [01m[K/home/hans/ar/ar_src/command/ar_control/include/ar_drive_control.h:43:36:[m[K [01;31m[Kerror: [m[Kâ€˜[01m[Kclass DriveParameter[m[Kâ€™ has no member named â€˜[01m[Kjoint_paramter[m[Kâ€™; did you mean â€˜[01m[Kjoint_paramters[m[Kâ€™?
[3.852s]    43 |             return drive_parameter.[01;31m[Kjoint_paramter[m[K.size();
[3.852s]       |                                    [01;31m[K^~~~~~~~~~~~~~[m[K
[3.852s]       |                                    [32m[Kjoint_paramters[m[K
[3.866s] [01m[K/home/hans/ar/ar_src/command/ar_control/src/ar_control_server.cpp:[m[K In member function â€˜[01m[Kvoid ar_control::ArControlServer::createExecutionListener()[m[Kâ€™:
[3.866s] [01m[K/home/hans/ar/ar_src/command/ar_control/src/ar_control_server.cpp:21:80:[m[K [01;31m[Kerror: [m[Kâ€˜[01m[KincomingDisplayTrajectory[m[Kâ€™ is not a member of â€˜[01m[Kar_control::ArControlServer[m[Kâ€™
[3.866s]    21 |                         "display_planned_path", 2, std::bind(&ArControlServer::[01;31m[KincomingDisplayTrajectory[m[K, this, _1));
[3.866s]       |                                                                                [01;31m[K^~~~~~~~~~~~~~~~~~~~~~~~~[m[K
[3.878s] In file included from [01m[K/home/hans/ar/ar_src/command/ar_control/include/ar_hardware_interface.h:21[m[K,
[3.878s]                  from [01m[K/home/hans/ar/ar_src/command/ar_control/include/ar_system.hpp:30[m[K,
[3.878s]                  from [01m[K/home/hans/ar/ar_src/command/ar_control/src/ar_system.cpp:15[m[K:
[3.878s] [01m[K/home/hans/ar/ar_src/command/ar_control/include/ar_drive_control.h:[m[K In member function â€˜[01m[Kint ar_control::ArDriveControl::jointCount()[m[Kâ€™:
[3.878s] [01m[K/home/hans/ar/ar_src/command/ar_control/include/ar_drive_control.h:43:36:[m[K [01;31m[Kerror: [m[Kâ€˜[01m[Kclass DriveParameter[m[Kâ€™ has no member named â€˜[01m[Kjoint_paramter[m[Kâ€™; did you mean â€˜[01m[Kjoint_paramters[m[Kâ€™?
[3.879s]    43 |             return drive_parameter.[01;31m[Kjoint_paramter[m[K.size();
[3.879s]       |                                    [01;31m[K^~~~~~~~~~~~~~[m[K
[3.879s]       |                                    [32m[Kjoint_paramters[m[K
[3.890s] [01m[K/home/hans/ar/ar_src/command/ar_control/src/ar_control_server.cpp:[m[K In member function â€˜[01m[Kvoid ar_control::ArControlServer::execute(std::shared_ptr<rclcpp_action::ServerGoalHandle<ar_action::action::ArControl> >)[m[Kâ€™:
[3.890s] [01m[K/home/hans/ar/ar_src/command/ar_control/src/ar_control_server.cpp:81:52:[m[K [01;31m[Kerror: [m[Kâ€˜[01m[KSUCCESS[m[Kâ€™ is not a member of â€˜[01m[Kar_control::ControlErrorCode[m[Kâ€™
[3.890s]    81 |                         status = ControlErrorCode::[01;31m[KSUCCESS[m[K;
[3.890s]       |                                                    [01;31m[K^~~~~~~[m[K
[3.898s] [01m[K/home/hans/ar/ar_src/command/ar_control/src/ar_system.cpp:[m[K In member function â€˜[01m[Kvirtual CallbackReturn ar_control::ArSystemHardware::on_configure(const rclcpp_lifecycle::State&)[m[Kâ€™:
[3.898s] [01m[K/home/hans/ar/ar_src/command/ar_control/src/ar_system.cpp:88:41:[m[K [01;31m[Kerror: [m[Kâ€˜[01m[Kusing element_type = class ar_control::ArHardwareInterface[m[Kâ€™ {aka â€˜[01m[Kclass ar_control::ArHardwareInterface[m[Kâ€™} has no member named â€˜[01m[KgetDrives[m[Kâ€™
[3.898s]    88 |                 for(auto drive : robot->[01;31m[KgetDrives[m[K()) {
[3.898s]       |                                         [01;31m[K^~~~~~~~~[m[K
[3.901s] [01m[K/home/hans/ar/ar_src/command/ar_control/src/ar_system.cpp:[m[K In member function â€˜[01m[Kvirtual std::vector<hardware_interface::StateInterface> ar_control::ArSystemHardware::export_state_interfaces()[m[Kâ€™:
[3.901s] [01m[K/home/hans/ar/ar_src/command/ar_control/src/ar_system.cpp:103:41:[m[K [01;31m[Kerror: [m[Kâ€˜[01m[Kusing element_type = class ar_control::ArHardwareInterface[m[Kâ€™ {aka â€˜[01m[Kclass ar_control::ArHardwareInterface[m[Kâ€™} has no member named â€˜[01m[KgetDrives[m[Kâ€™
[3.901s]   103 |                 for(auto drive : robot->[01;31m[KgetDrives[m[K()) {
[3.901s]       |                                         [01;31m[K^~~~~~~~~[m[K
[3.903s] [01m[K/home/hans/ar/ar_src/command/ar_control/src/ar_system.cpp:[m[K In member function â€˜[01m[Kvirtual std::vector<hardware_interface::CommandInterface> ar_control::ArSystemHardware::export_command_interfaces()[m[Kâ€™:
[3.903s] [01m[K/home/hans/ar/ar_src/command/ar_control/src/ar_system.cpp:120:41:[m[K [01;31m[Kerror: [m[Kâ€˜[01m[Kusing element_type = class ar_control::ArHardwareInterface[m[Kâ€™ {aka â€˜[01m[Kclass ar_control::ArHardwareInterface[m[Kâ€™} has no member named â€˜[01m[KgetDrives[m[Kâ€™
[3.903s]   120 |                 for(auto drive : robot->[01;31m[KgetDrives[m[K()) {
[3.903s]       |                                         [01;31m[K^~~~~~~~~[m[K
[3.903s] [01m[K/home/hans/ar/ar_src/command/ar_control/src/ar_system.cpp:[m[K In member function â€˜[01m[Kvirtual CallbackReturn ar_control::ArSystemHardware::on_activate(const rclcpp_lifecycle::State&)[m[Kâ€™:
[3.904s] [01m[K/home/hans/ar/ar_src/command/ar_control/src/ar_system.cpp:137:41:[m[K [01;31m[Kerror: [m[Kâ€˜[01m[Kusing element_type = class ar_control::ArHardwareInterface[m[Kâ€™ {aka â€˜[01m[Kclass ar_control::ArHardwareInterface[m[Kâ€™} has no member named â€˜[01m[KgetDrives[m[Kâ€™
[3.904s]   137 |                 for(auto drive : robot->[01;31m[KgetDrives[m[K()) {
[3.904s]       |                                         [01;31m[K^~~~~~~~~[m[K
[3.904s] [01m[K/home/hans/ar/ar_src/command/ar_control/src/ar_system.cpp:[m[K In member function â€˜[01m[Kvirtual hardware_interface::return_type ar_control::ArSystemHardware::write(const rclcpp::Time&, const rclcpp::Duration&)[m[Kâ€™:
[3.904s] [01m[K/home/hans/ar/ar_src/command/ar_control/src/ar_system.cpp:178:27:[m[K [01;31m[Kerror: [m[Kâ€˜[01m[Kusing element_type = class ar_control::ArHardwareInterface[m[Kâ€™ {aka â€˜[01m[Kclass ar_control::ArHardwareInterface[m[Kâ€™} has no member named â€˜[01m[Ksoem_drives[m[Kâ€™; did you mean â€˜[01m[KArDrives ar_control::ArHardwareInterface::ar_drives[m[Kâ€™? (not accessible from this context)
[3.904s]   178 |                 if(robot->[01;31m[Ksoem_drives[m[K)
[3.905s]       |                           [01;31m[K^~~~~~~~~~~[m[K
[3.905s] In file included from [01m[K/home/hans/ar/ar_src/command/ar_control/include/ar_system.hpp:30[m[K,
[3.905s]                  from [01m[K/home/hans/ar/ar_src/command/ar_control/src/ar_system.cpp:15[m[K:
[3.905s] [01m[K/home/hans/ar/ar_src/command/ar_control/include/ar_hardware_interface.h:39:26:[m[K [01;36m[Knote: [m[Kdeclared private here
[3.905s]    39 |                 ArDrives [01;36m[Kar_drives[m[K;                                             ///< Holds all drive parameters and joint names
[3.905s]       |                          [01;36m[K^~~~~~~~~[m[K
[3.910s] [01m[K/home/hans/ar/ar_src/command/ar_control/src/ar_system.cpp:179:44:[m[K [01;31m[Kerror: [m[Kâ€˜[01m[Kcond[m[Kâ€™ was not declared in this scope
[3.910s]   179 |                         pthread_cond_wait(&[01;31m[Kcond[m[K, &lock);
[3.910s]       |                                            [01;31m[K^~~~[m[K
[3.912s] [01m[K/home/hans/ar/ar_src/command/ar_control/src/ar_system.cpp:179:51:[m[K [01;31m[Kerror: [m[Kâ€˜[01m[Klock[m[Kâ€™ was not declared in this scope; did you mean â€˜[01m[Kstd::lock[m[Kâ€™?
[3.912s]   179 |                         pthread_cond_wait(&cond, &[01;31m[Klock[m[K);
[3.912s]       |                                                   [01;31m[K^~~~[m[K
[3.912s]       |                                                   [32m[Kstd::lock[m[K
[3.912s] In file included from [01m[K/home/hans/ar/ar_src/command/ar_control/include/ar_control_server.h:10[m[K,
[3.912s]                  from [01m[K/home/hans/ar/ar_src/command/ar_control/include/ar_hardware_interface.h:11[m[K,
[3.912s]                  from [01m[K/home/hans/ar/ar_src/command/ar_control/include/ar_system.hpp:30[m[K,
[3.912s]                  from [01m[K/home/hans/ar/ar_src/command/ar_control/src/ar_system.cpp:15[m[K:
[3.912s] [01m[K/usr/include/c++/11/mutex:591:5:[m[K [01;36m[Knote: [m[Kâ€˜[01m[Kstd::lock[m[Kâ€™ declared here
[3.912s]   591 |     [01;36m[Klock[m[K(_L1& __l1, _L2& __l2, _L3&... __l3)
[3.912s]       |     [01;36m[K^~~~[m[K
[3.926s] In file included from [01m[K/home/hans/ar/ar_src/command/ar_control/include/ar_hardware_interface.h:21[m[K,
[3.926s]                  from [01m[K/home/hans/ar/ar_src/command/ar_control/src/ar_hardware_interface.cpp:1[m[K:
[3.926s] [01m[K/home/hans/ar/ar_src/command/ar_control/include/ar_drive_control.h:[m[K In member function â€˜[01m[Kint ar_control::ArDriveControl::jointCount()[m[Kâ€™:
[3.926s] [01m[K/home/hans/ar/ar_src/command/ar_control/include/ar_drive_control.h:43:36:[m[K [01;31m[Kerror: [m[Kâ€˜[01m[Kclass DriveParameter[m[Kâ€™ has no member named â€˜[01m[Kjoint_paramter[m[Kâ€™; did you mean â€˜[01m[Kjoint_paramters[m[Kâ€™?
[3.926s]    43 |             return drive_parameter.[01;31m[Kjoint_paramter[m[K.size();
[3.926s]       |                                    [01;31m[K^~~~~~~~~~~~~~[m[K
[3.926s]       |                                    [32m[Kjoint_paramters[m[K
[3.964s] [01m[K/home/hans/ar/ar_src/command/ar_control/src/ar_hardware_interface.cpp:[m[K In constructor â€˜[01m[Kar_control::ArHardwareInterface::ArHardwareInterface(bool, bool)[m[Kâ€™:
[3.964s] [01m[K/home/hans/ar/ar_src/command/ar_control/src/ar_hardware_interface.cpp:26:88:[m[K [01;31m[Kerror: [m[Kâ€˜[01m[Kautomatically_declare_parameters_from_overrides[m[Kâ€™ was not declared in this scope
[3.964s]    26 |                                                                 rclcpp::NodeOptions(), [01;31m[Kautomatically_declare_parameters_from_overrides[m[K(true));
[3.964s]       |                                                                                        [01;31m[K^~~~~~~~~~~~~~~~~~~~~~~~~~~~~~~~~~~~~~~~~~~~~~~[m[K
[3.964s] In file included from [01m[K/home/hans/ar/ar_src/command/ar_control/include/ar_hardware_interface.h:21[m[K,
[3.964s]                  from [01m[K/home/hans/ar/ar_src/command/ar_control/src/ar_hardware_interface.cpp:1[m[K:
[3.964s] [01m[K/home/hans/ar/ar_src/command/ar_control/include/ar_drive_control.h:[m[K In member function â€˜[01m[Kint ar_control::ArDriveControl::jointCount()[m[Kâ€™:
[3.964s] [01m[K/home/hans/ar/ar_src/command/ar_control/include/ar_drive_control.h:43:36:[m[K [01;31m[Kerror: [m[Kâ€˜[01m[Kclass DriveParameter[m[Kâ€™ has no member named â€˜[01m[Kjoint_paramter[m[Kâ€™; did you mean â€˜[01m[Kjoint_paramters[m[Kâ€™?
[3.964s]    43 |             return drive_parameter.[01;31m[Kjoint_paramter[m[K.size();
[3.964s]       |                                    [01;31m[K^~~~~~~~~~~~~~[m[K
[3.964s]       |                                    [32m[Kjoint_paramters[m[K
[3.972s] [01m[K/home/hans/ar/ar_src/command/ar_control/src/ar_hardware_interface.cpp:[m[K In member function â€˜[01m[Kvoid ar_control::ArHardwareInterface::shutdown()[m[Kâ€™:
[3.972s] [01m[K/home/hans/ar/ar_src/command/ar_control/src/ar_hardware_interface.cpp:54:27:[m[K [01;31m[Kerror: [m[Kâ€˜[01m[KgetDrives[m[Kâ€™ was not declared in this scope; did you mean â€˜[01m[KArDrives[m[Kâ€™?
[3.972s]    54 |         for (auto drive : [01;31m[KgetDrives[m[K)
[3.972s]       |                           [01;31m[K^~~~~~~~~[m[K
[3.972s]       |                           [32m[KArDrives[m[K
[3.981s] [01m[K/home/hans/ar/ar_src/command/ar_control/src/ar_hardware_interface.cpp:[m[K In member function â€˜[01m[Kvoid ar_control::ArHardwareInterface::readConfigFromYaml(std::string)[m[Kâ€™:
[3.981s] [01m[K/home/hans/ar/ar_src/command/ar_control/src/ar_hardware_interface.cpp:95:13:[m[K [01;31m[Kerror: [m[Kâ€˜[01m[KDriveParameters[m[Kâ€™ was not declared in this scope; did you mean â€˜[01m[KDriveParameter[m[Kâ€™?
[3.981s]    95 |             [01;31m[KDriveParameters[m[K driveParams;
[3.981s]       |             [01;31m[K^~~~~~~~~~~~~~~[m[K
[3.981s]       |             [32m[KDriveParameter[m[K
[3.988s] [01m[K/home/hans/ar/ar_src/command/ar_control/src/ar_hardware_interface.cpp:97:13:[m[K [01;31m[Kerror: [m[Kâ€˜[01m[KdriveParams[m[Kâ€™ was not declared in this scope; did you mean â€˜[01m[KDriveParameter[m[Kâ€™?
[3.988s]    97 |             [01;31m[KdriveParams[m[K.drive_id = stringToId(drive_id);
[3.988s]       |             [01;31m[K^~~~~~~~~~~[m[K
[3.988s]       |             [32m[KDriveParameter[m[K
[3.990s] [01m[K/home/hans/ar/ar_src/command/ar_control/src/ar_hardware_interface.cpp:97:36:[m[K [01;31m[Kerror: [m[Kâ€˜[01m[KstringToId[m[Kâ€™ was not declared in this scope; did you mean â€˜[01m[Kar_utils::stringToId[m[Kâ€™?
[3.990s]    97 |             driveParams.drive_id = [01;31m[KstringToId[m[K(drive_id);
[3.990s]       |                                    [01;31m[K^~~~~~~~~~[m[K
[3.990s]       |                                    [32m[Kar_utils::stringToId[m[K
[3.990s] In file included from [01m[K/home/hans/ar/ar_src/command/ar_control/include/ar_control_server.h:19[m[K,
[3.990s]                  from [01m[K/home/hans/ar/ar_src/command/ar_control/include/ar_hardware_interface.h:11[m[K,
[3.990s]                  from [01m[K/home/hans/ar/ar_src/command/ar_control/src/ar_hardware_interface.cpp:1[m[K:
[3.990s] [01m[K/home/hans/ar/install/ar_utils/include/ar_utils.h:31:13:[m[K [01;36m[Knote: [m[Kâ€˜[01m[Kar_utils::stringToId[m[Kâ€™ declared here
[3.990s]    31 |         int [01;36m[KstringToId[m[K(std::string str);
[3.990s]       |             [01;36m[K^~~~~~~~~~[m[K
[3.996s] [01m[K/home/hans/ar/ar_src/command/ar_control/src/ar_hardware_interface.cpp:103:45:[m[K [01;31m[Kerror: [m[Kâ€˜[01m[KPORT_UART[m[Kâ€™ was not declared in this scope; did you mean â€˜[01m[KPORT_CAN[m[Kâ€™?
[3.996s]   103 |             else if (driveParams.port_id == [01;31m[KPORT_UART[m[K)
[3.996s]       |                                             [01;31m[K^~~~~~~~~[m[K
[3.996s]       |                                             [32m[KPORT_CAN[m[K
[3.998s] [01m[K/home/hans/ar/ar_src/command/ar_control/src/ar_hardware_interface.cpp:[m[K At global scope:
[3.998s] [01m[K/home/hans/ar/ar_src/command/ar_control/src/ar_hardware_interface.cpp:142:37:[m[K [01;31m[Kerror: [m[Kno declaration matches â€˜[01m[Kstd::map<int, ar_control::ArDriveControl*> ar_control::ArHardwareInterface::getDrives()[m[Kâ€™
[3.998s]   142 |     std::map<int, ArDriveControl *> [01;31m[KArHardwareInterface[m[K::getDrives()
[3.998s]       |                                     [01;31m[K^~~~~~~~~~~~~~~~~~~[m[K
[3.998s] [01m[K/home/hans/ar/ar_src/command/ar_control/src/ar_hardware_interface.cpp:142:37:[m[K [01;36m[Knote: [m[Kno functions named â€˜[01m[Kstd::map<int, ar_control::ArDriveControl*> ar_control::ArHardwareInterface::getDrives()[m[Kâ€™
[3.998s] In file included from [01m[K/home/hans/ar/ar_src/command/ar_control/src/ar_hardware_interface.cpp:1[m[K:
[3.998s] [01m[K/home/hans/ar/ar_src/command/ar_control/include/ar_hardware_interface.h:25:15:[m[K [01;36m[Knote: [m[Kâ€˜[01m[Kclass ar_control::ArHardwareInterface[m[Kâ€™ defined here
[3.998s]    25 |         class [01;36m[KArHardwareInterface[m[K
[3.998s]       |               [01;36m[K^~~~~~~~~~~~~~~~~~~[m[K
[4.003s] [01m[K/home/hans/ar/ar_src/command/ar_control/src/ar_hardware_interface.cpp:[m[K In constructor â€˜[01m[Kar_control::ArHardwareInterface::ArHardwareInterface(bool, bool)[m[Kâ€™:
[4.003s] [01m[K/home/hans/ar/ar_src/command/ar_control/src/ar_hardware_interface.cpp:26:88:[m[K [01;31m[Kerror: [m[Kâ€˜[01m[Kautomatically_declare_parameters_from_overrides[m[Kâ€™ was not declared in this scope
[4.003s]    26 |                                                                 rclcpp::NodeOptions(), [01;31m[Kautomatically_declare_parameters_from_overrides[m[K(true));
[4.003s]       |                                                                                        [01;31m[K^~~~~~~~~~~~~~~~~~~~~~~~~~~~~~~~~~~~~~~~~~~~~~~[m[K
[4.011s] [01m[K/home/hans/ar/ar_src/command/ar_control/src/ar_hardware_interface.cpp:[m[K In member function â€˜[01m[Kvoid ar_control::ArHardwareInterface::shutdown()[m[Kâ€™:
[4.011s] [01m[K/home/hans/ar/ar_src/command/ar_control/src/ar_hardware_interface.cpp:54:27:[m[K [01;31m[Kerror: [m[Kâ€˜[01m[KgetDrives[m[Kâ€™ was not declared in this scope; did you mean â€˜[01m[KArDrives[m[Kâ€™?
[4.011s]    54 |         for (auto drive : [01;31m[KgetDrives[m[K)
[4.011s]       |                           [01;31m[K^~~~~~~~~[m[K
[4.011s]       |                           [32m[KArDrives[m[K
[4.022s] [01m[K/home/hans/ar/ar_src/command/ar_control/src/ar_hardware_interface.cpp:[m[K In member function â€˜[01m[Kvoid ar_control::ArHardwareInterface::readConfigFromYaml(std::string)[m[Kâ€™:
[4.022s] [01m[K/home/hans/ar/ar_src/command/ar_control/src/ar_hardware_interface.cpp:95:13:[m[K [01;31m[Kerror: [m[Kâ€˜[01m[KDriveParameters[m[Kâ€™ was not declared in this scope; did you mean â€˜[01m[KDriveParameter[m[Kâ€™?
[4.022s]    95 |             [01;31m[KDriveParameters[m[K driveParams;
[4.022s]       |             [01;31m[K^~~~~~~~~~~~~~~[m[K
[4.022s]       |             [32m[KDriveParameter[m[K
[4.030s] [01m[K/home/hans/ar/ar_src/command/ar_control/src/ar_hardware_interface.cpp:97:13:[m[K [01;31m[Kerror: [m[Kâ€˜[01m[KdriveParams[m[Kâ€™ was not declared in this scope; did you mean â€˜[01m[KDriveParameter[m[Kâ€™?
[4.030s]    97 |             [01;31m[KdriveParams[m[K.drive_id = stringToId(drive_id);
[4.030s]       |             [01;31m[K^~~~~~~~~~~[m[K
[4.030s]       |             [32m[KDriveParameter[m[K
[4.031s] [01m[K/home/hans/ar/ar_src/command/ar_control/src/ar_hardware_interface.cpp:97:36:[m[K [01;31m[Kerror: [m[Kâ€˜[01m[KstringToId[m[Kâ€™ was not declared in this scope; did you mean â€˜[01m[Kar_utils::stringToId[m[Kâ€™?
[4.031s]    97 |             driveParams.drive_id = [01;31m[KstringToId[m[K(drive_id);
[4.031s]       |                                    [01;31m[K^~~~~~~~~~[m[K
[4.031s]       |                                    [32m[Kar_utils::stringToId[m[K
[4.031s] In file included from [01m[K/home/hans/ar/ar_src/command/ar_control/include/ar_control_server.h:19[m[K,
[4.031s]                  from [01m[K/home/hans/ar/ar_src/command/ar_control/include/ar_hardware_interface.h:11[m[K,
[4.031s]                  from [01m[K/home/hans/ar/ar_src/command/ar_control/src/ar_hardware_interface.cpp:1[m[K:
[4.031s] [01m[K/home/hans/ar/install/ar_utils/include/ar_utils.h:31:13:[m[K [01;36m[Knote: [m[Kâ€˜[01m[Kar_utils::stringToId[m[Kâ€™ declared here
[4.031s]    31 |         int [01;36m[KstringToId[m[K(std::string str);
[4.031s]       |             [01;36m[K^~~~~~~~~~[m[K
[4.033s] In file included from [01m[K/home/hans/ar/ar_src/command/ar_control/include/ar_hardware_interface.h:21[m[K,
[4.033s]                  from [01m[K/home/hans/ar/ar_src/command/ar_control/src/ar_control_server.cpp:4[m[K:
[4.033s] [01m[K/home/hans/ar/ar_src/command/ar_control/include/ar_drive_control.h:[m[K In member function â€˜[01m[Kint ar_control::ArDriveControl::jointCount()[m[Kâ€™:
[4.033s] [01m[K/home/hans/ar/ar_src/command/ar_control/include/ar_drive_control.h:43:36:[m[K [01;31m[Kerror: [m[Kâ€˜[01m[Kclass DriveParameter[m[Kâ€™ has no member named â€˜[01m[Kjoint_paramter[m[Kâ€™; did you mean â€˜[01m[Kjoint_paramters[m[Kâ€™?
[4.033s]    43 |             return drive_parameter.[01;31m[Kjoint_paramter[m[K.size();
[4.033s]       |                                    [01;31m[K^~~~~~~~~~~~~~[m[K
[4.033s]       |                                    [32m[Kjoint_paramters[m[K
[4.038s] [01m[K/home/hans/ar/ar_src/command/ar_control/src/ar_hardware_interface.cpp:103:45:[m[K [01;31m[Kerror: [m[Kâ€˜[01m[KPORT_UART[m[Kâ€™ was not declared in this scope; did you mean â€˜[01m[KPORT_CAN[m[Kâ€™?
[4.038s]   103 |             else if (driveParams.port_id == [01;31m[KPORT_UART[m[K)
[4.038s]       |                                             [01;31m[K^~~~~~~~~[m[K
[4.038s]       |                                             [32m[KPORT_CAN[m[K
[4.040s] [01m[K/home/hans/ar/ar_src/command/ar_control/src/ar_hardware_interface.cpp:[m[K At global scope:
[4.040s] [01m[K/home/hans/ar/ar_src/command/ar_control/src/ar_hardware_interface.cpp:142:37:[m[K [01;31m[Kerror: [m[Kno declaration matches â€˜[01m[Kstd::map<int, ar_control::ArDriveControl*> ar_control::ArHardwareInterface::getDrives()[m[Kâ€™
[4.040s]   142 |     std::map<int, ArDriveControl *> [01;31m[KArHardwareInterface[m[K::getDrives()
[4.040s]       |                                     [01;31m[K^~~~~~~~~~~~~~~~~~~[m[K
[4.040s] [01m[K/home/hans/ar/ar_src/command/ar_control/src/ar_hardware_interface.cpp:142:37:[m[K [01;36m[Knote: [m[Kno functions named â€˜[01m[Kstd::map<int, ar_control::ArDriveControl*> ar_control::ArHardwareInterface::getDrives()[m[Kâ€™
[4.040s] In file included from [01m[K/home/hans/ar/ar_src/command/ar_control/src/ar_hardware_interface.cpp:1[m[K:
[4.040s] [01m[K/home/hans/ar/ar_src/command/ar_control/include/ar_hardware_interface.h:25:15:[m[K [01;36m[Knote: [m[Kâ€˜[01m[Kclass ar_control::ArHardwareInterface[m[Kâ€™ defined here
[4.040s]    25 |         class [01;36m[KArHardwareInterface[m[K
[4.040s]       |               [01;36m[K^~~~~~~~~~~~~~~~~~~[m[K
[4.048s] [01m[K/home/hans/ar/ar_src/command/ar_control/src/ar_control_server.cpp:[m[K In member function â€˜[01m[Kvoid ar_control::ArControlServer::createExecutionListener()[m[Kâ€™:
[4.049s] [01m[K/home/hans/ar/ar_src/command/ar_control/src/ar_control_server.cpp:21:80:[m[K [01;31m[Kerror: [m[Kâ€˜[01m[KincomingDisplayTrajectory[m[Kâ€™ is not a member of â€˜[01m[Kar_control::ArControlServer[m[Kâ€™
[4.049s]    21 |                         "display_planned_path", 2, std::bind(&ArControlServer::[01;31m[KincomingDisplayTrajectory[m[K, this, _1));
[4.049s]       |                                                                                [01;31m[K^~~~~~~~~~~~~~~~~~~~~~~~~[m[K
[4.072s] [01m[K/home/hans/ar/ar_src/command/ar_control/src/ar_control_server.cpp:[m[K In member function â€˜[01m[Kvoid ar_control::ArControlServer::execute(std::shared_ptr<rclcpp_action::ServerGoalHandle<ar_action::action::ArControl> >)[m[Kâ€™:
[4.072s] [01m[K/home/hans/ar/ar_src/command/ar_control/src/ar_control_server.cpp:81:52:[m[K [01;31m[Kerror: [m[Kâ€˜[01m[KSUCCESS[m[Kâ€™ is not a member of â€˜[01m[Kar_control::ControlErrorCode[m[Kâ€™
[4.072s]    81 |                         status = ControlErrorCode::[01;31m[KSUCCESS[m[K;
[4.072s]       |                                                    [01;31m[K^~~~~~~[m[K
[4.159s] In file included from [01m[K/home/hans/ar/ar_src/command/ar_control/include/ar_hardware_interface.h:21[m[K,
[4.159s]                  from [01m[K/home/hans/ar/ar_src/command/ar_control/include/ar_system.hpp:30[m[K,
[4.159s]                  from [01m[K/home/hans/ar/ar_src/command/ar_control/src/ar_system.cpp:15[m[K:
[4.159s] [01m[K/home/hans/ar/ar_src/command/ar_control/include/ar_drive_control.h:[m[K In member function â€˜[01m[Kint ar_control::ArDriveControl::jointCount()[m[Kâ€™:
[4.159s] [01m[K/home/hans/ar/ar_src/command/ar_control/include/ar_drive_control.h:43:36:[m[K [01;31m[Kerror: [m[Kâ€˜[01m[Kclass DriveParameter[m[Kâ€™ has no member named â€˜[01m[Kjoint_paramter[m[Kâ€™; did you mean â€˜[01m[Kjoint_paramters[m[Kâ€™?
[4.160s]    43 |             return drive_parameter.[01;31m[Kjoint_paramter[m[K.size();
[4.160s]       |                                    [01;31m[K^~~~~~~~~~~~~~[m[K
[4.160s]       |                                    [32m[Kjoint_paramters[m[K
[4.179s] [01m[K/home/hans/ar/ar_src/command/ar_control/src/ar_system.cpp:[m[K In member function â€˜[01m[Kvirtual CallbackReturn ar_control::ArSystemHardware::on_configure(const rclcpp_lifecycle::State&)[m[Kâ€™:
[4.179s] [01m[K/home/hans/ar/ar_src/command/ar_control/src/ar_system.cpp:88:41:[m[K [01;31m[Kerror: [m[Kâ€˜[01m[Kusing element_type = class ar_control::ArHardwareInterface[m[Kâ€™ {aka â€˜[01m[Kclass ar_control::ArHardwareInterface[m[Kâ€™} has no member named â€˜[01m[KgetDrives[m[Kâ€™
[4.179s]    88 |                 for(auto drive : robot->[01;31m[KgetDrives[m[K()) {
[4.179s]       |                                         [01;31m[K^~~~~~~~~[m[K
[4.182s] [01m[K/home/hans/ar/ar_src/command/ar_control/src/ar_system.cpp:[m[K In member function â€˜[01m[Kvirtual std::vector<hardware_interface::StateInterface> ar_control::ArSystemHardware::export_state_interfaces()[m[Kâ€™:
[4.182s] [01m[K/home/hans/ar/ar_src/command/ar_control/src/ar_system.cpp:103:41:[m[K [01;31m[Kerror: [m[Kâ€˜[01m[Kusing element_type = class ar_control::ArHardwareInterface[m[Kâ€™ {aka â€˜[01m[Kclass ar_control::ArHardwareInterface[m[Kâ€™} has no member named â€˜[01m[KgetDrives[m[Kâ€™
[4.182s]   103 |                 for(auto drive : robot->[01;31m[KgetDrives[m[K()) {
[4.182s]       |                                         [01;31m[K^~~~~~~~~[m[K
[4.184s] [01m[K/home/hans/ar/ar_src/command/ar_control/src/ar_system.cpp:[m[K In member function â€˜[01m[Kvirtual std::vector<hardware_interface::CommandInterface> ar_control::ArSystemHardware::export_command_interfaces()[m[Kâ€™:
[4.184s] [01m[K/home/hans/ar/ar_src/command/ar_control/src/ar_system.cpp:120:41:[m[K [01;31m[Kerror: [m[Kâ€˜[01m[Kusing element_type = class ar_control::ArHardwareInterface[m[Kâ€™ {aka â€˜[01m[Kclass ar_control::ArHardwareInterface[m[Kâ€™} has no member named â€˜[01m[KgetDrives[m[Kâ€™
[4.184s]   120 |                 for(auto drive : robot->[01;31m[KgetDrives[m[K()) {
[4.184s]       |                                         [01;31m[K^~~~~~~~~[m[K
[4.185s] [01m[K/home/hans/ar/ar_src/command/ar_control/src/ar_system.cpp:[m[K In member function â€˜[01m[Kvirtual CallbackReturn ar_control::ArSystemHardware::on_activate(const rclcpp_lifecycle::State&)[m[Kâ€™:
[4.185s] [01m[K/home/hans/ar/ar_src/command/ar_control/src/ar_system.cpp:137:41:[m[K [01;31m[Kerror: [m[Kâ€˜[01m[Kusing element_type = class ar_control::ArHardwareInterface[m[Kâ€™ {aka â€˜[01m[Kclass ar_control::ArHardwareInterface[m[Kâ€™} has no member named â€˜[01m[KgetDrives[m[Kâ€™
[4.185s]   137 |                 for(auto drive : robot->[01;31m[KgetDrives[m[K()) {
[4.185s]       |                                         [01;31m[K^~~~~~~~~[m[K
[4.185s] [01m[K/home/hans/ar/ar_src/command/ar_control/src/ar_system.cpp:[m[K In member function â€˜[01m[Kvirtual hardware_interface::return_type ar_control::ArSystemHardware::write(const rclcpp::Time&, const rclcpp::Duration&)[m[Kâ€™:
[4.186s] [01m[K/home/hans/ar/ar_src/command/ar_control/src/ar_system.cpp:178:27:[m[K [01;31m[Kerror: [m[Kâ€˜[01m[Kusing element_type = class ar_control::ArHardwareInterface[m[Kâ€™ {aka â€˜[01m[Kclass ar_control::ArHardwareInterface[m[Kâ€™} has no member named â€˜[01m[Ksoem_drives[m[Kâ€™; did you mean â€˜[01m[KArDrives ar_control::ArHardwareInterface::ar_drives[m[Kâ€™? (not accessible from this context)
[4.186s]   178 |                 if(robot->[01;31m[Ksoem_drives[m[K)
[4.186s]       |                           [01;31m[K^~~~~~~~~~~[m[K
[4.186s] In file included from [01m[K/home/hans/ar/ar_src/command/ar_control/include/ar_system.hpp:30[m[K,
[4.186s]                  from [01m[K/home/hans/ar/ar_src/command/ar_control/src/ar_system.cpp:15[m[K:
[4.186s] [01m[K/home/hans/ar/ar_src/command/ar_control/include/ar_hardware_interface.h:39:26:[m[K [01;36m[Knote: [m[Kdeclared private here
[4.186s]    39 |                 ArDrives [01;36m[Kar_drives[m[K;                                             ///< Holds all drive parameters and joint names
[4.186s]       |                          [01;36m[K^~~~~~~~~[m[K
[4.191s] [01m[K/home/hans/ar/ar_src/command/ar_control/src/ar_system.cpp:179:44:[m[K [01;31m[Kerror: [m[Kâ€˜[01m[Kcond[m[Kâ€™ was not declared in this scope
[4.191s]   179 |                         pthread_cond_wait(&[01;31m[Kcond[m[K, &lock);
[4.192s]       |                                            [01;31m[K^~~~[m[K
[4.193s] [01m[K/home/hans/ar/ar_src/command/ar_control/src/ar_system.cpp:179:51:[m[K [01;31m[Kerror: [m[Kâ€˜[01m[Klock[m[Kâ€™ was not declared in this scope; did you mean â€˜[01m[Kstd::lock[m[Kâ€™?
[4.193s]   179 |                         pthread_cond_wait(&cond, &[01;31m[Klock[m[K);
[4.193s]       |                                                   [01;31m[K^~~~[m[K
[4.193s]       |                                                   [32m[Kstd::lock[m[K
[4.193s] In file included from [01m[K/home/hans/ar/ar_src/command/ar_control/include/ar_control_server.h:10[m[K,
[4.193s]                  from [01m[K/home/hans/ar/ar_src/command/ar_control/include/ar_hardware_interface.h:11[m[K,
[4.193s]                  from [01m[K/home/hans/ar/ar_src/command/ar_control/include/ar_system.hpp:30[m[K,
[4.193s]                  from [01m[K/home/hans/ar/ar_src/command/ar_control/src/ar_system.cpp:15[m[K:
[4.193s] [01m[K/usr/include/c++/11/mutex:591:5:[m[K [01;36m[Knote: [m[Kâ€˜[01m[Kstd::lock[m[Kâ€™ declared here
[4.193s]   591 |     [01;36m[Klock[m[K(_L1& __l1, _L2& __l2, _L3&... __l3)
[4.193s]       |     [01;36m[K^~~~[m[K
[5.966s] gmake[2]: *** [CMakeFiles/ar_control_server.dir/build.make:160: CMakeFiles/ar_control_server.dir/src/ar_system.cpp.o] Error 1
[6.013s] gmake[2]: *** [CMakeFiles/ar_control_server.dir/build.make:90: CMakeFiles/ar_control_server.dir/src/ar_control_server.cpp.o] Error 1
[6.055s] gmake[2]: *** [CMakeFiles/ar_control_server.dir/build.make:132: CMakeFiles/ar_control_server.dir/src/ar_hardware_interface.cpp.o] Error 1
[6.055s] gmake[1]: *** [CMakeFiles/Makefile2:169: CMakeFiles/ar_control_server.dir/all] Error 2
[6.083s] gmake[2]: *** [CMakeFiles/ar_control.dir/build.make:132: CMakeFiles/ar_control.dir/src/ar_hardware_interface.cpp.o] Error 1
[6.186s] gmake[2]: *** [CMakeFiles/ar_control.dir/build.make:90: CMakeFiles/ar_control.dir/src/ar_control_server.cpp.o] Error 1
[6.244s] gmake[2]: *** [CMakeFiles/ar_control.dir/build.make:160: CMakeFiles/ar_control.dir/src/ar_system.cpp.o] Error 1
[6.244s] gmake[1]: *** [CMakeFiles/Makefile2:143: CMakeFiles/ar_control.dir/all] Error 2
[6.244s] gmake: *** [Makefile:146: all] Error 2
[6.247s] Invoked command in '/home/hans/ar/build/ar_control' returned '2': AMENT_PREFIX_PATH=/home/hans/ar/install/master:/home/hans/ar/install/ar_utils:/home/hans/ar/install/ar_comm:${AMENT_PREFIX_PATH} CMAKE_PREFIX_PATH=/home/hans/ar/install/master:/home/hans/ar/install/ar_utils:/home/hans/ar/install/ar_comm:/opt/ros/humble LD_LIBRARY_PATH=/home/hans/ar/install/ar_utils/lib:${LD_LIBRARY_PATH} /usr/bin/cmake --build /home/hans/ar/build/ar_control -- -j12 -l12
