[0.011s] Invoking command in '/home/hans/ar/build/ar_control': CMAKE_PREFIX_PATH=/home/hans/ar/install/master:/home/hans/ar/install/ar_utils:/home/hans/ar/install/ar_comm:/home/hans/ar/install/ar_scene:/home/hans/ar/install/ar_planner_interface:/home/hans/ar/install/ar_msgs:/home/hans/ar/install/ar_moveit_config:/home/hans/ar/install/ar_computation:/home/hans/ar/install/ar_action:/opt/ros/humble /usr/bin/cmake --build /home/hans/ar/build/ar_control -- -j12 -l12
[0.037s] -- Found ament_cmake: 1.3.11 (/opt/ros/humble/share/ament_cmake/cmake)
[0.139s] -- Found moveit_common: 2.5.9 (/opt/ros/humble/share/moveit_common/cmake)
[0.183s] [0mar_control: You did not request a specific build type: Choosing 'Release' for maximum performance[0m
[0.184s] -- Found hardware_interface: 2.50.0 (/opt/ros/humble/share/hardware_interface/cmake)
[0.212s] -- Found rosidl_generator_c: 3.1.6 (/opt/ros/humble/share/rosidl_generator_c/cmake)
[0.214s] -- Found rosidl_adapter: 3.1.6 (/opt/ros/humble/share/rosidl_adapter/cmake)
[0.219s] -- Found rosidl_generator_cpp: 3.1.6 (/opt/ros/humble/share/rosidl_generator_cpp/cmake)
[0.228s] -- Using all available rosidl_typesupport_c: rosidl_typesupport_fastrtps_c;rosidl_typesupport_introspection_c
[0.238s] -- Using all available rosidl_typesupport_cpp: rosidl_typesupport_fastrtps_cpp;rosidl_typesupport_introspection_cpp
[0.364s] -- Found rmw_implementation_cmake: 6.1.2 (/opt/ros/humble/share/rmw_implementation_cmake/cmake)
[0.366s] -- Found rmw_fastrtps_cpp: 6.2.7 (/opt/ros/humble/share/rmw_fastrtps_cpp/cmake)
[0.381s] -- Found TinyXML2 via Config file: TinyXML2_DIR-NOTFOUND
[0.393s] -- Found TinyXML2 via Config file: TinyXML2_DIR-NOTFOUND
[0.405s] -- Found TinyXML2 via Config file: TinyXML2_DIR-NOTFOUND
[0.411s] -- Found TinyXML2 via Config file: TinyXML2_DIR-NOTFOUND
[0.418s] -- Using RMW implementation 'rmw_fastrtps_cpp' as default
[0.452s] -- Found rclcpp_action: 16.0.12 (/opt/ros/humble/share/rclcpp_action/cmake)
[0.457s] -- Found rclcpp_components: 16.0.12 (/opt/ros/humble/share/rclcpp_components/cmake)
[0.469s] -- Found yaml_cpp_vendor: 8.0.2 (/opt/ros/humble/share/yaml_cpp_vendor/cmake)
[0.470s] -- Found urdf: 2.6.1 (/opt/ros/humble/share/urdf/cmake)
[0.475s] -- Found ar_action: 0.0.0 (/home/hans/ar/install/ar_action/share/ar_action/cmake)
[0.504s] -- Found ar_comm: 0.0.0 (/home/hans/ar/install/ar_comm/share/ar_comm/cmake)
[0.504s] -- Found ar_utils: 0.0.0 (/home/hans/ar/install/ar_utils/share/ar_utils/cmake)
[0.527s] -- Found Boost: /usr/lib/x86_64-linux-gnu/cmake/Boost-1.74.0/BoostConfig.cmake (found version "1.74.0") found components: chrono date_time filesystem iostreams program_options regex serialization system thread 
[0.545s] -- Found parameter_traits: 0.4.0 (/opt/ros/humble/share/parameter_traits/cmake)
[0.555s] -- Found Boost: /usr/lib/x86_64-linux-gnu/cmake/Boost-1.74.0/BoostConfig.cmake (found version "1.74.0") found components: filesystem 
[0.581s] -- library: /usr/lib/x86_64-linux-gnu/libcurl.so
[0.610s] -- Ensuring Eigen3 include directory is part of orocos-kdl CMake target
[0.698s] -- Found pilz_industrial_motion_planner: 2.5.9 (/opt/ros/humble/share/pilz_industrial_motion_planner/cmake)
[0.707s] -- Found Boost: /usr/lib/x86_64-linux-gnu/cmake/Boost-1.74.0/BoostConfig.cmake (found version "1.74.0") found components: system filesystem date_time program_options thread 
[0.727s] -- Found Boost: /usr/lib/x86_64-linux-gnu/cmake/Boost-1.74.0/BoostConfig.cmake (found version "1.74.0") found components: system filesystem date_time program_options thread chrono 
[0.741s] -- Found Boost: /usr/lib/x86_64-linux-gnu/cmake/Boost-1.74.0/BoostConfig.cmake (found version "1.74.0") found components: date_time filesystem program_options system thread 
[0.749s] -- Found Boost: /usr/lib/x86_64-linux-gnu/cmake/Boost-1.74.0/BoostConfig.cmake (found version "1.74.0") found components: thread system filesystem regex date_time program_options 
[0.767s] -- Found moveit_planners: 2.5.9 (/opt/ros/humble/share/moveit_planners/cmake)
[0.769s] -- Found pcl_conversions: 2.4.5 (/opt/ros/humble/share/pcl_conversions/cmake)
[0.796s] -- Eigen found (include: /usr/include/eigen3, version: 3.4.0)
[0.818s] -- FLANN found (include: /usr/include, lib: /usr/lib/x86_64-linux-gnu/libflann_cpp.so)
[1.003s] -- OpenNI found (version: 1.5.4.0, include: /usr/include/ni, lib: /usr/lib/libOpenNI.so;libusb::libusb)
[1.007s] -- OpenNI2 found (version: 2.2.0.33, include: /usr/include/openni2, lib: /usr/lib/x86_64-linux-gnu/libOpenNI2.so;libusb::libusb)
[1.113s] -- Eigen found (include: /usr/include/eigen3, version: 3.4.0)
[1.118s] -- OpenNI found (version: 1.5.4.0, include: /usr/include/ni, lib: /usr/lib/libOpenNI.so;libusb::libusb)
[1.124s] -- OpenNI2 found (version: 2.2.0.33, include: /usr/include/openni2, lib: /usr/lib/x86_64-linux-gnu/libOpenNI2.so;libusb::libusb)
[1.232s] -- Found Qhull version 8.0.2
[1.335s] -- OpenNI found (version: 1.5.4.0, include: /usr/include/ni, lib: /usr/lib/libOpenNI.so;libusb::libusb)
[1.445s] -- Found octomap_ros: 0.4.4 (/opt/ros/humble/share/octomap_ros/cmake)
[1.492s] -- Found ament_cmake_gtest: 1.3.11 (/opt/ros/humble/share/ament_cmake_gtest/cmake)
[1.500s] -- Configuring done
[1.670s] -- Generating done
[1.696s] -- Build files have been written to: /home/hans/ar/build/ar_control
[1.732s] [35m[1mConsolidate compiler generated dependencies of target ar_control_client[0m
[1.735s] [35m[1mConsolidate compiler generated dependencies of target ar_control[0m
[1.735s] [35m[1mConsolidate compiler generated dependencies of target ar_control_server[0m
[1.740s] [  7%] [32mBuilding CXX object CMakeFiles/ar_control_client_server_test.dir/test/ar_control_client_server_test.cpp.o[0m
[1.747s] [ 14%] [32mBuilding CXX object CMakeFiles/ar_control_client.dir/src/ar_control_client.cpp.o[0m
[1.764s] [ 28%] [32mBuilding CXX object CMakeFiles/ar_control_server.dir/src/ar_control_client.cpp.o[0m
[1.764s] [ 28%] [32mBuilding CXX object CMakeFiles/ar_control.dir/src/ar_control_client.cpp.o[0m
[1.764s] [ 35%] [32mBuilding CXX object CMakeFiles/ar_control.dir/src/ar_control_server.cpp.o[0m
[1.765s] [ 42%] [32mBuilding CXX object CMakeFiles/ar_control_server.dir/src/ar_control_server.cpp.o[0m
[1.765s] [ 57%] [32mBuilding CXX object CMakeFiles/ar_control_server.dir/src/ar_hardware_interface.cpp.o[0m
[1.765s] [ 57%] [32mBuilding CXX object CMakeFiles/ar_control.dir/src/ar_hardware_interface.cpp.o[0m
[1.767s] [ 64%] [32mBuilding CXX object CMakeFiles/ar_control_server.dir/src/ar_system.cpp.o[0m
[1.767s] [ 71%] [32mBuilding CXX object CMakeFiles/ar_control.dir/src/ar_system.cpp.o[0m
[2.151s] In file included from [01m[K/home/hans/ar/ar_src/command/ar_control/test/ar_control_client_server_test.cpp:1[m[K:
[2.151s] [01m[K/home/hans/ar/ar_src/command/ar_control/include/ar_control_client.h:15:10:[m[K [01;31m[Kfatal error: [m[Krclcpp_components/register_node_macro.hpp: No such file or directory
[2.151s]    15 | #include [01;31m[K"rclcpp_components/register_node_macro.hpp"[m[K
[2.151s]       |          [01;31m[K^~~~~~~~~~~~~~~~~~~~~~~~~~~~~~~~~~~~~~~~~~~[m[K
[2.151s] compilation terminated.
[2.153s] gmake[2]: *** [CMakeFiles/ar_control_client_server_test.dir/build.make:76: CMakeFiles/ar_control_client_server_test.dir/test/ar_control_client_server_test.cpp.o] Error 1
[2.153s] gmake[1]: *** [CMakeFiles/Makefile2:221: CMakeFiles/ar_control_client_server_test.dir/all] Error 2
[2.153s] gmake[1]: *** Waiting for unfinished jobs....
[4.046s] In file included from [01m[K/home/hans/ar/ar_src/command/ar_control/src/ar_control_client.cpp:1[m[K:
[4.046s] [01m[K/home/hans/ar/ar_src/command/ar_control/include/ar_control_client.h:31:126:[m[K [01;31m[Kerror: [m[Kexpected â€˜[01m[K;[m[Kâ€™ at end of member declaration
[4.046s]    31 |                                                                    const rclcpp::NodeOptions& options = rclcpp::NodeOptions()[01;31m[K)[m[K
[4.046s]       |                                                                                                                              [01;31m[K^[m[K
[4.046s]       |                                                                                                                               [32m[K;[m[K
[4.307s] In file included from [01m[K/home/hans/ar/ar_src/command/ar_control/src/ar_control_client.cpp:1[m[K:
[4.307s] [01m[K/home/hans/ar/ar_src/command/ar_control/include/ar_control_client.h:31:126:[m[K [01;31m[Kerror: [m[Kexpected â€˜[01m[K;[m[Kâ€™ at end of member declaration
[4.307s]    31 |                                           const rclcpp::NodeOptions& options = rclcpp::NodeOptions()[01;31m[K)[m[K
[4.307s]       |                                                                                                     [01;31m[K^[m[K
[4.307s]       |                                                                                                      [32m[K;[m[K
[4.432s] In file included from [01m[K/home/hans/ar/ar_src/command/ar_control/src/ar_control_client.cpp:1[m[K:
[4.432s] [01m[K/home/hans/ar/ar_src/command/ar_control/include/ar_control_client.h:31:126:[m[K [01;31m[Kerror: [m[Kexpected â€˜[01m[K;[m[Kâ€™ at end of member declaration
[4.433s]    31 |                                                                    const rclcpp::NodeOptions& options = rclcpp::NodeOptions()[01;31m[K)[m[K
[4.433s]       |                                                                                                                              [01;31m[K^[m[K
[4.433s]       |                                                                                                                               [32m[K;[m[K
[4.651s] gmake[2]: *** [CMakeFiles/ar_control_server.dir/build.make:76: CMakeFiles/ar_control_server.dir/src/ar_control_client.cpp.o] Error 1
[4.651s] gmake[2]: *** Waiting for unfinished jobs....
[4.986s] gmake[2]: *** [CMakeFiles/ar_control.dir/build.make:76: CMakeFiles/ar_control.dir/src/ar_control_client.cpp.o] Error 1
[4.986s] gmake[2]: *** Waiting for unfinished jobs....
[5.093s] gmake[2]: *** [CMakeFiles/ar_control_client.dir/build.make:76: CMakeFiles/ar_control_client.dir/src/ar_control_client.cpp.o] Error 1
[5.093s] gmake[1]: *** [CMakeFiles/Makefile2:195: CMakeFiles/ar_control_client.dir/all] Error 2
[6.054s] In file included from [01m[K/home/hans/ar/ar_src/command/ar_control/src/ar_control_server.cpp:4[m[K:
[6.054s] [01m[K/home/hans/ar/ar_src/command/ar_control/include/ar_hardware_interface.h:37:17:[m[K [01;31m[Kerror: [m[Kâ€˜[01m[KArDrives[m[Kâ€™ does not name a type
[6.054s]    37 |                 [01;31m[KArDrives[m[K ar_drives;
[6.054s]       |                 [01;31m[K^~~~~~~~[m[K
[6.059s] [01m[K/home/hans/ar/ar_src/command/ar_control/include/ar_hardware_interface.h:45:17:[m[K [01;31m[Kerror: [m[Kâ€˜[01m[Kar_master[m[Kâ€™ does not name a type
[6.059s]    45 |                 [01;31m[Kar_master[m[K::Protocol* protocol_manager_;
[6.059s]       |                 [01;31m[K^~~~~~~~~[m[K
[6.075s] [01m[K/home/hans/ar/ar_src/command/ar_control/src/ar_control_server.cpp:[m[K In member function â€˜[01m[Kvoid ar_control::ArControlServer::incomingDisplayTrajectory(moveit_msgs::msg::DisplayTrajectory_<std::allocator<void> >::ConstSharedPtr)[m[Kâ€™:
[6.075s] [01m[K/home/hans/ar/ar_src/command/ar_control/src/ar_control_server.cpp:32:24:[m[K [01;31m[Kerror: [m[Kâ€˜[01m[Kclass ar_control::ArHardwareInterface[m[Kâ€™ has no member named â€˜[01m[Kmove[m[Kâ€™
[6.075s]    32 |                 robot->[01;31m[Kmove[m[K("", msg->trajectory[0].joint_trajectory, status);
[6.075s]       |                        [01;31m[K^~~~[m[K
[6.097s] [01m[K/home/hans/ar/ar_src/command/ar_control/src/ar_control_server.cpp:[m[K In member function â€˜[01m[Kvoid ar_control::ArControlServer::execute(std::shared_ptr<rclcpp_action::ServerGoalHandle<ar_action::action::ArControl> >)[m[Kâ€™:
[6.098s] [01m[K/home/hans/ar/ar_src/command/ar_control/src/ar_control_server.cpp:92:52:[m[K [01;31m[Kerror: [m[Kâ€˜[01m[KSUCCESS[m[Kâ€™ is not a member of â€˜[01m[Kar_control::ControlErrorCode[m[Kâ€™
[6.098s]    92 |                         status = ControlErrorCode::[01;31m[KSUCCESS[m[K;
[6.098s]       |                                                    [01;31m[K^~~~~~~[m[K
[6.098s] [01m[K/home/hans/ar/ar_src/command/ar_control/src/ar_control_server.cpp:99:40:[m[K [01;31m[Kerror: [m[Kâ€˜[01m[Kclass ar_control::ArHardwareInterface[m[Kâ€™ has no member named â€˜[01m[Kmove[m[Kâ€™
[6.098s]    99 |                                 robot->[01;31m[Kmove[m[K(goal->planning_group, goal->trajectory, status);
[6.098s]       |                                        [01;31m[K^~~~[m[K
[6.098s] [01m[K/home/hans/ar/ar_src/command/ar_control/src/ar_control_server.cpp:102:60:[m[K [01;31m[Kerror: [m[Kâ€˜[01m[KSUCCESS[m[Kâ€™ is not a member of â€˜[01m[Kar_control::ControlErrorCode[m[Kâ€™
[6.098s]   102 |                                 status = ControlErrorCode::[01;31m[KSUCCESS[m[K;
[6.098s]       |                                                            [01;31m[K^~~~~~~[m[K
[6.117s] In file included from [01m[K/home/hans/ar/ar_src/command/ar_control/src/ar_hardware_interface.cpp:1[m[K:
[6.117s] [01m[K/home/hans/ar/ar_src/command/ar_control/include/ar_hardware_interface.h:37:17:[m[K [01;31m[Kerror: [m[Kâ€˜[01m[KArDrives[m[Kâ€™ does not name a type
[6.117s]    37 |                 [01;31m[KArDrives[m[K ar_drives;
[6.117s]       |                 [01;31m[K^~~~~~~~[m[K
[6.122s] [01m[K/home/hans/ar/ar_src/command/ar_control/include/ar_hardware_interface.h:45:17:[m[K [01;31m[Kerror: [m[Kâ€˜[01m[Kar_master[m[Kâ€™ does not name a type
[6.122s]    45 |                 [01;31m[Kar_master[m[K::Protocol* protocol_manager_;
[6.122s]       |                 [01;31m[K^~~~~~~~~[m[K
[6.146s] [01m[K/home/hans/ar/ar_src/command/ar_control/src/ar_hardware_interface.cpp:[m[K In constructor â€˜[01m[Kar_control::ArHardwareInterface::ArHardwareInterface(bool, bool)[m[Kâ€™:
[6.146s] [01m[K/home/hans/ar/ar_src/command/ar_control/src/ar_hardware_interface.cpp:25:9:[m[K [01;31m[Kerror: [m[Kâ€˜[01m[Kar_hardware_interface_node_[m[Kâ€™ was not declared in this scope; did you mean â€˜[01m[KArHardwareInterface[m[Kâ€™?
[6.146s]    25 |         [01;31m[Kar_hardware_interface_node_[m[K = rclcpp::Node::make_shared("ar_hardware_interface_node",
[6.146s]       |         [01;31m[K^~~~~~~~~~~~~~~~~~~~~~~~~~~[m[K
[6.146s]       |         [32m[KArHardwareInterface[m[K
[6.167s] [01m[K/home/hans/ar/ar_src/command/ar_control/src/ar_hardware_interface.cpp:26:88:[m[K [01;31m[Kerror: [m[Kâ€˜[01m[Kautomatically_declare_parameters_from_overrides[m[Kâ€™ was not declared in this scope
[6.167s]    26 |                                                                 rclcpp::NodeOptions(), [01;31m[Kautomatically_declare_parameters_from_overrides[m[K(true));
[6.167s]       |                                                                                        [01;31m[K^~~~~~~~~~~~~~~~~~~~~~~~~~~~~~~~~~~~~~~~~~~~~~~[m[K
[6.167s] In file included from [01m[K/opt/ros/humble/include/rclcpp/rclcpp/client.hpp:40[m[K,
[6.167s]                  from [01m[K/opt/ros/humble/include/rclcpp/rclcpp/callback_group.hpp:24[m[K,
[6.167s]                  from [01m[K/opt/ros/humble/include/rclcpp/rclcpp/any_executable.hpp:20[m[K,
[6.167s]                  from [01m[K/opt/ros/humble/include/rclcpp/rclcpp/memory_strategy.hpp:25[m[K,
[6.167s]                  from [01m[K/opt/ros/humble/include/rclcpp/rclcpp/memory_strategies.hpp:18[m[K,
[6.167s]                  from [01m[K/opt/ros/humble/include/rclcpp/rclcpp/executor_options.hpp:20[m[K,
[6.167s]                  from [01m[K/opt/ros/humble/include/rclcpp/rclcpp/executor.hpp:37[m[K,
[6.168s]                  from [01m[K/opt/ros/humble/include/rclcpp/rclcpp/executors/multi_threaded_executor.hpp:25[m[K,
[6.168s]                  from [01m[K/opt/ros/humble/include/rclcpp/rclcpp/executors.hpp:21[m[K,
[6.168s]                  from [01m[K/opt/ros/humble/include/rclcpp/rclcpp/rclcpp.hpp:155[m[K,
[6.168s]                  from [01m[K/home/hans/ar/ar_src/command/ar_control/include/ar_control_server.h:12[m[K,
[6.168s]                  from [01m[K/home/hans/ar/ar_src/command/ar_control/include/ar_hardware_interface.h:11[m[K,
[6.168s]                  from [01m[K/home/hans/ar/ar_src/command/ar_control/src/ar_hardware_interface.cpp:1[m[K:
[6.168s] [01m[K/home/hans/ar/ar_src/command/ar_control/src/ar_hardware_interface.cpp:30:13:[m[K [01;31m[Kerror: [m[Ktemplate argument 1 is invalid
[6.168s]    30 |             [01;31m[KRCLCPP_ERROR[m[K(ar_hardware_interface_node_->get_logger(), "Parameter 'robot_description' not found.");
[6.168s]       |             [01;31m[K^~~~~~~~~~~~[m[K
[6.168s] [01m[K/home/hans/ar/ar_src/command/ar_control/src/ar_hardware_interface.cpp:30:13:[m[K [01;31m[Kerror: [m[Ktemplate argument 1 is invalid
[6.168s]    30 |             [01;31m[KRCLCPP_ERROR[m[K(ar_hardware_interface_node_->get_logger(), "Parameter 'robot_description' not found.");
[6.168s]       |             [01;31m[K^~~~~~~~~~~~[m[K
[6.168s] [01m[K/home/hans/ar/ar_src/command/ar_control/src/ar_hardware_interface.cpp:30:13:[m[K [01;31m[Kerror: [m[Ktemplate argument 1 is invalid
[6.168s]    30 |             [01;31m[KRCLCPP_ERROR[m[K(ar_hardware_interface_node_->get_logger(), "Parameter 'robot_description' not found.");
[6.168s]       |             [01;31m[K^~~~~~~~~~~~[m[K
[6.168s] [01m[K/home/hans/ar/ar_src/command/ar_control/src/ar_hardware_interface.cpp:35:13:[m[K [01;31m[Kerror: [m[Ktemplate argument 1 is invalid
[6.168s]    35 |             [01;31m[KRCLCPP_ERROR[m[K(ar_hardware_interface_node_->get_logger(), "Failed to parse URDF model.");
[6.168s]       |             [01;31m[K^~~~~~~~~~~~[m[K
[6.168s] [01m[K/home/hans/ar/ar_src/command/ar_control/src/ar_hardware_interface.cpp:35:13:[m[K [01;31m[Kerror: [m[Ktemplate argument 1 is invalid
[6.168s]    35 |             [01;31m[KRCLCPP_ERROR[m[K(ar_hardware_interface_node_->get_logger(), "Failed to parse URDF model.");
[6.168s]       |             [01;31m[K^~~~~~~~~~~~[m[K
[6.168s] [01m[K/home/hans/ar/ar_src/command/ar_control/src/ar_hardware_interface.cpp:35:13:[m[K [01;31m[Kerror: [m[Ktemplate argument 1 is invalid
[6.168s]    35 |             [01;31m[KRCLCPP_ERROR[m[K(ar_hardware_interface_node_->get_logger(), "Failed to parse URDF model.");
[6.168s]       |             [01;31m[K^~~~~~~~~~~~[m[K
[6.174s] [01m[K/home/hans/ar/ar_src/command/ar_control/src/ar_hardware_interface.cpp:[m[K In member function â€˜[01m[Kvoid ar_control::ArHardwareInterface::shutdown()[m[Kâ€™:
[6.174s] [01m[K/home/hans/ar/ar_src/command/ar_control/src/ar_hardware_interface.cpp:54:27:[m[K [01;31m[Kerror: [m[Kâ€˜[01m[Kdrives[m[Kâ€™ was not declared in this scope; did you mean â€˜[01m[Kdrive[m[Kâ€™?
[6.174s]    54 |         for (auto drive : [01;31m[Kdrives[m[K)
[6.174s]       |                           [01;31m[K^~~~~~[m[K
[6.174s]       |                           [32m[Kdrive[m[K
[6.186s] [01m[K/home/hans/ar/ar_src/command/ar_control/src/ar_hardware_interface.cpp:[m[K In member function â€˜[01m[Kvoid ar_control::ArHardwareInterface::readConfigFromYaml(std::string)[m[Kâ€™:
[6.186s] [01m[K/home/hans/ar/ar_src/command/ar_control/src/ar_hardware_interface.cpp:95:13:[m[K [01;31m[Kerror: [m[Kâ€˜[01m[KDriveParameters[m[Kâ€™ was not declared in this scope
[6.186s]    95 |             [01;31m[KDriveParameters[m[K driveParams;
[6.186s]       |             [01;31m[K^~~~~~~~~~~~~~~[m[K
[6.194s] [01m[K/home/hans/ar/ar_src/command/ar_control/src/ar_hardware_interface.cpp:97:13:[m[K [01;31m[Kerror: [m[Kâ€˜[01m[KdriveParams[m[Kâ€™ was not declared in this scope
[6.194s]    97 |             [01;31m[KdriveParams[m[K.drive_id = stringToId(drive_id);
[6.194s]       |             [01;31m[K^~~~~~~~~~~[m[K
[6.195s] [01m[K/home/hans/ar/ar_src/command/ar_control/src/ar_hardware_interface.cpp:97:36:[m[K [01;31m[Kerror: [m[Kâ€˜[01m[KstringToId[m[Kâ€™ was not declared in this scope; did you mean â€˜[01m[Kar_utils::stringToId[m[Kâ€™?
[6.195s]    97 |             driveParams.drive_id = [01;31m[KstringToId[m[K(drive_id);
[6.196s]       |                                    [01;31m[K^~~~~~~~~~[m[K
[6.196s]       |                                    [32m[Kar_utils::stringToId[m[K
[6.196s] In file included from [01m[K/home/hans/ar/ar_src/command/ar_control/include/ar_control_server.h:19[m[K,
[6.196s]                  from [01m[K/home/hans/ar/ar_src/command/ar_control/include/ar_hardware_interface.h:11[m[K,
[6.196s]                  from [01m[K/home/hans/ar/ar_src/command/ar_control/src/ar_hardware_interface.cpp:1[m[K:
[6.196s] [01m[K/home/hans/ar/install/ar_utils/include/ar_utils.h:31:13:[m[K [01;36m[Knote: [m[Kâ€˜[01m[Kar_utils::stringToId[m[Kâ€™ declared here
[6.196s]    31 |         int [01;36m[KstringToId[m[K(std::string str);
[6.196s]       |             [01;36m[K^~~~~~~~~~[m[K
[6.202s] [01m[K/home/hans/ar/ar_src/command/ar_control/src/ar_hardware_interface.cpp:101:39:[m[K [01;31m[Kerror: [m[Kâ€˜[01m[KNO_COMM[m[Kâ€™ was not declared in this scope; did you mean â€˜[01m[KECOMM[m[Kâ€™?
[6.202s]   101 |                 driveParams.port_id = [01;31m[KNO_COMM[m[K;
[6.202s]       |                                       [01;31m[K^~~~~~~[m[K
[6.202s]       |                                       [32m[KECOMM[m[K
[6.209s] [01m[K/home/hans/ar/ar_src/command/ar_control/src/ar_hardware_interface.cpp:103:45:[m[K [01;31m[Kerror: [m[Kâ€˜[01m[KPORT_UART[m[Kâ€™ was not declared in this scope
[6.209s]   103 |             else if (driveParams.port_id == [01;31m[KPORT_UART[m[K)
[6.209s]       |                                             [01;31m[K^~~~~~~~~[m[K
[6.217s] [01m[K/home/hans/ar/ar_src/command/ar_control/src/ar_hardware_interface.cpp:107:45:[m[K [01;31m[Kerror: [m[Kâ€˜[01m[KPORT_CAN[m[Kâ€™ was not declared in this scope
[6.217s]   107 |             else if (driveParams.port_id == [01;31m[KPORT_CAN[m[K)
[6.217s]       |                                             [01;31m[K^~~~~~~~[m[K
[6.231s] In file included from [01m[K/opt/ros/humble/include/rclcpp/rclcpp/client.hpp:40[m[K,
[6.231s]                  from [01m[K/opt/ros/humble/include/rclcpp/rclcpp/callback_group.hpp:24[m[K,
[6.231s]                  from [01m[K/opt/ros/humble/include/rclcpp/rclcpp/any_executable.hpp:20[m[K,
[6.231s]                  from [01m[K/opt/ros/humble/include/rclcpp/rclcpp/memory_strategy.hpp:25[m[K,
[6.231s]                  from [01m[K/opt/ros/humble/include/rclcpp/rclcpp/memory_strategies.hpp:18[m[K,
[6.231s]                  from [01m[K/opt/ros/humble/include/rclcpp/rclcpp/executor_options.hpp:20[m[K,
[6.231s]                  from [01m[K/opt/ros/humble/include/rclcpp/rclcpp/executor.hpp:37[m[K,
[6.231s]                  from [01m[K/opt/ros/humble/include/rclcpp/rclcpp/executors/multi_threaded_executor.hpp:25[m[K,
[6.231s]                  from [01m[K/opt/ros/humble/include/rclcpp/rclcpp/executors.hpp:21[m[K,
[6.231s]                  from [01m[K/opt/ros/humble/include/rclcpp/rclcpp/rclcpp.hpp:155[m[K,
[6.231s]                  from [01m[K/home/hans/ar/ar_src/command/ar_control/include/ar_control_server.h:12[m[K,
[6.231s]                  from [01m[K/home/hans/ar/ar_src/command/ar_control/include/ar_hardware_interface.h:11[m[K,
[6.232s]                  from [01m[K/home/hans/ar/ar_src/command/ar_control/src/ar_hardware_interface.cpp:1[m[K:
[6.232s] [01m[K/home/hans/ar/ar_src/command/ar_control/src/ar_hardware_interface.cpp:113:30:[m[K [01;31m[Kerror: [m[Kâ€˜[01m[Kar_hardware_interface_node_[m[Kâ€™ was not declared in this scope; did you mean â€˜[01m[KArHardwareInterface[m[Kâ€™?
[6.232s]   113 |                 RCLCPP_ERROR([01;31m[Kar_hardware_interface_node_[m[K->get_logger(), "Invalid port ID: %d", driveParams.port_id);
[6.232s]       |                              [01;31m[K^~~~~~~~~~~~~~~~~~~~~~~~~~~[m[K
[6.232s] [01m[K/home/hans/ar/ar_src/command/ar_control/src/ar_hardware_interface.cpp:113:17:[m[K [01;31m[Kerror: [m[Ktemplate argument 1 is invalid
[6.232s]   113 |                 [01;31m[KRCLCPP_ERROR[m[K(ar_hardware_interface_node_->get_logger(), "Invalid port ID: %d", driveParams.port_id);
[6.232s]       |                 [01;31m[K^~~~~~~~~~~~[m[K
[6.232s] [01m[K/home/hans/ar/ar_src/command/ar_control/src/ar_hardware_interface.cpp:113:17:[m[K [01;31m[Kerror: [m[Ktemplate argument 1 is invalid
[6.232s]   113 |                 [01;31m[KRCLCPP_ERROR[m[K(ar_hardware_interface_node_->get_logger(), "Invalid port ID: %d", driveParams.port_id);
[6.232s]       |                 [01;31m[K^~~~~~~~~~~~[m[K
[6.232s] [01m[K/home/hans/ar/ar_src/command/ar_control/src/ar_hardware_interface.cpp:113:17:[m[K [01;31m[Kerror: [m[Ktemplate argument 1 is invalid
[6.232s]   113 |                 [01;31m[KRCLCPP_ERROR[m[K(ar_hardware_interface_node_->get_logger(), "Invalid port ID: %d", driveParams.port_id);
[6.232s]       |                 [01;31m[K^~~~~~~~~~~~[m[K
[6.242s] [01m[K/home/hans/ar/ar_src/command/ar_control/src/ar_hardware_interface.cpp:117:17:[m[K [01;31m[Kerror: [m[Kâ€˜[01m[KJointParameters[m[Kâ€™ was not declared in this scope
[6.243s]   117 |                 [01;31m[KJointParameters[m[K jointParams;
[6.243s]       |                 [01;31m[K^~~~~~~~~~~~~~~[m[K
[6.251s] [01m[K/home/hans/ar/ar_src/command/ar_control/src/ar_hardware_interface.cpp:118:17:[m[K [01;31m[Kerror: [m[Kâ€˜[01m[KjointParams[m[Kâ€™ was not declared in this scope
[6.251s]   118 |                 [01;31m[KjointParams[m[K.joint_name = jt->first.as<std::string>();
[6.251s]       |                 [01;31m[K^~~~~~~~~~~[m[K
[6.257s] [01m[K/home/hans/ar/ar_src/command/ar_control/src/ar_hardware_interface.cpp:132:13:[m[K [01;31m[Kerror: [m[Kâ€˜[01m[Kar_drives[m[Kâ€™ was not declared in this scope; did you mean â€˜[01m[Kdrives[m[Kâ€™?
[6.258s]   132 |             [01;31m[Kar_drives[m[K.drive_parameters.push_back(driveParams);
[6.258s]       |             [01;31m[K^~~~~~~~~[m[K
[6.258s]       |             [32m[Kdrives[m[K
[6.264s] [01m[K/home/hans/ar/ar_src/command/ar_control/src/ar_hardware_interface.cpp:135:19:[m[K [01;31m[Kerror: [m[Kâ€˜[01m[Kar_drives[m[Kâ€™ was not declared in this scope; did you mean â€˜[01m[Kdrives[m[Kâ€™?
[6.264s]   135 |         std::sort([01;31m[Kar_drives[m[K.drive_parameters.begin(), ar_drives.drive_parameters.end(),
[6.264s]       |                   [01;31m[K^~~~~~~~~[m[K
[6.264s]       |                   [32m[Kdrives[m[K
[6.288s] In file included from [01m[K/home/hans/ar/ar_src/command/ar_control/src/ar_control_server.cpp:4[m[K:
[6.288s] [01m[K/home/hans/ar/ar_src/command/ar_control/include/ar_hardware_interface.h:37:17:[m[K [01;31m[Kerror: [m[Kâ€˜[01m[KArDrives[m[Kâ€™ does not name a type
[6.288s]    37 |                 [01;31m[KArDrives[m[K ar_drives;
[6.288s]       |                 [01;31m[K^~~~~~~~[m[K
[6.289s] In file included from [01m[K/home/hans/ar/ar_src/command/ar_control/src/ar_hardware_interface.cpp:1[m[K:
[6.290s] [01m[K/home/hans/ar/ar_src/command/ar_control/include/ar_hardware_interface.h:37:17:[m[K [01;31m[Kerror: [m[Kâ€˜[01m[KArDrives[m[Kâ€™ does not name a type
[6.290s]    37 |                 [01;31m[KArDrives[m[K ar_drives;
[6.290s]       |                 [01;31m[K^~~~~~~~[m[K
[6.292s] [01m[K/home/hans/ar/ar_src/command/ar_control/include/ar_hardware_interface.h:45:17:[m[K [01;31m[Kerror: [m[Kâ€˜[01m[Kar_master[m[Kâ€™ does not name a type
[6.292s]    45 |                 [01;31m[Kar_master[m[K::Protocol* protocol_manager_;
[6.292s]       |                 [01;31m[K^~~~~~~~~[m[K
[6.294s] [01m[K/home/hans/ar/ar_src/command/ar_control/include/ar_hardware_interface.h:45:17:[m[K [01;31m[Kerror: [m[Kâ€˜[01m[Kar_master[m[Kâ€™ does not name a type
[6.294s]    45 |                 [01;31m[Kar_master[m[K::Protocol* protocol_manager_;
[6.294s]       |                 [01;31m[K^~~~~~~~~[m[K
[6.310s] [01m[K/home/hans/ar/ar_src/command/ar_control/src/ar_control_server.cpp:[m[K In member function â€˜[01m[Kvoid ar_control::ArControlServer::incomingDisplayTrajectory(moveit_msgs::msg::DisplayTrajectory_<std::allocator<void> >::ConstSharedPtr)[m[Kâ€™:
[6.310s] [01m[K/home/hans/ar/ar_src/command/ar_control/src/ar_control_server.cpp:32:24:[m[K [01;31m[Kerror: [m[Kâ€˜[01m[Kclass ar_control::ArHardwareInterface[m[Kâ€™ has no member named â€˜[01m[Kmove[m[Kâ€™
[6.310s]    32 |                 robot->[01;31m[Kmove[m[K("", msg->trajectory[0].joint_trajectory, status);
[6.310s]       |                        [01;31m[K^~~~[m[K
[6.320s] [01m[K/home/hans/ar/ar_src/command/ar_control/src/ar_hardware_interface.cpp:[m[K In constructor â€˜[01m[Kar_control::ArHardwareInterface::ArHardwareInterface(bool, bool)[m[Kâ€™:
[6.320s] [01m[K/home/hans/ar/ar_src/command/ar_control/src/ar_hardware_interface.cpp:25:9:[m[K [01;31m[Kerror: [m[Kâ€˜[01m[Kar_hardware_interface_node_[m[Kâ€™ was not declared in this scope; did you mean â€˜[01m[KArHardwareInterface[m[Kâ€™?
[6.320s]    25 |         [01;31m[Kar_hardware_interface_node_[m[K = rclcpp::Node::make_shared("ar_hardware_interface_node",
[6.320s]       |         [01;31m[K^~~~~~~~~~~~~~~~~~~~~~~~~~~[m[K
[6.320s]       |         [32m[KArHardwareInterface[m[K
[6.332s] [01m[K/home/hans/ar/ar_src/command/ar_control/src/ar_control_server.cpp:[m[K In member function â€˜[01m[Kvoid ar_control::ArControlServer::execute(std::shared_ptr<rclcpp_action::ServerGoalHandle<ar_action::action::ArControl> >)[m[Kâ€™:
[6.332s] [01m[K/home/hans/ar/ar_src/command/ar_control/src/ar_control_server.cpp:92:52:[m[K [01;31m[Kerror: [m[Kâ€˜[01m[KSUCCESS[m[Kâ€™ is not a member of â€˜[01m[Kar_control::ControlErrorCode[m[Kâ€™
[6.332s]    92 |                         status = ControlErrorCode::[01;31m[KSUCCESS[m[K;
[6.332s]       |                                                    [01;31m[K^~~~~~~[m[K
[6.332s] [01m[K/home/hans/ar/ar_src/command/ar_control/src/ar_control_server.cpp:99:40:[m[K [01;31m[Kerror: [m[Kâ€˜[01m[Kclass ar_control::ArHardwareInterface[m[Kâ€™ has no member named â€˜[01m[Kmove[m[Kâ€™
[6.332s]    99 |                                 robot->[01;31m[Kmove[m[K(goal->planning_group, goal->trajectory, status);
[6.332s]       |                                        [01;31m[K^~~~[m[K
[6.333s] [01m[K/home/hans/ar/ar_src/command/ar_control/src/ar_control_server.cpp:102:60:[m[K [01;31m[Kerror: [m[Kâ€˜[01m[KSUCCESS[m[Kâ€™ is not a member of â€˜[01m[Kar_control::ControlErrorCode[m[Kâ€™
[6.333s]   102 |                                 status = ControlErrorCode::[01;31m[KSUCCESS[m[K;
[6.333s]       |                                                            [01;31m[K^~~~~~~[m[K
[6.342s] [01m[K/home/hans/ar/ar_src/command/ar_control/src/ar_hardware_interface.cpp:26:88:[m[K [01;31m[Kerror: [m[Kâ€˜[01m[Kautomatically_declare_parameters_from_overrides[m[Kâ€™ was not declared in this scope
[6.342s]    26 |                                                                 rclcpp::NodeOptions(), [01;31m[Kautomatically_declare_parameters_from_overrides[m[K(true));
[6.342s]       |                                                                                        [01;31m[K^~~~~~~~~~~~~~~~~~~~~~~~~~~~~~~~~~~~~~~~~~~~~~~[m[K
[6.342s] In file included from [01m[K/opt/ros/humble/include/rclcpp/rclcpp/client.hpp:40[m[K,
[6.342s]                  from [01m[K/opt/ros/humble/include/rclcpp/rclcpp/callback_group.hpp:24[m[K,
[6.342s]                  from [01m[K/opt/ros/humble/include/rclcpp/rclcpp/any_executable.hpp:20[m[K,
[6.342s]                  from [01m[K/opt/ros/humble/include/rclcpp/rclcpp/memory_strategy.hpp:25[m[K,
[6.342s]                  from [01m[K/opt/ros/humble/include/rclcpp/rclcpp/memory_strategies.hpp:18[m[K,
[6.342s]                  from [01m[K/opt/ros/humble/include/rclcpp/rclcpp/executor_options.hpp:20[m[K,
[6.343s]                  from [01m[K/opt/ros/humble/include/rclcpp/rclcpp/executor.hpp:37[m[K,
[6.343s]                  from [01m[K/opt/ros/humble/include/rclcpp/rclcpp/executors/multi_threaded_executor.hpp:25[m[K,
[6.343s]                  from [01m[K/opt/ros/humble/include/rclcpp/rclcpp/executors.hpp:21[m[K,
[6.343s]                  from [01m[K/opt/ros/humble/include/rclcpp/rclcpp/rclcpp.hpp:155[m[K,
[6.343s]                  from [01m[K/home/hans/ar/ar_src/command/ar_control/include/ar_control_server.h:12[m[K,
[6.343s]                  from [01m[K/home/hans/ar/ar_src/command/ar_control/include/ar_hardware_interface.h:11[m[K,
[6.343s]                  from [01m[K/home/hans/ar/ar_src/command/ar_control/src/ar_hardware_interface.cpp:1[m[K:
[6.343s] [01m[K/home/hans/ar/ar_src/command/ar_control/src/ar_hardware_interface.cpp:30:13:[m[K [01;31m[Kerror: [m[Ktemplate argument 1 is invalid
[6.343s]    30 |             [01;31m[KRCLCPP_ERROR[m[K(ar_hardware_interface_node_->get_logger(), "Parameter 'robot_description' not found.");
[6.343s]       |             [01;31m[K^~~~~~~~~~~~[m[K
[6.343s] [01m[K/home/hans/ar/ar_src/command/ar_control/src/ar_hardware_interface.cpp:30:13:[m[K [01;31m[Kerror: [m[Ktemplate argument 1 is invalid
[6.343s]    30 |             [01;31m[KRCLCPP_ERROR[m[K(ar_hardware_interface_node_->get_logger(), "Parameter 'robot_description' not found.");
[6.343s]       |             [01;31m[K^~~~~~~~~~~~[m[K
[6.343s] [01m[K/home/hans/ar/ar_src/command/ar_control/src/ar_hardware_interface.cpp:30:13:[m[K [01;31m[Kerror: [m[Ktemplate argument 1 is invalid
[6.343s]    30 |             [01;31m[KRCLCPP_ERROR[m[K(ar_hardware_interface_node_->get_logger(), "Parameter 'robot_description' not found.");
[6.343s]       |             [01;31m[K^~~~~~~~~~~~[m[K
[6.343s] [01m[K/home/hans/ar/ar_src/command/ar_control/src/ar_hardware_interface.cpp:35:13:[m[K [01;31m[Kerror: [m[Ktemplate argument 1 is invalid
[6.343s]    35 |             [01;31m[KRCLCPP_ERROR[m[K(ar_hardware_interface_node_->get_logger(), "Failed to parse URDF model.");
[6.343s]       |             [01;31m[K^~~~~~~~~~~~[m[K
[6.343s] [01m[K/home/hans/ar/ar_src/command/ar_control/src/ar_hardware_interface.cpp:35:13:[m[K [01;31m[Kerror: [m[Ktemplate argument 1 is invalid
[6.343s]    35 |             [01;31m[KRCLCPP_ERROR[m[K(ar_hardware_interface_node_->get_logger(), "Failed to parse URDF model.");
[6.343s]       |             [01;31m[K^~~~~~~~~~~~[m[K
[6.343s] [01m[K/home/hans/ar/ar_src/command/ar_control/src/ar_hardware_interface.cpp:35:13:[m[K [01;31m[Kerror: [m[Ktemplate argument 1 is invalid
[6.344s]    35 |             [01;31m[KRCLCPP_ERROR[m[K(ar_hardware_interface_node_->get_logger(), "Failed to parse URDF model.");
[6.344s]       |             [01;31m[K^~~~~~~~~~~~[m[K
[6.349s] [01m[K/home/hans/ar/ar_src/command/ar_control/src/ar_hardware_interface.cpp:[m[K In member function â€˜[01m[Kvoid ar_control::ArHardwareInterface::shutdown()[m[Kâ€™:
[6.349s] [01m[K/home/hans/ar/ar_src/command/ar_control/src/ar_hardware_interface.cpp:54:27:[m[K [01;31m[Kerror: [m[Kâ€˜[01m[Kdrives[m[Kâ€™ was not declared in this scope; did you mean â€˜[01m[Kdrive[m[Kâ€™?
[6.349s]    54 |         for (auto drive : [01;31m[Kdrives[m[K)
[6.349s]       |                           [01;31m[K^~~~~~[m[K
[6.350s]       |                           [32m[Kdrive[m[K
[6.362s] [01m[K/home/hans/ar/ar_src/command/ar_control/src/ar_hardware_interface.cpp:[m[K In member function â€˜[01m[Kvoid ar_control::ArHardwareInterface::readConfigFromYaml(std::string)[m[Kâ€™:
[6.362s] [01m[K/home/hans/ar/ar_src/command/ar_control/src/ar_hardware_interface.cpp:95:13:[m[K [01;31m[Kerror: [m[Kâ€˜[01m[KDriveParameters[m[Kâ€™ was not declared in this scope
[6.362s]    95 |             [01;31m[KDriveParameters[m[K driveParams;
[6.362s]       |             [01;31m[K^~~~~~~~~~~~~~~[m[K
[6.370s] [01m[K/home/hans/ar/ar_src/command/ar_control/src/ar_hardware_interface.cpp:97:13:[m[K [01;31m[Kerror: [m[Kâ€˜[01m[KdriveParams[m[Kâ€™ was not declared in this scope
[6.370s]    97 |             [01;31m[KdriveParams[m[K.drive_id = stringToId(drive_id);
[6.370s]       |             [01;31m[K^~~~~~~~~~~[m[K
[6.371s] [01m[K/home/hans/ar/ar_src/command/ar_control/src/ar_hardware_interface.cpp:97:36:[m[K [01;31m[Kerror: [m[Kâ€˜[01m[KstringToId[m[Kâ€™ was not declared in this scope; did you mean â€˜[01m[Kar_utils::stringToId[m[Kâ€™?
[6.371s]    97 |             driveParams.drive_id = [01;31m[KstringToId[m[K(drive_id);
[6.371s]       |                                    [01;31m[K^~~~~~~~~~[m[K
[6.371s]       |                                    [32m[Kar_utils::stringToId[m[K
[6.371s] In file included from [01m[K/home/hans/ar/ar_src/command/ar_control/include/ar_control_server.h:19[m[K,
[6.371s]                  from [01m[K/home/hans/ar/ar_src/command/ar_control/include/ar_hardware_interface.h:11[m[K,
[6.371s]                  from [01m[K/home/hans/ar/ar_src/command/ar_control/src/ar_hardware_interface.cpp:1[m[K:
[6.371s] [01m[K/home/hans/ar/install/ar_utils/include/ar_utils.h:31:13:[m[K [01;36m[Knote: [m[Kâ€˜[01m[Kar_utils::stringToId[m[Kâ€™ declared here
[6.371s]    31 |         int [01;36m[KstringToId[m[K(std::string str);
[6.371s]       |             [01;36m[K^~~~~~~~~~[m[K
[6.377s] [01m[K/home/hans/ar/ar_src/command/ar_control/src/ar_hardware_interface.cpp:101:39:[m[K [01;31m[Kerror: [m[Kâ€˜[01m[KNO_COMM[m[Kâ€™ was not declared in this scope; did you mean â€˜[01m[KECOMM[m[Kâ€™?
[6.378s]   101 |                 driveParams.port_id = [01;31m[KNO_COMM[m[K;
[6.378s]       |                                       [01;31m[K^~~~~~~[m[K
[6.378s]       |                                       [32m[KECOMM[m[K
[6.385s] [01m[K/home/hans/ar/ar_src/command/ar_control/src/ar_hardware_interface.cpp:103:45:[m[K [01;31m[Kerror: [m[Kâ€˜[01m[KPORT_UART[m[Kâ€™ was not declared in this scope
[6.385s]   103 |             else if (driveParams.port_id == [01;31m[KPORT_UART[m[K)
[6.385s]       |                                             [01;31m[K^~~~~~~~~[m[K
[6.391s] [01m[K/home/hans/ar/ar_src/command/ar_control/src/ar_hardware_interface.cpp:107:45:[m[K [01;31m[Kerror: [m[Kâ€˜[01m[KPORT_CAN[m[Kâ€™ was not declared in this scope
[6.392s]   107 |             else if (driveParams.port_id == [01;31m[KPORT_CAN[m[K)
[6.392s]       |                                             [01;31m[K^~~~~~~~[m[K
[6.405s] In file included from [01m[K/opt/ros/humble/include/rclcpp/rclcpp/client.hpp:40[m[K,
[6.405s]                  from [01m[K/opt/ros/humble/include/rclcpp/rclcpp/callback_group.hpp:24[m[K,
[6.405s]                  from [01m[K/opt/ros/humble/include/rclcpp/rclcpp/any_executable.hpp:20[m[K,
[6.405s]                  from [01m[K/opt/ros/humble/include/rclcpp/rclcpp/memory_strategy.hpp:25[m[K,
[6.406s]                  from [01m[K/opt/ros/humble/include/rclcpp/rclcpp/memory_strategies.hpp:18[m[K,
[6.406s]                  from [01m[K/opt/ros/humble/include/rclcpp/rclcpp/executor_options.hpp:20[m[K,
[6.406s]                  from [01m[K/opt/ros/humble/include/rclcpp/rclcpp/executor.hpp:37[m[K,
[6.406s]                  from [01m[K/opt/ros/humble/include/rclcpp/rclcpp/executors/multi_threaded_executor.hpp:25[m[K,
[6.406s]                  from [01m[K/opt/ros/humble/include/rclcpp/rclcpp/executors.hpp:21[m[K,
[6.406s]                  from [01m[K/opt/ros/humble/include/rclcpp/rclcpp/rclcpp.hpp:155[m[K,
[6.406s]                  from [01m[K/home/hans/ar/ar_src/command/ar_control/include/ar_control_server.h:12[m[K,
[6.406s]                  from [01m[K/home/hans/ar/ar_src/command/ar_control/include/ar_hardware_interface.h:11[m[K,
[6.406s]                  from [01m[K/home/hans/ar/ar_src/command/ar_control/src/ar_hardware_interface.cpp:1[m[K:
[6.406s] [01m[K/home/hans/ar/ar_src/command/ar_control/src/ar_hardware_interface.cpp:113:30:[m[K [01;31m[Kerror: [m[Kâ€˜[01m[Kar_hardware_interface_node_[m[Kâ€™ was not declared in this scope; did you mean â€˜[01m[KArHardwareInterface[m[Kâ€™?
[6.406s]   113 |                 RCLCPP_ERROR([01;31m[Kar_hardware_interface_node_[m[K->get_logger(), "Invalid port ID: %d", driveParams.port_id);
[6.406s]       |                              [01;31m[K^~~~~~~~~~~~~~~~~~~~~~~~~~~[m[K
[6.406s] [01m[K/home/hans/ar/ar_src/command/ar_control/src/ar_hardware_interface.cpp:113:17:[m[K [01;31m[Kerror: [m[Ktemplate argument 1 is invalid
[6.406s]   113 |                 [01;31m[KRCLCPP_ERROR[m[K(ar_hardware_interface_node_->get_logger(), "Invalid port ID: %d", driveParams.port_id);
[6.406s]       |                 [01;31m[K^~~~~~~~~~~~[m[K
[6.406s] [01m[K/home/hans/ar/ar_src/command/ar_control/src/ar_hardware_interface.cpp:113:17:[m[K [01;31m[Kerror: [m[Ktemplate argument 1 is invalid
[6.406s]   113 |                 [01;31m[KRCLCPP_ERROR[m[K(ar_hardware_interface_node_->get_logger(), "Invalid port ID: %d", driveParams.port_id);
[6.406s]       |                 [01;31m[K^~~~~~~~~~~~[m[K
[6.406s] [01m[K/home/hans/ar/ar_src/command/ar_control/src/ar_hardware_interface.cpp:113:17:[m[K [01;31m[Kerror: [m[Ktemplate argument 1 is invalid
[6.406s]   113 |                 [01;31m[KRCLCPP_ERROR[m[K(ar_hardware_interface_node_->get_logger(), "Invalid port ID: %d", driveParams.port_id);
[6.406s]       |                 [01;31m[K^~~~~~~~~~~~[m[K
[6.419s] [01m[K/home/hans/ar/ar_src/command/ar_control/src/ar_hardware_interface.cpp:117:17:[m[K [01;31m[Kerror: [m[Kâ€˜[01m[KJointParameters[m[Kâ€™ was not declared in this scope
[6.419s]   117 |                 [01;31m[KJointParameters[m[K jointParams;
[6.419s]       |                 [01;31m[K^~~~~~~~~~~~~~~[m[K
[6.427s] [01m[K/home/hans/ar/ar_src/command/ar_control/src/ar_hardware_interface.cpp:118:17:[m[K [01;31m[Kerror: [m[Kâ€˜[01m[KjointParams[m[Kâ€™ was not declared in this scope
[6.427s]   118 |                 [01;31m[KjointParams[m[K.joint_name = jt->first.as<std::string>();
[6.427s]       |                 [01;31m[K^~~~~~~~~~~[m[K
[6.434s] [01m[K/home/hans/ar/ar_src/command/ar_control/src/ar_hardware_interface.cpp:132:13:[m[K [01;31m[Kerror: [m[Kâ€˜[01m[Kar_drives[m[Kâ€™ was not declared in this scope; did you mean â€˜[01m[Kdrives[m[Kâ€™?
[6.434s]   132 |             [01;31m[Kar_drives[m[K.drive_parameters.push_back(driveParams);
[6.434s]       |             [01;31m[K^~~~~~~~~[m[K
[6.434s]       |             [32m[Kdrives[m[K
[6.440s] [01m[K/home/hans/ar/ar_src/command/ar_control/src/ar_hardware_interface.cpp:135:19:[m[K [01;31m[Kerror: [m[Kâ€˜[01m[Kar_drives[m[Kâ€™ was not declared in this scope; did you mean â€˜[01m[Kdrives[m[Kâ€™?
[6.440s]   135 |         std::sort([01;31m[Kar_drives[m[K.drive_parameters.begin(), ar_drives.drive_parameters.end(),
[6.440s]       |                   [01;31m[K^~~~~~~~~[m[K
[6.441s]       |                   [32m[Kdrives[m[K
[6.515s] In file included from [01m[K/home/hans/ar/ar_src/command/ar_control/include/ar_system.hpp:30[m[K,
[6.515s]                  from [01m[K/home/hans/ar/ar_src/command/ar_control/src/ar_system.cpp:15[m[K:
[6.515s] [01m[K/home/hans/ar/ar_src/command/ar_control/include/ar_hardware_interface.h:37:17:[m[K [01;31m[Kerror: [m[Kâ€˜[01m[KArDrives[m[Kâ€™ does not name a type
[6.515s]    37 |                 [01;31m[KArDrives[m[K ar_drives;
[6.515s]       |                 [01;31m[K^~~~~~~~[m[K
[6.515s] In file included from [01m[K/home/hans/ar/ar_src/command/ar_control/include/ar_system.hpp:30[m[K,
[6.515s]                  from [01m[K/home/hans/ar/ar_src/command/ar_control/src/ar_system.cpp:15[m[K:
[6.515s] [01m[K/home/hans/ar/ar_src/command/ar_control/include/ar_hardware_interface.h:37:17:[m[K [01;31m[Kerror: [m[Kâ€˜[01m[KArDrives[m[Kâ€™ does not name a type
[6.515s]    37 |                 [01;31m[KArDrives[m[K ar_drives;
[6.516s]       |                 [01;31m[K^~~~~~~~[m[K
[6.519s] [01m[K/home/hans/ar/ar_src/command/ar_control/include/ar_hardware_interface.h:45:17:[m[K [01;31m[Kerror: [m[Kâ€˜[01m[Kar_master[m[Kâ€™ does not name a type
[6.519s]    45 |                 [01;31m[Kar_master[m[K::Protocol* protocol_manager_;
[6.519s]       |                 [01;31m[K^~~~~~~~~[m[K
[6.520s] [01m[K/home/hans/ar/ar_src/command/ar_control/include/ar_hardware_interface.h:45:17:[m[K [01;31m[Kerror: [m[Kâ€˜[01m[Kar_master[m[Kâ€™ does not name a type
[6.520s]    45 |                 [01;31m[Kar_master[m[K::Protocol* protocol_manager_;
[6.520s]       |                 [01;31m[K^~~~~~~~~[m[K
[6.532s] In file included from [01m[K/opt/ros/humble/include/rclcpp/rclcpp/logging.hpp:24[m[K,
[6.532s]                  from [01m[K/opt/ros/humble/include/rclcpp/rclcpp/client.hpp:40[m[K,
[6.532s]                  from [01m[K/opt/ros/humble/include/rclcpp/rclcpp/callback_group.hpp:24[m[K,
[6.532s]                  from [01m[K/opt/ros/humble/include/rclcpp/rclcpp/any_executable.hpp:20[m[K,
[6.532s]                  from [01m[K/opt/ros/humble/include/rclcpp/rclcpp/memory_strategy.hpp:25[m[K,
[6.532s]                  from [01m[K/opt/ros/humble/include/rclcpp/rclcpp/memory_strategies.hpp:18[m[K,
[6.532s]                  from [01m[K/opt/ros/humble/include/rclcpp/rclcpp/executor_options.hpp:20[m[K,
[6.532s]                  from [01m[K/opt/ros/humble/include/rclcpp/rclcpp/executor.hpp:37[m[K,
[6.532s]                  from [01m[K/opt/ros/humble/include/rclcpp/rclcpp/executors/multi_threaded_executor.hpp:25[m[K,
[6.532s]                  from [01m[K/opt/ros/humble/include/rclcpp/rclcpp/executors.hpp:21[m[K,
[6.532s]                  from [01m[K/opt/ros/humble/include/rclcpp/rclcpp/rclcpp.hpp:155[m[K,
[6.533s]                  from [01m[K/home/hans/ar/ar_src/command/ar_control/include/ar_control_server.h:12[m[K,
[6.533s]                  from [01m[K/home/hans/ar/ar_src/command/ar_control/include/ar_hardware_interface.h:11[m[K,
[6.533s]                  from [01m[K/home/hans/ar/ar_src/command/ar_control/include/ar_system.hpp:30[m[K,
[6.533s]                  from [01m[K/home/hans/ar/ar_src/command/ar_control/src/ar_system.cpp:15[m[K:
[6.533s] [01m[K/home/hans/ar/ar_src/command/ar_control/src/ar_system.cpp:[m[K In member function â€˜[01m[Kvirtual CallbackReturn ar_control::ArSystemHardware::on_init(const hardware_interface::HardwareInfo&)[m[Kâ€™:
[6.533s] [01m[K/home/hans/ar/ar_src/command/ar_control/src/ar_system.cpp:49:69:[m[K [01;35m[Kwarning: [m[Kformat â€˜[01m[K%s[m[Kâ€™ expects argument of type â€˜[01m[Kchar*[m[Kâ€™, but argument 6 has type â€˜[01m[Kint[m[Kâ€™ [[01;35m[K]8;;https://gcc.gnu.org/onlinedocs/gcc/Warning-Options.html#index-Wformat=-Wformat=]8;;[m[K]
[6.533s]    49 |                 RCLCPP_WARN(rclcpp::get_logger("ArSystemHardware"), [01;35m[K"Init robot: %s, sim: %s (is_simulation=%d), ui: %s (is_ui=%d)"[m[K,
[6.533s]       |                                                                     [01;35m[K^~~~~~~~~~~~~~~~~~~~~~~~~~~~~~~~~~~~~~~~~~~~~~~~~~~~~~~~~~~~~~~[m[K
[6.533s]    50 |                                 info_.hardware_parameters["sim"].c_str(), [32m[Kis_simulation[m[K, info_.hardware_parameters["ui"].c_str(), is_ui);
[6.533s]       |                                                                           [32m[K~~~~~~~~~~~~~[m[K
[6.533s]       |                                                                           [32m[K|[m[K
[6.533s]       |                                                                           [32m[Kint[m[K
[6.533s] [01m[K/home/hans/ar/ar_src/command/ar_control/src/ar_system.cpp:49:92:[m[K [01;36m[Knote: [m[Kformat string is defined here
[6.533s]    49 |                 RCLCPP_WARN(rclcpp::get_logger("ArSystemHardware"), "Init robot: %s, sim: [01;36m[K%s[m[K (is_simulation=%d), ui: %s (is_ui=%d)",
[6.533s]       |                                                                                           [01;36m[K~^[m[K
[6.533s]       |                                                                                            [01;36m[K|[m[K
[6.533s]       |                                                                                            [01;36m[Kchar*[m[K
[6.533s]       |                                                                                           [32m[K%d[m[K
[6.534s] In file included from [01m[K/opt/ros/humble/include/rclcpp/rclcpp/logging.hpp:24[m[K,
[6.534s]                  from [01m[K/opt/ros/humble/include/rclcpp/rclcpp/client.hpp:40[m[K,
[6.534s]                  from [01m[K/opt/ros/humble/include/rclcpp/rclcpp/callback_group.hpp:24[m[K,
[6.534s]                  from [01m[K/opt/ros/humble/include/rclcpp/rclcpp/any_executable.hpp:20[m[K,
[6.534s]                  from [01m[K/opt/ros/humble/include/rclcpp/rclcpp/memory_strategy.hpp:25[m[K,
[6.534s]                  from [01m[K/opt/ros/humble/include/rclcpp/rclcpp/memory_strategies.hpp:18[m[K,
[6.534s]                  from [01m[K/opt/ros/humble/include/rclcpp/rclcpp/executor_options.hpp:20[m[K,
[6.534s]                  from [01m[K/opt/ros/humble/include/rclcpp/rclcpp/executor.hpp:37[m[K,
[6.534s]                  from [01m[K/opt/ros/humble/include/rclcpp/rclcpp/executors/multi_threaded_executor.hpp:25[m[K,
[6.534s]                  from [01m[K/opt/ros/humble/include/rclcpp/rclcpp/executors.hpp:21[m[K,
[6.534s]                  from [01m[K/opt/ros/humble/include/rclcpp/rclcpp/rclcpp.hpp:155[m[K,
[6.534s]                  from [01m[K/home/hans/ar/ar_src/command/ar_control/include/ar_control_server.h:12[m[K,
[6.534s]                  from [01m[K/home/hans/ar/ar_src/command/ar_control/include/ar_hardware_interface.h:11[m[K,
[6.534s]                  from [01m[K/home/hans/ar/ar_src/command/ar_control/include/ar_system.hpp:30[m[K,
[6.534s]                  from [01m[K/home/hans/ar/ar_src/command/ar_control/src/ar_system.cpp:15[m[K:
[6.534s] [01m[K/home/hans/ar/ar_src/command/ar_control/src/ar_system.cpp:49:69:[m[K [01;35m[Kwarning: [m[Kformat â€˜[01m[K%d[m[Kâ€™ expects argument of type â€˜[01m[Kint[m[Kâ€™, but argument 7 has type â€˜[01m[Kconst char*[m[Kâ€™ [[01;35m[K]8;;https://gcc.gnu.org/onlinedocs/gcc/Warning-Options.html#index-Wformat=-Wformat=]8;;[m[K]
[6.534s]    49 |                 RCLCPP_WARN(rclcpp::get_logger("ArSystemHardware"), [01;35m[K"Init robot: %s, sim: %s (is_simulation=%d), ui: %s (is_ui=%d)"[m[K,
[6.534s]       |                                                                     [01;35m[K^~~~~~~~~~~~~~~~~~~~~~~~~~~~~~~~~~~~~~~~~~~~~~~~~~~~~~~~~~~~~~~[m[K
[6.534s]    50 |                                 info_.hardware_parameters["sim"].c_str(), is_simulation, [32m[Kinfo_.hardware_parameters["ui"].c_str()[m[K, is_ui);
[6.534s]       |                                                                                          [32m[K~~~~~~~~~~~~~~~~~~~~~~~~~~~~~~~~~~~~~~~[m[K
[6.534s]       |                                                                                                                               [32m[K|[m[K
[6.534s]       |                                                                                                                               [32m[Kconst char*[m[K
[6.534s] [01m[K/home/hans/ar/ar_src/command/ar_control/src/ar_system.cpp:49:110:[m[K [01;36m[Knote: [m[Kformat string is defined here
[6.534s]    49 |                 RCLCPP_WARN(rclcpp::get_logger("ArSystemHardware"), "Init robot: %s, sim: %s (is_simulation=[01;36m[K%d[m[K), ui: %s (is_ui=%d)",
[6.534s]       |                                                                                                             [01;36m[K~^[m[K
[6.535s]       |                                                                                                              [01;36m[K|[m[K
[6.535s]       |                                                                                                              [01;36m[Kint[m[K
[6.535s]       |                                                                                                             [32m[K%s[m[K
[6.535s] In file included from [01m[K/opt/ros/humble/include/rclcpp/rclcpp/logging.hpp:24[m[K,
[6.535s]                  from [01m[K/opt/ros/humble/include/rclcpp/rclcpp/client.hpp:40[m[K,
[6.535s]                  from [01m[K/opt/ros/humble/include/rclcpp/rclcpp/callback_group.hpp:24[m[K,
[6.535s]                  from [01m[K/opt/ros/humble/include/rclcpp/rclcpp/any_executable.hpp:20[m[K,
[6.535s]                  from [01m[K/opt/ros/humble/include/rclcpp/rclcpp/memory_strategy.hpp:25[m[K,
[6.535s]                  from [01m[K/opt/ros/humble/include/rclcpp/rclcpp/memory_strategies.hpp:18[m[K,
[6.535s]                  from [01m[K/opt/ros/humble/include/rclcpp/rclcpp/executor_options.hpp:20[m[K,
[6.535s]                  from [01m[K/opt/ros/humble/include/rclcpp/rclcpp/executor.hpp:37[m[K,
[6.535s]                  from [01m[K/opt/ros/humble/include/rclcpp/rclcpp/executors/multi_threaded_executor.hpp:25[m[K,
[6.535s]                  from [01m[K/opt/ros/humble/include/rclcpp/rclcpp/executors.hpp:21[m[K,
[6.535s]                  from [01m[K/opt/ros/humble/include/rclcpp/rclcpp/rclcpp.hpp:155[m[K,
[6.535s]                  from [01m[K/home/hans/ar/ar_src/command/ar_control/include/ar_control_server.h:12[m[K,
[6.535s]                  from [01m[K/home/hans/ar/ar_src/command/ar_control/include/ar_hardware_interface.h:11[m[K,
[6.535s]                  from [01m[K/home/hans/ar/ar_src/command/ar_control/include/ar_system.hpp:30[m[K,
[6.535s]                  from [01m[K/home/hans/ar/ar_src/command/ar_control/src/ar_system.cpp:15[m[K:
[6.535s] [01m[K/home/hans/ar/ar_src/command/ar_control/src/ar_system.cpp:49:69:[m[K [01;35m[Kwarning: [m[Kformat â€˜[01m[K%s[m[Kâ€™ expects argument of type â€˜[01m[Kchar*[m[Kâ€™, but argument 8 has type â€˜[01m[Kint[m[Kâ€™ [[01;35m[K]8;;https://gcc.gnu.org/onlinedocs/gcc/Warning-Options.html#index-Wformat=-Wformat=]8;;[m[K]
[6.535s]    49 |                 RCLCPP_WARN(rclcpp::get_logger("ArSystemHardware"), [01;35m[K"Init robot: %s, sim: %s (is_simulation=%d), ui: %s (is_ui=%d)"[m[K,
[6.535s]       |                                                                     [01;35m[K^~~~~~~~~~~~~~~~~~~~~~~~~~~~~~~~~~~~~~~~~~~~~~~~~~~~~~~~~~~~~~~[m[K
[6.535s]    50 |                                 info_.hardware_parameters["sim"].c_str(), is_simulation, info_.hardware_parameters["ui"].c_str(), [32m[Kis_ui[m[K);
[6.535s]       |                                                                                                                                   [32m[K~~~~~[m[K
[6.535s]       |                                                                                                                                   [32m[K|[m[K
[6.535s]       |                                                                                                                                   [32m[Kint[m[K
[6.535s] [01m[K/home/hans/ar/ar_src/command/ar_control/src/ar_system.cpp:49:119:[m[K [01;36m[Knote: [m[Kformat string is defined here
[6.536s]    49 |                 RCLCPP_WARN(rclcpp::get_logger("ArSystemHardware"), "Init robot: %s, sim: %s (is_simulation=%d), ui: [01;36m[K%s[m[K (is_ui=%d)",
[6.536s]       |                                                                                                                      [01;36m[K~^[m[K
[6.536s]       |                                                                                                                       [01;36m[K|[m[K
[6.536s]       |                                                                                                                       [01;36m[Kchar*[m[K
[6.536s]       |                                                                                                                      [32m[K%d[m[K
[6.536s] In file included from [01m[K/opt/ros/humble/include/rclcpp/rclcpp/logging.hpp:24[m[K,
[6.536s]                  from [01m[K/opt/ros/humble/include/rclcpp/rclcpp/client.hpp:40[m[K,
[6.536s]                  from [01m[K/opt/ros/humble/include/rclcpp/rclcpp/callback_group.hpp:24[m[K,
[6.536s]                  from [01m[K/opt/ros/humble/include/rclcpp/rclcpp/any_executable.hpp:20[m[K,
[6.536s]                  from [01m[K/opt/ros/humble/include/rclcpp/rclcpp/memory_strategy.hpp:25[m[K,
[6.536s]                  from [01m[K/opt/ros/humble/include/rclcpp/rclcpp/memory_strategies.hpp:18[m[K,
[6.536s]                  from [01m[K/opt/ros/humble/include/rclcpp/rclcpp/executor_options.hpp:20[m[K,
[6.536s]                  from [01m[K/opt/ros/humble/include/rclcpp/rclcpp/executor.hpp:37[m[K,
[6.536s]                  from [01m[K/opt/ros/humble/include/rclcpp/rclcpp/executors/multi_threaded_executor.hpp:25[m[K,
[6.536s]                  from [01m[K/opt/ros/humble/include/rclcpp/rclcpp/executors.hpp:21[m[K,
[6.536s]                  from [01m[K/opt/ros/humble/include/rclcpp/rclcpp/rclcpp.hpp:155[m[K,
[6.536s]                  from [01m[K/home/hans/ar/ar_src/command/ar_control/include/ar_control_server.h:12[m[K,
[6.536s]                  from [01m[K/home/hans/ar/ar_src/command/ar_control/include/ar_hardware_interface.h:11[m[K,
[6.536s]                  from [01m[K/home/hans/ar/ar_src/command/ar_control/include/ar_system.hpp:30[m[K,
[6.536s]                  from [01m[K/home/hans/ar/ar_src/command/ar_control/src/ar_system.cpp:15[m[K:
[6.536s] [01m[K/home/hans/ar/ar_src/command/ar_control/src/ar_system.cpp:49:69:[m[K [01;35m[Kwarning: [m[Kformat â€˜[01m[K%d[m[Kâ€™ expects a matching â€˜[01m[Kint[m[Kâ€™ argument [[01;35m[K]8;;https://gcc.gnu.org/onlinedocs/gcc/Warning-Options.html#index-Wformat=-Wformat=]8;;[m[K]
[6.536s]    49 |                 RCLCPP_WARN(rclcpp::get_logger("ArSystemHardware"), [01;35m[K"Init robot: %s, sim: %s (is_simulation=%d), ui: %s (is_ui=%d)"[m[K,
[6.536s]       |                                                                     [01;35m[K^~~~~~~~~~~~~~~~~~~~~~~~~~~~~~~~~~~~~~~~~~~~~~~~~~~~~~~~~~~~~~~[m[K
[6.536s] [01m[K/home/hans/ar/ar_src/command/ar_control/src/ar_system.cpp:49:129:[m[K [01;36m[Knote: [m[Kformat string is defined here
[6.536s]    49 |                 RCLCPP_WARN(rclcpp::get_logger("ArSystemHardware"), "Init robot: %s, sim: %s (is_simulation=%d), ui: %s (is_ui=[01;36m[K%d[m[K)",
[6.537s]       |                                                                                                                                [01;36m[K~^[m[K
[6.537s]       |                                                                                                                                 [01;36m[K|[m[K
[6.537s]       |                                                                                                                                 [01;36m[Kint[m[K
[6.537s] In file included from [01m[K/opt/ros/humble/include/rclcpp/rclcpp/logging.hpp:24[m[K,
[6.537s]                  from [01m[K/opt/ros/humble/include/rclcpp/rclcpp/client.hpp:40[m[K,
[6.537s]                  from [01m[K/opt/ros/humble/include/rclcpp/rclcpp/callback_group.hpp:24[m[K,
[6.537s]                  from [01m[K/opt/ros/humble/include/rclcpp/rclcpp/any_executable.hpp:20[m[K,
[6.537s]                  from [01m[K/opt/ros/humble/include/rclcpp/rclcpp/memory_strategy.hpp:25[m[K,
[6.537s]                  from [01m[K/opt/ros/humble/include/rclcpp/rclcpp/memory_strategies.hpp:18[m[K,
[6.537s]                  from [01m[K/opt/ros/humble/include/rclcpp/rclcpp/executor_options.hpp:20[m[K,
[6.537s]                  from [01m[K/opt/ros/humble/include/rclcpp/rclcpp/executor.hpp:37[m[K,
[6.537s]                  from [01m[K/opt/ros/humble/include/rclcpp/rclcpp/executors/multi_threaded_executor.hpp:25[m[K,
[6.537s]                  from [01m[K/opt/ros/humble/include/rclcpp/rclcpp/executors.hpp:21[m[K,
[6.537s]                  from [01m[K/opt/ros/humble/include/rclcpp/rclcpp/rclcpp.hpp:155[m[K,
[6.537s]                  from [01m[K/home/hans/ar/ar_src/command/ar_control/include/ar_control_server.h:12[m[K,
[6.537s]                  from [01m[K/home/hans/ar/ar_src/command/ar_control/include/ar_hardware_interface.h:11[m[K,
[6.537s]                  from [01m[K/home/hans/ar/ar_src/command/ar_control/include/ar_system.hpp:30[m[K,
[6.537s]                  from [01m[K/home/hans/ar/ar_src/command/ar_control/src/ar_system.cpp:15[m[K:
[6.537s] [01m[K/home/hans/ar/ar_src/command/ar_control/src/ar_system.cpp:[m[K In member function â€˜[01m[Kvirtual CallbackReturn ar_control::ArSystemHardware::on_init(const hardware_interface::HardwareInfo&)[m[Kâ€™:
[6.537s] [01m[K/home/hans/ar/ar_src/command/ar_control/src/ar_system.cpp:49:69:[m[K [01;35m[Kwarning: [m[Kformat â€˜[01m[K%s[m[Kâ€™ expects argument of type â€˜[01m[Kchar*[m[Kâ€™, but argument 6 has type â€˜[01m[Kint[m[Kâ€™ [[01;35m[K]8;;https://gcc.gnu.org/onlinedocs/gcc/Warning-Options.html#index-Wformat=-Wformat=]8;;[m[K]
[6.537s]    49 |                 RCLCPP_WARN(rclcpp::get_logger("ArSystemHardware"), [01;35m[K"Init robot: %s, sim: %s (is_simulation=%d), ui: %s (is_ui=%d)"[m[K,
[6.537s]       |                                                                     [01;35m[K^~~~~~~~~~~~~~~~~~~~~~~~~~~~~~~~~~~~~~~~~~~~~~~~~~~~~~~~~~~~~~~[m[K
[6.537s]    50 |                                 info_.hardware_parameters["sim"].c_str(), [32m[Kis_simulation[m[K, info_.hardware_parameters["ui"].c_str(), is_ui);
[6.537s]       |                                                                           [32m[K~~~~~~~~~~~~~[m[K
[6.537s]       |                                                                           [32m[K|[m[K
[6.538s]       |                                                                           [32m[Kint[m[K
[6.538s] [01m[K/home/hans/ar/ar_src/command/ar_control/src/ar_system.cpp:49:92:[m[K [01;36m[Knote: [m[Kformat string is defined here
[6.538s]    49 |                 RCLCPP_WARN(rclcpp::get_logger("ArSystemHardware"), "Init robot: %s, sim: [01;36m[K%s[m[K (is_simulation=%d), ui: %s (is_ui=%d)",
[6.538s]       |                                                                                           [01;36m[K~^[m[K
[6.538s]       |                                                                                            [01;36m[K|[m[K
[6.538s]       |                                                                                            [01;36m[Kchar*[m[K
[6.538s]       |                                                                                           [32m[K%d[m[K
[6.538s] In file included from [01m[K/opt/ros/humble/include/rclcpp/rclcpp/logging.hpp:24[m[K,
[6.538s]                  from [01m[K/opt/ros/humble/include/rclcpp/rclcpp/client.hpp:40[m[K,
[6.538s]                  from [01m[K/opt/ros/humble/include/rclcpp/rclcpp/callback_group.hpp:24[m[K,
[6.538s]                  from [01m[K/opt/ros/humble/include/rclcpp/rclcpp/any_executable.hpp:20[m[K,
[6.538s]                  from [01m[K/opt/ros/humble/include/rclcpp/rclcpp/memory_strategy.hpp:25[m[K,
[6.538s]                  from [01m[K/opt/ros/humble/include/rclcpp/rclcpp/memory_strategies.hpp:18[m[K,
[6.538s]                  from [01m[K/opt/ros/humble/include/rclcpp/rclcpp/executor_options.hpp:20[m[K,
[6.538s]                  from [01m[K/opt/ros/humble/include/rclcpp/rclcpp/executor.hpp:37[m[K,
[6.538s]                  from [01m[K/opt/ros/humble/include/rclcpp/rclcpp/executors/multi_threaded_executor.hpp:25[m[K,
[6.538s]                  from [01m[K/opt/ros/humble/include/rclcpp/rclcpp/executors.hpp:21[m[K,
[6.538s]                  from [01m[K/opt/ros/humble/include/rclcpp/rclcpp/rclcpp.hpp:155[m[K,
[6.538s]                  from [01m[K/home/hans/ar/ar_src/command/ar_control/include/ar_control_server.h:12[m[K,
[6.538s]                  from [01m[K/home/hans/ar/ar_src/command/ar_control/include/ar_hardware_interface.h:11[m[K,
[6.538s]                  from [01m[K/home/hans/ar/ar_src/command/ar_control/include/ar_system.hpp:30[m[K,
[6.538s]                  from [01m[K/home/hans/ar/ar_src/command/ar_control/src/ar_system.cpp:15[m[K:
[6.538s] [01m[K/home/hans/ar/ar_src/command/ar_control/src/ar_system.cpp:49:69:[m[K [01;35m[Kwarning: [m[Kformat â€˜[01m[K%d[m[Kâ€™ expects argument of type â€˜[01m[Kint[m[Kâ€™, but argument 7 has type â€˜[01m[Kconst char*[m[Kâ€™ [[01;35m[K]8;;https://gcc.gnu.org/onlinedocs/gcc/Warning-Options.html#index-Wformat=-Wformat=]8;;[m[K]
[6.538s]    49 |                 RCLCPP_WARN(rclcpp::get_logger("ArSystemHardware"), [01;35m[K"Init robot: %s, sim: %s (is_simulation=%d), ui: %s (is_ui=%d)"[m[K,
[6.539s]       |                                                                     [01;35m[K^~~~~~~~~~~~~~~~~~~~~~~~~~~~~~~~~~~~~~~~~~~~~~~~~~~~~~~~~~~~~~~[m[K
[6.539s]    50 |                                 info_.hardware_parameters["sim"].c_str(), is_simulation, [32m[Kinfo_.hardware_parameters["ui"].c_str()[m[K, is_ui);
[6.539s]       |                                                                                          [32m[K~~~~~~~~~~~~~~~~~~~~~~~~~~~~~~~~~~~~~~~[m[K
[6.539s]       |                                                                                                                               [32m[K|[m[K
[6.539s]       |                                                                                                                               [32m[Kconst char*[m[K
[6.539s] [01m[K/home/hans/ar/ar_src/command/ar_control/src/ar_system.cpp:49:110:[m[K [01;36m[Knote: [m[Kformat string is defined here
[6.539s]    49 |                 RCLCPP_WARN(rclcpp::get_logger("ArSystemHardware"), "Init robot: %s, sim: %s (is_simulation=[01;36m[K%d[m[K), ui: %s (is_ui=%d)",
[6.539s]       |                                                                                                             [01;36m[K~^[m[K
[6.539s]       |                                                                                                              [01;36m[K|[m[K
[6.539s]       |                                                                                                              [01;36m[Kint[m[K
[6.539s]       |                                                                                                             [32m[K%s[m[K
[6.539s] In file included from [01m[K/opt/ros/humble/include/rclcpp/rclcpp/logging.hpp:24[m[K,
[6.539s]                  from [01m[K/opt/ros/humble/include/rclcpp/rclcpp/client.hpp:40[m[K,
[6.539s]                  from [01m[K/opt/ros/humble/include/rclcpp/rclcpp/callback_group.hpp:24[m[K,
[6.539s]                  from [01m[K/opt/ros/humble/include/rclcpp/rclcpp/any_executable.hpp:20[m[K,
[6.539s]                  from [01m[K/opt/ros/humble/include/rclcpp/rclcpp/memory_strategy.hpp:25[m[K,
[6.539s]                  from [01m[K/opt/ros/humble/include/rclcpp/rclcpp/memory_strategies.hpp:18[m[K,
[6.539s]                  from [01m[K/opt/ros/humble/include/rclcpp/rclcpp/executor_options.hpp:20[m[K,
[6.539s]                  from [01m[K/opt/ros/humble/include/rclcpp/rclcpp/executor.hpp:37[m[K,
[6.539s]                  from [01m[K/opt/ros/humble/include/rclcpp/rclcpp/executors/multi_threaded_executor.hpp:25[m[K,
[6.539s]                  from [01m[K/opt/ros/humble/include/rclcpp/rclcpp/executors.hpp:21[m[K,
[6.539s]                  from [01m[K/opt/ros/humble/include/rclcpp/rclcpp/rclcpp.hpp:155[m[K,
[6.540s]                  from [01m[K/home/hans/ar/ar_src/command/ar_control/include/ar_control_server.h:12[m[K,
[6.540s]                  from [01m[K/home/hans/ar/ar_src/command/ar_control/include/ar_hardware_interface.h:11[m[K,
[6.540s]                  from [01m[K/home/hans/ar/ar_src/command/ar_control/include/ar_system.hpp:30[m[K,
[6.540s]                  from [01m[K/home/hans/ar/ar_src/command/ar_control/src/ar_system.cpp:15[m[K:
[6.540s] [01m[K/home/hans/ar/ar_src/command/ar_control/src/ar_system.cpp:49:69:[m[K [01;35m[Kwarning: [m[Kformat â€˜[01m[K%s[m[Kâ€™ expects argument of type â€˜[01m[Kchar*[m[Kâ€™, but argument 8 has type â€˜[01m[Kint[m[Kâ€™ [[01;35m[K]8;;https://gcc.gnu.org/onlinedocs/gcc/Warning-Options.html#index-Wformat=-Wformat=]8;;[m[K]
[6.540s]    49 |                 RCLCPP_WARN(rclcpp::get_logger("ArSystemHardware"), [01;35m[K"Init robot: %s, sim: %s (is_simulation=%d), ui: %s (is_ui=%d)"[m[K,
[6.540s]       |                                                                     [01;35m[K^~~~~~~~~~~~~~~~~~~~~~~~~~~~~~~~~~~~~~~~~~~~~~~~~~~~~~~~~~~~~~~[m[K
[6.540s]    50 |                                 info_.hardware_parameters["sim"].c_str(), is_simulation, info_.hardware_parameters["ui"].c_str(), [32m[Kis_ui[m[K);
[6.540s]       |                                                                                                                                   [32m[K~~~~~[m[K
[6.540s]       |                                                                                                                                   [32m[K|[m[K
[6.540s]       |                                                                                                                                   [32m[Kint[m[K
[6.540s] [01m[K/home/hans/ar/ar_src/command/ar_control/src/ar_system.cpp:49:119:[m[K [01;36m[Knote: [m[Kformat string is defined here
[6.540s]    49 |                 RCLCPP_WARN(rclcpp::get_logger("ArSystemHardware"), "Init robot: %s, sim: %s (is_simulation=%d), ui: [01;36m[K%s[m[K (is_ui=%d)",
[6.540s]       |                                                                                                                      [01;36m[K~^[m[K
[6.540s]       |                                                                                                                       [01;36m[K|[m[K
[6.540s]       |                                                                                                                       [01;36m[Kchar*[m[K
[6.540s]       |                                                                                                                      [32m[K%d[m[K
[6.540s] In file included from [01m[K/opt/ros/humble/include/rclcpp/rclcpp/logging.hpp:24[m[K,
[6.540s]                  from [01m[K/opt/ros/humble/include/rclcpp/rclcpp/client.hpp:40[m[K,
[6.540s]                  from [01m[K/opt/ros/humble/include/rclcpp/rclcpp/callback_group.hpp:24[m[K,
[6.540s]                  from [01m[K/opt/ros/humble/include/rclcpp/rclcpp/any_executable.hpp:20[m[K,
[6.540s]                  from [01m[K/opt/ros/humble/include/rclcpp/rclcpp/memory_strategy.hpp:25[m[K,
[6.540s]                  from [01m[K/opt/ros/humble/include/rclcpp/rclcpp/memory_strategies.hpp:18[m[K,
[6.541s]                  from [01m[K/opt/ros/humble/include/rclcpp/rclcpp/executor_options.hpp:20[m[K,
[6.541s]                  from [01m[K/opt/ros/humble/include/rclcpp/rclcpp/executor.hpp:37[m[K,
[6.541s]                  from [01m[K/opt/ros/humble/include/rclcpp/rclcpp/executors/multi_threaded_executor.hpp:25[m[K,
[6.541s]                  from [01m[K/opt/ros/humble/include/rclcpp/rclcpp/executors.hpp:21[m[K,
[6.541s]                  from [01m[K/opt/ros/humble/include/rclcpp/rclcpp/rclcpp.hpp:155[m[K,
[6.541s]                  from [01m[K/home/hans/ar/ar_src/command/ar_control/include/ar_control_server.h:12[m[K,
[6.541s]                  from [01m[K/home/hans/ar/ar_src/command/ar_control/include/ar_hardware_interface.h:11[m[K,
[6.541s]                  from [01m[K/home/hans/ar/ar_src/command/ar_control/include/ar_system.hpp:30[m[K,
[6.541s]                  from [01m[K/home/hans/ar/ar_src/command/ar_control/src/ar_system.cpp:15[m[K:
[6.541s] [01m[K/home/hans/ar/ar_src/command/ar_control/src/ar_system.cpp:49:69:[m[K [01;35m[Kwarning: [m[Kformat â€˜[01m[K%d[m[Kâ€™ expects a matching â€˜[01m[Kint[m[Kâ€™ argument [[01;35m[K]8;;https://gcc.gnu.org/onlinedocs/gcc/Warning-Options.html#index-Wformat=-Wformat=]8;;[m[K]
[6.541s]    49 |                 RCLCPP_WARN(rclcpp::get_logger("ArSystemHardware"), [01;35m[K"Init robot: %s, sim: %s (is_simulation=%d), ui: %s (is_ui=%d)"[m[K,
[6.541s]       |                                                                     [01;35m[K^~~~~~~~~~~~~~~~~~~~~~~~~~~~~~~~~~~~~~~~~~~~~~~~~~~~~~~~~~~~~~~[m[K
[6.541s] [01m[K/home/hans/ar/ar_src/command/ar_control/src/ar_system.cpp:49:129:[m[K [01;36m[Knote: [m[Kformat string is defined here
[6.541s]    49 |                 RCLCPP_WARN(rclcpp::get_logger("ArSystemHardware"), "Init robot: %s, sim: %s (is_simulation=%d), ui: %s (is_ui=[01;36m[K%d[m[K)",
[6.541s]       |                                                                                                                                [01;36m[K~^[m[K
[6.541s]       |                                                                                                                                 [01;36m[K|[m[K
[6.541s]       |                                                                                                                                 [01;36m[Kint[m[K
[6.541s] [01m[K/home/hans/ar/ar_src/command/ar_control/src/ar_system.cpp:[m[K In member function â€˜[01m[Kvirtual CallbackReturn ar_control::ArSystemHardware::on_configure(const rclcpp_lifecycle::State&)[m[Kâ€™:
[6.541s] [01m[K/home/hans/ar/ar_src/command/ar_control/src/ar_system.cpp:87:41:[m[K [01;31m[Kerror: [m[Kâ€˜[01m[Kusing element_type = class ar_control::ArHardwareInterface[m[Kâ€™ {aka â€˜[01m[Kclass ar_control::ArHardwareInterface[m[Kâ€™} has no member named â€˜[01m[KgetDrives[m[Kâ€™
[6.541s]    87 |                 for(auto drive : robot->[01;31m[KgetDrives[m[K()) {
[6.542s]       |                                         [01;31m[K^~~~~~~~~[m[K
[6.542s] [01m[K/home/hans/ar/ar_src/command/ar_control/src/ar_system.cpp:[m[K In member function â€˜[01m[Kvirtual CallbackReturn ar_control::ArSystemHardware::on_configure(const rclcpp_lifecycle::State&)[m[Kâ€™:
[6.542s] [01m[K/home/hans/ar/ar_src/command/ar_control/src/ar_system.cpp:87:41:[m[K [01;31m[Kerror: [m[Kâ€˜[01m[Kusing element_type = class ar_control::ArHardwareInterface[m[Kâ€™ {aka â€˜[01m[Kclass ar_control::ArHardwareInterface[m[Kâ€™} has no member named â€˜[01m[KgetDrives[m[Kâ€™
[6.542s]    87 |                 for(auto drive : robot->[01;31m[KgetDrives[m[K()) {
[6.542s]       |                                         [01;31m[K^~~~~~~~~[m[K
[6.542s] [01m[K/home/hans/ar/ar_src/command/ar_control/src/ar_system.cpp:[m[K In member function â€˜[01m[Kvirtual std::vector<hardware_interface::StateInterface> ar_control::ArSystemHardware::export_state_interfaces()[m[Kâ€™:
[6.542s] [01m[K/home/hans/ar/ar_src/command/ar_control/src/ar_system.cpp:102:41:[m[K [01;31m[Kerror: [m[Kâ€˜[01m[Kusing element_type = class ar_control::ArHardwareInterface[m[Kâ€™ {aka â€˜[01m[Kclass ar_control::ArHardwareInterface[m[Kâ€™} has no member named â€˜[01m[KgetDrives[m[Kâ€™
[6.542s]   102 |                 for(auto drive : robot->[01;31m[KgetDrives[m[K()) {
[6.542s]       |                                         [01;31m[K^~~~~~~~~[m[K
[6.542s] [01m[K/home/hans/ar/ar_src/command/ar_control/src/ar_system.cpp:[m[K In member function â€˜[01m[Kvirtual std::vector<hardware_interface::StateInterface> ar_control::ArSystemHardware::export_state_interfaces()[m[Kâ€™:
[6.542s] [01m[K/home/hans/ar/ar_src/command/ar_control/src/ar_system.cpp:102:41:[m[K [01;31m[Kerror: [m[Kâ€˜[01m[Kusing element_type = class ar_control::ArHardwareInterface[m[Kâ€™ {aka â€˜[01m[Kclass ar_control::ArHardwareInterface[m[Kâ€™} has no member named â€˜[01m[KgetDrives[m[Kâ€™
[6.542s]   102 |                 for(auto drive : robot->[01;31m[KgetDrives[m[K()) {
[6.542s]       |                                         [01;31m[K^~~~~~~~~[m[K
[6.542s] [01m[K/home/hans/ar/ar_src/command/ar_control/src/ar_system.cpp:[m[K In member function â€˜[01m[Kvirtual std::vector<hardware_interface::CommandInterface> ar_control::ArSystemHardware::export_command_interfaces()[m[Kâ€™:
[6.542s] [01m[K/home/hans/ar/ar_src/command/ar_control/src/ar_system.cpp:119:41:[m[K [01;31m[Kerror: [m[Kâ€˜[01m[Kusing element_type = class ar_control::ArHardwareInterface[m[Kâ€™ {aka â€˜[01m[Kclass ar_control::ArHardwareInterface[m[Kâ€™} has no member named â€˜[01m[KgetDrives[m[Kâ€™
[6.542s]   119 |                 for(auto drive : robot->[01;31m[KgetDrives[m[K()) {
[6.542s]       |                                         [01;31m[K^~~~~~~~~[m[K
[6.542s] [01m[K/home/hans/ar/ar_src/command/ar_control/src/ar_system.cpp:[m[K In member function â€˜[01m[Kvirtual CallbackReturn ar_control::ArSystemHardware::on_activate(const rclcpp_lifecycle::State&)[m[Kâ€™:
[6.542s] [01m[K/home/hans/ar/ar_src/command/ar_control/src/ar_system.cpp:136:41:[m[K [01;31m[Kerror: [m[Kâ€˜[01m[Kusing element_type = class ar_control::ArHardwareInterface[m[Kâ€™ {aka â€˜[01m[Kclass ar_control::ArHardwareInterface[m[Kâ€™} has no member named â€˜[01m[KgetDrives[m[Kâ€™
[6.542s]   136 |                 for(auto drive : robot->[01;31m[KgetDrives[m[K()) {
[6.542s]       |                                         [01;31m[K^~~~~~~~~[m[K
[6.543s] [01m[K/home/hans/ar/ar_src/command/ar_control/src/ar_system.cpp:[m[K In member function â€˜[01m[Kvirtual hardware_interface::return_type ar_control::ArSystemHardware::write(const rclcpp::Time&, const rclcpp::Duration&)[m[Kâ€™:
[6.543s] [01m[K/home/hans/ar/ar_src/command/ar_control/src/ar_system.cpp:177:27:[m[K [01;31m[Kerror: [m[Kâ€˜[01m[Kusing element_type = class ar_control::ArHardwareInterface[m[Kâ€™ {aka â€˜[01m[Kclass ar_control::ArHardwareInterface[m[Kâ€™} has no member named â€˜[01m[Ksoem_drives[m[Kâ€™
[6.543s]   177 |                 if(robot->[01;31m[Ksoem_drives[m[K)
[6.543s]       |                           [01;31m[K^~~~~~~~~~~[m[K
[6.543s] [01m[K/home/hans/ar/ar_src/command/ar_control/src/ar_system.cpp:[m[K In member function â€˜[01m[Kvirtual std::vector<hardware_interface::CommandInterface> ar_control::ArSystemHardware::export_command_interfaces()[m[Kâ€™:
[6.543s] [01m[K/home/hans/ar/ar_src/command/ar_control/src/ar_system.cpp:119:41:[m[K [01;31m[Kerror: [m[Kâ€˜[01m[Kusing element_type = class ar_control::ArHardwareInterface[m[Kâ€™ {aka â€˜[01m[Kclass ar_control::ArHardwareInterface[m[Kâ€™} has no member named â€˜[01m[KgetDrives[m[Kâ€™
[6.543s]   119 |                 for(auto drive : robot->[01;31m[KgetDrives[m[K()) {
[6.543s]       |                                         [01;31m[K^~~~~~~~~[m[K
[6.543s] [01m[K/home/hans/ar/ar_src/command/ar_control/src/ar_system.cpp:[m[K In member function â€˜[01m[Kvirtual CallbackReturn ar_control::ArSystemHardware::on_activate(const rclcpp_lifecycle::State&)[m[Kâ€™:
[6.543s] [01m[K/home/hans/ar/ar_src/command/ar_control/src/ar_system.cpp:136:41:[m[K [01;31m[Kerror: [m[Kâ€˜[01m[Kusing element_type = class ar_control::ArHardwareInterface[m[Kâ€™ {aka â€˜[01m[Kclass ar_control::ArHardwareInterface[m[Kâ€™} has no member named â€˜[01m[KgetDrives[m[Kâ€™
[6.543s]   136 |                 for(auto drive : robot->[01;31m[KgetDrives[m[K()) {
[6.543s]       |                                         [01;31m[K^~~~~~~~~[m[K
[6.544s] [01m[K/home/hans/ar/ar_src/command/ar_control/src/ar_system.cpp:[m[K In member function â€˜[01m[Kvirtual hardware_interface::return_type ar_control::ArSystemHardware::write(const rclcpp::Time&, const rclcpp::Duration&)[m[Kâ€™:
[6.544s] [01m[K/home/hans/ar/ar_src/command/ar_control/src/ar_system.cpp:177:27:[m[K [01;31m[Kerror: [m[Kâ€˜[01m[Kusing element_type = class ar_control::ArHardwareInterface[m[Kâ€™ {aka â€˜[01m[Kclass ar_control::ArHardwareInterface[m[Kâ€™} has no member named â€˜[01m[Ksoem_drives[m[Kâ€™
[6.544s]   177 |                 if(robot->[01;31m[Ksoem_drives[m[K)
[6.544s]       |                           [01;31m[K^~~~~~~~~~~[m[K
[6.547s] [01m[K/home/hans/ar/ar_src/command/ar_control/src/ar_system.cpp:178:44:[m[K [01;31m[Kerror: [m[Kâ€˜[01m[Kcond[m[Kâ€™ was not declared in this scope
[6.547s]   178 |                         pthread_cond_wait(&[01;31m[Kcond[m[K, &lock);
[6.547s]       |                                            [01;31m[K^~~~[m[K
[6.548s] [01m[K/home/hans/ar/ar_src/command/ar_control/src/ar_system.cpp:178:51:[m[K [01;31m[Kerror: [m[Kâ€˜[01m[Klock[m[Kâ€™ was not declared in this scope; did you mean â€˜[01m[Kstd::lock[m[Kâ€™?
[6.548s]   178 |                         pthread_cond_wait(&cond, &[01;31m[Klock[m[K);
[6.548s]       |                                                   [01;31m[K^~~~[m[K
[6.548s]       |                                                   [32m[Kstd::lock[m[K
[6.548s] In file included from [01m[K/home/hans/ar/ar_src/command/ar_control/include/ar_control_server.h:10[m[K,
[6.548s]                  from [01m[K/home/hans/ar/ar_src/command/ar_control/include/ar_hardware_interface.h:11[m[K,
[6.548s]                  from [01m[K/home/hans/ar/ar_src/command/ar_control/include/ar_system.hpp:30[m[K,
[6.548s]                  from [01m[K/home/hans/ar/ar_src/command/ar_control/src/ar_system.cpp:15[m[K:
[6.548s] [01m[K/usr/include/c++/11/mutex:591:5:[m[K [01;36m[Knote: [m[Kâ€˜[01m[Kstd::lock[m[Kâ€™ declared here
[6.548s]   591 |     [01;36m[Klock[m[K(_L1& __l1, _L2& __l2, _L3&... __l3)
[6.548s]       |     [01;36m[K^~~~[m[K
[6.551s] [01m[K/home/hans/ar/ar_src/command/ar_control/src/ar_system.cpp:178:44:[m[K [01;31m[Kerror: [m[Kâ€˜[01m[Kcond[m[Kâ€™ was not declared in this scope
[6.551s]   178 |                         pthread_cond_wait(&[01;31m[Kcond[m[K, &lock);
[6.551s]       |                                            [01;31m[K^~~~[m[K
[6.553s] [01m[K/home/hans/ar/ar_src/command/ar_control/src/ar_system.cpp:178:51:[m[K [01;31m[Kerror: [m[Kâ€˜[01m[Klock[m[Kâ€™ was not declared in this scope; did you mean â€˜[01m[Kstd::lock[m[Kâ€™?
[6.553s]   178 |                         pthread_cond_wait(&cond, &[01;31m[Klock[m[K);
[6.553s]       |                                                   [01;31m[K^~~~[m[K
[6.553s]       |                                                   [32m[Kstd::lock[m[K
[6.553s] In file included from [01m[K/home/hans/ar/ar_src/command/ar_control/include/ar_control_server.h:10[m[K,
[6.553s]                  from [01m[K/home/hans/ar/ar_src/command/ar_control/include/ar_hardware_interface.h:11[m[K,
[6.553s]                  from [01m[K/home/hans/ar/ar_src/command/ar_control/include/ar_system.hpp:30[m[K,
[6.553s]                  from [01m[K/home/hans/ar/ar_src/command/ar_control/src/ar_system.cpp:15[m[K:
[6.553s] [01m[K/usr/include/c++/11/mutex:591:5:[m[K [01;36m[Knote: [m[Kâ€˜[01m[Kstd::lock[m[Kâ€™ declared here
[6.553s]   591 |     [01;36m[Klock[m[K(_L1& __l1, _L2& __l2, _L3&... __l3)
[6.553s]       |     [01;36m[K^~~~[m[K
[8.286s] gmake[2]: *** [CMakeFiles/ar_control.dir/build.make:104: CMakeFiles/ar_control.dir/src/ar_hardware_interface.cpp.o] Error 1
[8.477s] gmake[2]: *** [CMakeFiles/ar_control_server.dir/build.make:104: CMakeFiles/ar_control_server.dir/src/ar_hardware_interface.cpp.o] Error 1
[8.614s] gmake[2]: *** [CMakeFiles/ar_control_server.dir/build.make:118: CMakeFiles/ar_control_server.dir/src/ar_system.cpp.o] Error 1
[8.649s] gmake[2]: *** [CMakeFiles/ar_control.dir/build.make:118: CMakeFiles/ar_control.dir/src/ar_system.cpp.o] Error 1
[9.395s] gmake[2]: *** [CMakeFiles/ar_control.dir/build.make:90: CMakeFiles/ar_control.dir/src/ar_control_server.cpp.o] Error 1
[9.395s] gmake[1]: *** [CMakeFiles/Makefile2:143: CMakeFiles/ar_control.dir/all] Error 2
[9.605s] gmake[2]: *** [CMakeFiles/ar_control_server.dir/build.make:90: CMakeFiles/ar_control_server.dir/src/ar_control_server.cpp.o] Error 1
[9.605s] gmake[1]: *** [CMakeFiles/Makefile2:169: CMakeFiles/ar_control_server.dir/all] Error 2
[9.605s] gmake: *** [Makefile:146: all] Error 2
[9.608s] Invoked command in '/home/hans/ar/build/ar_control' returned '2': CMAKE_PREFIX_PATH=/home/hans/ar/install/master:/home/hans/ar/install/ar_utils:/home/hans/ar/install/ar_comm:/home/hans/ar/install/ar_scene:/home/hans/ar/install/ar_planner_interface:/home/hans/ar/install/ar_msgs:/home/hans/ar/install/ar_moveit_config:/home/hans/ar/install/ar_computation:/home/hans/ar/install/ar_action:/opt/ros/humble /usr/bin/cmake --build /home/hans/ar/build/ar_control -- -j12 -l12
