[0.007s] Invoking command in '/home/hans/ar/build/ar_utils': CMAKE_PREFIX_PATH=/opt/ros/humble /usr/bin/cmake --build /home/hans/ar/build/ar_utils -- -j12 -l12
[0.050s] [ 50%] [32mBuilding CXX object CMakeFiles/ar_utils.dir/src/ar_logging.cpp.o[0m
[0.050s] [ 50%] [32mBuilding CXX object CMakeFiles/ar_utils.dir/src/ar_serializer.cpp.o[0m
[0.050s] [ 50%] [32mBuilding CXX object CMakeFiles/ar_utils.dir/src/ar_utils.cpp.o[0m
[1.033s] In file included from [01m[K/home/hans/ar/utilities/ar_utils/src/ar_serializer.cpp:12[m[K:
[1.033s] [01m[K/home/hans/ar/utilities/ar_utils/include/ar_serializer.h:13:10:[m[K [01;31m[Kfatal error: [m[Kar_utils/ar_utils.h: No such file or directory
[1.033s]    13 | #include [01;31m[K<ar_utils/ar_utils.h>[m[K
[1.033s]       |          [01;31m[K^~~~~~~~~~~~~~~~~~~~~[m[K
[1.033s] compilation terminated.
[1.042s] gmake[2]: *** [CMakeFiles/ar_utils.dir/build.make:104: CMakeFiles/ar_utils.dir/src/ar_serializer.cpp.o] Error 1
[1.042s] gmake[2]: *** Waiting for unfinished jobs....
[1.934s] gmake[1]: *** [CMakeFiles/Makefile2:139: CMakeFiles/ar_utils.dir/all] Error 2
[1.934s] gmake: *** [Makefile:146: all] Error 2
[1.936s] Invoked command in '/home/hans/ar/build/ar_utils' returned '2': CMAKE_PREFIX_PATH=/opt/ros/humble /usr/bin/cmake --build /home/hans/ar/build/ar_utils -- -j12 -l12
