[0.008s] Invoking command in '/home/hans/ar/build/ar_utils': CMAKE_PREFIX_PATH=/opt/ros/humble /usr/bin/cmake /home/hans/ar/utilities/ar_utils -DCMAKE_INSTALL_PREFIX=/home/hans/ar/install/ar_utils
[0.018s] -- Found ament_cmake: 1.3.11 (/opt/ros/humble/share/ament_cmake/cmake)
[0.094s] -- Found yaml_cpp_vendor: 8.0.2 (/opt/ros/humble/share/yaml_cpp_vendor/cmake)
[0.094s] -- Found rclcpp: 16.0.12 (/opt/ros/humble/share/rclcpp/cmake)
[0.110s] -- Found rosidl_generator_c: 3.1.6 (/opt/ros/humble/share/rosidl_generator_c/cmake)
[0.111s] -- Found rosidl_adapter: 3.1.6 (/opt/ros/humble/share/rosidl_adapter/cmake)
[0.116s] -- Found rosidl_generator_cpp: 3.1.6 (/opt/ros/humble/share/rosidl_generator_cpp/cmake)
[0.121s] -- Using all available rosidl_typesupport_c: rosidl_typesupport_fastrtps_c;rosidl_typesupport_introspection_c
[0.128s] -- Using all available rosidl_typesupport_cpp: rosidl_typesupport_fastrtps_cpp;rosidl_typesupport_introspection_cpp
[0.146s] -- Found rmw_implementation_cmake: 6.1.2 (/opt/ros/humble/share/rmw_implementation_cmake/cmake)
[0.146s] -- Found rmw_fastrtps_cpp: 6.2.7 (/opt/ros/humble/share/rmw_fastrtps_cpp/cmake)
[0.216s] -- Using RMW implementation 'rmw_fastrtps_cpp' as default
[0.244s] -- Found rclcpp_lifecycle: 16.0.12 (/opt/ros/humble/share/rclcpp_lifecycle/cmake)
[0.259s] -- Found Boost: /usr/lib/x86_64-linux-gnu/cmake/Boost-1.74.0/BoostConfig.cmake (found version "1.74.0") found components: system filesystem date_time thread 
[0.259s] -- Found moveit_core: 2.5.9 (/opt/ros/humble/share/moveit_core/cmake)
[0.265s] -- Found Boost: /usr/lib/x86_64-linux-gnu/cmake/Boost-1.74.0/BoostConfig.cmake (found version "1.74.0") found components: chrono date_time filesystem iostreams program_options regex serialization system thread 
[0.277s] -- Found parameter_traits: 0.4.0 (/opt/ros/humble/share/parameter_traits/cmake)
[0.285s] -- Found Boost: /usr/lib/x86_64-linux-gnu/cmake/Boost-1.74.0/BoostConfig.cmake (found version "1.74.0") found components: filesystem 
[0.313s] -- library: /usr/lib/x86_64-linux-gnu/libcurl.so
[0.347s] -- Ensuring Eigen3 include directory is part of orocos-kdl CMake target
[0.515s] -- Configuring done
[0.549s] -- Generating done
[0.556s] -- Build files have been written to: /home/hans/ar/build/ar_utils
[0.566s] Invoked command in '/home/hans/ar/build/ar_utils' returned '0': CMAKE_PREFIX_PATH=/opt/ros/humble /usr/bin/cmake /home/hans/ar/utilities/ar_utils -DCMAKE_INSTALL_PREFIX=/home/hans/ar/install/ar_utils
[0.567s] Invoking command in '/home/hans/ar/build/ar_utils': CMAKE_PREFIX_PATH=/opt/ros/humble /usr/bin/cmake --build /home/hans/ar/build/ar_utils -- -j12 -l12
[0.608s] [ 33%] [32mBuilding CXX object CMakeFiles/ar_utils.dir/src/ar_logging.cpp.o[0m
[0.608s] [ 33%] [32mBuilding CXX object CMakeFiles/ar_utils.dir/src/ar_utils.cpp.o[0m
[0.608s] [ 50%] [32mBuilding CXX object CMakeFiles/ar_utils.dir/src/ar_serializer.cpp.o[0m
[0.630s] [01m[K/home/hans/ar/utilities/ar_utils/src/ar_utils.cpp:1:10:[m[K [01;31m[Kfatal error: [m[Kar_utils/ar_utils.h: No such file or directory
[0.630s]     1 | #include [01;31m[K"ar_utils/ar_utils.h"[m[K
[0.631s]       |          [01;31m[K^~~~~~~~~~~~~~~~~~~~~[m[K
[0.631s] [01m[K/home/hans/ar/utilities/ar_utils/src/ar_logging.cpp:1:10:[m[K [01;31m[Kfatal error: [m[Kar_utils/ar_logging.h: No such file or directory
[0.631s]     1 | #include [01;31m[K"ar_utils/ar_logging.h"[m[K
[0.631s]       |          [01;31m[K^~~~~~~~~~~~~~~~~~~~~~~[m[K
[0.631s] compilation terminated.
[0.631s] compilation terminated.
[0.631s] gmake[2]: *** [CMakeFiles/ar_utils.dir/build.make:76: CMakeFiles/ar_utils.dir/src/ar_utils.cpp.o] Error 1
[0.632s] gmake[2]: *** Waiting for unfinished jobs....
[0.632s] gmake[2]: *** [CMakeFiles/ar_utils.dir/build.make:90: CMakeFiles/ar_utils.dir/src/ar_logging.cpp.o] Error 1
[1.119s] [01m[K/home/hans/ar/utilities/ar_utils/src/ar_serializer.cpp:12:10:[m[K [01;31m[Kfatal error: [m[Kar_utils/ar_serializer.h: No such file or directory
[1.119s]    12 | #include [01;31m[K"ar_utils/ar_serializer.h"[m[K
[1.119s]       |          [01;31m[K^~~~~~~~~~~~~~~~~~~~~~~~~~[m[K
[1.119s] compilation terminated.
[1.124s] gmake[2]: *** [CMakeFiles/ar_utils.dir/build.make:104: CMakeFiles/ar_utils.dir/src/ar_serializer.cpp.o] Error 1
[1.125s] gmake[1]: *** [CMakeFiles/Makefile2:139: CMakeFiles/ar_utils.dir/all] Error 2
[1.125s] gmake: *** [Makefile:146: all] Error 2
[1.127s] Invoked command in '/home/hans/ar/build/ar_utils' returned '2': CMAKE_PREFIX_PATH=/opt/ros/humble /usr/bin/cmake --build /home/hans/ar/build/ar_utils -- -j12 -l12
