[0.009s] Invoking command in '/home/hans/ar/build/ar_control': AMENT_PREFIX_PATH=/home/hans/ar/install/master:/home/hans/ar/install/ar_utils:/home/hans/ar/install/ar_comm:${AMENT_PREFIX_PATH} CMAKE_PREFIX_PATH=/home/hans/ar/install/master:/home/hans/ar/install/ar_utils:/home/hans/ar/install/ar_comm:/opt/ros/humble LD_LIBRARY_PATH=/home/hans/ar/install/ar_utils/lib:${LD_LIBRARY_PATH} /usr/bin/cmake --build /home/hans/ar/build/ar_control -- -j12 -l12
[0.051s] [35m[1mConsolidate compiler generated dependencies of target ar_control_server[0m
[0.051s] [35m[1mConsolidate compiler generated dependencies of target ar_control[0m
[0.058s] [ 10%] Built target ar_control_client
[0.063s] [ 15%] [32m[1mLinking CXX executable ar_control_client_server_test[0m
[0.084s] [ 25%] [32mBuilding CXX object CMakeFiles/ar_control.dir/src/ar_drive_control.cpp.o[0m
[0.085s] [ 25%] [32mBuilding CXX object CMakeFiles/ar_control.dir/src/ar_control_server.cpp.o[0m
[0.085s] [ 30%] [32mBuilding CXX object CMakeFiles/ar_control.dir/src/ar_hardware_interface.cpp.o[0m
[0.085s] [ 35%] [32mBuilding CXX object CMakeFiles/ar_control.dir/src/ar_system.cpp.o[0m
[0.089s] [ 45%] [32mBuilding CXX object CMakeFiles/ar_control_server.dir/src/ar_control_server.cpp.o[0m
[0.091s] [ 45%] [32mBuilding CXX object CMakeFiles/ar_control_server.dir/src/ar_drive_control.cpp.o[0m
[0.095s] [ 50%] [32mBuilding CXX object CMakeFiles/ar_control_server.dir/src/ar_hardware_interface.cpp.o[0m
[0.099s] [ 55%] [32mBuilding CXX object CMakeFiles/ar_control_server.dir/src/ar_system.cpp.o[0m
[0.224s] /usr/bin/ld: CMakeFiles/ar_control_client_server_test.dir/test/ar_control_client_server_test.cpp.o: in function `main':
[0.224s] ar_control_client_server_test.cpp:(.text.startup+0x228): undefined reference to `ar_control::ArControlServer::ArControlServer(ar_control::ArHardwareInterface*, rclcpp::NodeOptions const&)'
[0.224s] /usr/bin/ld: ar_control_client_server_test.cpp:(.text.startup+0x564): undefined reference to `ar_control::ArControlServer::startActionServer()'
[0.224s] /usr/bin/ld: ar_control_client_server_test.cpp:(.text.startup+0x65b): undefined reference to `ar_control::ArControlClient::ArControlClient(std::__cxx11::basic_string<char, std::char_traits<char>, std::allocator<char> > const&, rclcpp::NodeOptions const&)'
[0.224s] /usr/bin/ld: ar_control_client_server_test.cpp:(.text.startup+0x8c9): undefined reference to `ar_control::ArControlClient::sendGoal(ar_action::action::ArControl_Goal_<std::allocator<void> > const&, bool)'
[0.231s] collect2: error: ld returned 1 exit status
[0.233s] gmake[2]: *** [CMakeFiles/ar_control_client_server_test.dir/build.make:337: ar_control_client_server_test] Error 1
[0.233s] gmake[1]: *** [CMakeFiles/Makefile2:221: CMakeFiles/ar_control_client_server_test.dir/all] Error 2
[0.233s] gmake[1]: *** Waiting for unfinished jobs....
[0.592s] [01m[K/home/hans/ar/ar_src/command/ar_control/src/ar_drive_control.cpp:[m[K In member function â€˜[01m[Kvoid ar_control::ArDriveControl::InitializeDriveClient(int)[m[Kâ€™:
[0.592s] [01m[K/home/hans/ar/ar_src/command/ar_control/src/ar_drive_control.cpp:13:52:[m[K [01;35m[Kwarning: [m[Kunused parameter â€˜[01m[KslaveId[m[Kâ€™ [[01;35m[K]8;;https://gcc.gnu.org/onlinedocs/gcc/Warning-Options.html#index-Wunused-parameter-Wunused-parameter]8;;[m[K]
[0.592s]    13 |     void ArDriveControl::InitializeDriveClient([01;35m[Kint slaveId[m[K)
[0.592s]       |                                                [01;35m[K~~~~^~~~~~~[m[K
[0.709s] [01m[K/home/hans/ar/ar_src/command/ar_control/src/ar_drive_control.cpp:[m[K In member function â€˜[01m[Kvoid ar_control::ArDriveControl::InitializeDriveClient(int)[m[Kâ€™:
[0.709s] [01m[K/home/hans/ar/ar_src/command/ar_control/src/ar_drive_control.cpp:13:52:[m[K [01;35m[Kwarning: [m[Kunused parameter â€˜[01m[KslaveId[m[Kâ€™ [[01;35m[K]8;;https://gcc.gnu.org/onlinedocs/gcc/Warning-Options.html#index-Wunused-parameter-Wunused-parameter]8;;[m[K]
[0.709s]    13 |     void ArDriveControl::InitializeDriveClient([01;35m[Kint slaveId[m[K)
[0.710s]       |                                                [01;35m[K~~~~^~~~~~~[m[K
[3.939s] [01m[K/home/hans/ar/ar_src/command/ar_control/src/ar_control_server.cpp:[m[K In member function â€˜[01m[Kvoid ar_control::ArControlServer::execute(std::shared_ptr<rclcpp_action::ServerGoalHandle<ar_action::action::ArControl> >)[m[Kâ€™:
[3.939s] [01m[K/home/hans/ar/ar_src/command/ar_control/src/ar_control_server.cpp:74:52:[m[K [01;31m[Kerror: [m[Kâ€˜[01m[KSUCCESS[m[Kâ€™ is not a member of â€˜[01m[Kar_control::ControlErrorCode[m[Kâ€™
[3.939s]    74 |                         status = ControlErrorCode::[01;31m[KSUCCESS[m[K;
[3.939s]       |                                                    [01;31m[K^~~~~~~[m[K
[3.957s] [01m[K/home/hans/ar/ar_src/command/ar_control/src/ar_hardware_interface.cpp:[m[K In constructor â€˜[01m[Kar_control::ArHardwareInterface::ArHardwareInterface(bool, bool)[m[Kâ€™:
[3.958s] [01m[K/home/hans/ar/ar_src/command/ar_control/src/ar_hardware_interface.cpp:26:88:[m[K [01;31m[Kerror: [m[Kâ€˜[01m[Kautomatically_declare_parameters_from_overrides[m[Kâ€™ was not declared in this scope
[3.958s]    26 |                                                                 rclcpp::NodeOptions(), [01;31m[Kautomatically_declare_parameters_from_overrides[m[K(true));
[3.958s]       |                                                                                        [01;31m[K^~~~~~~~~~~~~~~~~~~~~~~~~~~~~~~~~~~~~~~~~~~~~~~[m[K
[3.965s] [01m[K/home/hans/ar/ar_src/command/ar_control/src/ar_hardware_interface.cpp:[m[K In member function â€˜[01m[Kvoid ar_control::ArHardwareInterface::shutdown()[m[Kâ€™:
[3.966s] [01m[K/home/hans/ar/ar_src/command/ar_control/src/ar_hardware_interface.cpp:54:27:[m[K [01;31m[Kerror: [m[Kâ€˜[01m[KgetDrives[m[Kâ€™ was not declared in this scope; did you mean â€˜[01m[KArDrives[m[Kâ€™?
[3.966s]    54 |         for (auto drive : [01;31m[KgetDrives[m[K)
[3.966s]       |                           [01;31m[K^~~~~~~~~[m[K
[3.966s]       |                           [32m[KArDrives[m[K
[3.975s] [01m[K/home/hans/ar/ar_src/command/ar_control/src/ar_hardware_interface.cpp:[m[K In member function â€˜[01m[Kvoid ar_control::ArHardwareInterface::readConfigFromYaml(std::string)[m[Kâ€™:
[3.976s] [01m[K/home/hans/ar/ar_src/command/ar_control/src/ar_hardware_interface.cpp:95:13:[m[K [01;31m[Kerror: [m[Kâ€˜[01m[KDriveParameters[m[Kâ€™ was not declared in this scope; did you mean â€˜[01m[KDriveParameter[m[Kâ€™?
[3.976s]    95 |             [01;31m[KDriveParameters[m[K driveParams;
[3.976s]       |             [01;31m[K^~~~~~~~~~~~~~~[m[K
[3.976s]       |             [32m[KDriveParameter[m[K
[3.983s] [01m[K/home/hans/ar/ar_src/command/ar_control/src/ar_hardware_interface.cpp:97:13:[m[K [01;31m[Kerror: [m[Kâ€˜[01m[KdriveParams[m[Kâ€™ was not declared in this scope; did you mean â€˜[01m[KDriveParameter[m[Kâ€™?
[3.983s]    97 |             [01;31m[KdriveParams[m[K.drive_id = stringToId(drive_id);
[3.983s]       |             [01;31m[K^~~~~~~~~~~[m[K
[3.983s]       |             [32m[KDriveParameter[m[K
[3.984s] [01m[K/home/hans/ar/ar_src/command/ar_control/src/ar_hardware_interface.cpp:97:36:[m[K [01;31m[Kerror: [m[Kâ€˜[01m[KstringToId[m[Kâ€™ was not declared in this scope; did you mean â€˜[01m[Kar_utils::stringToId[m[Kâ€™?
[3.984s]    97 |             driveParams.drive_id = [01;31m[KstringToId[m[K(drive_id);
[3.984s]       |                                    [01;31m[K^~~~~~~~~~[m[K
[3.984s]       |                                    [32m[Kar_utils::stringToId[m[K
[3.984s] In file included from [01m[K/home/hans/ar/ar_src/command/ar_control/include/ar_control_server.h:19[m[K,
[3.984s]                  from [01m[K/home/hans/ar/ar_src/command/ar_control/include/ar_hardware_interface.h:11[m[K,
[3.984s]                  from [01m[K/home/hans/ar/ar_src/command/ar_control/src/ar_hardware_interface.cpp:1[m[K:
[3.984s] [01m[K/home/hans/ar/install/ar_utils/include/ar_utils.h:31:13:[m[K [01;36m[Knote: [m[Kâ€˜[01m[Kar_utils::stringToId[m[Kâ€™ declared here
[3.985s]    31 |         int [01;36m[KstringToId[m[K(std::string str);
[3.985s]       |             [01;36m[K^~~~~~~~~~[m[K
[3.991s] [01m[K/home/hans/ar/ar_src/command/ar_control/src/ar_hardware_interface.cpp:103:45:[m[K [01;31m[Kerror: [m[Kâ€˜[01m[KPORT_UART[m[Kâ€™ was not declared in this scope; did you mean â€˜[01m[KPORT_CAN[m[Kâ€™?
[3.991s]   103 |             else if (driveParams.port_id == [01;31m[KPORT_UART[m[K)
[3.991s]       |                                             [01;31m[K^~~~~~~~~[m[K
[3.991s]       |                                             [32m[KPORT_CAN[m[K
[3.992s] [01m[K/home/hans/ar/ar_src/command/ar_control/src/ar_hardware_interface.cpp:[m[K At global scope:
[3.992s] [01m[K/home/hans/ar/ar_src/command/ar_control/src/ar_hardware_interface.cpp:142:37:[m[K [01;31m[Kerror: [m[Kno declaration matches â€˜[01m[Kstd::map<int, ar_control::ArDriveControl*> ar_control::ArHardwareInterface::getDrives()[m[Kâ€™
[3.993s]   142 |     std::map<int, ArDriveControl *> [01;31m[KArHardwareInterface[m[K::getDrives()
[3.993s]       |                                     [01;31m[K^~~~~~~~~~~~~~~~~~~[m[K
[3.993s] [01m[K/home/hans/ar/ar_src/command/ar_control/src/ar_hardware_interface.cpp:142:37:[m[K [01;36m[Knote: [m[Kno functions named â€˜[01m[Kstd::map<int, ar_control::ArDriveControl*> ar_control::ArHardwareInterface::getDrives()[m[Kâ€™
[3.993s] In file included from [01m[K/home/hans/ar/ar_src/command/ar_control/src/ar_hardware_interface.cpp:1[m[K:
[3.993s] [01m[K/home/hans/ar/ar_src/command/ar_control/include/ar_hardware_interface.h:25:15:[m[K [01;36m[Knote: [m[Kâ€˜[01m[Kclass ar_control::ArHardwareInterface[m[Kâ€™ defined here
[3.993s]    25 |         class [01;36m[KArHardwareInterface[m[K
[3.993s]       |               [01;36m[K^~~~~~~~~~~~~~~~~~~[m[K
[4.108s] [01m[K/home/hans/ar/ar_src/command/ar_control/src/ar_control_server.cpp:[m[K In member function â€˜[01m[Kvoid ar_control::ArControlServer::execute(std::shared_ptr<rclcpp_action::ServerGoalHandle<ar_action::action::ArControl> >)[m[Kâ€™:
[4.108s] [01m[K/home/hans/ar/ar_src/command/ar_control/src/ar_control_server.cpp:74:52:[m[K [01;31m[Kerror: [m[Kâ€˜[01m[KSUCCESS[m[Kâ€™ is not a member of â€˜[01m[Kar_control::ControlErrorCode[m[Kâ€™
[4.108s]    74 |                         status = ControlErrorCode::[01;31m[KSUCCESS[m[K;
[4.108s]       |                                                    [01;31m[K^~~~~~~[m[K
[4.133s] [01m[K/home/hans/ar/ar_src/command/ar_control/src/ar_system.cpp:[m[K In member function â€˜[01m[Kvirtual CallbackReturn ar_control::ArSystemHardware::on_configure(const rclcpp_lifecycle::State&)[m[Kâ€™:
[4.133s] [01m[K/home/hans/ar/ar_src/command/ar_control/src/ar_system.cpp:88:41:[m[K [01;31m[Kerror: [m[Kâ€˜[01m[Kusing element_type = class ar_control::ArHardwareInterface[m[Kâ€™ {aka â€˜[01m[Kclass ar_control::ArHardwareInterface[m[Kâ€™} has no member named â€˜[01m[KgetDrives[m[Kâ€™
[4.133s]    88 |                 for(auto drive : robot->[01;31m[KgetDrives[m[K()) {
[4.133s]       |                                         [01;31m[K^~~~~~~~~[m[K
[4.136s] [01m[K/home/hans/ar/ar_src/command/ar_control/src/ar_system.cpp:[m[K In member function â€˜[01m[Kvirtual std::vector<hardware_interface::StateInterface> ar_control::ArSystemHardware::export_state_interfaces()[m[Kâ€™:
[4.136s] [01m[K/home/hans/ar/ar_src/command/ar_control/src/ar_system.cpp:103:41:[m[K [01;31m[Kerror: [m[Kâ€˜[01m[Kusing element_type = class ar_control::ArHardwareInterface[m[Kâ€™ {aka â€˜[01m[Kclass ar_control::ArHardwareInterface[m[Kâ€™} has no member named â€˜[01m[KgetDrives[m[Kâ€™
[4.136s]   103 |                 for(auto drive : robot->[01;31m[KgetDrives[m[K()) {
[4.136s]       |                                         [01;31m[K^~~~~~~~~[m[K
[4.139s] [01m[K/home/hans/ar/ar_src/command/ar_control/src/ar_system.cpp:[m[K In member function â€˜[01m[Kvirtual std::vector<hardware_interface::CommandInterface> ar_control::ArSystemHardware::export_command_interfaces()[m[Kâ€™:
[4.139s] [01m[K/home/hans/ar/ar_src/command/ar_control/src/ar_system.cpp:120:41:[m[K [01;31m[Kerror: [m[Kâ€˜[01m[Kusing element_type = class ar_control::ArHardwareInterface[m[Kâ€™ {aka â€˜[01m[Kclass ar_control::ArHardwareInterface[m[Kâ€™} has no member named â€˜[01m[KgetDrives[m[Kâ€™
[4.139s]   120 |                 for(auto drive : robot->[01;31m[KgetDrives[m[K()) {
[4.139s]       |                                         [01;31m[K^~~~~~~~~[m[K
[4.139s] [01m[K/home/hans/ar/ar_src/command/ar_control/src/ar_system.cpp:[m[K In member function â€˜[01m[Kvirtual CallbackReturn ar_control::ArSystemHardware::on_activate(const rclcpp_lifecycle::State&)[m[Kâ€™:
[4.140s] [01m[K/home/hans/ar/ar_src/command/ar_control/src/ar_system.cpp:137:41:[m[K [01;31m[Kerror: [m[Kâ€˜[01m[Kusing element_type = class ar_control::ArHardwareInterface[m[Kâ€™ {aka â€˜[01m[Kclass ar_control::ArHardwareInterface[m[Kâ€™} has no member named â€˜[01m[KgetDrives[m[Kâ€™
[4.140s]   137 |                 for(auto drive : robot->[01;31m[KgetDrives[m[K()) {
[4.140s]       |                                         [01;31m[K^~~~~~~~~[m[K
[4.141s] [01m[K/home/hans/ar/ar_src/command/ar_control/src/ar_system.cpp:[m[K In member function â€˜[01m[Kvirtual hardware_interface::return_type ar_control::ArSystemHardware::write(const rclcpp::Time&, const rclcpp::Duration&)[m[Kâ€™:
[4.141s] [01m[K/home/hans/ar/ar_src/command/ar_control/src/ar_system.cpp:178:27:[m[K [01;31m[Kerror: [m[Kâ€˜[01m[Kusing element_type = class ar_control::ArHardwareInterface[m[Kâ€™ {aka â€˜[01m[Kclass ar_control::ArHardwareInterface[m[Kâ€™} has no member named â€˜[01m[Ksoem_drives[m[Kâ€™; did you mean â€˜[01m[KArDrives ar_control::ArHardwareInterface::ar_drives[m[Kâ€™? (not accessible from this context)
[4.141s]   178 |                 if(robot->[01;31m[Ksoem_drives[m[K)
[4.141s]       |                           [01;31m[K^~~~~~~~~~~[m[K
[4.141s] In file included from [01m[K/home/hans/ar/ar_src/command/ar_control/include/ar_system.hpp:30[m[K,
[4.141s]                  from [01m[K/home/hans/ar/ar_src/command/ar_control/src/ar_system.cpp:15[m[K:
[4.141s] [01m[K/home/hans/ar/ar_src/command/ar_control/include/ar_hardware_interface.h:39:26:[m[K [01;36m[Knote: [m[Kdeclared private here
[4.141s]    39 |                 ArDrives [01;36m[Kar_drives[m[K;                                             ///< Holds all drive parameters and joint names
[4.141s]       |                          [01;36m[K^~~~~~~~~[m[K
[4.147s] [01m[K/home/hans/ar/ar_src/command/ar_control/src/ar_system.cpp:179:44:[m[K [01;31m[Kerror: [m[Kâ€˜[01m[Kcond[m[Kâ€™ was not declared in this scope
[4.147s]   179 |                         pthread_cond_wait(&[01;31m[Kcond[m[K, &lock);
[4.147s]       |                                            [01;31m[K^~~~[m[K
[4.148s] [01m[K/home/hans/ar/ar_src/command/ar_control/src/ar_system.cpp:179:51:[m[K [01;31m[Kerror: [m[Kâ€˜[01m[Klock[m[Kâ€™ was not declared in this scope; did you mean â€˜[01m[Kstd::lock[m[Kâ€™?
[4.148s]   179 |                         pthread_cond_wait(&cond, &[01;31m[Klock[m[K);
[4.148s]       |                                                   [01;31m[K^~~~[m[K
[4.148s]       |                                                   [32m[Kstd::lock[m[K
[4.148s] In file included from [01m[K/home/hans/ar/ar_src/command/ar_control/include/ar_control_server.h:10[m[K,
[4.148s]                  from [01m[K/home/hans/ar/ar_src/command/ar_control/include/ar_hardware_interface.h:11[m[K,
[4.148s]                  from [01m[K/home/hans/ar/ar_src/command/ar_control/include/ar_system.hpp:30[m[K,
[4.148s]                  from [01m[K/home/hans/ar/ar_src/command/ar_control/src/ar_system.cpp:15[m[K:
[4.148s] [01m[K/usr/include/c++/11/mutex:591:5:[m[K [01;36m[Knote: [m[Kâ€˜[01m[Kstd::lock[m[Kâ€™ declared here
[4.149s]   591 |     [01;36m[Klock[m[K(_L1& __l1, _L2& __l2, _L3&... __l3)
[4.149s]       |     [01;36m[K^~~~[m[K
[4.173s] [01m[K/home/hans/ar/ar_src/command/ar_control/src/ar_hardware_interface.cpp:[m[K In constructor â€˜[01m[Kar_control::ArHardwareInterface::ArHardwareInterface(bool, bool)[m[Kâ€™:
[4.173s] [01m[K/home/hans/ar/ar_src/command/ar_control/src/ar_hardware_interface.cpp:26:88:[m[K [01;31m[Kerror: [m[Kâ€˜[01m[Kautomatically_declare_parameters_from_overrides[m[Kâ€™ was not declared in this scope
[4.173s]    26 |                                                                 rclcpp::NodeOptions(), [01;31m[Kautomatically_declare_parameters_from_overrides[m[K(true));
[4.173s]       |                                                                                        [01;31m[K^~~~~~~~~~~~~~~~~~~~~~~~~~~~~~~~~~~~~~~~~~~~~~~[m[K
[4.182s] [01m[K/home/hans/ar/ar_src/command/ar_control/src/ar_hardware_interface.cpp:[m[K In member function â€˜[01m[Kvoid ar_control::ArHardwareInterface::shutdown()[m[Kâ€™:
[4.182s] [01m[K/home/hans/ar/ar_src/command/ar_control/src/ar_hardware_interface.cpp:54:27:[m[K [01;31m[Kerror: [m[Kâ€˜[01m[KgetDrives[m[Kâ€™ was not declared in this scope; did you mean â€˜[01m[KArDrives[m[Kâ€™?
[4.182s]    54 |         for (auto drive : [01;31m[KgetDrives[m[K)
[4.182s]       |                           [01;31m[K^~~~~~~~~[m[K
[4.182s]       |                           [32m[KArDrives[m[K
[4.191s] [01m[K/home/hans/ar/ar_src/command/ar_control/src/ar_hardware_interface.cpp:[m[K In member function â€˜[01m[Kvoid ar_control::ArHardwareInterface::readConfigFromYaml(std::string)[m[Kâ€™:
[4.191s] [01m[K/home/hans/ar/ar_src/command/ar_control/src/ar_hardware_interface.cpp:95:13:[m[K [01;31m[Kerror: [m[Kâ€˜[01m[KDriveParameters[m[Kâ€™ was not declared in this scope; did you mean â€˜[01m[KDriveParameter[m[Kâ€™?
[4.191s]    95 |             [01;31m[KDriveParameters[m[K driveParams;
[4.191s]       |             [01;31m[K^~~~~~~~~~~~~~~[m[K
[4.191s]       |             [32m[KDriveParameter[m[K
[4.199s] [01m[K/home/hans/ar/ar_src/command/ar_control/src/ar_hardware_interface.cpp:97:13:[m[K [01;31m[Kerror: [m[Kâ€˜[01m[KdriveParams[m[Kâ€™ was not declared in this scope; did you mean â€˜[01m[KDriveParameter[m[Kâ€™?
[4.199s]    97 |             [01;31m[KdriveParams[m[K.drive_id = stringToId(drive_id);
[4.199s]       |             [01;31m[K^~~~~~~~~~~[m[K
[4.199s]       |             [32m[KDriveParameter[m[K
[4.200s] [01m[K/home/hans/ar/ar_src/command/ar_control/src/ar_hardware_interface.cpp:97:36:[m[K [01;31m[Kerror: [m[Kâ€˜[01m[KstringToId[m[Kâ€™ was not declared in this scope; did you mean â€˜[01m[Kar_utils::stringToId[m[Kâ€™?
[4.200s]    97 |             driveParams.drive_id = [01;31m[KstringToId[m[K(drive_id);
[4.200s]       |                                    [01;31m[K^~~~~~~~~~[m[K
[4.201s]       |                                    [32m[Kar_utils::stringToId[m[K
[4.201s] In file included from [01m[K/home/hans/ar/ar_src/command/ar_control/include/ar_control_server.h:19[m[K,
[4.201s]                  from [01m[K/home/hans/ar/ar_src/command/ar_control/include/ar_hardware_interface.h:11[m[K,
[4.201s]                  from [01m[K/home/hans/ar/ar_src/command/ar_control/src/ar_hardware_interface.cpp:1[m[K:
[4.201s] [01m[K/home/hans/ar/install/ar_utils/include/ar_utils.h:31:13:[m[K [01;36m[Knote: [m[Kâ€˜[01m[Kar_utils::stringToId[m[Kâ€™ declared here
[4.201s]    31 |         int [01;36m[KstringToId[m[K(std::string str);
[4.201s]       |             [01;36m[K^~~~~~~~~~[m[K
[4.207s] [01m[K/home/hans/ar/ar_src/command/ar_control/src/ar_hardware_interface.cpp:103:45:[m[K [01;31m[Kerror: [m[Kâ€˜[01m[KPORT_UART[m[Kâ€™ was not declared in this scope; did you mean â€˜[01m[KPORT_CAN[m[Kâ€™?
[4.208s]   103 |             else if (driveParams.port_id == [01;31m[KPORT_UART[m[K)
[4.208s]       |                                             [01;31m[K^~~~~~~~~[m[K
[4.208s]       |                                             [32m[KPORT_CAN[m[K
[4.209s] [01m[K/home/hans/ar/ar_src/command/ar_control/src/ar_hardware_interface.cpp:[m[K At global scope:
[4.210s] [01m[K/home/hans/ar/ar_src/command/ar_control/src/ar_hardware_interface.cpp:142:37:[m[K [01;31m[Kerror: [m[Kno declaration matches â€˜[01m[Kstd::map<int, ar_control::ArDriveControl*> ar_control::ArHardwareInterface::getDrives()[m[Kâ€™
[4.210s]   142 |     std::map<int, ArDriveControl *> [01;31m[KArHardwareInterface[m[K::getDrives()
[4.210s]       |                                     [01;31m[K^~~~~~~~~~~~~~~~~~~[m[K
[4.210s] [01m[K/home/hans/ar/ar_src/command/ar_control/src/ar_hardware_interface.cpp:142:37:[m[K [01;36m[Knote: [m[Kno functions named â€˜[01m[Kstd::map<int, ar_control::ArDriveControl*> ar_control::ArHardwareInterface::getDrives()[m[Kâ€™
[4.210s] In file included from [01m[K/home/hans/ar/ar_src/command/ar_control/src/ar_hardware_interface.cpp:1[m[K:
[4.210s] [01m[K/home/hans/ar/ar_src/command/ar_control/include/ar_hardware_interface.h:25:15:[m[K [01;36m[Knote: [m[Kâ€˜[01m[Kclass ar_control::ArHardwareInterface[m[Kâ€™ defined here
[4.210s]    25 |         class [01;36m[KArHardwareInterface[m[K
[4.210s]       |               [01;36m[K^~~~~~~~~~~~~~~~~~~[m[K
[4.232s] [01m[K/home/hans/ar/ar_src/command/ar_control/src/ar_system.cpp:[m[K In member function â€˜[01m[Kvirtual CallbackReturn ar_control::ArSystemHardware::on_configure(const rclcpp_lifecycle::State&)[m[Kâ€™:
[4.232s] [01m[K/home/hans/ar/ar_src/command/ar_control/src/ar_system.cpp:88:41:[m[K [01;31m[Kerror: [m[Kâ€˜[01m[Kusing element_type = class ar_control::ArHardwareInterface[m[Kâ€™ {aka â€˜[01m[Kclass ar_control::ArHardwareInterface[m[Kâ€™} has no member named â€˜[01m[KgetDrives[m[Kâ€™
[4.232s]    88 |                 for(auto drive : robot->[01;31m[KgetDrives[m[K()) {
[4.232s]       |                                         [01;31m[K^~~~~~~~~[m[K
[4.234s] [01m[K/home/hans/ar/ar_src/command/ar_control/src/ar_system.cpp:[m[K In member function â€˜[01m[Kvirtual std::vector<hardware_interface::StateInterface> ar_control::ArSystemHardware::export_state_interfaces()[m[Kâ€™:
[4.234s] [01m[K/home/hans/ar/ar_src/command/ar_control/src/ar_system.cpp:103:41:[m[K [01;31m[Kerror: [m[Kâ€˜[01m[Kusing element_type = class ar_control::ArHardwareInterface[m[Kâ€™ {aka â€˜[01m[Kclass ar_control::ArHardwareInterface[m[Kâ€™} has no member named â€˜[01m[KgetDrives[m[Kâ€™
[4.234s]   103 |                 for(auto drive : robot->[01;31m[KgetDrives[m[K()) {
[4.234s]       |                                         [01;31m[K^~~~~~~~~[m[K
[4.236s] [01m[K/home/hans/ar/ar_src/command/ar_control/src/ar_system.cpp:[m[K In member function â€˜[01m[Kvirtual std::vector<hardware_interface::CommandInterface> ar_control::ArSystemHardware::export_command_interfaces()[m[Kâ€™:
[4.236s] [01m[K/home/hans/ar/ar_src/command/ar_control/src/ar_system.cpp:120:41:[m[K [01;31m[Kerror: [m[Kâ€˜[01m[Kusing element_type = class ar_control::ArHardwareInterface[m[Kâ€™ {aka â€˜[01m[Kclass ar_control::ArHardwareInterface[m[Kâ€™} has no member named â€˜[01m[KgetDrives[m[Kâ€™
[4.236s]   120 |                 for(auto drive : robot->[01;31m[KgetDrives[m[K()) {
[4.236s]       |                                         [01;31m[K^~~~~~~~~[m[K
[4.237s] [01m[K/home/hans/ar/ar_src/command/ar_control/src/ar_system.cpp:[m[K In member function â€˜[01m[Kvirtual CallbackReturn ar_control::ArSystemHardware::on_activate(const rclcpp_lifecycle::State&)[m[Kâ€™:
[4.237s] [01m[K/home/hans/ar/ar_src/command/ar_control/src/ar_system.cpp:137:41:[m[K [01;31m[Kerror: [m[Kâ€˜[01m[Kusing element_type = class ar_control::ArHardwareInterface[m[Kâ€™ {aka â€˜[01m[Kclass ar_control::ArHardwareInterface[m[Kâ€™} has no member named â€˜[01m[KgetDrives[m[Kâ€™
[4.237s]   137 |                 for(auto drive : robot->[01;31m[KgetDrives[m[K()) {
[4.237s]       |                                         [01;31m[K^~~~~~~~~[m[K
[4.238s] [01m[K/home/hans/ar/ar_src/command/ar_control/src/ar_system.cpp:[m[K In member function â€˜[01m[Kvirtual hardware_interface::return_type ar_control::ArSystemHardware::write(const rclcpp::Time&, const rclcpp::Duration&)[m[Kâ€™:
[4.238s] [01m[K/home/hans/ar/ar_src/command/ar_control/src/ar_system.cpp:178:27:[m[K [01;31m[Kerror: [m[Kâ€˜[01m[Kusing element_type = class ar_control::ArHardwareInterface[m[Kâ€™ {aka â€˜[01m[Kclass ar_control::ArHardwareInterface[m[Kâ€™} has no member named â€˜[01m[Ksoem_drives[m[Kâ€™; did you mean â€˜[01m[KArDrives ar_control::ArHardwareInterface::ar_drives[m[Kâ€™? (not accessible from this context)
[4.238s]   178 |                 if(robot->[01;31m[Ksoem_drives[m[K)
[4.238s]       |                           [01;31m[K^~~~~~~~~~~[m[K
[4.238s] In file included from [01m[K/home/hans/ar/ar_src/command/ar_control/include/ar_system.hpp:30[m[K,
[4.238s]                  from [01m[K/home/hans/ar/ar_src/command/ar_control/src/ar_system.cpp:15[m[K:
[4.238s] [01m[K/home/hans/ar/ar_src/command/ar_control/include/ar_hardware_interface.h:39:26:[m[K [01;36m[Knote: [m[Kdeclared private here
[4.238s]    39 |                 ArDrives [01;36m[Kar_drives[m[K;                                             ///< Holds all drive parameters and joint names
[4.238s]       |                          [01;36m[K^~~~~~~~~[m[K
[4.244s] [01m[K/home/hans/ar/ar_src/command/ar_control/src/ar_system.cpp:179:44:[m[K [01;31m[Kerror: [m[Kâ€˜[01m[Kcond[m[Kâ€™ was not declared in this scope
[4.244s]   179 |                         pthread_cond_wait(&[01;31m[Kcond[m[K, &lock);
[4.244s]       |                                            [01;31m[K^~~~[m[K
[4.245s] [01m[K/home/hans/ar/ar_src/command/ar_control/src/ar_system.cpp:179:51:[m[K [01;31m[Kerror: [m[Kâ€˜[01m[Klock[m[Kâ€™ was not declared in this scope; did you mean â€˜[01m[Kstd::lock[m[Kâ€™?
[4.245s]   179 |                         pthread_cond_wait(&cond, &[01;31m[Klock[m[K);
[4.245s]       |                                                   [01;31m[K^~~~[m[K
[4.245s]       |                                                   [32m[Kstd::lock[m[K
[4.245s] In file included from [01m[K/home/hans/ar/ar_src/command/ar_control/include/ar_control_server.h:10[m[K,
[4.245s]                  from [01m[K/home/hans/ar/ar_src/command/ar_control/include/ar_hardware_interface.h:11[m[K,
[4.245s]                  from [01m[K/home/hans/ar/ar_src/command/ar_control/include/ar_system.hpp:30[m[K,
[4.246s]                  from [01m[K/home/hans/ar/ar_src/command/ar_control/src/ar_system.cpp:15[m[K:
[4.246s] [01m[K/usr/include/c++/11/mutex:591:5:[m[K [01;36m[Knote: [m[Kâ€˜[01m[Kstd::lock[m[Kâ€™ declared here
[4.246s]   591 |     [01;36m[Klock[m[K(_L1& __l1, _L2& __l2, _L3&... __l3)
[4.246s]       |     [01;36m[K^~~~[m[K
[6.061s] gmake[2]: *** [CMakeFiles/ar_control_server.dir/build.make:132: CMakeFiles/ar_control_server.dir/src/ar_hardware_interface.cpp.o] Error 1
[6.061s] gmake[2]: *** Waiting for unfinished jobs....
[6.137s] gmake[2]: *** [CMakeFiles/ar_control.dir/build.make:90: CMakeFiles/ar_control.dir/src/ar_control_server.cpp.o] Error 1
[6.137s] gmake[2]: *** Waiting for unfinished jobs....
[6.224s] gmake[2]: *** [CMakeFiles/ar_control.dir/build.make:160: CMakeFiles/ar_control.dir/src/ar_system.cpp.o] Error 1
[6.271s] gmake[2]: *** [CMakeFiles/ar_control.dir/build.make:132: CMakeFiles/ar_control.dir/src/ar_hardware_interface.cpp.o] Error 1
[6.272s] gmake[1]: *** [CMakeFiles/Makefile2:143: CMakeFiles/ar_control.dir/all] Error 2
[6.285s] gmake[2]: *** [CMakeFiles/ar_control_server.dir/build.make:90: CMakeFiles/ar_control_server.dir/src/ar_control_server.cpp.o] Error 1
[6.301s] gmake[2]: *** [CMakeFiles/ar_control_server.dir/build.make:160: CMakeFiles/ar_control_server.dir/src/ar_system.cpp.o] Error 1
[6.302s] gmake[1]: *** [CMakeFiles/Makefile2:169: CMakeFiles/ar_control_server.dir/all] Error 2
[6.302s] gmake: *** [Makefile:146: all] Error 2
[6.306s] Invoked command in '/home/hans/ar/build/ar_control' returned '2': AMENT_PREFIX_PATH=/home/hans/ar/install/master:/home/hans/ar/install/ar_utils:/home/hans/ar/install/ar_comm:${AMENT_PREFIX_PATH} CMAKE_PREFIX_PATH=/home/hans/ar/install/master:/home/hans/ar/install/ar_utils:/home/hans/ar/install/ar_comm:/opt/ros/humble LD_LIBRARY_PATH=/home/hans/ar/install/ar_utils/lib:${LD_LIBRARY_PATH} /usr/bin/cmake --build /home/hans/ar/build/ar_control -- -j12 -l12
