[0.008s] Invoking command in '/home/hans/ar/build/ar_control': AMENT_PREFIX_PATH=/home/hans/ar/install/master:/home/hans/ar/install/ar_utils:/home/hans/ar/install/ar_comm:${AMENT_PREFIX_PATH} CMAKE_PREFIX_PATH=/home/hans/ar/install/master:/home/hans/ar/install/ar_utils:/home/hans/ar/install/ar_comm:/opt/ros/humble LD_LIBRARY_PATH=/home/hans/ar/install/ar_utils/lib:${LD_LIBRARY_PATH} /usr/bin/cmake --build /home/hans/ar/build/ar_control -- -j12 -l12
[0.055s] [35m[1mConsolidate compiler generated dependencies of target ar_control[0m
[0.055s] [35m[1mConsolidate compiler generated dependencies of target ar_control_server[0m
[0.065s] [ 15%] Built target ar_control_client
[0.065s] [ 15%] [32m[1mLinking CXX executable ar_control_client_server_test[0m
[0.088s] [ 20%] [32mBuilding CXX object CMakeFiles/ar_control.dir/src/ar_control_server.cpp.o[0m
[0.089s] [ 30%] [32mBuilding CXX object CMakeFiles/ar_control.dir/src/ar_joint_control.cpp.o[0m
[0.089s] [ 30%] [32mBuilding CXX object CMakeFiles/ar_control.dir/src/ar_hardware_interface.cpp.o[0m
[0.089s] [ 35%] [32mBuilding CXX object CMakeFiles/ar_control.dir/src/ar_drive_control.cpp.o[0m
[0.091s] [ 40%] [32mBuilding CXX object CMakeFiles/ar_control.dir/src/ar_system.cpp.o[0m
[0.091s] [ 45%] [32mBuilding CXX object CMakeFiles/ar_control_server.dir/src/ar_control_server.cpp.o[0m
[0.092s] [ 50%] [32mBuilding CXX object CMakeFiles/ar_control_server.dir/src/ar_drive_control.cpp.o[0m
[0.095s] [ 55%] [32mBuilding CXX object CMakeFiles/ar_control_server.dir/src/ar_hardware_interface.cpp.o[0m
[0.097s] [ 60%] [32mBuilding CXX object CMakeFiles/ar_control_server.dir/src/ar_joint_control.cpp.o[0m
[0.098s] [ 65%] [32mBuilding CXX object CMakeFiles/ar_control_server.dir/src/ar_system.cpp.o[0m
[0.267s] /usr/bin/ld: CMakeFiles/ar_control_client_server_test.dir/test/ar_control_client_server_test.cpp.o: in function `main':
[0.267s] ar_control_client_server_test.cpp:(.text.startup+0x273): undefined reference to `ar_control::ArControlServer::ArControlServer(ar_control::ArHardwareInterface*, rclcpp::NodeOptions const&)'
[0.267s] /usr/bin/ld: ar_control_client_server_test.cpp:(.text.startup+0x2bf): undefined reference to `ar_control::ArControlServer::startActionServer()'
[0.267s] /usr/bin/ld: ar_control_client_server_test.cpp:(.text.startup+0x3b7): undefined reference to `ar_control::ArControlClient::ArControlClient(std::__cxx11::basic_string<char, std::char_traits<char>, std::allocator<char> > const&, rclcpp::NodeOptions const&)'
[0.271s] /usr/bin/ld: ar_control_client_server_test.cpp:(.text.startup+0x919): undefined reference to `ar_control::ArControlClient::sendGoal(ar_action::action::ArControl_Goal_<std::allocator<void> > const&, bool)'
[0.275s] collect2: error: ld returned 1 exit status
[0.278s] gmake[2]: *** [CMakeFiles/ar_control_client_server_test.dir/build.make:337: ar_control_client_server_test] Error 1
[0.278s] gmake[1]: *** [CMakeFiles/Makefile2:221: CMakeFiles/ar_control_client_server_test.dir/all] Error 2
[0.278s] gmake[1]: *** Waiting for unfinished jobs....
[0.761s] In file included from [01m[K/home/hans/ar/ar_src/command/ar_control/src/ar_drive_control.cpp:1[m[K:
[0.761s] [01m[K/home/hans/ar/ar_src/command/ar_control/include/ar_drive_control.h:[m[K In member function â€˜[01m[Kvoid ar_control::ArDriveControl::InitializeDriveClient(int)[m[Kâ€™:
[0.761s] [01m[K/home/hans/ar/ar_src/command/ar_control/include/ar_drive_control.h:15:40:[m[K [01;35m[Kwarning: [m[Kunused parameter â€˜[01m[KslaveId[m[Kâ€™ [[01;35m[K]8;;https://gcc.gnu.org/onlinedocs/gcc/Warning-Options.html#index-Wunused-parameter-Wunused-parameter]8;;[m[K]
[0.761s]    15 |         void InitializeDriveClient([01;35m[Kint slaveId[m[K)
[0.762s]       |                                    [01;35m[K~~~~^~~~~~~[m[K
[0.762s] [01m[K/home/hans/ar/ar_src/command/ar_control/src/ar_drive_control.cpp:[m[K At global scope:
[0.762s] [01m[K/home/hans/ar/ar_src/command/ar_control/src/ar_drive_control.cpp:12:5:[m[K [01;31m[Kerror: [m[KISO C++ forbids declaration of â€˜[01m[KInitializeDriveClient[m[Kâ€™ with no type [[01;31m[K]8;;https://gcc.gnu.org/onlinedocs/gcc/Warning-Options.html#index-fpermissive-fpermissive]8;;[m[K]
[0.762s]    12 |     [01;31m[KArDriveControl[m[K::InitializeDriveClient(int slaveId)
[0.762s]       |     [01;31m[K^~~~~~~~~~~~~~[m[K
[0.762s] [01m[K/home/hans/ar/ar_src/command/ar_control/src/ar_drive_control.cpp:12:5:[m[K [01;31m[Kerror: [m[Kno declaration matches â€˜[01m[Kint ar_control::ArDriveControl::InitializeDriveClient(int)[m[Kâ€™
[0.762s] In file included from [01m[K/home/hans/ar/ar_src/command/ar_control/src/ar_drive_control.cpp:1[m[K:
[0.762s] [01m[K/home/hans/ar/ar_src/command/ar_control/include/ar_drive_control.h:15:14:[m[K [01;36m[Knote: [m[Kcandidate is: â€˜[01m[Kvoid ar_control::ArDriveControl::InitializeDriveClient(int)[m[Kâ€™
[0.762s]    15 |         void [01;36m[KInitializeDriveClient[m[K(int slaveId)
[0.762s]       |              [01;36m[K^~~~~~~~~~~~~~~~~~~~~[m[K
[0.762s] [01m[K/home/hans/ar/ar_src/command/ar_control/include/ar_drive_control.h:10:11:[m[K [01;36m[Knote: [m[Kâ€˜[01m[Kclass ar_control::ArDriveControl[m[Kâ€™ defined here
[0.762s]    10 |     class [01;36m[KArDriveControl[m[K
[0.762s]       |           [01;36m[K^~~~~~~~~~~~~~[m[K
[0.765s] [01m[K/home/hans/ar/ar_src/command/ar_control/src/ar_drive_control.cpp:[m[K In member function â€˜[01m[Kvoid ar_control::ArDriveControl::AddJoint(JointParameter&)[m[Kâ€™:
[0.765s] [01m[K/home/hans/ar/ar_src/command/ar_control/src/ar_drive_control.cpp:22:107:[m[K [01;31m[Kerror: [m[Kâ€˜[01m[KjointParm[m[Kâ€™ was not declared in this scope; did you mean â€˜[01m[KjointParam[m[Kâ€™?
[0.765s]    22 |                 printf(COLOR_BLUE "\n[Tomo Drive Control] Drive %d add joint: %s" COLOR_RESET, drive_id_, [01;31m[KjointParm[m[K.joint_name.c_str());
[0.765s]       |                                                                                                           [01;31m[K^~~~~~~~~[m[K
[0.765s]       |                                                                                                           [32m[KjointParam[m[K
[0.765s] [01m[K/home/hans/ar/ar_src/command/ar_control/src/ar_drive_control.cpp:27:86:[m[K [01;31m[Kerror: [m[Kexpected â€˜[01m[K;[m[Kâ€™ before â€˜[01m[K}[m[Kâ€™ token
[0.765s]    27 |             joint->lower_limit = jointParam.joint_limits->lower + LIMIT_SAFETY_OFFSET
[0.765s]       |                                                                                      [01;31m[K^[m[K
[0.766s]       |                                                                                      [32m[K;[m[K
[0.766s]    28 |         [32m[K}[m[Kelse{
[0.766s]       |         [32m[K~[m[K                                                                             
[0.768s] [01m[K/home/hans/ar/ar_src/command/ar_control/src/ar_drive_control.cpp:33:12:[m[K [01;31m[Kerror: [m[Kâ€˜[01m[KjointCount[m[Kâ€™ was not declared in this scope
[0.768s]    33 |         if([01;31m[KjointCount[m[K() > 1){
[0.769s]       |            [01;31m[K^~~~~~~~~~[m[K
[0.771s] [01m[K/home/hans/ar/ar_src/command/ar_control/src/ar_drive_control.cpp:39:13:[m[K [01;31m[Kerror: [m[Kâ€˜[01m[KjointCount[m[Kâ€™ was not declared in this scope
[0.771s]    39 |         if(([01;31m[KjointCount[m[K() > 1) && joint->client_id = -1){
[0.771s]       |             [01;31m[K^~~~~~~~~~[m[K
[0.771s] [01m[K/home/hans/ar/ar_src/command/ar_control/src/ar_drive_control.cpp:44:31:[m[K [01;31m[Kerror: [m[Kâ€˜[01m[Kclass ar_control::ArDriveControl[m[Kâ€™ has no member named â€˜[01m[Kget_logger[m[Kâ€™
[0.772s]    44 |             RCLCPP_WARN(this->[01;31m[Kget_logger[m[K(), "Joint '%s' has a large encoder offset: %d. Please check Joint Parameters.",
[0.772s]       |                               [01;31m[K^~~~~~~~~~[m[K
[0.774s] [01m[K/home/hans/ar/ar_src/command/ar_control/src/ar_drive_control.cpp:44:13:[m[K [01;31m[Kerror: [m[Kâ€˜[01m[KRCLCPP_WARN[m[Kâ€™ was not declared in this scope
[0.774s]    44 |             [01;31m[KRCLCPP_WARN[m[K(this->get_logger(), "Joint '%s' has a large encoder offset: %d. Please check Joint Parameters.",
[0.775s]       |             [01;31m[K^~~~~~~~~~~[m[K
[0.775s] [01m[K/home/hans/ar/ar_src/command/ar_control/src/ar_drive_control.cpp:55:45:[m[K [01;35m[Kwarning: [m[Kstatement has no effect [[01;35m[K]8;;https://gcc.gnu.org/onlinedocs/gcc/Warning-Options.html#index-Wunused-value-Wunused-value]8;;[m[K]
[0.775s]    55 |                 [01;35m[Kjoint->pulse_per_revolution / (2 * M_PI)[m[K;
[0.775s]       |                 [01;35m[K~~~~~~~~~~~~~~~~~~~~~~~~~~~~^~~~~~~~~~~~[m[K
[0.775s] [01m[K/home/hans/ar/ar_src/command/ar_control/src/ar_drive_control.cpp:57:31:[m[K [01;31m[Kerror: [m[Kâ€˜[01m[Kclass ar_control::ArDriveControl[m[Kâ€™ has no member named â€˜[01m[Kget_logger[m[Kâ€™
[0.775s]    57 |             RCLCPP_INFO(this->[01;31m[Kget_logger[m[K(), "Joint '%s' gear ratio: %d, encoder resolution: %d, pulse per rev: %5.1f",
[0.775s]       |                               [01;31m[K^~~~~~~~~~[m[K
[0.778s] [01m[K/home/hans/ar/ar_src/command/ar_control/src/ar_drive_control.cpp:57:13:[m[K [01;31m[Kerror: [m[Kâ€˜[01m[KRCLCPP_INFO[m[Kâ€™ was not declared in this scope
[0.778s]    57 |             [01;31m[KRCLCPP_INFO[m[K(this->get_logger(), "Joint '%s' gear ratio: %d, encoder resolution: %d, pulse per rev: %5.1f",
[0.778s]       |             [01;31m[K^~~~~~~~~~~[m[K
[0.778s] [01m[K/home/hans/ar/ar_src/command/ar_control/src/ar_drive_control.cpp:61:27:[m[K [01;31m[Kerror: [m[Kâ€˜[01m[Kclass ar_control::ArDriveControl[m[Kâ€™ has no member named â€˜[01m[Kget_logger[m[Kâ€™
[0.778s]    61 |         RCLCPP_INFO(this->[01;31m[Kget_logger[m[K(), "Joint '%s' added on drive %d with client Id: %d at encodere offset: %d",
[0.778s]       |                           [01;31m[K^~~~~~~~~~[m[K
[0.781s] [01m[K/home/hans/ar/ar_src/command/ar_control/src/ar_drive_control.cpp:61:9:[m[K [01;31m[Kerror: [m[Kâ€˜[01m[KRCLCPP_INFO[m[Kâ€™ was not declared in this scope
[0.781s]    61 |         [01;31m[KRCLCPP_INFO[m[K(this->get_logger(), "Joint '%s' added on drive %d with client Id: %d at encodere offset: %d",
[0.781s]       |         [01;31m[K^~~~~~~~~~~[m[K
[0.781s] [01m[K/home/hans/ar/ar_src/command/ar_control/src/ar_drive_control.cpp:[m[K In member function â€˜[01m[Kvoid ar_control::ArDriveControl::InitializeDrive()[m[Kâ€™:
[0.781s] [01m[K/home/hans/ar/ar_src/command/ar_control/src/ar_drive_control.cpp:67:35:[m[K [01;31m[Kerror: [m[Kâ€˜[01m[Kclass ar_control::ArDriveControl[m[Kâ€™ has no member named â€˜[01m[Kget_logger[m[Kâ€™
[0.781s]    67 |                 RCLCPP_INFO(this->[01;31m[Kget_logger[m[K(),COLOR_DARKYELLOW "\n[Ar Drive Control] ---------------------- Initializing drive %d----------------------" COLOR_RESET,
[0.781s]       |                                   [01;31m[K^~~~~~~~~~[m[K
[0.784s] [01m[K/home/hans/ar/ar_src/command/ar_control/src/ar_drive_control.cpp:67:17:[m[K [01;31m[Kerror: [m[Kâ€˜[01m[KRCLCPP_INFO[m[Kâ€™ was not declared in this scope
[0.784s]    67 |                 [01;31m[KRCLCPP_INFO[m[K(this->get_logger(),COLOR_DARKYELLOW "\n[Ar Drive Control] ---------------------- Initializing drive %d----------------------" COLOR_RESET,
[0.784s]       |                 [01;31m[K^~~~~~~~~~~[m[K
[0.784s] [01m[K/home/hans/ar/ar_src/command/ar_control/src/ar_drive_control.cpp:[m[K At global scope:
[0.784s] [01m[K/home/hans/ar/ar_src/command/ar_control/src/ar_drive_control.cpp:73:5:[m[K [01;31m[Kerror: [m[Kâ€˜[01m[KArDiveControl[m[Kâ€™ does not name a type; did you mean â€˜[01m[KArDriveControl[m[Kâ€™?
[0.784s]    73 |     [01;31m[KArDiveControl[m[K::~ArDriveControl()
[0.784s]       |     [01;31m[K^~~~~~~~~~~~~[m[K
[0.784s]       |     [32m[KArDriveControl[m[K
[0.785s] [01m[K/home/hans/ar/ar_src/command/ar_control/src/ar_drive_control.cpp:[m[K In member function â€˜[01m[Kint ar_control::ArDriveControl::getInputActualValueToStatus(tVectorS&, tVectorS&, std::vector<unsigned int>&, std::vector<unsigned int>&)[m[Kâ€™:
[0.785s] [01m[K/home/hans/ar/ar_src/command/ar_control/src/ar_drive_control.cpp:84:48:[m[K [01;31m[Kerror: [m[Kcannot bind non-const lvalue reference of type â€˜[01m[Kuint32_t&[m[Kâ€™ {aka â€˜[01m[Kunsigned int&[m[Kâ€™} to a value of type â€˜[01m[Kint[m[Kâ€™
[0.785s]    84 |                                         [01;31m[Kjoint->position_actual_value[m[K, joint->velocity_actual_value);
[0.785s]       |                                         [01;31m[K~~~~~~~^~~~~~~~~~~~~~~~~~~~~[m[K
[0.785s] In file included from [01m[K/home/hans/ar/ar_src/command/ar_control/include/ar_drive_control.h:5[m[K,
[0.785s]                  from [01m[K/home/hans/ar/ar_src/command/ar_control/src/ar_drive_control.cpp:1[m[K:
[0.785s] [01m[K/home/hans/ar/ar_src/command/ar_control/include/ar_joint_control.h:16:55:[m[K [01;36m[Knote: [m[K  initializing argument 3 of â€˜[01m[Kvoid ar_control::ArJointControl::getInputActualValueToStatus(std::string&, std::string&, uint32_t&, uint32_t&)[m[Kâ€™
[0.785s]    16 |                                             [01;36m[Kuint32_t &positionActualValue[m[K, uint32_t &velocityActualValue);
[0.785s]       |                                             [01;36m[K~~~~~~~~~~^~~~~~~~~~~~~~~~~~~[m[K
[0.819s] In file included from [01m[K/home/hans/ar/ar_src/command/ar_control/src/ar_drive_control.cpp:1[m[K:
[0.819s] [01m[K/home/hans/ar/ar_src/command/ar_control/include/ar_drive_control.h:[m[K In member function â€˜[01m[Kvoid ar_control::ArDriveControl::InitializeDriveClient(int)[m[Kâ€™:
[0.819s] [01m[K/home/hans/ar/ar_src/command/ar_control/include/ar_drive_control.h:15:40:[m[K [01;35m[Kwarning: [m[Kunused parameter â€˜[01m[KslaveId[m[Kâ€™ [[01;35m[K]8;;https://gcc.gnu.org/onlinedocs/gcc/Warning-Options.html#index-Wunused-parameter-Wunused-parameter]8;;[m[K]
[0.819s]    15 |         void InitializeDriveClient([01;35m[Kint slaveId[m[K)
[0.819s]       |                                    [01;35m[K~~~~^~~~~~~[m[K
[0.819s] [01m[K/home/hans/ar/ar_src/command/ar_control/src/ar_drive_control.cpp:[m[K At global scope:
[0.819s] [01m[K/home/hans/ar/ar_src/command/ar_control/src/ar_drive_control.cpp:12:5:[m[K [01;31m[Kerror: [m[KISO C++ forbids declaration of â€˜[01m[KInitializeDriveClient[m[Kâ€™ with no type [[01;31m[K]8;;https://gcc.gnu.org/onlinedocs/gcc/Warning-Options.html#index-fpermissive-fpermissive]8;;[m[K]
[0.819s]    12 |     [01;31m[KArDriveControl[m[K::InitializeDriveClient(int slaveId)
[0.820s]       |     [01;31m[K^~~~~~~~~~~~~~[m[K
[0.820s] [01m[K/home/hans/ar/ar_src/command/ar_control/src/ar_drive_control.cpp:12:5:[m[K [01;31m[Kerror: [m[Kno declaration matches â€˜[01m[Kint ar_control::ArDriveControl::InitializeDriveClient(int)[m[Kâ€™
[0.820s] In file included from [01m[K/home/hans/ar/ar_src/command/ar_control/src/ar_drive_control.cpp:1[m[K:
[0.820s] [01m[K/home/hans/ar/ar_src/command/ar_control/include/ar_drive_control.h:15:14:[m[K [01;36m[Knote: [m[Kcandidate is: â€˜[01m[Kvoid ar_control::ArDriveControl::InitializeDriveClient(int)[m[Kâ€™
[0.820s]    15 |         void [01;36m[KInitializeDriveClient[m[K(int slaveId)
[0.820s]       |              [01;36m[K^~~~~~~~~~~~~~~~~~~~~[m[K
[0.820s] [01m[K/home/hans/ar/ar_src/command/ar_control/include/ar_drive_control.h:10:11:[m[K [01;36m[Knote: [m[Kâ€˜[01m[Kclass ar_control::ArDriveControl[m[Kâ€™ defined here
[0.820s]    10 |     class [01;36m[KArDriveControl[m[K
[0.820s]       |           [01;36m[K^~~~~~~~~~~~~~[m[K
[0.824s] [01m[K/home/hans/ar/ar_src/command/ar_control/src/ar_drive_control.cpp:[m[K In member function â€˜[01m[Kvoid ar_control::ArDriveControl::AddJoint(JointParameter&)[m[Kâ€™:
[0.824s] [01m[K/home/hans/ar/ar_src/command/ar_control/src/ar_drive_control.cpp:22:107:[m[K [01;31m[Kerror: [m[Kâ€˜[01m[KjointParm[m[Kâ€™ was not declared in this scope; did you mean â€˜[01m[KjointParam[m[Kâ€™?
[0.824s]    22 |                 printf(COLOR_BLUE "\n[Tomo Drive Control] Drive %d add joint: %s" COLOR_RESET, drive_id_, [01;31m[KjointParm[m[K.joint_name.c_str());
[0.824s]       |                                                                                                           [01;31m[K^~~~~~~~~[m[K
[0.824s]       |                                                                                                           [32m[KjointParam[m[K
[0.824s] [01m[K/home/hans/ar/ar_src/command/ar_control/src/ar_drive_control.cpp:27:86:[m[K [01;31m[Kerror: [m[Kexpected â€˜[01m[K;[m[Kâ€™ before â€˜[01m[K}[m[Kâ€™ token
[0.824s]    27 |             joint->lower_limit = jointParam.joint_limits->lower + LIMIT_SAFETY_OFFSET
[0.824s]       |                                                                                      [01;31m[K^[m[K
[0.824s]       |                                                                                      [32m[K;[m[K
[0.824s]    28 |         [32m[K}[m[Kelse{
[0.824s]       |         [32m[K~[m[K                                                                             
[0.828s] [01m[K/home/hans/ar/ar_src/command/ar_control/src/ar_drive_control.cpp:33:12:[m[K [01;31m[Kerror: [m[Kâ€˜[01m[KjointCount[m[Kâ€™ was not declared in this scope
[0.828s]    33 |         if([01;31m[KjointCount[m[K() > 1){
[0.828s]       |            [01;31m[K^~~~~~~~~~[m[K
[0.831s] [01m[K/home/hans/ar/ar_src/command/ar_control/src/ar_drive_control.cpp:39:13:[m[K [01;31m[Kerror: [m[Kâ€˜[01m[KjointCount[m[Kâ€™ was not declared in this scope
[0.831s]    39 |         if(([01;31m[KjointCount[m[K() > 1) && joint->client_id = -1){
[0.832s]       |             [01;31m[K^~~~~~~~~~[m[K
[0.832s] [01m[K/home/hans/ar/ar_src/command/ar_control/src/ar_drive_control.cpp:44:31:[m[K [01;31m[Kerror: [m[Kâ€˜[01m[Kclass ar_control::ArDriveControl[m[Kâ€™ has no member named â€˜[01m[Kget_logger[m[Kâ€™
[0.832s]    44 |             RCLCPP_WARN(this->[01;31m[Kget_logger[m[K(), "Joint '%s' has a large encoder offset: %d. Please check Joint Parameters.",
[0.832s]       |                               [01;31m[K^~~~~~~~~~[m[K
[0.835s] [01m[K/home/hans/ar/ar_src/command/ar_control/src/ar_drive_control.cpp:44:13:[m[K [01;31m[Kerror: [m[Kâ€˜[01m[KRCLCPP_WARN[m[Kâ€™ was not declared in this scope
[0.836s]    44 |             [01;31m[KRCLCPP_WARN[m[K(this->get_logger(), "Joint '%s' has a large encoder offset: %d. Please check Joint Parameters.",
[0.836s]       |             [01;31m[K^~~~~~~~~~~[m[K
[0.836s] [01m[K/home/hans/ar/ar_src/command/ar_control/src/ar_drive_control.cpp:55:45:[m[K [01;35m[Kwarning: [m[Kstatement has no effect [[01;35m[K]8;;https://gcc.gnu.org/onlinedocs/gcc/Warning-Options.html#index-Wunused-value-Wunused-value]8;;[m[K]
[0.836s]    55 |                 [01;35m[Kjoint->pulse_per_revolution / (2 * M_PI)[m[K;
[0.836s]       |                 [01;35m[K~~~~~~~~~~~~~~~~~~~~~~~~~~~~^~~~~~~~~~~~[m[K
[0.836s] [01m[K/home/hans/ar/ar_src/command/ar_control/src/ar_drive_control.cpp:57:31:[m[K [01;31m[Kerror: [m[Kâ€˜[01m[Kclass ar_control::ArDriveControl[m[Kâ€™ has no member named â€˜[01m[Kget_logger[m[Kâ€™
[0.836s]    57 |             RCLCPP_INFO(this->[01;31m[Kget_logger[m[K(), "Joint '%s' gear ratio: %d, encoder resolution: %d, pulse per rev: %5.1f",
[0.836s]       |                               [01;31m[K^~~~~~~~~~[m[K
[0.839s] [01m[K/home/hans/ar/ar_src/command/ar_control/src/ar_drive_control.cpp:57:13:[m[K [01;31m[Kerror: [m[Kâ€˜[01m[KRCLCPP_INFO[m[Kâ€™ was not declared in this scope
[0.839s]    57 |             [01;31m[KRCLCPP_INFO[m[K(this->get_logger(), "Joint '%s' gear ratio: %d, encoder resolution: %d, pulse per rev: %5.1f",
[0.840s]       |             [01;31m[K^~~~~~~~~~~[m[K
[0.840s] [01m[K/home/hans/ar/ar_src/command/ar_control/src/ar_drive_control.cpp:61:27:[m[K [01;31m[Kerror: [m[Kâ€˜[01m[Kclass ar_control::ArDriveControl[m[Kâ€™ has no member named â€˜[01m[Kget_logger[m[Kâ€™
[0.840s]    61 |         RCLCPP_INFO(this->[01;31m[Kget_logger[m[K(), "Joint '%s' added on drive %d with client Id: %d at encodere offset: %d",
[0.840s]       |                           [01;31m[K^~~~~~~~~~[m[K
[0.844s] [01m[K/home/hans/ar/ar_src/command/ar_control/src/ar_drive_control.cpp:61:9:[m[K [01;31m[Kerror: [m[Kâ€˜[01m[KRCLCPP_INFO[m[Kâ€™ was not declared in this scope
[0.844s]    61 |         [01;31m[KRCLCPP_INFO[m[K(this->get_logger(), "Joint '%s' added on drive %d with client Id: %d at encodere offset: %d",
[0.844s]       |         [01;31m[K^~~~~~~~~~~[m[K
[0.844s] [01m[K/home/hans/ar/ar_src/command/ar_control/src/ar_drive_control.cpp:[m[K In member function â€˜[01m[Kvoid ar_control::ArDriveControl::InitializeDrive()[m[Kâ€™:
[0.844s] [01m[K/home/hans/ar/ar_src/command/ar_control/src/ar_drive_control.cpp:67:35:[m[K [01;31m[Kerror: [m[Kâ€˜[01m[Kclass ar_control::ArDriveControl[m[Kâ€™ has no member named â€˜[01m[Kget_logger[m[Kâ€™
[0.844s]    67 |                 RCLCPP_INFO(this->[01;31m[Kget_logger[m[K(),COLOR_DARKYELLOW "\n[Ar Drive Control] ---------------------- Initializing drive %d----------------------" COLOR_RESET,
[0.844s]       |                                   [01;31m[K^~~~~~~~~~[m[K
[0.848s] [01m[K/home/hans/ar/ar_src/command/ar_control/src/ar_drive_control.cpp:67:17:[m[K [01;31m[Kerror: [m[Kâ€˜[01m[KRCLCPP_INFO[m[Kâ€™ was not declared in this scope
[0.848s]    67 |                 [01;31m[KRCLCPP_INFO[m[K(this->get_logger(),COLOR_DARKYELLOW "\n[Ar Drive Control] ---------------------- Initializing drive %d----------------------" COLOR_RESET,
[0.848s]       |                 [01;31m[K^~~~~~~~~~~[m[K
[0.849s] [01m[K/home/hans/ar/ar_src/command/ar_control/src/ar_drive_control.cpp:[m[K At global scope:
[0.849s] [01m[K/home/hans/ar/ar_src/command/ar_control/src/ar_drive_control.cpp:73:5:[m[K [01;31m[Kerror: [m[Kâ€˜[01m[KArDiveControl[m[Kâ€™ does not name a type; did you mean â€˜[01m[KArDriveControl[m[Kâ€™?
[0.849s]    73 |     [01;31m[KArDiveControl[m[K::~ArDriveControl()
[0.849s]       |     [01;31m[K^~~~~~~~~~~~~[m[K
[0.849s]       |     [32m[KArDriveControl[m[K
[0.849s] [01m[K/home/hans/ar/ar_src/command/ar_control/src/ar_drive_control.cpp:[m[K In member function â€˜[01m[Kint ar_control::ArDriveControl::getInputActualValueToStatus(tVectorS&, tVectorS&, std::vector<unsigned int>&, std::vector<unsigned int>&)[m[Kâ€™:
[0.849s] [01m[K/home/hans/ar/ar_src/command/ar_control/src/ar_drive_control.cpp:84:48:[m[K [01;31m[Kerror: [m[Kcannot bind non-const lvalue reference of type â€˜[01m[Kuint32_t&[m[Kâ€™ {aka â€˜[01m[Kunsigned int&[m[Kâ€™} to a value of type â€˜[01m[Kint[m[Kâ€™
[0.849s]    84 |                                         [01;31m[Kjoint->position_actual_value[m[K, joint->velocity_actual_value);
[0.850s]       |                                         [01;31m[K~~~~~~~^~~~~~~~~~~~~~~~~~~~~[m[K
[0.850s] In file included from [01m[K/home/hans/ar/ar_src/command/ar_control/include/ar_drive_control.h:5[m[K,
[0.850s]                  from [01m[K/home/hans/ar/ar_src/command/ar_control/src/ar_drive_control.cpp:1[m[K:
[0.850s] [01m[K/home/hans/ar/ar_src/command/ar_control/include/ar_joint_control.h:16:55:[m[K [01;36m[Knote: [m[K  initializing argument 3 of â€˜[01m[Kvoid ar_control::ArJointControl::getInputActualValueToStatus(std::string&, std::string&, uint32_t&, uint32_t&)[m[Kâ€™
[0.850s]    16 |                                             [01;36m[Kuint32_t &positionActualValue[m[K, uint32_t &velocityActualValue);
[0.850s]       |                                             [01;36m[K~~~~~~~~~~^~~~~~~~~~~~~~~~~~~[m[K
[0.931s] gmake[2]: *** [CMakeFiles/ar_control.dir/build.make:118: CMakeFiles/ar_control.dir/src/ar_drive_control.cpp.o] Error 1
[0.931s] gmake[2]: *** Waiting for unfinished jobs....
[1.019s] gmake[2]: *** [CMakeFiles/ar_control_server.dir/build.make:118: CMakeFiles/ar_control_server.dir/src/ar_drive_control.cpp.o] Error 1
[1.019s] gmake[2]: *** Waiting for unfinished jobs....
[4.440s] [01m[K/home/hans/ar/ar_src/command/ar_control/src/ar_control_server.cpp:[m[K In member function â€˜[01m[Kvoid ar_control::ArControlServer::incomingDisplayTrajectory(moveit_msgs::msg::DisplayTrajectory_<std::allocator<void> >::ConstSharedPtr)[m[Kâ€™:
[4.440s] [01m[K/home/hans/ar/ar_src/command/ar_control/src/ar_control_server.cpp:32:24:[m[K [01;31m[Kerror: [m[Kâ€˜[01m[Kclass ar_control::ArHardwareInterface[m[Kâ€™ has no member named â€˜[01m[Kmove[m[Kâ€™
[4.440s]    32 |                 robot->[01;31m[Kmove[m[K("", msg->trajectory[0].joint_trajectory, status);
[4.440s]       |                        [01;31m[K^~~~[m[K
[4.461s] [01m[K/home/hans/ar/ar_src/command/ar_control/src/ar_control_server.cpp:[m[K In member function â€˜[01m[Kvoid ar_control::ArControlServer::execute(std::shared_ptr<rclcpp_action::ServerGoalHandle<ar_action::action::ArControl> >)[m[Kâ€™:
[4.462s] [01m[K/home/hans/ar/ar_src/command/ar_control/src/ar_control_server.cpp:92:52:[m[K [01;31m[Kerror: [m[Kâ€˜[01m[KSUCCESS[m[Kâ€™ is not a member of â€˜[01m[Kar_control::ControlErrorCode[m[Kâ€™
[4.462s]    92 |                         status = ControlErrorCode::[01;31m[KSUCCESS[m[K;
[4.462s]       |                                                    [01;31m[K^~~~~~~[m[K
[4.462s] [01m[K/home/hans/ar/ar_src/command/ar_control/src/ar_control_server.cpp:99:40:[m[K [01;31m[Kerror: [m[Kâ€˜[01m[Kclass ar_control::ArHardwareInterface[m[Kâ€™ has no member named â€˜[01m[Kmove[m[Kâ€™
[4.462s]    99 |                                 robot->[01;31m[Kmove[m[K(goal->planning_group, goal->trajectory, status);
[4.462s]       |                                        [01;31m[K^~~~[m[K
[4.462s] [01m[K/home/hans/ar/ar_src/command/ar_control/src/ar_control_server.cpp:102:60:[m[K [01;31m[Kerror: [m[Kâ€˜[01m[KSUCCESS[m[Kâ€™ is not a member of â€˜[01m[Kar_control::ControlErrorCode[m[Kâ€™
[4.462s]   102 |                                 status = ControlErrorCode::[01;31m[KSUCCESS[m[K;
[4.462s]       |                                                            [01;31m[K^~~~~~~[m[K
[4.462s] [01m[K/home/hans/ar/ar_src/command/ar_control/src/ar_hardware_interface.cpp:[m[K In constructor â€˜[01m[Kar_control::ArHardwareInterface::ArHardwareInterface(bool, bool)[m[Kâ€™:
[4.462s] [01m[K/home/hans/ar/ar_src/command/ar_control/src/ar_hardware_interface.cpp:25:9:[m[K [01;31m[Kerror: [m[Kâ€˜[01m[Kar_hardware_interface_node_[m[Kâ€™ was not declared in this scope; did you mean â€˜[01m[KArHardwareInterface[m[Kâ€™?
[4.462s]    25 |         [01;31m[Kar_hardware_interface_node_[m[K = rclcpp::Node::make_shared("ar_hardware_interface_node",
[4.462s]       |         [01;31m[K^~~~~~~~~~~~~~~~~~~~~~~~~~~[m[K
[4.462s]       |         [32m[KArHardwareInterface[m[K
[4.482s] [01m[K/home/hans/ar/ar_src/command/ar_control/src/ar_control_server.cpp:[m[K In member function â€˜[01m[Kvoid ar_control::ArControlServer::incomingDisplayTrajectory(moveit_msgs::msg::DisplayTrajectory_<std::allocator<void> >::ConstSharedPtr)[m[Kâ€™:
[4.483s] [01m[K/home/hans/ar/ar_src/command/ar_control/src/ar_control_server.cpp:32:24:[m[K [01;31m[Kerror: [m[Kâ€˜[01m[Kclass ar_control::ArHardwareInterface[m[Kâ€™ has no member named â€˜[01m[Kmove[m[Kâ€™
[4.483s]    32 |                 robot->[01;31m[Kmove[m[K("", msg->trajectory[0].joint_trajectory, status);
[4.483s]       |                        [01;31m[K^~~~[m[K
[4.494s] [01m[K/home/hans/ar/ar_src/command/ar_control/src/ar_hardware_interface.cpp:26:88:[m[K [01;31m[Kerror: [m[Kâ€˜[01m[Kautomatically_declare_parameters_from_overrides[m[Kâ€™ was not declared in this scope
[4.494s]    26 |                                                                 rclcpp::NodeOptions(), [01;31m[Kautomatically_declare_parameters_from_overrides[m[K(true));
[4.494s]       |                                                                                        [01;31m[K^~~~~~~~~~~~~~~~~~~~~~~~~~~~~~~~~~~~~~~~~~~~~~~[m[K
[4.494s] In file included from [01m[K/opt/ros/humble/include/rclcpp/rclcpp/client.hpp:40[m[K,
[4.494s]                  from [01m[K/opt/ros/humble/include/rclcpp/rclcpp/callback_group.hpp:24[m[K,
[4.495s]                  from [01m[K/opt/ros/humble/include/rclcpp/rclcpp/any_executable.hpp:20[m[K,
[4.495s]                  from [01m[K/opt/ros/humble/include/rclcpp/rclcpp/memory_strategy.hpp:25[m[K,
[4.495s]                  from [01m[K/opt/ros/humble/include/rclcpp/rclcpp/memory_strategies.hpp:18[m[K,
[4.495s]                  from [01m[K/opt/ros/humble/include/rclcpp/rclcpp/executor_options.hpp:20[m[K,
[4.495s]                  from [01m[K/opt/ros/humble/include/rclcpp/rclcpp/executor.hpp:37[m[K,
[4.495s]                  from [01m[K/opt/ros/humble/include/rclcpp/rclcpp/executors/multi_threaded_executor.hpp:25[m[K,
[4.495s]                  from [01m[K/opt/ros/humble/include/rclcpp/rclcpp/executors.hpp:21[m[K,
[4.495s]                  from [01m[K/opt/ros/humble/include/rclcpp/rclcpp/rclcpp.hpp:155[m[K,
[4.495s]                  from [01m[K/home/hans/ar/ar_src/command/ar_control/include/ar_control_server.h:12[m[K,
[4.495s]                  from [01m[K/home/hans/ar/ar_src/command/ar_control/include/ar_hardware_interface.h:11[m[K,
[4.495s]                  from [01m[K/home/hans/ar/ar_src/command/ar_control/src/ar_hardware_interface.cpp:1[m[K:
[4.495s] [01m[K/home/hans/ar/ar_src/command/ar_control/src/ar_hardware_interface.cpp:30:13:[m[K [01;31m[Kerror: [m[Ktemplate argument 1 is invalid
[4.495s]    30 |             [01;31m[KRCLCPP_ERROR[m[K(ar_hardware_interface_node_->get_logger(), "Parameter 'robot_description' not found.");
[4.495s]       |             [01;31m[K^~~~~~~~~~~~[m[K
[4.495s] [01m[K/home/hans/ar/ar_src/command/ar_control/src/ar_hardware_interface.cpp:30:13:[m[K [01;31m[Kerror: [m[Ktemplate argument 1 is invalid
[4.495s]    30 |             [01;31m[KRCLCPP_ERROR[m[K(ar_hardware_interface_node_->get_logger(), "Parameter 'robot_description' not found.");
[4.495s]       |             [01;31m[K^~~~~~~~~~~~[m[K
[4.495s] [01m[K/home/hans/ar/ar_src/command/ar_control/src/ar_hardware_interface.cpp:30:13:[m[K [01;31m[Kerror: [m[Ktemplate argument 1 is invalid
[4.495s]    30 |             [01;31m[KRCLCPP_ERROR[m[K(ar_hardware_interface_node_->get_logger(), "Parameter 'robot_description' not found.");
[4.495s]       |             [01;31m[K^~~~~~~~~~~~[m[K
[4.496s] [01m[K/home/hans/ar/ar_src/command/ar_control/src/ar_hardware_interface.cpp:35:13:[m[K [01;31m[Kerror: [m[Ktemplate argument 1 is invalid
[4.496s]    35 |             [01;31m[KRCLCPP_ERROR[m[K(ar_hardware_interface_node_->get_logger(), "Failed to parse URDF model.");
[4.496s]       |             [01;31m[K^~~~~~~~~~~~[m[K
[4.496s] [01m[K/home/hans/ar/ar_src/command/ar_control/src/ar_hardware_interface.cpp:35:13:[m[K [01;31m[Kerror: [m[Ktemplate argument 1 is invalid
[4.496s]    35 |             [01;31m[KRCLCPP_ERROR[m[K(ar_hardware_interface_node_->get_logger(), "Failed to parse URDF model.");
[4.496s]       |             [01;31m[K^~~~~~~~~~~~[m[K
[4.496s] [01m[K/home/hans/ar/ar_src/command/ar_control/src/ar_hardware_interface.cpp:35:13:[m[K [01;31m[Kerror: [m[Ktemplate argument 1 is invalid
[4.496s]    35 |             [01;31m[KRCLCPP_ERROR[m[K(ar_hardware_interface_node_->get_logger(), "Failed to parse URDF model.");
[4.496s]       |             [01;31m[K^~~~~~~~~~~~[m[K
[4.503s] [01m[K/home/hans/ar/ar_src/command/ar_control/src/ar_hardware_interface.cpp:[m[K In member function â€˜[01m[Kvoid ar_control::ArHardwareInterface::shutdown()[m[Kâ€™:
[4.503s] [01m[K/home/hans/ar/ar_src/command/ar_control/src/ar_hardware_interface.cpp:54:27:[m[K [01;31m[Kerror: [m[Kâ€˜[01m[Kdrives[m[Kâ€™ was not declared in this scope; did you mean â€˜[01m[Kdrive[m[Kâ€™?
[4.503s]    54 |         for (auto drive : [01;31m[Kdrives[m[K)
[4.503s]       |                           [01;31m[K^~~~~~[m[K
[4.503s]       |                           [32m[Kdrive[m[K
[4.508s] [01m[K/home/hans/ar/ar_src/command/ar_control/src/ar_control_server.cpp:[m[K In member function â€˜[01m[Kvoid ar_control::ArControlServer::execute(std::shared_ptr<rclcpp_action::ServerGoalHandle<ar_action::action::ArControl> >)[m[Kâ€™:
[4.508s] [01m[K/home/hans/ar/ar_src/command/ar_control/src/ar_control_server.cpp:92:52:[m[K [01;31m[Kerror: [m[Kâ€˜[01m[KSUCCESS[m[Kâ€™ is not a member of â€˜[01m[Kar_control::ControlErrorCode[m[Kâ€™
[4.508s]    92 |                         status = ControlErrorCode::[01;31m[KSUCCESS[m[K;
[4.508s]       |                                                    [01;31m[K^~~~~~~[m[K
[4.508s] [01m[K/home/hans/ar/ar_src/command/ar_control/src/ar_control_server.cpp:99:40:[m[K [01;31m[Kerror: [m[Kâ€˜[01m[Kclass ar_control::ArHardwareInterface[m[Kâ€™ has no member named â€˜[01m[Kmove[m[Kâ€™
[4.508s]    99 |                                 robot->[01;31m[Kmove[m[K(goal->planning_group, goal->trajectory, status);
[4.508s]       |                                        [01;31m[K^~~~[m[K
[4.508s] [01m[K/home/hans/ar/ar_src/command/ar_control/src/ar_control_server.cpp:102:60:[m[K [01;31m[Kerror: [m[Kâ€˜[01m[KSUCCESS[m[Kâ€™ is not a member of â€˜[01m[Kar_control::ControlErrorCode[m[Kâ€™
[4.508s]   102 |                                 status = ControlErrorCode::[01;31m[KSUCCESS[m[K;
[4.508s]       |                                                            [01;31m[K^~~~~~~[m[K
[4.513s] [01m[K/home/hans/ar/ar_src/command/ar_control/src/ar_hardware_interface.cpp:[m[K In member function â€˜[01m[Kvoid ar_control::ArHardwareInterface::readConfigFromYaml(std::string)[m[Kâ€™:
[4.513s] [01m[K/home/hans/ar/ar_src/command/ar_control/src/ar_hardware_interface.cpp:95:13:[m[K [01;31m[Kerror: [m[Kâ€˜[01m[KDriveParameters[m[Kâ€™ was not declared in this scope; did you mean â€˜[01m[KDriveParameter[m[Kâ€™?
[4.513s]    95 |             [01;31m[KDriveParameters[m[K driveParams;
[4.513s]       |             [01;31m[K^~~~~~~~~~~~~~~[m[K
[4.513s]       |             [32m[KDriveParameter[m[K
[4.521s] [01m[K/home/hans/ar/ar_src/command/ar_control/src/ar_hardware_interface.cpp:97:13:[m[K [01;31m[Kerror: [m[Kâ€˜[01m[KdriveParams[m[Kâ€™ was not declared in this scope; did you mean â€˜[01m[KDriveParameter[m[Kâ€™?
[4.521s]    97 |             [01;31m[KdriveParams[m[K.drive_id = stringToId(drive_id);
[4.521s]       |             [01;31m[K^~~~~~~~~~~[m[K
[4.521s]       |             [32m[KDriveParameter[m[K
[4.522s] [01m[K/home/hans/ar/ar_src/command/ar_control/src/ar_hardware_interface.cpp:97:36:[m[K [01;31m[Kerror: [m[Kâ€˜[01m[KstringToId[m[Kâ€™ was not declared in this scope; did you mean â€˜[01m[Kar_utils::stringToId[m[Kâ€™?
[4.522s]    97 |             driveParams.drive_id = [01;31m[KstringToId[m[K(drive_id);
[4.522s]       |                                    [01;31m[K^~~~~~~~~~[m[K
[4.523s]       |                                    [32m[Kar_utils::stringToId[m[K
[4.523s] In file included from [01m[K/home/hans/ar/ar_src/command/ar_control/include/ar_control_server.h:19[m[K,
[4.523s]                  from [01m[K/home/hans/ar/ar_src/command/ar_control/include/ar_hardware_interface.h:11[m[K,
[4.523s]                  from [01m[K/home/hans/ar/ar_src/command/ar_control/src/ar_hardware_interface.cpp:1[m[K:
[4.523s] [01m[K/home/hans/ar/install/ar_utils/include/ar_utils.h:31:13:[m[K [01;36m[Knote: [m[Kâ€˜[01m[Kar_utils::stringToId[m[Kâ€™ declared here
[4.523s]    31 |         int [01;36m[KstringToId[m[K(std::string str);
[4.523s]       |             [01;36m[K^~~~~~~~~~[m[K
[4.529s] [01m[K/home/hans/ar/ar_src/command/ar_control/src/ar_hardware_interface.cpp:103:45:[m[K [01;31m[Kerror: [m[Kâ€˜[01m[KPORT_UART[m[Kâ€™ was not declared in this scope; did you mean â€˜[01m[KPORT_CAN[m[Kâ€™?
[4.530s]   103 |             else if (driveParams.port_id == [01;31m[KPORT_UART[m[K)
[4.530s]       |                                             [01;31m[K^~~~~~~~~[m[K
[4.530s]       |                                             [32m[KPORT_CAN[m[K
[4.535s] [01m[K/home/hans/ar/ar_src/command/ar_control/src/ar_system.cpp:[m[K In member function â€˜[01m[Kvirtual CallbackReturn ar_control::ArSystemHardware::on_init(const hardware_interface::HardwareInfo&)[m[Kâ€™:
[4.535s] [01m[K/home/hans/ar/ar_src/command/ar_control/src/ar_system.cpp:43:17:[m[K [01;31m[Kerror: [m[Kâ€˜[01m[Krobot_desc[m[Kâ€™ was not declared in this scope
[4.535s]    43 |                 [01;31m[Krobot_desc[m[K = info_.hardware_parameters["desc"];
[4.535s]       |                 [01;31m[K^~~~~~~~~~[m[K
[4.539s] [01m[K/home/hans/ar/ar_src/command/ar_control/src/ar_system.cpp:[m[K In member function â€˜[01m[Kvirtual CallbackReturn ar_control::ArSystemHardware::on_configure(const rclcpp_lifecycle::State&)[m[Kâ€™:
[4.539s] [01m[K/home/hans/ar/ar_src/command/ar_control/src/ar_system.cpp:88:41:[m[K [01;31m[Kerror: [m[Kâ€˜[01m[Kusing element_type = class ar_control::ArHardwareInterface[m[Kâ€™ {aka â€˜[01m[Kclass ar_control::ArHardwareInterface[m[Kâ€™} has no member named â€˜[01m[KgetDrives[m[Kâ€™
[4.539s]    88 |                 for(auto drive : robot->[01;31m[KgetDrives[m[K()) {
[4.539s]       |                                         [01;31m[K^~~~~~~~~[m[K
[4.541s] [01m[K/home/hans/ar/ar_src/command/ar_control/src/ar_system.cpp:[m[K In member function â€˜[01m[Kvirtual std::vector<hardware_interface::StateInterface> ar_control::ArSystemHardware::export_state_interfaces()[m[Kâ€™:
[4.541s] [01m[K/home/hans/ar/ar_src/command/ar_control/src/ar_system.cpp:103:41:[m[K [01;31m[Kerror: [m[Kâ€˜[01m[Kusing element_type = class ar_control::ArHardwareInterface[m[Kâ€™ {aka â€˜[01m[Kclass ar_control::ArHardwareInterface[m[Kâ€™} has no member named â€˜[01m[KgetDrives[m[Kâ€™
[4.541s]   103 |                 for(auto drive : robot->[01;31m[KgetDrives[m[K()) {
[4.541s]       |                                         [01;31m[K^~~~~~~~~[m[K
[4.544s] [01m[K/home/hans/ar/ar_src/command/ar_control/src/ar_system.cpp:[m[K In member function â€˜[01m[Kvirtual std::vector<hardware_interface::CommandInterface> ar_control::ArSystemHardware::export_command_interfaces()[m[Kâ€™:
[4.544s] [01m[K/home/hans/ar/ar_src/command/ar_control/src/ar_system.cpp:120:41:[m[K [01;31m[Kerror: [m[Kâ€˜[01m[Kusing element_type = class ar_control::ArHardwareInterface[m[Kâ€™ {aka â€˜[01m[Kclass ar_control::ArHardwareInterface[m[Kâ€™} has no member named â€˜[01m[KgetDrives[m[Kâ€™
[4.544s]   120 |                 for(auto drive : robot->[01;31m[KgetDrives[m[K()) {
[4.544s]       |                                         [01;31m[K^~~~~~~~~[m[K
[4.544s] In file included from [01m[K/opt/ros/humble/include/rclcpp/rclcpp/client.hpp:40[m[K,
[4.544s]                  from [01m[K/opt/ros/humble/include/rclcpp/rclcpp/callback_group.hpp:24[m[K,
[4.544s]                  from [01m[K/opt/ros/humble/include/rclcpp/rclcpp/any_executable.hpp:20[m[K,
[4.544s]                  from [01m[K/opt/ros/humble/include/rclcpp/rclcpp/memory_strategy.hpp:25[m[K,
[4.544s]                  from [01m[K/opt/ros/humble/include/rclcpp/rclcpp/memory_strategies.hpp:18[m[K,
[4.544s]                  from [01m[K/opt/ros/humble/include/rclcpp/rclcpp/executor_options.hpp:20[m[K,
[4.544s]                  from [01m[K/opt/ros/humble/include/rclcpp/rclcpp/executor.hpp:37[m[K,
[4.544s]                  from [01m[K/opt/ros/humble/include/rclcpp/rclcpp/executors/multi_threaded_executor.hpp:25[m[K,
[4.545s]                  from [01m[K/opt/ros/humble/include/rclcpp/rclcpp/executors.hpp:21[m[K,
[4.545s]                  from [01m[K/opt/ros/humble/include/rclcpp/rclcpp/rclcpp.hpp:155[m[K,
[4.545s]                  from [01m[K/home/hans/ar/ar_src/command/ar_control/include/ar_control_server.h:12[m[K,
[4.545s]                  from [01m[K/home/hans/ar/ar_src/command/ar_control/include/ar_hardware_interface.h:11[m[K,
[4.545s]                  from [01m[K/home/hans/ar/ar_src/command/ar_control/src/ar_hardware_interface.cpp:1[m[K:
[4.545s] [01m[K/home/hans/ar/ar_src/command/ar_control/src/ar_hardware_interface.cpp:113:30:[m[K [01;31m[Kerror: [m[Kâ€˜[01m[Kar_hardware_interface_node_[m[Kâ€™ was not declared in this scope; did you mean â€˜[01m[KArHardwareInterface[m[Kâ€™?
[4.545s]   113 |                 RCLCPP_ERROR([01;31m[Kar_hardware_interface_node_[m[K->get_logger(), "Invalid port ID: %d", driveParams.port_id);
[4.545s]       |                              [01;31m[K^~~~~~~~~~~~~~~~~~~~~~~~~~~[m[K
[4.545s] [01m[K/home/hans/ar/ar_src/command/ar_control/src/ar_hardware_interface.cpp:113:17:[m[K [01;31m[Kerror: [m[Ktemplate argument 1 is invalid
[4.545s]   113 |                 [01;31m[KRCLCPP_ERROR[m[K(ar_hardware_interface_node_->get_logger(), "Invalid port ID: %d", driveParams.port_id);
[4.545s]       |                 [01;31m[K^~~~~~~~~~~~[m[K
[4.545s] [01m[K/home/hans/ar/ar_src/command/ar_control/src/ar_hardware_interface.cpp:113:17:[m[K [01;31m[Kerror: [m[Ktemplate argument 1 is invalid
[4.545s]   113 |                 [01;31m[KRCLCPP_ERROR[m[K(ar_hardware_interface_node_->get_logger(), "Invalid port ID: %d", driveParams.port_id);
[4.545s]       |                 [01;31m[K^~~~~~~~~~~~[m[K
[4.545s] [01m[K/home/hans/ar/ar_src/command/ar_control/src/ar_hardware_interface.cpp:113:17:[m[K [01;31m[Kerror: [m[Ktemplate argument 1 is invalid
[4.545s]   113 |                 [01;31m[KRCLCPP_ERROR[m[K(ar_hardware_interface_node_->get_logger(), "Invalid port ID: %d", driveParams.port_id);
[4.545s]       |                 [01;31m[K^~~~~~~~~~~~[m[K
[4.545s] [01m[K/home/hans/ar/ar_src/command/ar_control/src/ar_system.cpp:[m[K In member function â€˜[01m[Kvirtual CallbackReturn ar_control::ArSystemHardware::on_activate(const rclcpp_lifecycle::State&)[m[Kâ€™:
[4.545s] [01m[K/home/hans/ar/ar_src/command/ar_control/src/ar_system.cpp:137:41:[m[K [01;31m[Kerror: [m[Kâ€˜[01m[Kusing element_type = class ar_control::ArHardwareInterface[m[Kâ€™ {aka â€˜[01m[Kclass ar_control::ArHardwareInterface[m[Kâ€™} has no member named â€˜[01m[KgetDrives[m[Kâ€™
[4.546s]   137 |                 for(auto drive : robot->[01;31m[KgetDrives[m[K()) {
[4.546s]       |                                         [01;31m[K^~~~~~~~~[m[K
[4.546s] [01m[K/home/hans/ar/ar_src/command/ar_control/src/ar_system.cpp:[m[K In member function â€˜[01m[Kvirtual hardware_interface::return_type ar_control::ArSystemHardware::write(const rclcpp::Time&, const rclcpp::Duration&)[m[Kâ€™:
[4.546s] [01m[K/home/hans/ar/ar_src/command/ar_control/src/ar_system.cpp:178:27:[m[K [01;31m[Kerror: [m[Kâ€˜[01m[Kusing element_type = class ar_control::ArHardwareInterface[m[Kâ€™ {aka â€˜[01m[Kclass ar_control::ArHardwareInterface[m[Kâ€™} has no member named â€˜[01m[Ksoem_drives[m[Kâ€™; did you mean â€˜[01m[KArDrives ar_control::ArHardwareInterface::ar_drives[m[Kâ€™? (not accessible from this context)
[4.546s]   178 |                 if(robot->[01;31m[Ksoem_drives[m[K)
[4.546s]       |                           [01;31m[K^~~~~~~~~~~[m[K
[4.546s] In file included from [01m[K/home/hans/ar/ar_src/command/ar_control/include/ar_system.hpp:30[m[K,
[4.546s]                  from [01m[K/home/hans/ar/ar_src/command/ar_control/src/ar_system.cpp:15[m[K:
[4.546s] [01m[K/home/hans/ar/ar_src/command/ar_control/include/ar_hardware_interface.h:38:26:[m[K [01;36m[Knote: [m[Kdeclared private here
[4.546s]    38 |                 ArDrives [01;36m[Kar_drives[m[K;                                             ///< Holds all drive parameters and joint names
[4.546s]       |                          [01;36m[K^~~~~~~~~[m[K
[4.551s] [01m[K/home/hans/ar/ar_src/command/ar_control/src/ar_system.cpp:179:44:[m[K [01;31m[Kerror: [m[Kâ€˜[01m[Kcond[m[Kâ€™ was not declared in this scope
[4.551s]   179 |                         pthread_cond_wait(&[01;31m[Kcond[m[K, &lock);
[4.551s]       |                                            [01;31m[K^~~~[m[K
[4.552s] [01m[K/home/hans/ar/ar_src/command/ar_control/src/ar_hardware_interface.cpp:117:17:[m[K [01;31m[Kerror: [m[Kâ€˜[01m[KJointParameters[m[Kâ€™ was not declared in this scope; did you mean â€˜[01m[KJointParameter[m[Kâ€™?
[4.552s]   117 |                 [01;31m[KJointParameters[m[K jointParams;
[4.553s]       |                 [01;31m[K^~~~~~~~~~~~~~~[m[K
[4.553s]       |                 [32m[KJointParameter[m[K
[4.553s] [01m[K/home/hans/ar/ar_src/command/ar_control/src/ar_system.cpp:179:51:[m[K [01;31m[Kerror: [m[Kâ€˜[01m[Klock[m[Kâ€™ was not declared in this scope; did you mean â€˜[01m[Kstd::lock[m[Kâ€™?
[4.553s]   179 |                         pthread_cond_wait(&cond, &[01;31m[Klock[m[K);
[4.553s]       |                                                   [01;31m[K^~~~[m[K
[4.553s]       |                                                   [32m[Kstd::lock[m[K
[4.553s] In file included from [01m[K/home/hans/ar/ar_src/command/ar_control/include/ar_control_server.h:10[m[K,
[4.553s]                  from [01m[K/home/hans/ar/ar_src/command/ar_control/include/ar_hardware_interface.h:11[m[K,
[4.553s]                  from [01m[K/home/hans/ar/ar_src/command/ar_control/include/ar_system.hpp:30[m[K,
[4.553s]                  from [01m[K/home/hans/ar/ar_src/command/ar_control/src/ar_system.cpp:15[m[K:
[4.553s] [01m[K/usr/include/c++/11/mutex:591:5:[m[K [01;36m[Knote: [m[Kâ€˜[01m[Kstd::lock[m[Kâ€™ declared here
[4.553s]   591 |     [01;36m[Klock[m[K(_L1& __l1, _L2& __l2, _L3&... __l3)
[4.553s]       |     [01;36m[K^~~~[m[K
[4.560s] [01m[K/home/hans/ar/ar_src/command/ar_control/src/ar_hardware_interface.cpp:118:17:[m[K [01;31m[Kerror: [m[Kâ€˜[01m[KjointParams[m[Kâ€™ was not declared in this scope; did you mean â€˜[01m[KJointParameter[m[Kâ€™?
[4.561s]   118 |                 [01;31m[KjointParams[m[K.joint_name = jt->first.as<std::string>();
[4.561s]       |                 [01;31m[K^~~~~~~~~~~[m[K
[4.561s]       |                 [32m[KJointParameter[m[K
[4.561s] [01m[K/home/hans/ar/ar_src/command/ar_control/src/ar_hardware_interface.cpp:132:23:[m[K [01;31m[Kerror: [m[Kâ€˜[01m[Kclass ArDrives[m[Kâ€™ has no member named â€˜[01m[Kdrive_parameters[m[Kâ€™; did you mean â€˜[01m[Kdrive_parameter[m[Kâ€™?
[4.561s]   132 |             ar_drives.[01;31m[Kdrive_parameters[m[K.push_back(driveParams);
[4.561s]       |                       [01;31m[K^~~~~~~~~~~~~~~~[m[K
[4.561s]       |                       [32m[Kdrive_parameter[m[K
[4.561s] [01m[K/home/hans/ar/ar_src/command/ar_control/src/ar_hardware_interface.cpp:135:29:[m[K [01;31m[Kerror: [m[Kâ€˜[01m[Kclass ArDrives[m[Kâ€™ has no member named â€˜[01m[Kdrive_parameters[m[Kâ€™; did you mean â€˜[01m[Kdrive_parameter[m[Kâ€™?
[4.561s]   135 |         std::sort(ar_drives.[01;31m[Kdrive_parameters[m[K.begin(), ar_drives.drive_parameters.end(),
[4.561s]       |                             [01;31m[K^~~~~~~~~~~~~~~~[m[K
[4.561s]       |                             [32m[Kdrive_parameter[m[K
[4.561s] [01m[K/home/hans/ar/ar_src/command/ar_control/src/ar_hardware_interface.cpp:135:65:[m[K [01;31m[Kerror: [m[Kâ€˜[01m[Kclass ArDrives[m[Kâ€™ has no member named â€˜[01m[Kdrive_parameters[m[Kâ€™; did you mean â€˜[01m[Kdrive_parameter[m[Kâ€™?
[4.561s]   135 |         std::sort(ar_drives.drive_parameters.begin(), ar_drives.[01;31m[Kdrive_parameters[m[K.end(),
[4.561s]       |                                                                 [01;31m[K^~~~~~~~~~~~~~~~[m[K
[4.561s]       |                                                                 [32m[Kdrive_parameter[m[K
[4.570s] [01m[K/home/hans/ar/ar_src/command/ar_control/src/ar_hardware_interface.cpp:[m[K At global scope:
[4.570s] [01m[K/home/hans/ar/ar_src/command/ar_control/src/ar_hardware_interface.cpp:142:19:[m[K [01;31m[Kerror: [m[Kâ€˜[01m[KArDriveControl[m[Kâ€™ was not declared in this scope
[4.570s]   142 |     std::map<int, [01;31m[KArDriveControl[m[K *> ArHardwareInterface::getDrives()
[4.570s]       |                   [01;31m[K^~~~~~~~~~~~~~[m[K
[4.570s] [01m[K/home/hans/ar/ar_src/command/ar_control/src/ar_hardware_interface.cpp:142:35:[m[K [01;31m[Kerror: [m[Ktemplate argument 2 is invalid
[4.570s]   142 |     std::map<int, ArDriveControl *[01;31m[K>[m[K ArHardwareInterface::getDrives()
[4.570s]       |                                   [01;31m[K^[m[K
[4.570s] [01m[K/home/hans/ar/ar_src/command/ar_control/src/ar_hardware_interface.cpp:142:35:[m[K [01;31m[Kerror: [m[Ktemplate argument 4 is invalid
[4.570s] [01m[K/home/hans/ar/ar_src/command/ar_control/src/ar_hardware_interface.cpp:142:37:[m[K [01;31m[Kerror: [m[Kno declaration matches â€˜[01m[Kint ar_control::ArHardwareInterface::getDrives()[m[Kâ€™
[4.571s]   142 |     std::map<int, ArDriveControl *> [01;31m[KArHardwareInterface[m[K::getDrives()
[4.571s]       |                                     [01;31m[K^~~~~~~~~~~~~~~~~~~[m[K
[4.571s] [01m[K/home/hans/ar/ar_src/command/ar_control/src/ar_hardware_interface.cpp:142:37:[m[K [01;36m[Knote: [m[Kno functions named â€˜[01m[Kint ar_control::ArHardwareInterface::getDrives()[m[Kâ€™
[4.571s] In file included from [01m[K/home/hans/ar/ar_src/command/ar_control/src/ar_hardware_interface.cpp:1[m[K:
[4.571s] [01m[K/home/hans/ar/ar_src/command/ar_control/include/ar_hardware_interface.h:24:15:[m[K [01;36m[Knote: [m[Kâ€˜[01m[Kclass ar_control::ArHardwareInterface[m[Kâ€™ defined here
[4.571s]    24 |         class [01;36m[KArHardwareInterface[m[K
[4.571s]       |               [01;36m[K^~~~~~~~~~~~~~~~~~~[m[K
[4.590s] [01m[K/home/hans/ar/ar_src/command/ar_control/src/ar_hardware_interface.cpp:[m[K In constructor â€˜[01m[Kar_control::ArHardwareInterface::ArHardwareInterface(bool, bool)[m[Kâ€™:
[4.590s] [01m[K/home/hans/ar/ar_src/command/ar_control/src/ar_hardware_interface.cpp:25:9:[m[K [01;31m[Kerror: [m[Kâ€˜[01m[Kar_hardware_interface_node_[m[Kâ€™ was not declared in this scope; did you mean â€˜[01m[KArHardwareInterface[m[Kâ€™?
[4.590s]    25 |         [01;31m[Kar_hardware_interface_node_[m[K = rclcpp::Node::make_shared("ar_hardware_interface_node",
[4.590s]       |         [01;31m[K^~~~~~~~~~~~~~~~~~~~~~~~~~~[m[K
[4.590s]       |         [32m[KArHardwareInterface[m[K
[4.612s] [01m[K/home/hans/ar/ar_src/command/ar_control/src/ar_system.cpp:[m[K In member function â€˜[01m[Kvirtual CallbackReturn ar_control::ArSystemHardware::on_init(const hardware_interface::HardwareInfo&)[m[Kâ€™:
[4.612s] [01m[K/home/hans/ar/ar_src/command/ar_control/src/ar_system.cpp:43:17:[m[K [01;31m[Kerror: [m[Kâ€˜[01m[Krobot_desc[m[Kâ€™ was not declared in this scope
[4.612s]    43 |                 [01;31m[Krobot_desc[m[K = info_.hardware_parameters["desc"];
[4.612s]       |                 [01;31m[K^~~~~~~~~~[m[K
[4.616s] [01m[K/home/hans/ar/ar_src/command/ar_control/src/ar_system.cpp:[m[K In member function â€˜[01m[Kvirtual CallbackReturn ar_control::ArSystemHardware::on_configure(const rclcpp_lifecycle::State&)[m[Kâ€™:
[4.616s] [01m[K/home/hans/ar/ar_src/command/ar_control/src/ar_system.cpp:88:41:[m[K [01;31m[Kerror: [m[Kâ€˜[01m[Kusing element_type = class ar_control::ArHardwareInterface[m[Kâ€™ {aka â€˜[01m[Kclass ar_control::ArHardwareInterface[m[Kâ€™} has no member named â€˜[01m[KgetDrives[m[Kâ€™
[4.616s]    88 |                 for(auto drive : robot->[01;31m[KgetDrives[m[K()) {
[4.616s]       |                                         [01;31m[K^~~~~~~~~[m[K
[4.618s] [01m[K/home/hans/ar/ar_src/command/ar_control/src/ar_system.cpp:[m[K In member function â€˜[01m[Kvirtual std::vector<hardware_interface::StateInterface> ar_control::ArSystemHardware::export_state_interfaces()[m[Kâ€™:
[4.619s] [01m[K/home/hans/ar/ar_src/command/ar_control/src/ar_system.cpp:103:41:[m[K [01;31m[Kerror: [m[Kâ€˜[01m[Kusing element_type = class ar_control::ArHardwareInterface[m[Kâ€™ {aka â€˜[01m[Kclass ar_control::ArHardwareInterface[m[Kâ€™} has no member named â€˜[01m[KgetDrives[m[Kâ€™
[4.619s]   103 |                 for(auto drive : robot->[01;31m[KgetDrives[m[K()) {
[4.619s]       |                                         [01;31m[K^~~~~~~~~[m[K
[4.621s] [01m[K/home/hans/ar/ar_src/command/ar_control/src/ar_system.cpp:[m[K In member function â€˜[01m[Kvirtual std::vector<hardware_interface::CommandInterface> ar_control::ArSystemHardware::export_command_interfaces()[m[Kâ€™:
[4.621s] [01m[K/home/hans/ar/ar_src/command/ar_control/src/ar_system.cpp:120:41:[m[K [01;31m[Kerror: [m[Kâ€˜[01m[Kusing element_type = class ar_control::ArHardwareInterface[m[Kâ€™ {aka â€˜[01m[Kclass ar_control::ArHardwareInterface[m[Kâ€™} has no member named â€˜[01m[KgetDrives[m[Kâ€™
[4.621s]   120 |                 for(auto drive : robot->[01;31m[KgetDrives[m[K()) {
[4.621s]       |                                         [01;31m[K^~~~~~~~~[m[K
[4.622s] [01m[K/home/hans/ar/ar_src/command/ar_control/src/ar_system.cpp:[m[K In member function â€˜[01m[Kvirtual CallbackReturn ar_control::ArSystemHardware::on_activate(const rclcpp_lifecycle::State&)[m[Kâ€™:
[4.622s] [01m[K/home/hans/ar/ar_src/command/ar_control/src/ar_system.cpp:137:41:[m[K [01;31m[Kerror: [m[Kâ€˜[01m[Kusing element_type = class ar_control::ArHardwareInterface[m[Kâ€™ {aka â€˜[01m[Kclass ar_control::ArHardwareInterface[m[Kâ€™} has no member named â€˜[01m[KgetDrives[m[Kâ€™
[4.622s]   137 |                 for(auto drive : robot->[01;31m[KgetDrives[m[K()) {
[4.622s]       |                                         [01;31m[K^~~~~~~~~[m[K
[4.623s] [01m[K/home/hans/ar/ar_src/command/ar_control/src/ar_system.cpp:[m[K In member function â€˜[01m[Kvirtual hardware_interface::return_type ar_control::ArSystemHardware::write(const rclcpp::Time&, const rclcpp::Duration&)[m[Kâ€™:
[4.623s] [01m[K/home/hans/ar/ar_src/command/ar_control/src/ar_system.cpp:178:27:[m[K [01;31m[Kerror: [m[Kâ€˜[01m[Kusing element_type = class ar_control::ArHardwareInterface[m[Kâ€™ {aka â€˜[01m[Kclass ar_control::ArHardwareInterface[m[Kâ€™} has no member named â€˜[01m[Ksoem_drives[m[Kâ€™; did you mean â€˜[01m[KArDrives ar_control::ArHardwareInterface::ar_drives[m[Kâ€™? (not accessible from this context)
[4.623s]   178 |                 if(robot->[01;31m[Ksoem_drives[m[K)
[4.624s]       |                           [01;31m[K^~~~~~~~~~~[m[K
[4.624s] In file included from [01m[K/home/hans/ar/ar_src/command/ar_control/include/ar_system.hpp:30[m[K,
[4.624s]                  from [01m[K/home/hans/ar/ar_src/command/ar_control/src/ar_system.cpp:15[m[K:
[4.624s] [01m[K/home/hans/ar/ar_src/command/ar_control/include/ar_hardware_interface.h:38:26:[m[K [01;36m[Knote: [m[Kdeclared private here
[4.624s]    38 |                 ArDrives [01;36m[Kar_drives[m[K;                                             ///< Holds all drive parameters and joint names
[4.624s]       |                          [01;36m[K^~~~~~~~~[m[K
[4.627s] [01m[K/home/hans/ar/ar_src/command/ar_control/src/ar_hardware_interface.cpp:26:88:[m[K [01;31m[Kerror: [m[Kâ€˜[01m[Kautomatically_declare_parameters_from_overrides[m[Kâ€™ was not declared in this scope
[4.627s]    26 |                                                                 rclcpp::NodeOptions(), [01;31m[Kautomatically_declare_parameters_from_overrides[m[K(true));
[4.627s]       |                                                                                        [01;31m[K^~~~~~~~~~~~~~~~~~~~~~~~~~~~~~~~~~~~~~~~~~~~~~~[m[K
[4.627s] In file included from [01m[K/opt/ros/humble/include/rclcpp/rclcpp/client.hpp:40[m[K,
[4.627s]                  from [01m[K/opt/ros/humble/include/rclcpp/rclcpp/callback_group.hpp:24[m[K,
[4.627s]                  from [01m[K/opt/ros/humble/include/rclcpp/rclcpp/any_executable.hpp:20[m[K,
[4.627s]                  from [01m[K/opt/ros/humble/include/rclcpp/rclcpp/memory_strategy.hpp:25[m[K,
[4.627s]                  from [01m[K/opt/ros/humble/include/rclcpp/rclcpp/memory_strategies.hpp:18[m[K,
[4.627s]                  from [01m[K/opt/ros/humble/include/rclcpp/rclcpp/executor_options.hpp:20[m[K,
[4.627s]                  from [01m[K/opt/ros/humble/include/rclcpp/rclcpp/executor.hpp:37[m[K,
[4.628s]                  from [01m[K/opt/ros/humble/include/rclcpp/rclcpp/executors/multi_threaded_executor.hpp:25[m[K,
[4.628s]                  from [01m[K/opt/ros/humble/include/rclcpp/rclcpp/executors.hpp:21[m[K,
[4.628s]                  from [01m[K/opt/ros/humble/include/rclcpp/rclcpp/rclcpp.hpp:155[m[K,
[4.628s]                  from [01m[K/home/hans/ar/ar_src/command/ar_control/include/ar_control_server.h:12[m[K,
[4.628s]                  from [01m[K/home/hans/ar/ar_src/command/ar_control/include/ar_hardware_interface.h:11[m[K,
[4.628s]                  from [01m[K/home/hans/ar/ar_src/command/ar_control/src/ar_hardware_interface.cpp:1[m[K:
[4.628s] [01m[K/home/hans/ar/ar_src/command/ar_control/src/ar_hardware_interface.cpp:30:13:[m[K [01;31m[Kerror: [m[Ktemplate argument 1 is invalid
[4.628s]    30 |             [01;31m[KRCLCPP_ERROR[m[K(ar_hardware_interface_node_->get_logger(), "Parameter 'robot_description' not found.");
[4.628s]       |             [01;31m[K^~~~~~~~~~~~[m[K
[4.628s] [01m[K/home/hans/ar/ar_src/command/ar_control/src/ar_hardware_interface.cpp:30:13:[m[K [01;31m[Kerror: [m[Ktemplate argument 1 is invalid
[4.628s]    30 |             [01;31m[KRCLCPP_ERROR[m[K(ar_hardware_interface_node_->get_logger(), "Parameter 'robot_description' not found.");
[4.628s]       |             [01;31m[K^~~~~~~~~~~~[m[K
[4.628s] [01m[K/home/hans/ar/ar_src/command/ar_control/src/ar_hardware_interface.cpp:30:13:[m[K [01;31m[Kerror: [m[Ktemplate argument 1 is invalid
[4.628s]    30 |             [01;31m[KRCLCPP_ERROR[m[K(ar_hardware_interface_node_->get_logger(), "Parameter 'robot_description' not found.");
[4.628s]       |             [01;31m[K^~~~~~~~~~~~[m[K
[4.628s] [01m[K/home/hans/ar/ar_src/command/ar_control/src/ar_hardware_interface.cpp:35:13:[m[K [01;31m[Kerror: [m[Ktemplate argument 1 is invalid
[4.628s]    35 |             [01;31m[KRCLCPP_ERROR[m[K(ar_hardware_interface_node_->get_logger(), "Failed to parse URDF model.");
[4.628s]       |             [01;31m[K^~~~~~~~~~~~[m[K
[4.628s] [01m[K/home/hans/ar/ar_src/command/ar_control/src/ar_hardware_interface.cpp:35:13:[m[K [01;31m[Kerror: [m[Ktemplate argument 1 is invalid
[4.628s]    35 |             [01;31m[KRCLCPP_ERROR[m[K(ar_hardware_interface_node_->get_logger(), "Failed to parse URDF model.");
[4.628s]       |             [01;31m[K^~~~~~~~~~~~[m[K
[4.628s] [01m[K/home/hans/ar/ar_src/command/ar_control/src/ar_hardware_interface.cpp:35:13:[m[K [01;31m[Kerror: [m[Ktemplate argument 1 is invalid
[4.628s]    35 |             [01;31m[KRCLCPP_ERROR[m[K(ar_hardware_interface_node_->get_logger(), "Failed to parse URDF model.");
[4.629s]       |             [01;31m[K^~~~~~~~~~~~[m[K
[4.630s] [01m[K/home/hans/ar/ar_src/command/ar_control/src/ar_system.cpp:179:44:[m[K [01;31m[Kerror: [m[Kâ€˜[01m[Kcond[m[Kâ€™ was not declared in this scope
[4.631s]   179 |                         pthread_cond_wait(&[01;31m[Kcond[m[K, &lock);
[4.631s]       |                                            [01;31m[K^~~~[m[K
[4.632s] [01m[K/home/hans/ar/ar_src/command/ar_control/src/ar_system.cpp:179:51:[m[K [01;31m[Kerror: [m[Kâ€˜[01m[Klock[m[Kâ€™ was not declared in this scope; did you mean â€˜[01m[Kstd::lock[m[Kâ€™?
[4.632s]   179 |                         pthread_cond_wait(&cond, &[01;31m[Klock[m[K);
[4.632s]       |                                                   [01;31m[K^~~~[m[K
[4.632s]       |                                                   [32m[Kstd::lock[m[K
[4.632s] In file included from [01m[K/home/hans/ar/ar_src/command/ar_control/include/ar_control_server.h:10[m[K,
[4.632s]                  from [01m[K/home/hans/ar/ar_src/command/ar_control/include/ar_hardware_interface.h:11[m[K,
[4.632s]                  from [01m[K/home/hans/ar/ar_src/command/ar_control/include/ar_system.hpp:30[m[K,
[4.632s]                  from [01m[K/home/hans/ar/ar_src/command/ar_control/src/ar_system.cpp:15[m[K:
[4.632s] [01m[K/usr/include/c++/11/mutex:591:5:[m[K [01;36m[Knote: [m[Kâ€˜[01m[Kstd::lock[m[Kâ€™ declared here
[4.632s]   591 |     [01;36m[Klock[m[K(_L1& __l1, _L2& __l2, _L3&... __l3)
[4.632s]       |     [01;36m[K^~~~[m[K
[4.636s] [01m[K/home/hans/ar/ar_src/command/ar_control/src/ar_hardware_interface.cpp:[m[K In member function â€˜[01m[Kvoid ar_control::ArHardwareInterface::shutdown()[m[Kâ€™:
[4.636s] [01m[K/home/hans/ar/ar_src/command/ar_control/src/ar_hardware_interface.cpp:54:27:[m[K [01;31m[Kerror: [m[Kâ€˜[01m[Kdrives[m[Kâ€™ was not declared in this scope; did you mean â€˜[01m[Kdrive[m[Kâ€™?
[4.636s]    54 |         for (auto drive : [01;31m[Kdrives[m[K)
[4.636s]       |                           [01;31m[K^~~~~~[m[K
[4.636s]       |                           [32m[Kdrive[m[K
[4.645s] [01m[K/home/hans/ar/ar_src/command/ar_control/src/ar_hardware_interface.cpp:[m[K In member function â€˜[01m[Kvoid ar_control::ArHardwareInterface::readConfigFromYaml(std::string)[m[Kâ€™:
[4.645s] [01m[K/home/hans/ar/ar_src/command/ar_control/src/ar_hardware_interface.cpp:95:13:[m[K [01;31m[Kerror: [m[Kâ€˜[01m[KDriveParameters[m[Kâ€™ was not declared in this scope; did you mean â€˜[01m[KDriveParameter[m[Kâ€™?
[4.645s]    95 |             [01;31m[KDriveParameters[m[K driveParams;
[4.645s]       |             [01;31m[K^~~~~~~~~~~~~~~[m[K
[4.645s]       |             [32m[KDriveParameter[m[K
[4.653s] [01m[K/home/hans/ar/ar_src/command/ar_control/src/ar_hardware_interface.cpp:97:13:[m[K [01;31m[Kerror: [m[Kâ€˜[01m[KdriveParams[m[Kâ€™ was not declared in this scope; did you mean â€˜[01m[KDriveParameter[m[Kâ€™?
[4.654s]    97 |             [01;31m[KdriveParams[m[K.drive_id = stringToId(drive_id);
[4.654s]       |             [01;31m[K^~~~~~~~~~~[m[K
[4.654s]       |             [32m[KDriveParameter[m[K
[4.655s] [01m[K/home/hans/ar/ar_src/command/ar_control/src/ar_hardware_interface.cpp:97:36:[m[K [01;31m[Kerror: [m[Kâ€˜[01m[KstringToId[m[Kâ€™ was not declared in this scope; did you mean â€˜[01m[Kar_utils::stringToId[m[Kâ€™?
[4.655s]    97 |             driveParams.drive_id = [01;31m[KstringToId[m[K(drive_id);
[4.655s]       |                                    [01;31m[K^~~~~~~~~~[m[K
[4.655s]       |                                    [32m[Kar_utils::stringToId[m[K
[4.655s] In file included from [01m[K/home/hans/ar/ar_src/command/ar_control/include/ar_control_server.h:19[m[K,
[4.655s]                  from [01m[K/home/hans/ar/ar_src/command/ar_control/include/ar_hardware_interface.h:11[m[K,
[4.655s]                  from [01m[K/home/hans/ar/ar_src/command/ar_control/src/ar_hardware_interface.cpp:1[m[K:
[4.655s] [01m[K/home/hans/ar/install/ar_utils/include/ar_utils.h:31:13:[m[K [01;36m[Knote: [m[Kâ€˜[01m[Kar_utils::stringToId[m[Kâ€™ declared here
[4.655s]    31 |         int [01;36m[KstringToId[m[K(std::string str);
[4.655s]       |             [01;36m[K^~~~~~~~~~[m[K
[4.662s] [01m[K/home/hans/ar/ar_src/command/ar_control/src/ar_hardware_interface.cpp:103:45:[m[K [01;31m[Kerror: [m[Kâ€˜[01m[KPORT_UART[m[Kâ€™ was not declared in this scope; did you mean â€˜[01m[KPORT_CAN[m[Kâ€™?
[4.662s]   103 |             else if (driveParams.port_id == [01;31m[KPORT_UART[m[K)
[4.662s]       |                                             [01;31m[K^~~~~~~~~[m[K
[4.662s]       |                                             [32m[KPORT_CAN[m[K
[4.677s] In file included from [01m[K/opt/ros/humble/include/rclcpp/rclcpp/client.hpp:40[m[K,
[4.677s]                  from [01m[K/opt/ros/humble/include/rclcpp/rclcpp/callback_group.hpp:24[m[K,
[4.677s]                  from [01m[K/opt/ros/humble/include/rclcpp/rclcpp/any_executable.hpp:20[m[K,
[4.677s]                  from [01m[K/opt/ros/humble/include/rclcpp/rclcpp/memory_strategy.hpp:25[m[K,
[4.677s]                  from [01m[K/opt/ros/humble/include/rclcpp/rclcpp/memory_strategies.hpp:18[m[K,
[4.677s]                  from [01m[K/opt/ros/humble/include/rclcpp/rclcpp/executor_options.hpp:20[m[K,
[4.677s]                  from [01m[K/opt/ros/humble/include/rclcpp/rclcpp/executor.hpp:37[m[K,
[4.677s]                  from [01m[K/opt/ros/humble/include/rclcpp/rclcpp/executors/multi_threaded_executor.hpp:25[m[K,
[4.677s]                  from [01m[K/opt/ros/humble/include/rclcpp/rclcpp/executors.hpp:21[m[K,
[4.677s]                  from [01m[K/opt/ros/humble/include/rclcpp/rclcpp/rclcpp.hpp:155[m[K,
[4.677s]                  from [01m[K/home/hans/ar/ar_src/command/ar_control/include/ar_control_server.h:12[m[K,
[4.677s]                  from [01m[K/home/hans/ar/ar_src/command/ar_control/include/ar_hardware_interface.h:11[m[K,
[4.677s]                  from [01m[K/home/hans/ar/ar_src/command/ar_control/src/ar_hardware_interface.cpp:1[m[K:
[4.677s] [01m[K/home/hans/ar/ar_src/command/ar_control/src/ar_hardware_interface.cpp:113:30:[m[K [01;31m[Kerror: [m[Kâ€˜[01m[Kar_hardware_interface_node_[m[Kâ€™ was not declared in this scope; did you mean â€˜[01m[KArHardwareInterface[m[Kâ€™?
[4.677s]   113 |                 RCLCPP_ERROR([01;31m[Kar_hardware_interface_node_[m[K->get_logger(), "Invalid port ID: %d", driveParams.port_id);
[4.677s]       |                              [01;31m[K^~~~~~~~~~~~~~~~~~~~~~~~~~~[m[K
[4.677s] [01m[K/home/hans/ar/ar_src/command/ar_control/src/ar_hardware_interface.cpp:113:17:[m[K [01;31m[Kerror: [m[Ktemplate argument 1 is invalid
[4.677s]   113 |                 [01;31m[KRCLCPP_ERROR[m[K(ar_hardware_interface_node_->get_logger(), "Invalid port ID: %d", driveParams.port_id);
[4.677s]       |                 [01;31m[K^~~~~~~~~~~~[m[K
[4.678s] [01m[K/home/hans/ar/ar_src/command/ar_control/src/ar_hardware_interface.cpp:113:17:[m[K [01;31m[Kerror: [m[Ktemplate argument 1 is invalid
[4.678s]   113 |                 [01;31m[KRCLCPP_ERROR[m[K(ar_hardware_interface_node_->get_logger(), "Invalid port ID: %d", driveParams.port_id);
[4.678s]       |                 [01;31m[K^~~~~~~~~~~~[m[K
[4.678s] [01m[K/home/hans/ar/ar_src/command/ar_control/src/ar_hardware_interface.cpp:113:17:[m[K [01;31m[Kerror: [m[Ktemplate argument 1 is invalid
[4.678s]   113 |                 [01;31m[KRCLCPP_ERROR[m[K(ar_hardware_interface_node_->get_logger(), "Invalid port ID: %d", driveParams.port_id);
[4.678s]       |                 [01;31m[K^~~~~~~~~~~~[m[K
[4.685s] [01m[K/home/hans/ar/ar_src/command/ar_control/src/ar_hardware_interface.cpp:117:17:[m[K [01;31m[Kerror: [m[Kâ€˜[01m[KJointParameters[m[Kâ€™ was not declared in this scope; did you mean â€˜[01m[KJointParameter[m[Kâ€™?
[4.685s]   117 |                 [01;31m[KJointParameters[m[K jointParams;
[4.685s]       |                 [01;31m[K^~~~~~~~~~~~~~~[m[K
[4.685s]       |                 [32m[KJointParameter[m[K
[4.693s] [01m[K/home/hans/ar/ar_src/command/ar_control/src/ar_hardware_interface.cpp:118:17:[m[K [01;31m[Kerror: [m[Kâ€˜[01m[KjointParams[m[Kâ€™ was not declared in this scope; did you mean â€˜[01m[KJointParameter[m[Kâ€™?
[4.693s]   118 |                 [01;31m[KjointParams[m[K.joint_name = jt->first.as<std::string>();
[4.693s]       |                 [01;31m[K^~~~~~~~~~~[m[K
[4.693s]       |                 [32m[KJointParameter[m[K
[4.693s] [01m[K/home/hans/ar/ar_src/command/ar_control/src/ar_hardware_interface.cpp:132:23:[m[K [01;31m[Kerror: [m[Kâ€˜[01m[Kclass ArDrives[m[Kâ€™ has no member named â€˜[01m[Kdrive_parameters[m[Kâ€™; did you mean â€˜[01m[Kdrive_parameter[m[Kâ€™?
[4.693s]   132 |             ar_drives.[01;31m[Kdrive_parameters[m[K.push_back(driveParams);
[4.693s]       |                       [01;31m[K^~~~~~~~~~~~~~~~[m[K
[4.693s]       |                       [32m[Kdrive_parameter[m[K
[4.693s] [01m[K/home/hans/ar/ar_src/command/ar_control/src/ar_hardware_interface.cpp:135:29:[m[K [01;31m[Kerror: [m[Kâ€˜[01m[Kclass ArDrives[m[Kâ€™ has no member named â€˜[01m[Kdrive_parameters[m[Kâ€™; did you mean â€˜[01m[Kdrive_parameter[m[Kâ€™?
[4.693s]   135 |         std::sort(ar_drives.[01;31m[Kdrive_parameters[m[K.begin(), ar_drives.drive_parameters.end(),
[4.693s]       |                             [01;31m[K^~~~~~~~~~~~~~~~[m[K
[4.694s]       |                             [32m[Kdrive_parameter[m[K
[4.694s] [01m[K/home/hans/ar/ar_src/command/ar_control/src/ar_hardware_interface.cpp:135:65:[m[K [01;31m[Kerror: [m[Kâ€˜[01m[Kclass ArDrives[m[Kâ€™ has no member named â€˜[01m[Kdrive_parameters[m[Kâ€™; did you mean â€˜[01m[Kdrive_parameter[m[Kâ€™?
[4.694s]   135 |         std::sort(ar_drives.drive_parameters.begin(), ar_drives.[01;31m[Kdrive_parameters[m[K.end(),
[4.694s]       |                                                                 [01;31m[K^~~~~~~~~~~~~~~~[m[K
[4.694s]       |                                                                 [32m[Kdrive_parameter[m[K
[4.701s] [01m[K/home/hans/ar/ar_src/command/ar_control/src/ar_hardware_interface.cpp:[m[K At global scope:
[4.701s] [01m[K/home/hans/ar/ar_src/command/ar_control/src/ar_hardware_interface.cpp:142:19:[m[K [01;31m[Kerror: [m[Kâ€˜[01m[KArDriveControl[m[Kâ€™ was not declared in this scope
[4.701s]   142 |     std::map<int, [01;31m[KArDriveControl[m[K *> ArHardwareInterface::getDrives()
[4.701s]       |                   [01;31m[K^~~~~~~~~~~~~~[m[K
[4.701s] [01m[K/home/hans/ar/ar_src/command/ar_control/src/ar_hardware_interface.cpp:142:35:[m[K [01;31m[Kerror: [m[Ktemplate argument 2 is invalid
[4.701s]   142 |     std::map<int, ArDriveControl *[01;31m[K>[m[K ArHardwareInterface::getDrives()
[4.701s]       |                                   [01;31m[K^[m[K
[4.701s] [01m[K/home/hans/ar/ar_src/command/ar_control/src/ar_hardware_interface.cpp:142:35:[m[K [01;31m[Kerror: [m[Ktemplate argument 4 is invalid
[4.701s] [01m[K/home/hans/ar/ar_src/command/ar_control/src/ar_hardware_interface.cpp:142:37:[m[K [01;31m[Kerror: [m[Kno declaration matches â€˜[01m[Kint ar_control::ArHardwareInterface::getDrives()[m[Kâ€™
[4.701s]   142 |     std::map<int, ArDriveControl *> [01;31m[KArHardwareInterface[m[K::getDrives()
[4.702s]       |                                     [01;31m[K^~~~~~~~~~~~~~~~~~~[m[K
[4.702s] [01m[K/home/hans/ar/ar_src/command/ar_control/src/ar_hardware_interface.cpp:142:37:[m[K [01;36m[Knote: [m[Kno functions named â€˜[01m[Kint ar_control::ArHardwareInterface::getDrives()[m[Kâ€™
[4.702s] In file included from [01m[K/home/hans/ar/ar_src/command/ar_control/src/ar_hardware_interface.cpp:1[m[K:
[4.702s] [01m[K/home/hans/ar/ar_src/command/ar_control/include/ar_hardware_interface.h:24:15:[m[K [01;36m[Knote: [m[Kâ€˜[01m[Kclass ar_control::ArHardwareInterface[m[Kâ€™ defined here
[4.703s]    24 |         class [01;36m[KArHardwareInterface[m[K
[4.703s]       |               [01;36m[K^~~~~~~~~~~~~~~~~~~[m[K
[6.785s] gmake[2]: *** [CMakeFiles/ar_control.dir/build.make:160: CMakeFiles/ar_control.dir/src/ar_system.cpp.o] Error 1
[6.798s] gmake[2]: *** [CMakeFiles/ar_control.dir/build.make:132: CMakeFiles/ar_control.dir/src/ar_hardware_interface.cpp.o] Error 1
[6.860s] gmake[2]: *** [CMakeFiles/ar_control_server.dir/build.make:160: CMakeFiles/ar_control_server.dir/src/ar_system.cpp.o] Error 1
[6.878s] gmake[2]: *** [CMakeFiles/ar_control_server.dir/build.make:132: CMakeFiles/ar_control_server.dir/src/ar_hardware_interface.cpp.o] Error 1
[7.933s] gmake[2]: *** [CMakeFiles/ar_control_server.dir/build.make:90: CMakeFiles/ar_control_server.dir/src/ar_control_server.cpp.o] Error 1
[7.933s] gmake[1]: *** [CMakeFiles/Makefile2:169: CMakeFiles/ar_control_server.dir/all] Error 2
[7.959s] gmake[2]: *** [CMakeFiles/ar_control.dir/build.make:90: CMakeFiles/ar_control.dir/src/ar_control_server.cpp.o] Error 1
[7.959s] gmake[1]: *** [CMakeFiles/Makefile2:143: CMakeFiles/ar_control.dir/all] Error 2
[7.959s] gmake: *** [Makefile:146: all] Error 2
[7.962s] Invoked command in '/home/hans/ar/build/ar_control' returned '2': AMENT_PREFIX_PATH=/home/hans/ar/install/master:/home/hans/ar/install/ar_utils:/home/hans/ar/install/ar_comm:${AMENT_PREFIX_PATH} CMAKE_PREFIX_PATH=/home/hans/ar/install/master:/home/hans/ar/install/ar_utils:/home/hans/ar/install/ar_comm:/opt/ros/humble LD_LIBRARY_PATH=/home/hans/ar/install/ar_utils/lib:${LD_LIBRARY_PATH} /usr/bin/cmake --build /home/hans/ar/build/ar_control -- -j12 -l12
